Log file open, 08/28/20 20:15:39
LogWindows: Failed to load 'aqProf.dll' (GetLastError=126)
LogWindows: File 'aqProf.dll' does not exist
LogWindows: Failed to load 'VSPerf140.dll' (GetLastError=126)
LogWindows: File 'VSPerf140.dll' does not exist
LogWindows: Failed to load 'VtuneApi.dll' (GetLastError=126)
LogWindows: File 'VtuneApi.dll' does not exist
LogWindows: Failed to load 'VtuneApi32e.dll' (GetLastError=126)
LogWindows: File 'VtuneApi32e.dll' does not exist
LogInit: Display: Running engine for game: Vigilance418
LogPlatformFile: Not using cached read wrapper
LogInit: Display: RandInit(-1702581863) SRandInit(-1702581863).
LogInit: Read version file with build ID '3709383'
LogInit: Overriding engine version to CL 3832480, compatible CL 3709383
LogInit: Registered custom module enumerator with build ID '3709383'
LogTaskGraph: Started task graph with 5 named threads and 8 total threads with 3 sets of task threads.
LogStats: Stats thread started at 1.714552
LogD3D11RHI: Aftermath initialized
LogModuleManager: Display: Found up-to-date module file ../../../Engine/Plugins/Marketplace/RootMotionExtractor/Binaries/Win64/UE4Editor-RootMotionExtractor.dll (API version 3709383).
LogModuleManager: Display: Found up-to-date module file ../../../Engine/Plugins/2D/Paper2D/Binaries/Win64/UE4Editor-Paper2D.dll (API version 3709383).
LogModuleManager: Display: Found up-to-date module file ../../../Engine/Plugins/2D/Paper2D/Binaries/Win64/UE4Editor-Paper2DEditor.dll (API version 3709383).
LogModuleManager: Display: Found up-to-date module file ../../../Engine/Plugins/2D/Paper2D/Binaries/Win64/UE4Editor-PaperSpriteSheetImporter.dll (API version 3709383).
LogModuleManager: Display: Found up-to-date module file ../../../Engine/Plugins/2D/Paper2D/Binaries/Win64/UE4Editor-PaperTiledImporter.dll (API version 3709383).
LogModuleManager: Display: Found up-to-date module file ../../../Engine/Plugins/2D/Paper2D/Binaries/Win64/UE4Editor-SmartSnapping.dll (API version 3709383).
LogModuleManager: Display: Found up-to-date module file ../../../Engine/Plugins/Blendables/LightPropagationVolume/Binaries/Win64/UE4Editor-LightPropagationVolumeRuntime.dll (API version 3709383).
LogModuleManager: Display: Found up-to-date module file ../../../Engine/Plugins/Blendables/LightPropagationVolume/Binaries/Win64/UE4Editor-LightPropagationVolumeEditor.dll (API version 3709383).
LogModuleManager: Display: Found up-to-date module file ../../../Engine/Plugins/Developer/GitSourceControl/Binaries/Win64/UE4Editor-GitSourceControl.dll (API version 3709383).
LogModuleManager: Display: Found up-to-date module file ../../../Engine/Plugins/Developer/PerforceSourceControl/Binaries/Win64/UE4Editor-PerforceSourceControl.dll (API version 3709383).
LogModuleManager: Display: Found up-to-date module file ../../../Engine/Plugins/Developer/SubversionSourceControl/Binaries/Win64/UE4Editor-SubversionSourceControl.dll (API version 3709383).
LogModuleManager: Display: Found up-to-date module file ../../../Engine/Plugins/Developer/UObjectPlugin/Binaries/Win64/UE4Editor-UObjectPlugin.dll (API version 3709383).
LogModuleManager: Display: Found up-to-date module file ../../../Engine/Plugins/Developer/VisualStudioCodeSourceCodeAccess/Binaries/Win64/UE4Editor-VisualStudioCodeSourceCodeAccess.dll (API version 3709383).
LogModuleManager: Display: Found up-to-date module file ../../../Engine/Plugins/Developer/VisualStudioSourceCodeAccess/Binaries/Win64/UE4Editor-VisualStudioSourceCodeAccess.dll (API version 3709383).
LogModuleManager: Display: Found up-to-date module file ../../../Engine/Plugins/Editor/AssetManagerEditor/Binaries/Win64/UE4Editor-AssetManagerEditor.dll (API version 3709383).
LogModuleManager: Display: Found up-to-date module file ../../../Engine/Plugins/Editor/AudioCapture/Binaries/Win64/UE4Editor-AudioCapture.dll (API version 3709383).
LogModuleManager: Display: Found up-to-date module file ../../../Engine/Plugins/Editor/FacialAnimation/Binaries/Win64/UE4Editor-FacialAnimation.dll (API version 3709383).
LogModuleManager: Display: Found up-to-date module file ../../../Engine/Plugins/Editor/FacialAnimation/Binaries/Win64/UE4Editor-FacialAnimationEditor.dll (API version 3709383).
LogModuleManager: Display: Found up-to-date module file ../../../Engine/Plugins/Editor/GameplayTagsEditor/Binaries/Win64/UE4Editor-GameplayTagsEditor.dll (API version 3709383).
LogModuleManager: Display: Found up-to-date module file ../../../Engine/Plugins/Editor/MobileLauncherProfileWizard/Binaries/Win64/UE4Editor-MobileLauncherProfileWizard.dll (API version 3709383).
LogModuleManager: Display: Found up-to-date module file ../../../Engine/Plugins/Editor/PluginBrowser/Binaries/Win64/UE4Editor-PluginBrowser.dll (API version 3709383).
LogModuleManager: Display: Found up-to-date module file ../../../Engine/Plugins/Editor/SpeedTreeImporter/Binaries/Win64/UE4Editor-SpeedTreeImporter.dll (API version 3709383).
LogModuleManager: Display: Found up-to-date module file ../../../Engine/Plugins/Experimental/AlembicImporter/Binaries/Win64/UE4Editor-AlembicImporter.dll (API version 3709383).
LogModuleManager: Display: Found up-to-date module file ../../../Engine/Plugins/Experimental/AlembicImporter/Binaries/Win64/UE4Editor-AlembicLibrary.dll (API version 3709383).
LogModuleManager: Display: Found up-to-date module file ../../../Engine/Plugins/Experimental/CharacterAI/Binaries/Win64/UE4Editor-CharacterAI.dll (API version 3709383).
LogModuleManager: Display: Found up-to-date module file ../../../Engine/Plugins/Experimental/HTML5Networking/Binaries/Win64/UE4Editor-HTML5Networking.dll (API version 3709383).
LogModuleManager: Display: Found up-to-date module file ../../../Engine/Plugins/Media/AndroidMedia/Binaries/Win64/UE4Editor-AndroidMediaEditor.dll (API version 3709383).
LogModuleManager: Display: Found up-to-date module file ../../../Engine/Plugins/Media/AndroidMedia/Binaries/Win64/UE4Editor-AndroidMediaFactory.dll (API version 3709383).
LogModuleManager: Display: Found up-to-date module file ../../../Engine/Plugins/Media/AvfMedia/Binaries/Win64/UE4Editor-AvfMediaEditor.dll (API version 3709383).
LogModuleManager: Display: Found up-to-date module file ../../../Engine/Plugins/Media/AvfMedia/Binaries/Win64/UE4Editor-AvfMediaFactory.dll (API version 3709383).
LogModuleManager: Display: Found up-to-date module file ../../../Engine/Plugins/Media/AvfMedia/Binaries/Win64/UE4Editor-AvfMediaFactory.dll (API version 3709383).
LogModuleManager: Display: Found up-to-date module file ../../../Engine/Plugins/Media/ImgMedia/Binaries/Win64/UE4Editor-ImgMedia.dll (API version 3709383).
LogModuleManager: Display: Found up-to-date module file ../../../Engine/Plugins/Media/ImgMedia/Binaries/Win64/UE4Editor-ImgMediaEditor.dll (API version 3709383).
LogModuleManager: Display: Found up-to-date module file ../../../Engine/Plugins/Media/ImgMedia/Binaries/Win64/UE4Editor-ImgMediaFactory.dll (API version 3709383).
LogModuleManager: Display: Found up-to-date module file ../../../Engine/Plugins/Media/ImgMedia/Binaries/Win64/UE4Editor-ImgMediaFactory.dll (API version 3709383).
LogModuleManager: Display: Found up-to-date module file ../../../Engine/Plugins/Media/ImgMedia/Binaries/Win64/UE4Editor-OpenExrWrapper.dll (API version 3709383).
LogModuleManager: Display: Found up-to-date module file ../../../Engine/Plugins/Media/MediaCompositing/Binaries/Win64/UE4Editor-MediaCompositing.dll (API version 3709383).
LogModuleManager: Display: Found up-to-date module file ../../../Engine/Plugins/Media/MediaCompositing/Binaries/Win64/UE4Editor-MediaCompositingEditor.dll (API version 3709383).
LogModuleManager: Display: Found up-to-date module file ../../../Engine/Plugins/Media/MediaPlayerEditor/Binaries/Win64/UE4Editor-MediaPlayerEditor.dll (API version 3709383).
LogModuleManager: Display: Found up-to-date module file ../../../Engine/Plugins/Media/WmfMedia/Binaries/Win64/UE4Editor-WmfMedia.dll (API version 3709383).
LogModuleManager: Display: Found up-to-date module file ../../../Engine/Plugins/Media/WmfMedia/Binaries/Win64/UE4Editor-WmfMediaEditor.dll (API version 3709383).
LogModuleManager: Display: Found up-to-date module file ../../../Engine/Plugins/Media/WmfMedia/Binaries/Win64/UE4Editor-WmfMediaFactory.dll (API version 3709383).
LogModuleManager: Display: Found up-to-date module file ../../../Engine/Plugins/Media/WmfMedia/Binaries/Win64/UE4Editor-WmfMediaFactory.dll (API version 3709383).
LogModuleManager: Display: Found up-to-date module file ../../../Engine/Plugins/Messaging/TcpMessaging/Binaries/Win64/UE4Editor-TcpMessaging.dll (API version 3709383).
LogModuleManager: Display: Found up-to-date module file ../../../Engine/Plugins/Messaging/UdpMessaging/Binaries/Win64/UE4Editor-UdpMessaging.dll (API version 3709383).
LogModuleManager: Display: Found up-to-date module file ../../../Engine/Plugins/MovieScene/ActorSequence/Binaries/Win64/UE4Editor-ActorSequence.dll (API version 3709383).
LogModuleManager: Display: Found up-to-date module file ../../../Engine/Plugins/MovieScene/LevelSequenceEditor/Binaries/Win64/UE4Editor-LevelSequenceEditor.dll (API version 3709383).
LogModuleManager: Display: Found up-to-date module file ../../../Engine/Plugins/MovieScene/MatineeToLevelSequence/Binaries/Win64/UE4Editor-MatineeToLevelSequence.dll (API version 3709383).
LogModuleManager: Display: Found up-to-date module file ../../../Engine/Plugins/Online/OnlineSubsystem/Binaries/Win64/UE4Editor-OnlineSubsystem.dll (API version 3709383).
LogModuleManager: Display: Found up-to-date module file ../../../Engine/Plugins/Runtime/AndroidPermission/Binaries/Win64/UE4Editor-AndroidPermission.dll (API version 3709383).
LogModuleManager: Display: Found up-to-date module file ../../../Engine/Plugins/Online/OnlineSubsystemNull/Binaries/Win64/UE4Editor-OnlineSubsystemNull.dll (API version 3709383).
LogModuleManager: Display: Found up-to-date module file ../../../Engine/Plugins/Online/OnlineSubsystemUtils/Binaries/Win64/UE4Editor-OnlineSubsystemUtils.dll (API version 3709383).
LogModuleManager: Display: Found up-to-date module file ../../../Engine/Plugins/Online/OnlineSubsystemUtils/Binaries/Win64/UE4Editor-OnlineBlueprintSupport.dll (API version 3709383).
LogModuleManager: Display: Found up-to-date module file ../../../Engine/Plugins/Runtime/AndroidDeviceProfileSelector/Binaries/Win64/UE4Editor-AndroidDeviceProfileSelector.dll (API version 3709383).
LogModuleManager: Display: Found up-to-date module file ../../../Engine/Plugins/Runtime/AppleARKit/Binaries/Win64/UE4Editor-AppleARKit.dll (API version 3709383).
LogModuleManager: Display: Found up-to-date module file ../../../Engine/Plugins/Runtime/ArchVisCharacter/Binaries/Win64/UE4Editor-ArchVisCharacter.dll (API version 3709383).
LogModuleManager: Display: Found up-to-date module file ../../../Engine/Plugins/Runtime/CableComponent/Binaries/Win64/UE4Editor-CableComponent.dll (API version 3709383).
LogModuleManager: Display: Found up-to-date module file ../../../Engine/Plugins/Runtime/CustomMeshComponent/Binaries/Win64/UE4Editor-CustomMeshComponent.dll (API version 3709383).
LogModuleManager: Display: Found up-to-date module file ../../../Engine/Plugins/Runtime/ExampleDeviceProfileSelector/Binaries/Win64/UE4Editor-ExampleDeviceProfileSelector.dll (API version 3709383).
LogModuleManager: Display: Found up-to-date module file ../../../Engine/Plugins/Runtime/ImmediatePhysics/Binaries/Win64/UE4Editor-ImmediatePhysics.dll (API version 3709383).
LogModuleManager: Display: Found up-to-date module file ../../../Engine/Plugins/Runtime/ImmediatePhysics/Binaries/Win64/UE4Editor-ImmediatePhysicsEditor.dll (API version 3709383).
LogModuleManager: Display: Found up-to-date module file ../../../Engine/Plugins/Runtime/LocationServicesBPLibrary/Binaries/Win64/UE4Editor-LocationServicesBPLibrary.dll (API version 3709383).
LogModuleManager: Display: Found up-to-date module file ../../../Engine/Plugins/Runtime/MobilePatchingUtils/Binaries/Win64/UE4Editor-MobilePatchingUtils.dll (API version 3709383).
LogModuleManager: Display: Found up-to-date module file ../../../Engine/Plugins/Runtime/Oculus/OculusVR/Binaries/Win64/UE4Editor-OculusHMD.dll (API version 3709383).
LogModuleManager: Display: Found up-to-date module file ../../../Engine/Plugins/Runtime/Oculus/OculusVR/Binaries/Win64/UE4Editor-OculusInput.dll (API version 3709383).
LogModuleManager: Display: Found up-to-date module file ../../../Engine/Plugins/Runtime/Oculus/OculusVR/Binaries/Win64/UE4Editor-OculusEditor.dll (API version 3709383).
LogModuleManager: Display: Found up-to-date module file ../../../Engine/Plugins/Runtime/PhysXVehicles/Binaries/Win64/UE4Editor-PhysXVehicles.dll (API version 3709383).
LogModuleManager: Display: Found up-to-date module file ../../../Engine/Plugins/Runtime/PhysXVehicles/Binaries/Win64/UE4Editor-PhysXVehiclesEditor.dll (API version 3709383).
LogModuleManager: Display: Found up-to-date module file ../../../Engine/Plugins/Runtime/ProceduralMeshComponent/Binaries/Win64/UE4Editor-ProceduralMeshComponent.dll (API version 3709383).
LogModuleManager: Display: Found up-to-date module file ../../../Engine/Plugins/Runtime/ProceduralMeshComponent/Binaries/Win64/UE4Editor-ProceduralMeshComponentEditor.dll (API version 3709383).
LogModuleManager: Display: Found up-to-date module file ../../../Engine/Plugins/Runtime/RuntimePhysXCooking/Binaries/Win64/UE4Editor-RuntimePhysXCooking.dll (API version 3709383).
LogModuleManager: Display: Found up-to-date module file ../../../Engine/Plugins/Runtime/Steam/SteamVR/Binaries/Win64/UE4Editor-SteamVR.dll (API version 3709383).
LogModuleManager: Display: Found up-to-date module file ../../../Engine/Plugins/Runtime/Steam/SteamVR/Binaries/Win64/UE4Editor-SteamVRController.dll (API version 3709383).
LogModuleManager: Display: Found up-to-date module file ../../../Engine/Plugins/Runtime/WindowsMoviePlayer/Binaries/Win64/UE4Editor-WindowsMoviePlayer.dll (API version 3709383).
LogPluginManager: Mounting plugin Paper2D
LogPluginManager: Mounting plugin LightPropagationVolume
LogPluginManager: Mounting plugin CodeLiteSourceCodeAccess
LogPluginManager: Mounting plugin GitSourceControl
LogPluginManager: Mounting plugin KDevelopSourceCodeAccess
LogPluginManager: Mounting plugin NullSourceCodeAccess
LogPluginManager: Mounting plugin PerforceSourceControl
LogPluginManager: Mounting plugin SubversionSourceControl
LogPluginManager: Mounting plugin UObjectPlugin
LogPluginManager: Mounting plugin VisualStudioCodeSourceCodeAccess
LogPluginManager: Mounting plugin VisualStudioSourceCodeAccess
LogPluginManager: Mounting plugin XCodeSourceCodeAccess
LogPluginManager: Mounting plugin AssetManagerEditor
LogPluginManager: Mounting plugin AudioCapture
LogPluginManager: Mounting plugin FacialAnimation
LogPluginManager: Mounting plugin GameplayTagsEditor
LogPluginManager: Mounting plugin MobileLauncherProfileWizard
LogPluginManager: Mounting plugin PluginBrowser
LogPluginManager: Mounting plugin SpeedTreeImporter
LogPluginManager: Mounting plugin AlembicImporter
LogPluginManager: Mounting plugin CharacterAI
LogPluginManager: Mounting plugin HTML5Networking
LogPluginManager: Mounting plugin RootMotionExtractor
LogPluginManager: Mounting plugin AndroidMedia
LogPluginManager: Mounting plugin AvfMedia
LogPluginManager: Mounting plugin ImgMedia
LogPluginManager: Mounting plugin MediaCompositing
LogPluginManager: Mounting plugin MediaPlayerEditor
LogPluginManager: Mounting plugin WmfMedia
LogPluginManager: Mounting plugin TcpMessaging
LogPluginManager: Mounting plugin UdpMessaging
LogPluginManager: Mounting plugin ActorSequence
LogPluginManager: Mounting plugin LevelSequenceEditor
LogPluginManager: Mounting plugin MatineeToLevelSequence
LogPluginManager: Mounting plugin OnlineSubsystemGooglePlay
LogPluginManager: Mounting plugin OnlineSubsystemIOS
LogPluginManager: Mounting plugin OnlineSubsystem
LogPluginManager: Mounting plugin OnlineSubsystemNull
LogPluginManager: Mounting plugin OnlineSubsystemUtils
LogPluginManager: Mounting plugin AndroidDeviceProfileSelector
LogPluginManager: Mounting plugin AndroidMoviePlayer
LogPluginManager: Mounting plugin AndroidPermission
LogPluginManager: Mounting plugin AppleARKit
LogPluginManager: Mounting plugin AppleMoviePlayer
LogPluginManager: Mounting plugin ArchVisCharacter
LogPluginManager: Mounting plugin CableComponent
LogPluginManager: Mounting plugin CustomMeshComponent
LogPluginManager: Mounting plugin ExampleDeviceProfileSelector
LogPluginManager: Mounting plugin GoogleCloudMessaging
LogPluginManager: Mounting plugin ImmediatePhysics
LogPluginManager: Mounting plugin IOSDeviceProfileSelector
LogPluginManager: Mounting plugin LinuxDeviceProfileSelector
LogPluginManager: Mounting plugin LocationServicesBPLibrary
LogPluginManager: Mounting plugin MobilePatchingUtils
LogPluginManager: Mounting plugin OculusVR
LogPluginManager: Plugin shader directory ../../../Engine/Plugins/Runtime/Oculus/OculusVR/Shaders found
LogPluginManager: Mapping shader source directory ../../../Engine/Plugins/Runtime/Oculus/OculusVR/Shaders to virtual directory /Plugin/OculusVR
LogPluginManager: Mounting plugin PhysXVehicles
LogPluginManager: Mounting plugin ProceduralMeshComponent
LogPluginManager: Mounting plugin RuntimePhysXCooking
LogPluginManager: Mounting plugin SteamVR
LogPluginManager: Mounting plugin WindowsMoviePlayer
LogInit: Using libcurl 7.47.1
LogInit:  - built for x86_64-pc-win32
LogInit:  - supports SSL with OpenSSL/1.0.2g
LogInit:  - supports HTTP deflate (compression) using libz 1.2.8
LogInit:  - other features:
LogInit:      CURL_VERSION_SSL
LogInit:      CURL_VERSION_LIBZ
LogInit:      CURL_VERSION_IPV6
LogInit:      CURL_VERSION_ASYNCHDNS
LogInit:      CURL_VERSION_LARGEFILE
LogInit:      CURL_VERSION_IDN
LogInit:  CurlRequestOptions (configurable via config and command line):
LogInit:  - bVerifyPeer = false  - Libcurl will NOT verify peer certificate
LogInit:  - bUseHttpProxy = false  - Libcurl will NOT use HTTP proxy
LogInit:  - bDontReuseConnections = false  - Libcurl will reuse connections
LogInit:  - CertBundlePath = nullptr  - Libcurl will use whatever was configured at build time.
LogInit: Build: ++UE4+Release-4.18-CL-3832480
LogInit: Engine Version: 4.18.3-3832480+++UE4+Release-4.18
LogInit: Compatible Engine Version: 4.18.0-3709383+++UE4+Release-4.18
LogInit: Net CL: 3709383
LogDevObjectVersion: Number of dev versions registered: 16
LogDevObjectVersion:   Dev-Blueprints (B0D832E4-1F89-4F0D-ACCF-7EB736FD4AA2): 10
LogDevObjectVersion:   Dev-Build (E1C64328-A22C-4D53-A36C-8E866417BD8C): 0
LogDevObjectVersion:   Dev-Core (375EC13C-06E4-48FB-B500-84F0262A717E): 2
LogDevObjectVersion:   Dev-Editor (E4B068ED-F494-42E9-A231-DA0B2E46BB41): 20
LogDevObjectVersion:   Dev-Framework (CFFC743F-43B0-4480-9391-14DF171D2073): 30
LogDevObjectVersion:   Dev-Mobile (B02B49B5-BB20-44E9-A304-32B752E40360): 0
LogDevObjectVersion:   Dev-Networking (A4E4105C-59A1-49B5-A7C5-40C4547EDFEE): 0
LogDevObjectVersion:   Dev-Online (39C831C9-5AE6-47DC-9A44-9C173E1C8E7C): 0
LogDevObjectVersion:   Dev-Physics (78F01B33-EBEA-4F98-B9B4-84EACCB95AA2): 0
LogDevObjectVersion:   Dev-Platform (6631380F-2D4D-43E0-8009-CF276956A95A): 0
LogDevObjectVersion:   Dev-Rendering (12F88B9F-8875-4AFC-A67C-D90C383ABD29): 20
LogDevObjectVersion:   Dev-Sequencer (7B5AE74C-D270-4C10-A958-57980B212A5A): 4
LogDevObjectVersion:   Dev-VR (D7296918-1DD6-4BDD-9DE2-64A83CC13884): 0
LogDevObjectVersion:   Dev-LoadTimes (C2A15278-BFE7-4AFE-6C17-90FF531DF755): 1
LogDevObjectVersion:   Private-Geometry (6EACA3D4-40EC-4CC1-B786-8BED09428FC5): 1
LogDevObjectVersion:   Dev-AnimPhys (29E575DD-E0A3-4627-9D10-D276232CDCEA): 12
LogInit: Compiled (64-bit): Jan 12 2018 02:04:55
LogInit: Compiled with Visual C++: 19.00.24215.01
LogInit: Build Configuration: Development
LogInit: Branch Name: ++UE4+Release-4.18
LogInit: Command line:  
LogInit: Base directory: E:/GameDev/Unreal/Engine/UE_4.18/Engine/Binaries/Win64/
LogInit: Installed Engine Build: 1
LogInit: Presizing for max 8388607 objects, including 0 objects not considered by GC, pre-allocating 0 bytes for permanent pool.
LogInit: Object subsystem initialized
[2020.08.28-14.15.51:234][  0]LogInit: Selected Device Profile: [Windows]
[2020.08.28-14.15.51:234][  0]LogInit: Applying CVar settings loaded from the selected device profile: [Windows]
[2020.08.28-14.15.51:410][  0]LogInit: Computer: ISHRAQ-PC
[2020.08.28-14.15.51:410][  0]LogInit: User: farha
[2020.08.28-14.15.51:410][  0]LogInit: CPU Page size=4096, Cores=2
[2020.08.28-14.15.51:411][  0]LogInit: High frequency timer resolution =10.000000 MHz
[2020.08.28-14.15.51:428][  0]LogMemory: Memory total: Physical=3.9GB (4GB approx)
[2020.08.28-14.15.51:428][  0]LogMemory: Platform Memory Stats for Windows
[2020.08.28-14.15.51:428][  0]LogMemory: Process Physical Memory: 277.38 MB used, 277.38 MB peak
[2020.08.28-14.15.51:428][  0]LogMemory: Process Virtual Memory: 265.30 MB used, 265.30 MB peak
[2020.08.28-14.15.51:428][  0]LogMemory: Physical Memory: 3176.68 MB used,  800.33 MB free, 3977.01 MB total
[2020.08.28-14.15.51:428][  0]LogMemory: Virtual Memory: 4756.36 MB used,  800.33 MB free, 134217728.00 MB total
[2020.08.28-14.15.53:265][  0]LogInit: Using OS detected language (en-US).
[2020.08.28-14.15.53:265][  0]LogInit: Using OS detected locale (en-US).
[2020.08.28-14.15.53:620][  0]LogTextLocalizationManager: No specific localization for 'en-US' exists, so the 'en' localization will be used.
[2020.08.28-14.15.54:674][  0]LogInit: Setting process to per monitor DPI aware
[2020.08.28-14.16.03:042][  0]LogD3D11RHI: D3D11 adapters:
[2020.08.28-14.16.03:049][  0]LogD3D11RHI:    0. 'Intel(R) HD Graphics 3000' (Feature Level 10_0)
[2020.08.28-14.16.03:049][  0]LogD3D11RHI:       32/0/1632 MB DedicatedVideo/DedicatedSystem/SharedSystem, Outputs:1, VendorId:0x8086
[2020.08.28-14.16.03:140][  0]LogD3D11RHI:    1. 'Microsoft Basic Render Driver' (Feature Level 11_0)
[2020.08.28-14.16.03:140][  0]LogD3D11RHI:       0/0/1988 MB DedicatedVideo/DedicatedSystem/SharedSystem, Outputs:0, VendorId:0x1414
[2020.08.28-14.16.03:140][  0]LogD3D11RHI: Chosen D3D11 Adapter: 0
[2020.08.28-14.16.03:171][  0]LogD3D11RHI: Creating new Direct3DDevice
[2020.08.28-14.16.03:172][  0]LogD3D11RHI:     GPU DeviceId: 0x126 (for the marketing name, search the web for "GPU Device Id")
[2020.08.28-14.16.03:172][  0]LogWindows: EnumDisplayDevices:
[2020.08.28-14.16.03:172][  0]LogWindows:    0. 'Intel(R) HD Graphics 3000' (P:1 D:1)
[2020.08.28-14.16.03:179][  0]LogWindows:    1. 'Intel(R) HD Graphics 3000' (P:0 D:0)
[2020.08.28-14.16.03:179][  0]LogWindows: DebugString: GetVideoDriverDetailsInvalid PrimaryIsNotTheChoosenAdapter GetVideoDriverDetailsInvalid PrimaryIsNotTheChoosenAdapter FoundDriverCount:0 
[2020.08.28-14.16.03:179][  0]LogD3D11RHI:     Adapter Name: Intel(R) HD Graphics 3000
[2020.08.28-14.16.03:179][  0]LogD3D11RHI:   Driver Version: Unknown (internal:Unknown, unified:Unknown)
[2020.08.28-14.16.03:179][  0]LogD3D11RHI:      Driver Date: Unknown
[2020.08.28-14.16.03:179][  0]LogRHI: Texture pool is 593 MB (70% of 848 MB)
[2020.08.28-14.16.03:204][  0]LogD3D11RHI: Async texture creation enabled
[2020.08.28-14.16.03:667][  0]LogD3D11RHI: GPU Timing Frequency: 12.500000 (Debug: 2 1)
[2020.08.28-14.16.03:829][  0]LogShaderCompilers: Guid format shader working directory is -3 characters bigger than the processId version (../../../../../GITHUB/vigilance_4.18/Vigilance418/Intermediate/Shaders/WorkingDirectory/9784/).
[2020.08.28-14.16.03:829][  0]LogShaderCompilers: Cleaned the shader compiler working directory 'C:/Users/farha/AppData/Local/Temp/UnrealShaderWorkingDir/CE1A89E240C7DBD9688B15AC22D4523E/'.
[2020.08.28-14.16.03:851][  0]LogShaderCompilers: Display: Using Local Shader Compiler.
[2020.08.28-14.16.13:740][  0]LogTemp: Display: Loaded TP AllDesktopTargetPlatform
[2020.08.28-14.16.13:815][  0]LogTemp: Display: Loaded TP MacClientTargetPlatform
[2020.08.28-14.16.13:884][  0]LogTemp: Display: Loaded TP MacNoEditorTargetPlatform
[2020.08.28-14.16.13:952][  0]LogTemp: Display: Loaded TP MacServerTargetPlatform
[2020.08.28-14.16.14:070][  0]LogTemp: Display: Loaded TP MacTargetPlatform
[2020.08.28-14.16.14:138][  0]LogTemp: Display: Loaded TP WindowsClientTargetPlatform
[2020.08.28-14.16.14:209][  0]LogTemp: Display: Loaded TP WindowsNoEditorTargetPlatform
[2020.08.28-14.16.14:277][  0]LogTemp: Display: Loaded TP WindowsServerTargetPlatform
[2020.08.28-14.16.14:363][  0]LogTemp: Display: Loaded TP WindowsTargetPlatform
[2020.08.28-14.16.14:431][  0]LogTemp: Display: Loaded TP Android_ASTCTargetPlatform
[2020.08.28-14.16.14:501][  0]LogTemp: Display: Loaded TP Android_ATCTargetPlatform
[2020.08.28-14.16.14:568][  0]LogTemp: Display: Loaded TP Android_DXTTargetPlatform
[2020.08.28-14.16.14:635][  0]LogTemp: Display: Loaded TP Android_ETC1TargetPlatform
[2020.08.28-14.16.14:703][  0]LogTemp: Display: Loaded TP Android_ETC2TargetPlatform
[2020.08.28-14.16.14:840][  0]LogTemp: Display: Loaded TP Android_MultiTargetPlatform
[2020.08.28-14.16.14:840][  0]LogTemp: Display: Loaded TP Android_PVRTCTargetPlatform
[2020.08.28-14.16.14:937][  0]LogTemp: Display: Loaded TP AndroidTargetPlatform
[2020.08.28-14.16.14:990][  0]LogTemp: Display: Loaded TP HTML5TargetPlatform
[2020.08.28-14.16.15:243][  0]LogTemp: Display: Loaded TP IOSTargetPlatform
[2020.08.28-14.16.15:287][  0]LogTemp: Display: Loaded TP TVOSTargetPlatform
[2020.08.28-14.16.15:355][  0]LogTemp: Display: Loaded TP LinuxClientTargetPlatform
[2020.08.28-14.16.15:422][  0]LogTemp: Display: Loaded TP LinuxNoEditorTargetPlatform
[2020.08.28-14.16.15:493][  0]LogTemp: Display: Loaded TP LinuxServerTargetPlatform
[2020.08.28-14.16.15:567][  0]LogTemp: Display: Loaded TP LinuxTargetPlatform
[2020.08.28-14.16.15:586][  0]LogTargetPlatformManager: Display: Building Assets For Windows
[2020.08.28-14.16.18:280][  0]LogDerivedDataCache: Display: Max Cache Size: 512 MB
[2020.08.28-14.16.19:365][  0]LogDerivedDataCache: Loaded boot cache 1.08s 75MB C:/Users/farha/AppData/Local/UnrealEngine/4.18/DerivedDataCache/Boot.ddc.
[2020.08.28-14.16.19:365][  0]LogDerivedDataCache: Display: Loaded Boot cache: C:/Users/farha/AppData/Local/UnrealEngine/4.18/DerivedDataCache/Boot.ddc
[2020.08.28-14.16.19:365][  0]LogDerivedDataCache: FDerivedDataBackendGraph:  Pak pak cache file ../../../../../GITHUB/vigilance_4.18/Vigilance418/DerivedDataCache/DDC.ddp not found, will not use a pak cache.
[2020.08.28-14.16.19:365][  0]LogDerivedDataCache: Unable to find inner node Pak for hierarchical cache Hierarchy.
[2020.08.28-14.16.19:365][  0]LogDerivedDataCache: FDerivedDataBackendGraph:  CompressedPak pak cache file ../../../../../GITHUB/vigilance_4.18/Vigilance418/DerivedDataCache/Compressed.ddp not found, will not use a pak cache.
[2020.08.28-14.16.19:365][  0]LogDerivedDataCache: Unable to find inner node CompressedPak for hierarchical cache Hierarchy.
[2020.08.28-14.16.19:729][  0]LogDerivedDataCache: Display: Pak cache opened for reading ../../../Engine/DerivedDataCache/Compressed.ddp.
[2020.08.28-14.16.19:807][  0]LogDerivedDataCache: Using Local data cache path C:/Users/farha/AppData/Local/UnrealEngine/Common/DerivedDataCache: Writable
[2020.08.28-14.16.20:013][  0]LogMaterial: Verifying Global Shaders for PCD3D_SM4
[2020.08.28-14.16.20:095][  0]LogSlate: Using Freetype 2.6.0
[2020.08.28-14.16.20:349][  0]LogSlate: SlateFontCache - WITH_FREETYPE: 1, WITH_HARFBUZZ: 1
[2020.08.28-14.16.20:355][  0]LogSlate: SlateFontCache - WITH_FREETYPE: 1, WITH_HARFBUZZ: 1
[2020.08.28-14.16.42:904][  0]LogInit: Selected Device Profile: [Windows]
[2020.08.28-14.16.47:510][  0]LogSimplygon: Simplygon DLL not present - disabling.
[2020.08.28-14.16.47:591][  0]LogMeshReduction: Using SimplygonSwarm for distributed automatic mesh merging
[2020.08.28-14.16.47:597][  0]LogMeshReduction: Using QuadricMeshReduction for automatic static mesh reduction
[2020.08.28-14.16.47:597][  0]LogMeshReduction: No automatic skeletal mesh reduction module available
[2020.08.28-14.16.47:597][  0]LogMeshReduction: No automatic mesh merging module available
[2020.08.28-14.16.47:597][  0]LogMeshMerging: No automatic mesh merging module available
[2020.08.28-14.16.48:818][  0]LogNetVersion: Vigilance418 , NetCL: 3709383, EngineNetVer: 2, GameNetVer: 0 (Checksum: 63410103)
[2020.08.28-14.16.52:206][  0]LogAssetRegistry: FAssetRegistry took 0.0405 seconds to start up
[2020.08.28-14.17.04:503][  0]LogPackageLocalizationCache: Processed 7 localized package path(s) for 2 prioritized culture(s) in 0.144811 seconds
[2020.08.28-14.17.04:641][  0]LogUObjectArray: 35870 objects as part of root set at end of initial load.
[2020.08.28-14.17.04:642][  0]LogUObjectAllocator: 7363696 out of 0 bytes used by permanent object pool.
[2020.08.28-14.17.04:642][  0]LogUObjectArray: CloseDisregardForGC: 0/0 objects in disregard for GC pool
[2020.08.28-14.17.04:875][  0]LogInit: WinSock: version 1.1 (2.2), MaxSocks=32767, MaxUdp=65467
[2020.08.28-14.17.24:830][  0]LogTcpMessaging: Initializing TcpMessaging bridge
[2020.08.28-14.17.24:941][  0]LogUdpMessaging: Initializing bridge on interface 0.0.0.0:0 to multicast group 230.0.0.1:6666.
[2020.08.28-14.17.27:994][  0]LogMaterial: Uniform references updated for custom material expression Custom.
[2020.08.28-14.17.29:885][  0]SourceControl: Source control is disabled
[2020.08.28-14.17.29:886][  0]SourceControl: Source control is disabled
[2020.08.28-14.17.30:067][  0]SourceControl: Source control is disabled
[2020.08.28-14.17.30:203][  0]SourceControl: Source control is disabled
[2020.08.28-14.17.36:733][  0]LogAndroidPermission: UAndroidPermissionCallbackProxy::GetInstance
[2020.08.28-14.17.37:251][  0]LogOcInput: OculusInput pre-init called
[2020.08.28-14.17.38:796][  0]LogEngine: Initializing Engine...
[2020.08.28-14.17.38:971][  0]LogHMD: Failed to initialize OpenVR with code 110
[2020.08.28-14.17.41:007][  0]LogStats: UGameplayTagsManager::ConstructGameplayTagTree: Construct from data asset -  0.000 s
[2020.08.28-14.17.41:008][  0]LogStats: UGameplayTagsManager::ConstructGameplayTagTree: GameplayTagTreeChangedEvent.Broadcast -  0.001 s
[2020.08.28-14.17.43:620][  0]LogAIModule: Creating AISystem for world Untitled
[2020.08.28-14.17.44:086][  0]LogInit: XAudio2 using 'Speakers (2- High Definition Audio Device)' : 2 channels at 48 kHz using 16 bits per sample (channel mask 0x3)
[2020.08.28-14.17.44:300][  0]LogInit: FAudioDevice initialized.
[2020.08.28-14.17.45:397][  0]LogDerivedDataCache: Saved boot cache 1.02s 75MB C:/Users/farha/AppData/Local/UnrealEngine/4.18/DerivedDataCache/Boot.ddc.
[2020.08.28-14.17.45:714][  0]LogInit: Texture streaming: Enabled
[2020.08.28-14.17.46:522][  0]LogEngineSessionManager: EngineSessionManager initialized
[2020.08.28-14.17.54:327][  0]LogInit: Transaction tracking system initialized
[2020.08.28-14.17.57:610][  0]BlueprintLog: New page: Editor Load
[2020.08.28-14.18.05:684][  0]LocalizationService: Localization service is disabled
[2020.08.28-14.18.13:697][  0]LogConsoleResponse: Display: 
[2020.08.28-14.18.27:037][  0]LogCook: Display: Max memory allowance for cook 16384mb min free memory 0mb
[2020.08.28-14.18.27:255][  0]LogCook: Display: Mobile HDR setting 1
[2020.08.28-14.18.27:645][  0]LogGameplayTags: Display: UGameplayTagsManager::DoneAddingNativeTags. DelegateIsBound: 0
[2020.08.28-14.18.36:333][  0]LogFileCache: Scanning file cache for directory 'E:/GameDev/Unreal/GITHUB/vigilance_4.18/Vigilance418/Content/' took 9.06s
[2020.08.28-14.18.42:629][  0]SourceControl: Source control is disabled
[2020.08.28-14.18.43:090][  0]Cmd: MAP LOAD FILE="../../../../../GITHUB/vigilance_4.18/Vigilance418/Content/Maps/NewDemoTestMap.umap" TEMPLATE=0 SHOWPROGRESS=1 FEATURELEVEL=2
[2020.08.28-14.18.43:250][  0]LightingResults: New page: Lighting Build
[2020.08.28-14.18.44:641][  0]MapCheck: New page: Map Check
[2020.08.28-14.18.44:641][  0]LightingResults: New page: Lighting Build
[2020.08.28-14.19.56:899][  0]LogBlueprint: Warning: [Compiler WhenCloseToCops] Get : 'Widget' variable not found. Base class was probably changed. /Game/Blueprints/CustomBlueprints/GettingInfoFromPoice/WhenCloseToCops.WhenCloseToCops
[2020.08.28-14.19.56:985][  0]LogBlueprint: Warning: [Compiler WhenCloseToCops] [0268.74] Compile of WhenCloseToCops successful, but with 1 Warning(s) [in 122 ms] (/Game/Blueprints/CustomBlueprints/GettingInfoFromPoice/WhenCloseToCops.WhenCloseToCops)
[2020.08.28-14.20.57:553][  0]LogAIModule: Creating AISystem for world NewDemoTestMap
[2020.08.28-14.21.02:965][  0]LogEditorServer: Finished looking for orphan Actors (0.000 secs)
[2020.08.28-14.21.03:718][  0]Cmd: MAP CHECKDEP NOCLEARLOG
[2020.08.28-14.21.05:019][  0]MapCheck: Map check complete: 0 Error(s), 0 Warning(s), took 1,291.747ms to complete.
[2020.08.28-14.21.05:035][  0]LogFileHelpers: Loading map 'NewDemoTestMap' took 141.989
[2020.08.28-14.21.15:213][  0]LogCollectionManager: Loaded 0 collections in 0.001781 seconds
[2020.08.28-14.21.15:659][  0]LogFileCache: Scanning file cache for directory 'E:/GameDev/Unreal/GITHUB/vigilance_4.18/Vigilance418/Saved/Collections/' took 0.01s
[2020.08.28-14.21.15:659][  0]LogFileCache: Scanning file cache for directory 'E:/GameDev/Unreal/GITHUB/vigilance_4.18/Vigilance418/Content/Developers/farha/Collections/' took 0.01s
[2020.08.28-14.21.15:659][  0]LogFileCache: Scanning file cache for directory 'E:/GameDev/Unreal/GITHUB/vigilance_4.18/Vigilance418/Content/Collections/' took 0.01s
[2020.08.28-14.21.15:659][  0]LogCollectionManager: Rebuilt the GUID cache for 0 collections in 0.000001 seconds
[2020.08.28-14.21.15:704][  0]LogContentBrowser: Native class hierarchy populated in 0.0268 seconds. Added 2364 classes and 521 folders.
[2020.08.28-14.21.16:166][  0]LogContentBrowser: Native class hierarchy updated for 'WidgetCarousel' in 0.0004 seconds. Added 0 classes and 0 folders.
[2020.08.28-14.21.19:240][  0]LogContentBrowser: Native class hierarchy updated for 'AddContentDialog' in 0.0003 seconds. Added 0 classes and 0 folders.
[2020.08.28-14.21.20:487][  0]LogSlate: Took 0.095454 seconds to synchronously load lazily loaded font '../../../Engine/Content/Slate/Fonts/Roboto-Regular.ttf' (155K)
[2020.08.28-14.21.22:648][  0]LogSlate: Took 0.143711 seconds to synchronously load lazily loaded font '../../../Engine/Content/Slate/Fonts/Roboto-Bold.ttf' (160K)
[2020.08.28-14.21.25:596][  0]LogRenderer: Reallocating scene render targets to support 1012x656 Format 9 NumSamples 1 (Frame:1).
[2020.08.28-14.21.36:821][  0]LogContentBrowser: Native class hierarchy updated for 'HierarchicalLODOutliner' in 0.0004 seconds. Added 1 classes and 2 folders.
[2020.08.28-14.21.36:821][  0]LogLoad: (Engine Initialization) Total time: 368.64 seconds
[2020.08.28-14.21.36:821][  0]LogLoad: (Engine Initialization) Total Blueprint compile time: 0.00 seconds
[2020.08.28-14.21.36:970][  0]LogExternalProfiler: No external profilers were discovered.  External profiling features will not be available.
[2020.08.28-14.21.39:122][  0]LogContentStreaming: Texture pool size now 400 MB
[2020.08.28-14.21.43:609][  2]LogSlate: Took 0.051615 seconds to synchronously load lazily loaded font '../../../Engine/Content/Slate/Fonts/Roboto-Light.ttf' (159K)
[2020.08.28-14.21.46:080][  9]LogAssetRegistry: Asset discovery search completed in 293.9002 seconds
[2020.08.28-14.21.46:176][  9]LogCollectionManager: Rebuilt the object cache for 0 collections in 0.000001 seconds (found 0 objects)
[2020.08.28-14.21.46:178][  9]LogCollectionManager: Fixed up redirectors for 0 collections in 0.010578 seconds (updated 0 objects)
[2020.08.28-14.24.40:763][557]LogSlate: Took 0.096352 seconds to synchronously load lazily loaded font '../../../Engine/Content/Editor/Slate/Fonts/FontAwesome.ttf' (139K)
[2020.08.28-14.29.37:606][612]LogHttp: Warning: 0000021737BDF580: request failed, libcurl error: 0 (No error)
[2020.08.28-14.29.37:607][612]LogHttp: Warning: 0000021737BDF580: libcurl info message cache 0 (Found bundle for host datarouter.ol.epicgames.com: 0x217377f7fe8 [can pipeline])
[2020.08.28-14.29.37:607][612]LogHttp: Warning: 0000021737BDF580: libcurl info message cache 1 (Re-using existing connection! (#0) with host datarouter.ol.epicgames.com)
[2020.08.28-14.29.37:607][612]LogHttp: Warning: 0000021737BDF580: libcurl info message cache 2 (Connected to datarouter.ol.epicgames.com (52.204.199.110) port 443 (#0))
[2020.08.28-14.29.37:607][612]LogHttp: Warning: 0000021737BDF580: libcurl info message cache 3 (upload completely sent off: 686 out of 686 bytes)
[2020.08.28-14.29.37:607][612]LogHttp: Warning: 0000021737BDF580: libcurl info message cache 4 (Closing connection 0)
[2020.08.28-14.29.37:607][612]LogHttp: Warning: 0000021737BDF580: libcurl info message cache 5 (TLSv1.2 (OUT), TLS alert, Client hello (1):)
[2020.08.28-14.30.36:655][982]LogTemp: Repeating last play command: Selected Viewport
[2020.08.28-14.30.38:945][982]LogPlayLevel: PlayLevel: No blueprints needed recompiling
[2020.08.28-14.30.39:309][982]PIE: New page: PIE session: NewDemoTestMap (Aug 29, 2020, 2:30:39 AM)
[2020.08.28-14.30.39:339][982]LogPlayLevel: Creating play world package: /Game/Maps/UEDPIE_0_NewDemoTestMap
[2020.08.28-14.30.39:887][982]LogPlayLevel: PIE: StaticDuplicateObject took: (0.547819s)
[2020.08.28-14.30.39:926][982]LogAIModule: Creating AISystem for world NewDemoTestMap
[2020.08.28-14.30.39:960][982]LogPlayLevel: PIE: World Init took: (0.073039s)
[2020.08.28-14.30.39:971][982]LogPlayLevel: PIE: Created PIE world by copying editor world from /Game/Maps/NewDemoTestMap.NewDemoTestMap to /Game/Maps/UEDPIE_0_NewDemoTestMap.NewDemoTestMap (0.632840s)
[2020.08.28-14.30.40:325][982]LogInit: XAudio2 using 'Speakers (2- High Definition Audio Device)' : 2 channels at 48 kHz using 16 bits per sample (channel mask 0x3)
[2020.08.28-14.30.40:892][982]LogInit: FAudioDevice initialized.
[2020.08.28-14.30.41:095][982]LogLoad: Game class is 'GamePlay_GM_C'
[2020.08.28-14.30.41:330][982]LogWorld: Bringing World /Game/Maps/UEDPIE_0_NewDemoTestMap.NewDemoTestMap up for play (max tick rate 60) at 2020.08.28-20.30.41
[2020.08.28-14.30.41:778][982]LogWorld: Bringing up level for play took: 0.469800
[2020.08.28-14.30.46:549][982]LogContentBrowser: Native class hierarchy updated for 'MovieSceneCapture' in 0.0121 seconds. Added 11 classes and 0 folders.
[2020.08.28-14.30.46:564][982]LogGameMode: Display: Match State Changed from EnteringMap to WaitingToStart
[2020.08.28-14.30.46:564][982]LogGameState: Match State Changed from EnteringMap to WaitingToStart
[2020.08.28-14.30.46:564][982]LogGameMode: Display: Match State Changed from WaitingToStart to InProgress
[2020.08.28-14.30.47:051][982]LogGameState: Match State Changed from WaitingToStart to InProgress
[2020.08.28-14.30.47:078][982]PIE: Play in editor start time for /Game/Maps/UEDPIE_0_NewDemoTestMap 7.948
[2020.08.28-14.31.10:523][800]LogInit: XAudio2 using 'Speakers (2- High Definition Audio Device)' : 2 channels at 48 kHz using 16 bits per sample (channel mask 0x3)
[2020.08.28-14.31.10:560][800]LogInit: XAudio2 using 'Speakers (2- High Definition Audio Device)' : 2 channels at 48 kHz using 16 bits per sample (channel mask 0x3)
[2020.08.28-14.31.12:792][854]LogScriptCore: Warning: Script Msg: Attempted to access index -1 from array 'Hit Enemys Loco' of length 0 in '/Game/Blueprints/PlayerBlueprint/Player_CharacterBP.Player_CharacterBP_C:find Closes Enemy'!
[2020.08.28-14.31.21:824][176]LogInit: XAudio2 using 'Speakers (2- High Definition Audio Device)' : 2 channels at 48 kHz using 16 bits per sample (channel mask 0x3)
[2020.08.28-14.31.21:859][176]LogInit: XAudio2 using 'Speakers (2- High Definition Audio Device)' : 2 channels at 48 kHz using 16 bits per sample (channel mask 0x3)
[2020.08.28-14.31.21:908][177]LogInit: XAudio2 using 'Speakers (2- High Definition Audio Device)' : 2 channels at 48 kHz using 16 bits per sample (channel mask 0x3)
[2020.08.28-14.31.21:933][177]LogInit: XAudio2 using 'Speakers (2- High Definition Audio Device)' : 2 channels at 48 kHz using 16 bits per sample (channel mask 0x3)
[2020.08.28-14.31.21:968][178]LogInit: XAudio2 using 'Speakers (2- High Definition Audio Device)' : 2 channels at 48 kHz using 16 bits per sample (channel mask 0x3)
[2020.08.28-14.31.21:997][178]LogInit: XAudio2 using 'Speakers (2- High Definition Audio Device)' : 2 channels at 48 kHz using 16 bits per sample (channel mask 0x3)
[2020.08.28-14.31.22:048][179]LogInit: XAudio2 using 'Speakers (2- High Definition Audio Device)' : 2 channels at 48 kHz using 16 bits per sample (channel mask 0x3)
[2020.08.28-14.31.22:073][179]LogInit: XAudio2 using 'Speakers (2- High Definition Audio Device)' : 2 channels at 48 kHz using 16 bits per sample (channel mask 0x3)
[2020.08.28-14.47.04:534][337]LogTemp: Repeating last play command: Selected Viewport
[2020.08.28-14.47.04:624][337]LogPlayLevel: PlayLevel: No blueprints needed recompiling
[2020.08.28-14.47.04:625][337]PIE: New page: PIE session: NewDemoTestMap (Aug 29, 2020, 2:47:04 AM)
[2020.08.28-14.47.04:625][337]LogPlayLevel: Creating play world package: /Game/Maps/UEDPIE_0_NewDemoTestMap
[2020.08.28-14.47.04:897][337]LogPlayLevel: PIE: StaticDuplicateObject took: (0.271872s)
[2020.08.28-14.47.04:898][337]LogAIModule: Creating AISystem for world NewDemoTestMap
[2020.08.28-14.47.04:899][337]LogPlayLevel: PIE: World Init took: (0.001364s)
[2020.08.28-14.47.04:899][337]LogPlayLevel: PIE: Created PIE world by copying editor world from /Game/Maps/NewDemoTestMap.NewDemoTestMap to /Game/Maps/UEDPIE_0_NewDemoTestMap.NewDemoTestMap (0.273702s)
[2020.08.28-14.47.04:931][337]LogInit: XAudio2 using 'Speakers (2- High Definition Audio Device)' : 2 channels at 48 kHz using 16 bits per sample (channel mask 0x3)
[2020.08.28-14.47.04:940][337]LogInit: FAudioDevice initialized.
[2020.08.28-14.47.04:992][337]LogLoad: Game class is 'GamePlay_GM_C'
[2020.08.28-14.47.05:003][337]LogWorld: Bringing World /Game/Maps/UEDPIE_0_NewDemoTestMap.NewDemoTestMap up for play (max tick rate 60) at 2020.08.28-20.47.05
[2020.08.28-14.47.05:005][337]LogWorld: Bringing up level for play took: 0.013089
[2020.08.28-14.47.05:007][337]LogGameMode: Display: Match State Changed from EnteringMap to WaitingToStart
[2020.08.28-14.47.05:007][337]LogGameState: Match State Changed from EnteringMap to WaitingToStart
[2020.08.28-14.47.05:007][337]LogGameMode: Display: Match State Changed from WaitingToStart to InProgress
[2020.08.28-14.47.05:022][337]LogGameState: Match State Changed from WaitingToStart to InProgress
[2020.08.28-14.47.05:023][337]PIE: Play in editor start time for /Game/Maps/UEDPIE_0_NewDemoTestMap -0.107
[2020.08.28-14.47.08:086][446]LogScriptCore: Warning: Script Msg: Attempted to access index -1 from array 'Hit Enemys Loco' of length 0 in '/Game/Blueprints/PlayerBlueprint/Player_CharacterBP.Player_CharacterBP_C:find Closes Enemy'!
[2020.08.28-14.47.08:406][458]LogScriptCore: Warning: Script Msg: Attempted to access index -1 from array 'Hit Enemys Loco' of length 0 in '/Game/Blueprints/PlayerBlueprint/Player_CharacterBP.Player_CharacterBP_C:find Closes Enemy'!
[2020.08.28-14.47.08:749][471]LogScriptCore: Warning: Script Msg: Attempted to access index -1 from array 'Hit Enemys Loco' of length 0 in '/Game/Blueprints/PlayerBlueprint/Player_CharacterBP.Player_CharacterBP_C:find Closes Enemy'!
[2020.08.28-14.47.09:063][483]LogScriptCore: Warning: Script Msg: Attempted to access index -1 from array 'Hit Enemys Loco' of length 0 in '/Game/Blueprints/PlayerBlueprint/Player_CharacterBP.Player_CharacterBP_C:find Closes Enemy'!
[2020.08.28-14.47.09:318][493]LogScriptCore: Warning: Script Msg: Attempted to access index -1 from array 'Hit Enemys Loco' of length 0 in '/Game/Blueprints/PlayerBlueprint/Player_CharacterBP.Player_CharacterBP_C:find Closes Enemy'!
[2020.08.28-14.47.09:582][503]LogScriptCore: Warning: Script Msg: Attempted to access index -1 from array 'Hit Enemys Loco' of length 0 in '/Game/Blueprints/PlayerBlueprint/Player_CharacterBP.Player_CharacterBP_C:find Closes Enemy'!
[2020.08.28-14.47.09:833][513]LogScriptCore: Warning: Script Msg: Attempted to access index -1 from array 'Hit Enemys Loco' of length 0 in '/Game/Blueprints/PlayerBlueprint/Player_CharacterBP.Player_CharacterBP_C:find Closes Enemy'!
[2020.08.28-14.47.10:016][520]LogScriptCore: Warning: Script Msg: Attempted to access index -1 from array 'Hit Enemys Loco' of length 0 in '/Game/Blueprints/PlayerBlueprint/Player_CharacterBP.Player_CharacterBP_C:find Closes Enemy'!
[2020.08.28-14.47.10:287][530]LogScriptCore: Warning: Script Msg: Attempted to access index -1 from array 'Hit Enemys Loco' of length 1 in '/Game/Blueprints/PlayerBlueprint/Player_CharacterBP.Player_CharacterBP_C:find Closes Enemy'!
[2020.08.28-14.47.10:596][539]LogScriptCore: Warning: Script Msg: Attempted to access index -1 from array 'Hit Enemys Loco' of length 13 in '/Game/Blueprints/PlayerBlueprint/Player_CharacterBP.Player_CharacterBP_C:find Closes Enemy'!
[2020.08.28-14.47.10:774][547]LogScriptCore: Warning: Script Msg: Attempted to access index -1 from array 'Hit Enemys Loco' of length 23 in '/Game/Blueprints/PlayerBlueprint/Player_CharacterBP.Player_CharacterBP_C:find Closes Enemy'!
[2020.08.28-14.47.11:044][557]LogScriptCore: Warning: Script Msg: Attempted to access index -1 from array 'Hit Enemys Loco' of length 23 in '/Game/Blueprints/PlayerBlueprint/Player_CharacterBP.Player_CharacterBP_C:find Closes Enemy'!
[2020.08.28-14.47.11:298][566]LogScriptCore: Warning: Script Msg: Attempted to access index -1 from array 'Hit Enemys Loco' of length 23 in '/Game/Blueprints/PlayerBlueprint/Player_CharacterBP.Player_CharacterBP_C:find Closes Enemy'!
[2020.08.28-14.47.11:559][576]LogScriptCore: Warning: Script Msg: Attempted to access index -1 from array 'Hit Enemys Loco' of length 23 in '/Game/Blueprints/PlayerBlueprint/Player_CharacterBP.Player_CharacterBP_C:find Closes Enemy'!
[2020.08.28-14.47.11:968][583]LogScriptCore: Warning: Script Msg: Attempted to access index -1 from array 'Hit Enemys Loco' of length 23 in '/Game/Blueprints/PlayerBlueprint/Player_CharacterBP.Player_CharacterBP_C:find Closes Enemy'!
[2020.08.28-14.47.12:001][585]LogScriptCore: Warning: Script Msg: Attempted to access index -1 from array 'Hit Enemys Loco' of length 23 in '/Game/Blueprints/PlayerBlueprint/Player_CharacterBP.Player_CharacterBP_C:find Closes Enemy'!
[2020.08.28-14.47.12:248][594]LogScriptCore: Warning: Script Msg: Attempted to access index -1 from array 'Hit Enemys Loco' of length 23 in '/Game/Blueprints/PlayerBlueprint/Player_CharacterBP.Player_CharacterBP_C:find Closes Enemy'!
[2020.08.28-14.47.12:465][602]LogScriptCore: Warning: Script Msg: Attempted to access index -1 from array 'Hit Enemys Loco' of length 23 in '/Game/Blueprints/PlayerBlueprint/Player_CharacterBP.Player_CharacterBP_C:find Closes Enemy'!
[2020.08.28-14.47.12:671][610]LogScriptCore: Warning: Script Msg: Attempted to access index -1 from array 'Hit Enemys Loco' of length 23 in '/Game/Blueprints/PlayerBlueprint/Player_CharacterBP.Player_CharacterBP_C:find Closes Enemy'!
[2020.08.28-14.47.12:902][619]LogScriptCore: Warning: Script Msg: Attempted to access index -1 from array 'Hit Enemys Loco' of length 23 in '/Game/Blueprints/PlayerBlueprint/Player_CharacterBP.Player_CharacterBP_C:find Closes Enemy'!
[2020.08.28-14.47.13:117][627]LogScriptCore: Warning: Script Msg: Attempted to access index -1 from array 'Hit Enemys Loco' of length 23 in '/Game/Blueprints/PlayerBlueprint/Player_CharacterBP.Player_CharacterBP_C:find Closes Enemy'!
[2020.08.28-14.47.13:366][636]LogScriptCore: Warning: Script Msg: Attempted to access index -1 from array 'Hit Enemys Loco' of length 23 in '/Game/Blueprints/PlayerBlueprint/Player_CharacterBP.Player_CharacterBP_C:find Closes Enemy'!
[2020.08.28-14.47.13:642][646]LogScriptCore: Warning: Script Msg: Attempted to access index -1 from array 'Hit Enemys Loco' of length 23 in '/Game/Blueprints/PlayerBlueprint/Player_CharacterBP.Player_CharacterBP_C:find Closes Enemy'!
[2020.08.28-14.47.13:910][656]LogScriptCore: Warning: Script Msg: Attempted to access index -1 from array 'Hit Enemys Loco' of length 23 in '/Game/Blueprints/PlayerBlueprint/Player_CharacterBP.Player_CharacterBP_C:find Closes Enemy'!
[2020.08.28-14.47.14:142][665]LogScriptCore: Warning: Script Msg: Attempted to access index -1 from array 'Hit Enemys Loco' of length 23 in '/Game/Blueprints/PlayerBlueprint/Player_CharacterBP.Player_CharacterBP_C:find Closes Enemy'!
[2020.08.28-14.47.14:383][674]LogScriptCore: Warning: Script Msg: Attempted to access index -1 from array 'Hit Enemys Loco' of length 23 in '/Game/Blueprints/PlayerBlueprint/Player_CharacterBP.Player_CharacterBP_C:find Closes Enemy'!
[2020.08.28-14.47.14:677][685]LogScriptCore: Warning: Script Msg: Attempted to access index -1 from array 'Hit Enemys Loco' of length 23 in '/Game/Blueprints/PlayerBlueprint/Player_CharacterBP.Player_CharacterBP_C:find Closes Enemy'!
[2020.08.28-14.47.14:913][694]LogScriptCore: Warning: Script Msg: Attempted to access index -1 from array 'Hit Enemys Loco' of length 23 in '/Game/Blueprints/PlayerBlueprint/Player_CharacterBP.Player_CharacterBP_C:find Closes Enemy'!
[2020.08.28-14.47.15:145][703]LogScriptCore: Warning: Script Msg: Attempted to access index -1 from array 'Hit Enemys Loco' of length 23 in '/Game/Blueprints/PlayerBlueprint/Player_CharacterBP.Player_CharacterBP_C:find Closes Enemy'!
[2020.08.28-14.47.15:374][711]LogScriptCore: Warning: Script Msg: Attempted to access index -1 from array 'Hit Enemys Loco' of length 23 in '/Game/Blueprints/PlayerBlueprint/Player_CharacterBP.Player_CharacterBP_C:find Closes Enemy'!
[2020.08.28-14.47.15:596][719]LogScriptCore: Warning: Script Msg: Attempted to access index -1 from array 'Hit Enemys Loco' of length 23 in '/Game/Blueprints/PlayerBlueprint/Player_CharacterBP.Player_CharacterBP_C:find Closes Enemy'!
[2020.08.28-14.47.15:895][730]LogScriptCore: Warning: Script Msg: Attempted to access index -1 from array 'Hit Enemys Loco' of length 23 in '/Game/Blueprints/PlayerBlueprint/Player_CharacterBP.Player_CharacterBP_C:find Closes Enemy'!
[2020.08.28-14.47.16:088][737]LogScriptCore: Warning: Script Msg: Attempted to access index -1 from array 'Hit Enemys Loco' of length 23 in '/Game/Blueprints/PlayerBlueprint/Player_CharacterBP.Player_CharacterBP_C:find Closes Enemy'!
[2020.08.28-14.47.16:325][746]LogScriptCore: Warning: Script Msg: Attempted to access index -1 from array 'Hit Enemys Loco' of length 23 in '/Game/Blueprints/PlayerBlueprint/Player_CharacterBP.Player_CharacterBP_C:find Closes Enemy'!
[2020.08.28-14.47.16:582][756]LogScriptCore: Warning: Script Msg: Attempted to access index -1 from array 'Hit Enemys Loco' of length 23 in '/Game/Blueprints/PlayerBlueprint/Player_CharacterBP.Player_CharacterBP_C:find Closes Enemy'!
[2020.08.28-14.47.16:810][765]LogScriptCore: Warning: Script Msg: Attempted to access index -1 from array 'Hit Enemys Loco' of length 23 in '/Game/Blueprints/PlayerBlueprint/Player_CharacterBP.Player_CharacterBP_C:find Closes Enemy'!
[2020.08.28-14.51.10:906][759]LogTemp: Repeating last play command: Selected Viewport
[2020.08.28-14.51.10:986][759]LogPlayLevel: PlayLevel: No blueprints needed recompiling
[2020.08.28-14.51.10:986][759]PIE: New page: PIE session: NewDemoTestMap (Aug 29, 2020, 2:51:10 AM)
[2020.08.28-14.51.10:986][759]LogPlayLevel: Creating play world package: /Game/Maps/UEDPIE_0_NewDemoTestMap
[2020.08.28-14.51.11:038][759]LogPlayLevel: PIE: StaticDuplicateObject took: (0.051144s)
[2020.08.28-14.51.11:039][759]LogAIModule: Creating AISystem for world NewDemoTestMap
[2020.08.28-14.51.11:039][759]LogPlayLevel: PIE: World Init took: (0.001219s)
[2020.08.28-14.51.11:039][759]LogPlayLevel: PIE: Created PIE world by copying editor world from /Game/Maps/NewDemoTestMap.NewDemoTestMap to /Game/Maps/UEDPIE_0_NewDemoTestMap.NewDemoTestMap (0.052929s)
[2020.08.28-14.51.11:066][759]LogInit: XAudio2 using 'Speakers (2- High Definition Audio Device)' : 2 channels at 48 kHz using 16 bits per sample (channel mask 0x3)
[2020.08.28-14.51.11:074][759]LogInit: FAudioDevice initialized.
[2020.08.28-14.51.11:106][759]LogLoad: Game class is 'GamePlay_GM_C'
[2020.08.28-14.51.11:119][759]LogWorld: Bringing World /Game/Maps/UEDPIE_0_NewDemoTestMap.NewDemoTestMap up for play (max tick rate 60) at 2020.08.28-20.51.11
[2020.08.28-14.51.11:121][759]LogWorld: Bringing up level for play took: 0.014297
[2020.08.28-14.51.11:122][759]LogGameMode: Display: Match State Changed from EnteringMap to WaitingToStart
[2020.08.28-14.51.11:122][759]LogGameState: Match State Changed from EnteringMap to WaitingToStart
[2020.08.28-14.51.11:122][759]LogGameMode: Display: Match State Changed from WaitingToStart to InProgress
[2020.08.28-14.51.11:136][759]LogGameState: Match State Changed from WaitingToStart to InProgress
[2020.08.28-14.51.11:136][759]PIE: Play in editor start time for /Game/Maps/UEDPIE_0_NewDemoTestMap 0.007
[2020.08.28-15.55.47:130][620]LogTemp: Repeating last play command: Selected Viewport
[2020.08.28-15.55.49:685][620]LogPlayLevel: PlayLevel: No blueprints needed recompiling
[2020.08.28-15.55.49:734][620]PIE: New page: PIE session: NewDemoTestMap (Aug 29, 2020, 3:55:49 AM)
[2020.08.28-15.55.49:835][620]LogPlayLevel: Creating play world package: /Game/Maps/UEDPIE_0_NewDemoTestMap
[2020.08.28-15.55.52:217][620]LogPlayLevel: PIE: StaticDuplicateObject took: (2.334724s)
[2020.08.28-15.55.52:252][620]LogAIModule: Creating AISystem for world NewDemoTestMap
[2020.08.28-15.55.52:330][620]LogPlayLevel: PIE: World Init took: (0.112747s)
[2020.08.28-15.55.52:358][620]LogPlayLevel: PIE: Created PIE world by copying editor world from /Game/Maps/NewDemoTestMap.NewDemoTestMap to /Game/Maps/UEDPIE_0_NewDemoTestMap.NewDemoTestMap (2.523091s)
[2020.08.28-15.55.52:882][620]LogInit: XAudio2 using 'Speakers (2- High Definition Audio Device)' : 2 channels at 48 kHz using 16 bits per sample (channel mask 0x3)
[2020.08.28-15.55.52:931][620]LogInit: FAudioDevice initialized.
[2020.08.28-15.55.53:552][620]LogLoad: Game class is 'GamePlay_GM_C'
[2020.08.28-15.55.53:768][620]LogWorld: Bringing World /Game/Maps/UEDPIE_0_NewDemoTestMap.NewDemoTestMap up for play (max tick rate 60) at 2020.08.28-21.55.53
[2020.08.28-15.55.53:805][620]LogWorld: Bringing up level for play took: 0.251080
[2020.08.28-15.55.53:807][620]LogGameMode: Display: Match State Changed from EnteringMap to WaitingToStart
[2020.08.28-15.55.53:807][620]LogGameState: Match State Changed from EnteringMap to WaitingToStart
[2020.08.28-15.55.53:807][620]LogGameMode: Display: Match State Changed from WaitingToStart to InProgress
[2020.08.28-15.55.54:026][620]LogGameState: Match State Changed from WaitingToStart to InProgress
[2020.08.28-15.55.54:033][620]PIE: Play in editor start time for /Game/Maps/UEDPIE_0_NewDemoTestMap 4.904
[2020.08.28-15.56.07:875][ 33]LogScriptCore: Warning: Script Msg: Attempted to access index -1 from array 'Hit Enemys Loco' of length 1 in '/Game/Blueprints/PlayerBlueprint/Player_CharacterBP.Player_CharacterBP_C:find Closes Enemy'!
[2020.08.28-15.57.31:911][644]LogEditorViewport: Clicking on Actor (LMB): NavMeshBoundsVolume (NavMeshBoundsVolume2)
[2020.08.28-16.02.56:334][ 84]LogInit: XAudio2 using 'Speakers (2- High Definition Audio Device)' : 2 channels at 48 kHz using 16 bits per sample (channel mask 0x3)
[2020.08.28-16.06.25:324][711]LogInit: XAudio2 using 'Speakers (2- High Definition Audio Device)' : 2 channels at 48 kHz using 16 bits per sample (channel mask 0x3)
[2020.08.28-16.08.13:298][190]LogTemp: Repeating last play command: Selected Viewport
[2020.08.28-16.08.13:376][190]LogPlayLevel: PlayLevel: No blueprints needed recompiling
[2020.08.28-16.08.13:376][190]PIE: New page: PIE session: NewDemoTestMap (Aug 29, 2020, 4:08:13 AM)
[2020.08.28-16.08.13:376][190]LogPlayLevel: Creating play world package: /Game/Maps/UEDPIE_0_NewDemoTestMap
[2020.08.28-16.08.13:441][190]LogPlayLevel: PIE: StaticDuplicateObject took: (0.065557s)
[2020.08.28-16.08.13:464][190]LogAIModule: Creating AISystem for world NewDemoTestMap
[2020.08.28-16.08.13:464][190]LogPlayLevel: PIE: World Init took: (0.022684s)
[2020.08.28-16.08.13:465][190]LogPlayLevel: PIE: Created PIE world by copying editor world from /Game/Maps/NewDemoTestMap.NewDemoTestMap to /Game/Maps/UEDPIE_0_NewDemoTestMap.NewDemoTestMap (0.089005s)
[2020.08.28-16.08.13:550][190]LogInit: XAudio2 using 'Speakers (2- High Definition Audio Device)' : 2 channels at 48 kHz using 16 bits per sample (channel mask 0x3)
[2020.08.28-16.08.13:579][190]LogInit: FAudioDevice initialized.
[2020.08.28-16.08.13:626][190]LogLoad: Game class is 'GamePlay_GM_C'
[2020.08.28-16.08.13:679][190]LogWorld: Bringing World /Game/Maps/UEDPIE_0_NewDemoTestMap.NewDemoTestMap up for play (max tick rate 60) at 2020.08.28-22.08.13
[2020.08.28-16.08.13:681][190]LogWorld: Bringing up level for play took: 0.054594
[2020.08.28-16.08.13:682][190]LogGameMode: Display: Match State Changed from EnteringMap to WaitingToStart
[2020.08.28-16.08.13:682][190]LogGameState: Match State Changed from EnteringMap to WaitingToStart
[2020.08.28-16.08.13:682][190]LogGameMode: Display: Match State Changed from WaitingToStart to InProgress
[2020.08.28-16.08.13:705][190]LogGameState: Match State Changed from WaitingToStart to InProgress
[2020.08.28-16.08.13:705][190]PIE: Play in editor start time for /Game/Maps/UEDPIE_0_NewDemoTestMap 0.575
[2020.08.28-16.25.38:685][642]LogD3D11RHI: Timed out while waiting for GPU to catch up. (500 ms)
[2020.08.28-17.34.52:191][102]LogD3D11RHI: Timed out while waiting for GPU to catch up. (500 ms)
[2020.08.28-18.21.52:383][ 19]LogSlate: Took 0.176298 seconds to synchronously load lazily loaded font '../../../Engine/Content/Slate/Fonts/Roboto-Light.ttf' (159K)
[2020.08.28-18.21.58:453][ 19]Cmd: OBJ SAVEPACKAGE PACKAGE="/Game/Maps/NewDemoTestMap" FILE="../../../../../GITHUB/vigilance_4.18/Vigilance418/Content/Maps/NewDemoTestMap.umap" SILENT=true AUTOSAVING=false KEEPDIRTY=false
[2020.08.28-18.22.00:627][ 19]LogSlate: Took 0.025957 seconds to synchronously load lazily loaded font '../../../Engine/Content/Slate/Fonts/Roboto-Regular.ttf' (155K)
[2020.08.28-18.22.01:227][ 19]LogSavePackage: Save=1527.60ms
[2020.08.28-18.22.01:227][ 19]LogSavePackage: Moving '../../../../../GITHUB/vigilance_4.18/Vigilance418/Saved/NewDemoTestMap4664A7824A28ABD0379E3DB9F748C012.tmp' to '../../../../../GITHUB/vigilance_4.18/Vigilance418/Content/Maps/NewDemoTestMap.umap'
[2020.08.28-18.22.01:345][ 19]LogSavePackage: Display: Finished SavePackage ../../../../../GITHUB/vigilance_4.18/Vigilance418/Content/Maps/NewDemoTestMap.umap
[2020.08.28-18.22.01:785][ 19]LogFileHelpers: Saving map 'NewDemoTestMap' took 8.744
[2020.08.28-18.22.02:841][ 19]LogWindowsTextInputMethodSystem: Display: IME system now deactivated.
[2020.08.28-18.22.11:136][ 20]Cmd: QUIT_EDITOR
