Log file open, 08/02/20 10:33:36
LogWindows: Failed to load 'aqProf.dll' (GetLastError=126)
LogWindows: File 'aqProf.dll' does not exist
LogWindows: Failed to load 'VSPerf140.dll' (GetLastError=126)
LogWindows: File 'VSPerf140.dll' does not exist
LogWindows: Failed to load 'VtuneApi.dll' (GetLastError=126)
LogWindows: File 'VtuneApi.dll' does not exist
LogWindows: Failed to load 'VtuneApi32e.dll' (GetLastError=126)
LogWindows: File 'VtuneApi32e.dll' does not exist
LogInit: Display: Running engine for game: Vigilance418
LogPlatformFile: Not using cached read wrapper
LogInit: Display: RandInit(-1081913548) SRandInit(-1081913547).
LogInit: Read version file with build ID '3709383'
LogInit: Overriding engine version to CL 3832480, compatible CL 3709383
LogInit: Registered custom module enumerator with build ID '3709383'
LogTaskGraph: Started task graph with 5 named threads and 8 total threads with 3 sets of task threads.
LogStats: Stats thread started at 0.364025
LogD3D11RHI: Aftermath initialized
LogModuleManager: Display: Found up-to-date module file ../../../Engine/Plugins/2D/Paper2D/Binaries/Win64/UE4Editor-Paper2D.dll (API version 3709383).
LogModuleManager: Display: Found up-to-date module file ../../../Engine/Plugins/2D/Paper2D/Binaries/Win64/UE4Editor-Paper2DEditor.dll (API version 3709383).
LogModuleManager: Display: Found up-to-date module file ../../../Engine/Plugins/2D/Paper2D/Binaries/Win64/UE4Editor-PaperSpriteSheetImporter.dll (API version 3709383).
LogModuleManager: Display: Found up-to-date module file ../../../Engine/Plugins/2D/Paper2D/Binaries/Win64/UE4Editor-PaperTiledImporter.dll (API version 3709383).
LogModuleManager: Display: Found up-to-date module file ../../../Engine/Plugins/2D/Paper2D/Binaries/Win64/UE4Editor-SmartSnapping.dll (API version 3709383).
LogModuleManager: Display: Found up-to-date module file ../../../Engine/Plugins/Blendables/LightPropagationVolume/Binaries/Win64/UE4Editor-LightPropagationVolumeRuntime.dll (API version 3709383).
LogModuleManager: Display: Found up-to-date module file ../../../Engine/Plugins/Blendables/LightPropagationVolume/Binaries/Win64/UE4Editor-LightPropagationVolumeEditor.dll (API version 3709383).
LogModuleManager: Display: Found up-to-date module file ../../../Engine/Plugins/Developer/GitSourceControl/Binaries/Win64/UE4Editor-GitSourceControl.dll (API version 3709383).
LogModuleManager: Display: Found up-to-date module file ../../../Engine/Plugins/Developer/PerforceSourceControl/Binaries/Win64/UE4Editor-PerforceSourceControl.dll (API version 3709383).
LogModuleManager: Display: Found up-to-date module file ../../../Engine/Plugins/Developer/SubversionSourceControl/Binaries/Win64/UE4Editor-SubversionSourceControl.dll (API version 3709383).
LogModuleManager: Display: Found up-to-date module file ../../../Engine/Plugins/Developer/UObjectPlugin/Binaries/Win64/UE4Editor-UObjectPlugin.dll (API version 3709383).
LogModuleManager: Display: Found up-to-date module file ../../../Engine/Plugins/Developer/VisualStudioCodeSourceCodeAccess/Binaries/Win64/UE4Editor-VisualStudioCodeSourceCodeAccess.dll (API version 3709383).
LogModuleManager: Display: Found up-to-date module file ../../../Engine/Plugins/Developer/VisualStudioSourceCodeAccess/Binaries/Win64/UE4Editor-VisualStudioSourceCodeAccess.dll (API version 3709383).
LogModuleManager: Display: Found up-to-date module file ../../../Engine/Plugins/Editor/AssetManagerEditor/Binaries/Win64/UE4Editor-AssetManagerEditor.dll (API version 3709383).
LogModuleManager: Display: Found up-to-date module file ../../../Engine/Plugins/Editor/AudioCapture/Binaries/Win64/UE4Editor-AudioCapture.dll (API version 3709383).
LogModuleManager: Display: Found up-to-date module file ../../../Engine/Plugins/Editor/FacialAnimation/Binaries/Win64/UE4Editor-FacialAnimation.dll (API version 3709383).
LogModuleManager: Display: Found up-to-date module file ../../../Engine/Plugins/Editor/FacialAnimation/Binaries/Win64/UE4Editor-FacialAnimationEditor.dll (API version 3709383).
LogModuleManager: Display: Found up-to-date module file ../../../Engine/Plugins/Editor/GameplayTagsEditor/Binaries/Win64/UE4Editor-GameplayTagsEditor.dll (API version 3709383).
LogModuleManager: Display: Found up-to-date module file ../../../Engine/Plugins/Editor/MobileLauncherProfileWizard/Binaries/Win64/UE4Editor-MobileLauncherProfileWizard.dll (API version 3709383).
LogModuleManager: Display: Found up-to-date module file ../../../Engine/Plugins/Editor/PluginBrowser/Binaries/Win64/UE4Editor-PluginBrowser.dll (API version 3709383).
LogModuleManager: Display: Found up-to-date module file ../../../Engine/Plugins/Editor/SpeedTreeImporter/Binaries/Win64/UE4Editor-SpeedTreeImporter.dll (API version 3709383).
LogModuleManager: Display: Found up-to-date module file ../../../Engine/Plugins/Experimental/AlembicImporter/Binaries/Win64/UE4Editor-AlembicImporter.dll (API version 3709383).
LogModuleManager: Display: Found up-to-date module file ../../../Engine/Plugins/Experimental/AlembicImporter/Binaries/Win64/UE4Editor-AlembicLibrary.dll (API version 3709383).
LogModuleManager: Display: Found up-to-date module file ../../../Engine/Plugins/Experimental/CharacterAI/Binaries/Win64/UE4Editor-CharacterAI.dll (API version 3709383).
LogModuleManager: Display: Found up-to-date module file ../../../Engine/Plugins/Experimental/HTML5Networking/Binaries/Win64/UE4Editor-HTML5Networking.dll (API version 3709383).
LogModuleManager: Display: Found up-to-date module file ../../../Engine/Plugins/Media/AndroidMedia/Binaries/Win64/UE4Editor-AndroidMediaEditor.dll (API version 3709383).
LogModuleManager: Display: Found up-to-date module file ../../../Engine/Plugins/Media/AndroidMedia/Binaries/Win64/UE4Editor-AndroidMediaFactory.dll (API version 3709383).
LogModuleManager: Display: Found up-to-date module file ../../../Engine/Plugins/Media/AvfMedia/Binaries/Win64/UE4Editor-AvfMediaEditor.dll (API version 3709383).
LogModuleManager: Display: Found up-to-date module file ../../../Engine/Plugins/Media/AvfMedia/Binaries/Win64/UE4Editor-AvfMediaFactory.dll (API version 3709383).
LogModuleManager: Display: Found up-to-date module file ../../../Engine/Plugins/Media/AvfMedia/Binaries/Win64/UE4Editor-AvfMediaFactory.dll (API version 3709383).
LogModuleManager: Display: Found up-to-date module file ../../../Engine/Plugins/Media/ImgMedia/Binaries/Win64/UE4Editor-ImgMedia.dll (API version 3709383).
LogModuleManager: Display: Found up-to-date module file ../../../Engine/Plugins/Media/ImgMedia/Binaries/Win64/UE4Editor-ImgMediaEditor.dll (API version 3709383).
LogModuleManager: Display: Found up-to-date module file ../../../Engine/Plugins/Media/ImgMedia/Binaries/Win64/UE4Editor-ImgMediaFactory.dll (API version 3709383).
LogModuleManager: Display: Found up-to-date module file ../../../Engine/Plugins/Media/ImgMedia/Binaries/Win64/UE4Editor-ImgMediaFactory.dll (API version 3709383).
LogModuleManager: Display: Found up-to-date module file ../../../Engine/Plugins/Media/ImgMedia/Binaries/Win64/UE4Editor-OpenExrWrapper.dll (API version 3709383).
LogModuleManager: Display: Found up-to-date module file ../../../Engine/Plugins/Media/MediaCompositing/Binaries/Win64/UE4Editor-MediaCompositing.dll (API version 3709383).
LogModuleManager: Display: Found up-to-date module file ../../../Engine/Plugins/Media/MediaCompositing/Binaries/Win64/UE4Editor-MediaCompositingEditor.dll (API version 3709383).
LogModuleManager: Display: Found up-to-date module file ../../../Engine/Plugins/Media/MediaPlayerEditor/Binaries/Win64/UE4Editor-MediaPlayerEditor.dll (API version 3709383).
LogModuleManager: Display: Found up-to-date module file ../../../Engine/Plugins/Media/WmfMedia/Binaries/Win64/UE4Editor-WmfMedia.dll (API version 3709383).
LogModuleManager: Display: Found up-to-date module file ../../../Engine/Plugins/Media/WmfMedia/Binaries/Win64/UE4Editor-WmfMediaEditor.dll (API version 3709383).
LogModuleManager: Display: Found up-to-date module file ../../../Engine/Plugins/Media/WmfMedia/Binaries/Win64/UE4Editor-WmfMediaFactory.dll (API version 3709383).
LogModuleManager: Display: Found up-to-date module file ../../../Engine/Plugins/Media/WmfMedia/Binaries/Win64/UE4Editor-WmfMediaFactory.dll (API version 3709383).
LogModuleManager: Display: Found up-to-date module file ../../../Engine/Plugins/Messaging/TcpMessaging/Binaries/Win64/UE4Editor-TcpMessaging.dll (API version 3709383).
LogModuleManager: Display: Found up-to-date module file ../../../Engine/Plugins/Messaging/UdpMessaging/Binaries/Win64/UE4Editor-UdpMessaging.dll (API version 3709383).
LogModuleManager: Display: Found up-to-date module file ../../../Engine/Plugins/MovieScene/ActorSequence/Binaries/Win64/UE4Editor-ActorSequence.dll (API version 3709383).
LogModuleManager: Display: Found up-to-date module file ../../../Engine/Plugins/MovieScene/LevelSequenceEditor/Binaries/Win64/UE4Editor-LevelSequenceEditor.dll (API version 3709383).
LogModuleManager: Display: Found up-to-date module file ../../../Engine/Plugins/MovieScene/MatineeToLevelSequence/Binaries/Win64/UE4Editor-MatineeToLevelSequence.dll (API version 3709383).
LogModuleManager: Display: Found up-to-date module file ../../../Engine/Plugins/Online/OnlineSubsystem/Binaries/Win64/UE4Editor-OnlineSubsystem.dll (API version 3709383).
LogModuleManager: Display: Found up-to-date module file ../../../Engine/Plugins/Runtime/AndroidPermission/Binaries/Win64/UE4Editor-AndroidPermission.dll (API version 3709383).
LogModuleManager: Display: Found up-to-date module file ../../../Engine/Plugins/Online/OnlineSubsystemNull/Binaries/Win64/UE4Editor-OnlineSubsystemNull.dll (API version 3709383).
LogModuleManager: Display: Found up-to-date module file ../../../Engine/Plugins/Online/OnlineSubsystemUtils/Binaries/Win64/UE4Editor-OnlineSubsystemUtils.dll (API version 3709383).
LogModuleManager: Display: Found up-to-date module file ../../../Engine/Plugins/Online/OnlineSubsystemUtils/Binaries/Win64/UE4Editor-OnlineBlueprintSupport.dll (API version 3709383).
LogModuleManager: Display: Found up-to-date module file ../../../Engine/Plugins/Runtime/AndroidDeviceProfileSelector/Binaries/Win64/UE4Editor-AndroidDeviceProfileSelector.dll (API version 3709383).
LogModuleManager: Display: Found up-to-date module file ../../../Engine/Plugins/Runtime/AppleARKit/Binaries/Win64/UE4Editor-AppleARKit.dll (API version 3709383).
LogModuleManager: Display: Found up-to-date module file ../../../Engine/Plugins/Runtime/ArchVisCharacter/Binaries/Win64/UE4Editor-ArchVisCharacter.dll (API version 3709383).
LogModuleManager: Display: Found up-to-date module file ../../../Engine/Plugins/Runtime/CableComponent/Binaries/Win64/UE4Editor-CableComponent.dll (API version 3709383).
LogModuleManager: Display: Found up-to-date module file ../../../Engine/Plugins/Runtime/CustomMeshComponent/Binaries/Win64/UE4Editor-CustomMeshComponent.dll (API version 3709383).
LogModuleManager: Display: Found up-to-date module file ../../../Engine/Plugins/Runtime/ExampleDeviceProfileSelector/Binaries/Win64/UE4Editor-ExampleDeviceProfileSelector.dll (API version 3709383).
LogModuleManager: Display: Found up-to-date module file ../../../Engine/Plugins/Runtime/ImmediatePhysics/Binaries/Win64/UE4Editor-ImmediatePhysics.dll (API version 3709383).
LogModuleManager: Display: Found up-to-date module file ../../../Engine/Plugins/Runtime/ImmediatePhysics/Binaries/Win64/UE4Editor-ImmediatePhysicsEditor.dll (API version 3709383).
LogModuleManager: Display: Found up-to-date module file ../../../Engine/Plugins/Runtime/LocationServicesBPLibrary/Binaries/Win64/UE4Editor-LocationServicesBPLibrary.dll (API version 3709383).
LogModuleManager: Display: Found up-to-date module file ../../../Engine/Plugins/Runtime/MobilePatchingUtils/Binaries/Win64/UE4Editor-MobilePatchingUtils.dll (API version 3709383).
LogModuleManager: Display: Found up-to-date module file ../../../Engine/Plugins/Runtime/Oculus/OculusVR/Binaries/Win64/UE4Editor-OculusHMD.dll (API version 3709383).
LogModuleManager: Display: Found up-to-date module file ../../../Engine/Plugins/Runtime/Oculus/OculusVR/Binaries/Win64/UE4Editor-OculusInput.dll (API version 3709383).
LogModuleManager: Display: Found up-to-date module file ../../../Engine/Plugins/Runtime/Oculus/OculusVR/Binaries/Win64/UE4Editor-OculusEditor.dll (API version 3709383).
LogModuleManager: Display: Found up-to-date module file ../../../Engine/Plugins/Runtime/PhysXVehicles/Binaries/Win64/UE4Editor-PhysXVehicles.dll (API version 3709383).
LogModuleManager: Display: Found up-to-date module file ../../../Engine/Plugins/Runtime/PhysXVehicles/Binaries/Win64/UE4Editor-PhysXVehiclesEditor.dll (API version 3709383).
LogModuleManager: Display: Found up-to-date module file ../../../Engine/Plugins/Runtime/ProceduralMeshComponent/Binaries/Win64/UE4Editor-ProceduralMeshComponent.dll (API version 3709383).
LogModuleManager: Display: Found up-to-date module file ../../../Engine/Plugins/Runtime/ProceduralMeshComponent/Binaries/Win64/UE4Editor-ProceduralMeshComponentEditor.dll (API version 3709383).
LogModuleManager: Display: Found up-to-date module file ../../../Engine/Plugins/Runtime/RuntimePhysXCooking/Binaries/Win64/UE4Editor-RuntimePhysXCooking.dll (API version 3709383).
LogModuleManager: Display: Found up-to-date module file ../../../Engine/Plugins/Runtime/Steam/SteamVR/Binaries/Win64/UE4Editor-SteamVR.dll (API version 3709383).
LogModuleManager: Display: Found up-to-date module file ../../../Engine/Plugins/Runtime/Steam/SteamVR/Binaries/Win64/UE4Editor-SteamVRController.dll (API version 3709383).
LogModuleManager: Display: Found up-to-date module file ../../../Engine/Plugins/Runtime/WindowsMoviePlayer/Binaries/Win64/UE4Editor-WindowsMoviePlayer.dll (API version 3709383).
LogPluginManager: Mounting plugin Paper2D
LogPluginManager: Mounting plugin LightPropagationVolume
LogPluginManager: Mounting plugin CodeLiteSourceCodeAccess
LogPluginManager: Mounting plugin GitSourceControl
LogPluginManager: Mounting plugin KDevelopSourceCodeAccess
LogPluginManager: Mounting plugin NullSourceCodeAccess
LogPluginManager: Mounting plugin PerforceSourceControl
LogPluginManager: Mounting plugin SubversionSourceControl
LogPluginManager: Mounting plugin UObjectPlugin
LogPluginManager: Mounting plugin VisualStudioCodeSourceCodeAccess
LogPluginManager: Mounting plugin VisualStudioSourceCodeAccess
LogPluginManager: Mounting plugin XCodeSourceCodeAccess
LogPluginManager: Mounting plugin AssetManagerEditor
LogPluginManager: Mounting plugin AudioCapture
LogPluginManager: Mounting plugin FacialAnimation
LogPluginManager: Mounting plugin GameplayTagsEditor
LogPluginManager: Mounting plugin MobileLauncherProfileWizard
LogPluginManager: Mounting plugin PluginBrowser
LogPluginManager: Mounting plugin SpeedTreeImporter
LogPluginManager: Mounting plugin AlembicImporter
LogPluginManager: Mounting plugin CharacterAI
LogPluginManager: Mounting plugin HTML5Networking
LogPluginManager: Mounting plugin AndroidMedia
LogPluginManager: Mounting plugin AvfMedia
LogPluginManager: Mounting plugin ImgMedia
LogPluginManager: Mounting plugin MediaCompositing
LogPluginManager: Mounting plugin MediaPlayerEditor
LogPluginManager: Mounting plugin WmfMedia
LogPluginManager: Mounting plugin TcpMessaging
LogPluginManager: Mounting plugin UdpMessaging
LogPluginManager: Mounting plugin ActorSequence
LogPluginManager: Mounting plugin LevelSequenceEditor
LogPluginManager: Mounting plugin MatineeToLevelSequence
LogPluginManager: Mounting plugin OnlineSubsystemGooglePlay
LogPluginManager: Mounting plugin OnlineSubsystemIOS
LogPluginManager: Mounting plugin OnlineSubsystem
LogPluginManager: Mounting plugin OnlineSubsystemNull
LogPluginManager: Mounting plugin OnlineSubsystemUtils
LogPluginManager: Mounting plugin AndroidDeviceProfileSelector
LogPluginManager: Mounting plugin AndroidMoviePlayer
LogPluginManager: Mounting plugin AndroidPermission
LogPluginManager: Mounting plugin AppleARKit
LogPluginManager: Mounting plugin AppleMoviePlayer
LogPluginManager: Mounting plugin ArchVisCharacter
LogPluginManager: Mounting plugin CableComponent
LogPluginManager: Mounting plugin CustomMeshComponent
LogPluginManager: Mounting plugin ExampleDeviceProfileSelector
LogPluginManager: Mounting plugin GoogleCloudMessaging
LogPluginManager: Mounting plugin ImmediatePhysics
LogPluginManager: Mounting plugin IOSDeviceProfileSelector
LogPluginManager: Mounting plugin LinuxDeviceProfileSelector
LogPluginManager: Mounting plugin LocationServicesBPLibrary
LogPluginManager: Mounting plugin MobilePatchingUtils
LogPluginManager: Mounting plugin OculusVR
LogPluginManager: Plugin shader directory ../../../Engine/Plugins/Runtime/Oculus/OculusVR/Shaders found
LogPluginManager: Mapping shader source directory ../../../Engine/Plugins/Runtime/Oculus/OculusVR/Shaders to virtual directory /Plugin/OculusVR
LogPluginManager: Mounting plugin PhysXVehicles
LogPluginManager: Mounting plugin ProceduralMeshComponent
LogPluginManager: Mounting plugin RuntimePhysXCooking
LogPluginManager: Mounting plugin SteamVR
LogPluginManager: Mounting plugin WindowsMoviePlayer
LogInit: Using libcurl 7.47.1
LogInit:  - built for x86_64-pc-win32
LogInit:  - supports SSL with OpenSSL/1.0.2g
LogInit:  - supports HTTP deflate (compression) using libz 1.2.8
LogInit:  - other features:
LogInit:      CURL_VERSION_SSL
LogInit:      CURL_VERSION_LIBZ
LogInit:      CURL_VERSION_IPV6
LogInit:      CURL_VERSION_ASYNCHDNS
LogInit:      CURL_VERSION_LARGEFILE
LogInit:      CURL_VERSION_IDN
LogInit:  CurlRequestOptions (configurable via config and command line):
LogInit:  - bVerifyPeer = false  - Libcurl will NOT verify peer certificate
LogInit:  - bUseHttpProxy = false  - Libcurl will NOT use HTTP proxy
LogInit:  - bDontReuseConnections = false  - Libcurl will reuse connections
LogInit:  - CertBundlePath = nullptr  - Libcurl will use whatever was configured at build time.
LogInit: Build: ++UE4+Release-4.18-CL-3832480
LogInit: Engine Version: 4.18.3-3832480+++UE4+Release-4.18
LogInit: Compatible Engine Version: 4.18.0-3709383+++UE4+Release-4.18
LogInit: Net CL: 3709383
LogDevObjectVersion: Number of dev versions registered: 16
LogDevObjectVersion:   Dev-Blueprints (B0D832E4-1F89-4F0D-ACCF-7EB736FD4AA2): 10
LogDevObjectVersion:   Dev-Build (E1C64328-A22C-4D53-A36C-8E866417BD8C): 0
LogDevObjectVersion:   Dev-Core (375EC13C-06E4-48FB-B500-84F0262A717E): 2
LogDevObjectVersion:   Dev-Editor (E4B068ED-F494-42E9-A231-DA0B2E46BB41): 20
LogDevObjectVersion:   Dev-Framework (CFFC743F-43B0-4480-9391-14DF171D2073): 30
LogDevObjectVersion:   Dev-Mobile (B02B49B5-BB20-44E9-A304-32B752E40360): 0
LogDevObjectVersion:   Dev-Networking (A4E4105C-59A1-49B5-A7C5-40C4547EDFEE): 0
LogDevObjectVersion:   Dev-Online (39C831C9-5AE6-47DC-9A44-9C173E1C8E7C): 0
LogDevObjectVersion:   Dev-Physics (78F01B33-EBEA-4F98-B9B4-84EACCB95AA2): 0
LogDevObjectVersion:   Dev-Platform (6631380F-2D4D-43E0-8009-CF276956A95A): 0
LogDevObjectVersion:   Dev-Rendering (12F88B9F-8875-4AFC-A67C-D90C383ABD29): 20
LogDevObjectVersion:   Dev-Sequencer (7B5AE74C-D270-4C10-A958-57980B212A5A): 4
LogDevObjectVersion:   Dev-VR (D7296918-1DD6-4BDD-9DE2-64A83CC13884): 0
LogDevObjectVersion:   Dev-LoadTimes (C2A15278-BFE7-4AFE-6C17-90FF531DF755): 1
LogDevObjectVersion:   Private-Geometry (6EACA3D4-40EC-4CC1-B786-8BED09428FC5): 1
LogDevObjectVersion:   Dev-AnimPhys (29E575DD-E0A3-4627-9D10-D276232CDCEA): 12
LogInit: Compiled (64-bit): Jan 12 2018 02:04:55
LogInit: Compiled with Visual C++: 19.00.24215.01
LogInit: Build Configuration: Development
LogInit: Branch Name: ++UE4+Release-4.18
LogInit: Command line:  
LogInit: Base directory: E:/GameDev/Unreal/Engine/UE_4.18/Engine/Binaries/Win64/
LogInit: Installed Engine Build: 1
LogInit: Presizing for max 8388607 objects, including 0 objects not considered by GC, pre-allocating 0 bytes for permanent pool.
LogInit: Object subsystem initialized
[2020.08.02-04.33.44:030][  0]LogInit: Selected Device Profile: [Windows]
[2020.08.02-04.33.44:030][  0]LogInit: Applying CVar settings loaded from the selected device profile: [Windows]
[2020.08.02-04.33.44:127][  0]LogInit: Computer: ISHRAQ-PC
[2020.08.02-04.33.44:127][  0]LogInit: User: farha
[2020.08.02-04.33.44:127][  0]LogInit: CPU Page size=4096, Cores=2
[2020.08.02-04.33.44:127][  0]LogInit: High frequency timer resolution =10.000000 MHz
[2020.08.02-04.33.44:128][  0]LogMemory: Memory total: Physical=3.9GB (4GB approx)
[2020.08.02-04.33.44:128][  0]LogMemory: Platform Memory Stats for Windows
[2020.08.02-04.33.44:128][  0]LogMemory: Process Physical Memory: 272.78 MB used, 272.79 MB peak
[2020.08.02-04.33.44:128][  0]LogMemory: Process Virtual Memory: 273.43 MB used, 273.43 MB peak
[2020.08.02-04.33.44:128][  0]LogMemory: Physical Memory: 3102.51 MB used,  874.50 MB free, 3977.01 MB total
[2020.08.02-04.33.44:128][  0]LogMemory: Virtual Memory: 4763.68 MB used,  874.50 MB free, 134217728.00 MB total
[2020.08.02-04.33.45:496][  0]LogInit: Using OS detected language (en-US).
[2020.08.02-04.33.45:496][  0]LogInit: Using OS detected locale (en-US).
[2020.08.02-04.33.45:706][  0]LogTextLocalizationManager: No specific localization for 'en-US' exists, so the 'en' localization will be used.
[2020.08.02-04.33.46:980][  0]LogInit: Setting process to per monitor DPI aware
[2020.08.02-04.33.53:422][  0]LogD3D11RHI: D3D11 adapters:
[2020.08.02-04.33.53:434][  0]LogD3D11RHI:    0. 'Intel(R) HD Graphics 3000' (Feature Level 10_0)
[2020.08.02-04.33.53:434][  0]LogD3D11RHI:       32/0/1632 MB DedicatedVideo/DedicatedSystem/SharedSystem, Outputs:1, VendorId:0x8086
[2020.08.02-04.33.53:465][  0]LogD3D11RHI:    1. 'Microsoft Basic Render Driver' (Feature Level 11_0)
[2020.08.02-04.33.53:465][  0]LogD3D11RHI:       0/0/1988 MB DedicatedVideo/DedicatedSystem/SharedSystem, Outputs:0, VendorId:0x1414
[2020.08.02-04.33.53:465][  0]LogD3D11RHI: Chosen D3D11 Adapter: 0
[2020.08.02-04.33.53:476][  0]LogD3D11RHI: Creating new Direct3DDevice
[2020.08.02-04.33.53:476][  0]LogD3D11RHI:     GPU DeviceId: 0x126 (for the marketing name, search the web for "GPU Device Id")
[2020.08.02-04.33.53:476][  0]LogWindows: EnumDisplayDevices:
[2020.08.02-04.33.53:477][  0]LogWindows:    0. 'Intel(R) HD Graphics 3000' (P:1 D:1)
[2020.08.02-04.33.53:477][  0]LogWindows:    1. 'Intel(R) HD Graphics 3000' (P:0 D:0)
[2020.08.02-04.33.53:477][  0]LogWindows: DebugString: GetVideoDriverDetailsInvalid PrimaryIsNotTheChoosenAdapter GetVideoDriverDetailsInvalid PrimaryIsNotTheChoosenAdapter FoundDriverCount:0 
[2020.08.02-04.33.53:477][  0]LogD3D11RHI:     Adapter Name: Intel(R) HD Graphics 3000
[2020.08.02-04.33.53:477][  0]LogD3D11RHI:   Driver Version: Unknown (internal:Unknown, unified:Unknown)
[2020.08.02-04.33.53:477][  0]LogD3D11RHI:      Driver Date: Unknown
[2020.08.02-04.33.53:477][  0]LogRHI: Texture pool is 593 MB (70% of 848 MB)
[2020.08.02-04.33.53:482][  0]LogD3D11RHI: Async texture creation enabled
[2020.08.02-04.33.53:613][  0]LogD3D11RHI: GPU Timing Frequency: 12.500000 (Debug: 2 1)
[2020.08.02-04.33.53:679][  0]LogShaderCompilers: Guid format shader working directory is -4 characters bigger than the processId version (../../../../../GITHUB/vigilance_4.18/Vigilance418/Intermediate/Shaders/WorkingDirectory/10392/).
[2020.08.02-04.33.53:679][  0]LogShaderCompilers: Cleaned the shader compiler working directory 'C:/Users/farha/AppData/Local/Temp/UnrealShaderWorkingDir/A1CA8A684C1FFF1FAA5D4B821367C8F5/'.
[2020.08.02-04.33.53:685][  0]LogShaderCompilers: Display: Using Local Shader Compiler.
[2020.08.02-04.34.02:665][  0]LogTemp: Display: Loaded TP AllDesktopTargetPlatform
[2020.08.02-04.34.02:744][  0]LogTemp: Display: Loaded TP MacClientTargetPlatform
[2020.08.02-04.34.02:820][  0]LogTemp: Display: Loaded TP MacNoEditorTargetPlatform
[2020.08.02-04.34.02:895][  0]LogTemp: Display: Loaded TP MacServerTargetPlatform
[2020.08.02-04.34.03:008][  0]LogTemp: Display: Loaded TP MacTargetPlatform
[2020.08.02-04.34.03:082][  0]LogTemp: Display: Loaded TP WindowsClientTargetPlatform
[2020.08.02-04.34.03:157][  0]LogTemp: Display: Loaded TP WindowsNoEditorTargetPlatform
[2020.08.02-04.34.03:230][  0]LogTemp: Display: Loaded TP WindowsServerTargetPlatform
[2020.08.02-04.34.03:305][  0]LogTemp: Display: Loaded TP WindowsTargetPlatform
[2020.08.02-04.34.03:374][  0]LogTemp: Display: Loaded TP Android_ASTCTargetPlatform
[2020.08.02-04.34.03:447][  0]LogTemp: Display: Loaded TP Android_ATCTargetPlatform
[2020.08.02-04.34.03:514][  0]LogTemp: Display: Loaded TP Android_DXTTargetPlatform
[2020.08.02-04.34.03:584][  0]LogTemp: Display: Loaded TP Android_ETC1TargetPlatform
[2020.08.02-04.34.03:663][  0]LogTemp: Display: Loaded TP Android_ETC2TargetPlatform
[2020.08.02-04.34.03:850][  0]LogTemp: Display: Loaded TP Android_MultiTargetPlatform
[2020.08.02-04.34.03:851][  0]LogTemp: Display: Loaded TP Android_PVRTCTargetPlatform
[2020.08.02-04.34.03:941][  0]LogTemp: Display: Loaded TP AndroidTargetPlatform
[2020.08.02-04.34.04:002][  0]LogTemp: Display: Loaded TP HTML5TargetPlatform
[2020.08.02-04.34.04:280][  0]LogTemp: Display: Loaded TP IOSTargetPlatform
[2020.08.02-04.34.04:319][  0]LogTemp: Display: Loaded TP TVOSTargetPlatform
[2020.08.02-04.34.04:389][  0]LogTemp: Display: Loaded TP LinuxClientTargetPlatform
[2020.08.02-04.34.04:457][  0]LogTemp: Display: Loaded TP LinuxNoEditorTargetPlatform
[2020.08.02-04.34.04:524][  0]LogTemp: Display: Loaded TP LinuxServerTargetPlatform
[2020.08.02-04.34.04:600][  0]LogTemp: Display: Loaded TP LinuxTargetPlatform
[2020.08.02-04.34.04:600][  0]LogTargetPlatformManager: Display: Building Assets For Windows
[2020.08.02-04.34.07:580][  0]LogDerivedDataCache: Display: Max Cache Size: 512 MB
[2020.08.02-04.34.08:614][  0]LogDerivedDataCache: Loaded boot cache 1.03s 75MB C:/Users/farha/AppData/Local/UnrealEngine/4.18/DerivedDataCache/Boot.ddc.
[2020.08.02-04.34.08:615][  0]LogDerivedDataCache: Display: Loaded Boot cache: C:/Users/farha/AppData/Local/UnrealEngine/4.18/DerivedDataCache/Boot.ddc
[2020.08.02-04.34.08:615][  0]LogDerivedDataCache: FDerivedDataBackendGraph:  Pak pak cache file ../../../../../GITHUB/vigilance_4.18/Vigilance418/DerivedDataCache/DDC.ddp not found, will not use a pak cache.
[2020.08.02-04.34.08:615][  0]LogDerivedDataCache: Unable to find inner node Pak for hierarchical cache Hierarchy.
[2020.08.02-04.34.08:615][  0]LogDerivedDataCache: FDerivedDataBackendGraph:  CompressedPak pak cache file ../../../../../GITHUB/vigilance_4.18/Vigilance418/DerivedDataCache/Compressed.ddp not found, will not use a pak cache.
[2020.08.02-04.34.08:615][  0]LogDerivedDataCache: Unable to find inner node CompressedPak for hierarchical cache Hierarchy.
[2020.08.02-04.34.08:788][  0]LogDerivedDataCache: Display: Pak cache opened for reading ../../../Engine/DerivedDataCache/Compressed.ddp.
[2020.08.02-04.34.08:801][  0]LogDerivedDataCache: Using Local data cache path C:/Users/farha/AppData/Local/UnrealEngine/Common/DerivedDataCache: Writable
[2020.08.02-04.34.08:851][  0]LogMaterial: Verifying Global Shaders for PCD3D_SM4
[2020.08.02-04.34.08:879][  0]LogSlate: Using Freetype 2.6.0
[2020.08.02-04.34.08:965][  0]LogSlate: SlateFontCache - WITH_FREETYPE: 1, WITH_HARFBUZZ: 1
[2020.08.02-04.34.08:965][  0]LogSlate: SlateFontCache - WITH_FREETYPE: 1, WITH_HARFBUZZ: 1
[2020.08.02-04.34.32:909][  0]LogInit: Selected Device Profile: [Windows]
[2020.08.02-04.34.35:739][  0]LogSimplygon: Simplygon DLL not present - disabling.
[2020.08.02-04.34.35:935][  0]LogMeshReduction: Using SimplygonSwarm for distributed automatic mesh merging
[2020.08.02-04.34.35:946][  0]LogMeshReduction: Using QuadricMeshReduction for automatic static mesh reduction
[2020.08.02-04.34.35:946][  0]LogMeshReduction: No automatic skeletal mesh reduction module available
[2020.08.02-04.34.35:946][  0]LogMeshReduction: No automatic mesh merging module available
[2020.08.02-04.34.35:946][  0]LogMeshMerging: No automatic mesh merging module available
[2020.08.02-04.34.36:313][  0]LogNetVersion: Vigilance418 , NetCL: 3709383, EngineNetVer: 2, GameNetVer: 0 (Checksum: 63410103)
[2020.08.02-04.34.38:006][  0]LogAssetRegistry: FAssetRegistry took 0.0286 seconds to start up
[2020.08.02-04.34.47:357][  0]LogPackageLocalizationCache: Processed 7 localized package path(s) for 2 prioritized culture(s) in 0.224539 seconds
[2020.08.02-04.34.47:365][  0]LogUObjectArray: 35870 objects as part of root set at end of initial load.
[2020.08.02-04.34.47:365][  0]LogUObjectAllocator: 7363704 out of 0 bytes used by permanent object pool.
[2020.08.02-04.34.47:365][  0]LogUObjectArray: CloseDisregardForGC: 0/0 objects in disregard for GC pool
[2020.08.02-04.34.47:506][  0]LogInit: WinSock: version 1.1 (2.2), MaxSocks=32767, MaxUdp=65467
[2020.08.02-04.35.06:154][  0]LogTcpMessaging: Initializing TcpMessaging bridge
[2020.08.02-04.35.06:229][  0]LogUdpMessaging: Initializing bridge on interface 0.0.0.0:0 to multicast group 230.0.0.1:6666.
[2020.08.02-04.35.09:044][  0]LogMaterial: Uniform references updated for custom material expression Custom.
[2020.08.02-04.35.10:753][  0]SourceControl: Source control is disabled
[2020.08.02-04.35.10:755][  0]SourceControl: Source control is disabled
[2020.08.02-04.35.10:940][  0]SourceControl: Source control is disabled
[2020.08.02-04.35.11:105][  0]SourceControl: Source control is disabled
[2020.08.02-04.35.13:506][  0]LogAndroidPermission: UAndroidPermissionCallbackProxy::GetInstance
[2020.08.02-04.35.14:045][  0]LogOcInput: OculusInput pre-init called
[2020.08.02-04.35.15:583][  0]LogEngine: Initializing Engine...
[2020.08.02-04.35.15:690][  0]LogHMD: Failed to initialize OpenVR with code 110
[2020.08.02-04.35.17:596][  0]LogStats: UGameplayTagsManager::ConstructGameplayTagTree: Construct from data asset -  0.000 s
[2020.08.02-04.35.17:602][  0]LogStats: UGameplayTagsManager::ConstructGameplayTagTree: GameplayTagTreeChangedEvent.Broadcast -  0.001 s
[2020.08.02-04.35.18:643][  0]LogAIModule: Creating AISystem for world Untitled
[2020.08.02-04.35.19:075][  0]LogInit: XAudio2 using 'Speakers (2- High Definition Audio Device)' : 2 channels at 48 kHz using 16 bits per sample (channel mask 0x3)
[2020.08.02-04.35.19:243][  0]LogInit: FAudioDevice initialized.
[2020.08.02-04.35.19:555][  0]LogDerivedDataCache: Saved boot cache 0.28s 75MB C:/Users/farha/AppData/Local/UnrealEngine/4.18/DerivedDataCache/Boot.ddc.
[2020.08.02-04.35.19:777][  0]LogInit: Texture streaming: Enabled
[2020.08.02-04.35.21:073][  0]LogEngineSessionManager: EngineSessionManager initialized
[2020.08.02-04.35.21:814][  0]LogInit: Transaction tracking system initialized
[2020.08.02-04.35.22:823][  0]BlueprintLog: New page: Editor Load
[2020.08.02-04.35.27:049][  0]LocalizationService: Localization service is disabled
[2020.08.02-04.35.31:891][  0]LogConsoleResponse: Display: 
[2020.08.02-04.35.37:557][  0]LogCook: Display: Max memory allowance for cook 16384mb min free memory 0mb
[2020.08.02-04.35.37:559][  0]LogCook: Display: Mobile HDR setting 1
[2020.08.02-04.35.37:570][  0]LogGameplayTags: Display: UGameplayTagsManager::DoneAddingNativeTags. DelegateIsBound: 0
[2020.08.02-04.35.38:799][  0]LogFileCache: Scanning file cache for directory 'E:/GameDev/Unreal/GITHUB/vigilance_4.18/Vigilance418/Content/' took 0.70s
[2020.08.02-04.35.42:267][  0]SourceControl: Source control is disabled
[2020.08.02-04.35.42:359][  0]Cmd: MAP LOAD FILE="../../../../../GITHUB/vigilance_4.18/Vigilance418/Content/ThirdPerson/ThirdPersonBP/Maps/ThirdPersonExampleMap.umap" TEMPLATE=0 SHOWPROGRESS=1 FEATURELEVEL=2
[2020.08.02-04.35.42:424][  0]LightingResults: New page: Lighting Build
[2020.08.02-04.35.42:716][  0]MapCheck: New page: Map Check
[2020.08.02-04.35.42:716][  0]LightingResults: New page: Lighting Build
[2020.08.02-04.35.51:381][  0]LogProperty: Error: UStructProperty::Serialize Loading: Property 'StructProperty /Game/Blueprints/AI_Blueprint/MeleeAIComponenet_BP.MeleeAIComponenet_BP_C:FightMoves'. Unknown structure.
[2020.08.02-04.35.51:394][  0]LogClass: Warning: Property FightMoves of FightMoves has a struct type mismatch (tag STRUCT_REINST_S_FightingMoveSet_01_6 != prop FallbackStruct) in package:  ../../../../../GITHUB/vigilance_4.18/Vigilance418/Content/Blueprints/AI_Blueprint/MeleeAIComponenet_BP.uasset. If that struct got renamed, add an entry to ActiveStructRedirects.
[2020.08.02-04.35.55:939][  0]LogClass: Warning: Property FightMoves of FightMoves has a struct type mismatch (tag FallbackStruct != prop S_FightingMoveSet_01) in package:  FObjectReader. If that struct got renamed, add an entry to ActiveStructRedirects.
[2020.08.02-04.36.09:800][  0]LogAIModule: Creating AISystem for world ThirdPersonExampleMap
[2020.08.02-04.36.12:087][  0]LogEditorServer: Finished looking for orphan Actors (0.000 secs)
[2020.08.02-04.36.12:667][  0]Cmd: MAP CHECKDEP NOCLEARLOG
[2020.08.02-04.36.12:856][  0]MapCheck: Map check complete: 0 Error(s), 0 Warning(s), took 179.402ms to complete.
[2020.08.02-04.36.12:856][  0]LogFileHelpers: Loading map 'ThirdPersonExampleMap' took 30.528
[2020.08.02-04.36.18:381][  0]LogCollectionManager: Loaded 0 collections in 0.001969 seconds
[2020.08.02-04.36.18:720][  0]LogFileCache: Scanning file cache for directory 'E:/GameDev/Unreal/GITHUB/vigilance_4.18/Vigilance418/Saved/Collections/' took 0.01s
[2020.08.02-04.36.18:720][  0]LogFileCache: Scanning file cache for directory 'E:/GameDev/Unreal/GITHUB/vigilance_4.18/Vigilance418/Content/Developers/farha/Collections/' took 0.01s
[2020.08.02-04.36.18:720][  0]LogFileCache: Scanning file cache for directory 'E:/GameDev/Unreal/GITHUB/vigilance_4.18/Vigilance418/Content/Collections/' took 0.01s
[2020.08.02-04.36.18:720][  0]LogCollectionManager: Rebuilt the GUID cache for 0 collections in 0.000001 seconds
[2020.08.02-04.36.18:751][  0]LogContentBrowser: Native class hierarchy populated in 0.0141 seconds. Added 2364 classes and 521 folders.
[2020.08.02-04.36.19:169][  0]LogContentBrowser: Native class hierarchy updated for 'WidgetCarousel' in 0.0004 seconds. Added 0 classes and 0 folders.
[2020.08.02-04.36.21:430][  0]LogContentBrowser: Native class hierarchy updated for 'AddContentDialog' in 0.0003 seconds. Added 0 classes and 0 folders.
[2020.08.02-04.36.22:091][  0]LogSlate: Took 0.177793 seconds to synchronously load lazily loaded font '../../../Engine/Content/Slate/Fonts/Roboto-Regular.ttf' (155K)
[2020.08.02-04.36.22:256][  0]LogSlate: Took 0.028118 seconds to synchronously load lazily loaded font '../../../Engine/Content/Slate/Fonts/Roboto-Bold.ttf' (160K)
[2020.08.02-04.36.23:354][  0]LogRenderer: Reallocating scene render targets to support 1016x656 Format 9 NumSamples 1 (Frame:1).
[2020.08.02-04.36.31:671][  0]LogContentBrowser: Native class hierarchy updated for 'HierarchicalLODOutliner' in 0.0006 seconds. Added 1 classes and 2 folders.
[2020.08.02-04.36.31:671][  0]LogLoad: (Engine Initialization) Total time: 186.19 seconds
[2020.08.02-04.36.31:671][  0]LogLoad: (Engine Initialization) Total Blueprint compile time: 0.00 seconds
[2020.08.02-04.36.31:695][  0]LogExternalProfiler: No external profilers were discovered.  External profiling features will not be available.
[2020.08.02-04.36.32:910][  0]LogContentStreaming: Texture pool size now 800 MB
[2020.08.02-04.36.35:650][  2]LogSlate: Took 0.025540 seconds to synchronously load lazily loaded font '../../../Engine/Content/Slate/Fonts/Roboto-Light.ttf' (159K)
[2020.08.02-04.36.36:942][  6]LogAssetRegistry: Asset discovery search completed in 118.9590 seconds
[2020.08.02-04.36.36:959][  6]LogCollectionManager: Rebuilt the object cache for 0 collections in 0.000000 seconds (found 0 objects)
[2020.08.02-04.36.36:961][  6]LogCollectionManager: Fixed up redirectors for 0 collections in 0.004944 seconds (updated 0 objects)
[2020.08.02-04.41.31:051][ 84]LogSlate: Took 0.086654 seconds to synchronously load lazily loaded font '../../../Engine/Content/Editor/Slate/Fonts/FontAwesome.ttf' (139K)
[2020.08.02-04.41.53:377][889]LogScript: Warning: Accessed None trying to read property Player Ref
	Player_AnimBP_C /Engine/Transient.World_2:PersistentLevel.SkeletalMeshActor_0.SkeletalMeshComponent0.Player_AnimBP_C_1
	Function /Game/Blueprints/PlayerBlueprint/Player_AnimBP.Player_AnimBP_C:ExecuteUbergraph_Player_AnimBP:06DE
[2020.08.02-04.42.00:077][ 48]LogSlate: Took 0.595643 seconds to synchronously load lazily loaded font '../../../Engine/Content/Slate/Fonts/Roboto-Light.ttf' (159K)
[2020.08.02-04.42.00:307][ 48]LogSlate: Took 0.042471 seconds to synchronously load lazily loaded font '../../../Engine/Content/Slate/Fonts/Roboto-Regular.ttf' (155K)
[2020.08.02-04.42.04:134][ 48]LogContentBrowser: Native class hierarchy updated for 'BlueprintGraph' in 0.0073 seconds. Added 116 classes and 0 folders.
[2020.08.02-04.42.11:169][ 48]LogSlate: Took 0.063221 seconds to synchronously load lazily loaded font '../../../Engine/Content/Editor/Slate/Fonts/Roboto-BoldCondensed.ttf' (158K)
[2020.08.02-04.42.13:336][ 49]LogSlate: Took 0.022294 seconds to synchronously load lazily loaded font '../../../Engine/Content/Editor/Slate/Fonts/Roboto-Italic.ttf' (157K)
[2020.08.02-04.43.42:838][165]BlueprintLog: New page: Compile Fight_AI
[2020.08.02-04.43.46:108][185]Cmd: OBJ SAVEPACKAGE PACKAGE="/Game/Blueprints/AI_Blueprint/Fight_AI" FILE="../../../../../GITHUB/vigilance_4.18/Vigilance418/Content/Blueprints/AI_Blueprint/Fight_AI.uasset" SILENT=true
[2020.08.02-04.43.46:718][185]LogSavePackage: Save=412.86ms
[2020.08.02-04.43.46:718][185]LogSavePackage: Moving '../../../../../GITHUB/vigilance_4.18/Vigilance418/Saved/Fight_AI85B42CE640E3C2406C7ADBB75F5B97CA.tmp' to '../../../../../GITHUB/vigilance_4.18/Vigilance418/Content/Blueprints/AI_Blueprint/Fight_AI.uasset'
[2020.08.02-04.43.46:771][185]LogSavePackage: Display: Finished SavePackage ../../../../../GITHUB/vigilance_4.18/Vigilance418/Content/Blueprints/AI_Blueprint/Fight_AI.uasset
[2020.08.02-04.43.48:478][283]LogTemp: Repeating last play command: Selected Viewport
[2020.08.02-04.43.51:427][283]LogBlueprintUserMessages: Early PlayInEditor Detection: Level '/Game/ThirdPerson/ThirdPersonBP/Maps/ThirdPersonExampleMap.ThirdPersonExampleMap:PersistentLevel' has LevelScriptBlueprint '/Game/ThirdPerson/ThirdPersonBP/Maps/ThirdPersonExampleMap.ThirdPersonExampleMap:PersistentLevel.ThirdPersonExampleMap' with GeneratedClass '/Game/ThirdPerson/ThirdPersonBP/Maps/ThirdPersonExampleMap.ThirdPersonExampleMap_C' with ClassGeneratedBy '/Game/ThirdPerson/ThirdPersonBP/Maps/ThirdPersonExampleMap.ThirdPersonExampleMap:PersistentLevel.ThirdPersonExampleMap'
[2020.08.02-04.43.51:453][283]LogPlayLevel: PlayLevel: No blueprints needed recompiling
[2020.08.02-04.43.51:697][283]PIE: New page: PIE session: ThirdPersonExampleMap (Aug 2, 2020, 4:43:51 PM)
[2020.08.02-04.43.51:724][283]LogPlayLevel: Creating play world package: /Game/ThirdPerson/ThirdPersonBP/Maps/UEDPIE_0_ThirdPersonExampleMap
[2020.08.02-04.43.51:903][283]LogPlayLevel: PIE: StaticDuplicateObject took: (0.178322s)
[2020.08.02-04.43.51:905][283]LogAIModule: Creating AISystem for world ThirdPersonExampleMap
[2020.08.02-04.43.51:916][283]LogPlayLevel: PIE: World Init took: (0.013500s)
[2020.08.02-04.43.51:927][283]LogPlayLevel: PIE: Created PIE world by copying editor world from /Game/ThirdPerson/ThirdPersonBP/Maps/ThirdPersonExampleMap.ThirdPersonExampleMap to /Game/ThirdPerson/ThirdPersonBP/Maps/UEDPIE_0_ThirdPersonExampleMap.ThirdPersonExampleMap (0.203233s)
[2020.08.02-04.43.52:036][283]LogInit: XAudio2 using 'Speakers (2- High Definition Audio Device)' : 2 channels at 48 kHz using 16 bits per sample (channel mask 0x3)
[2020.08.02-04.43.52:062][283]LogInit: FAudioDevice initialized.
[2020.08.02-04.43.52:240][283]LogLinker: Warning: Can't find file '/Game/ThirdPersonBP/Blueprints/ThirdPersonGameMode'
[2020.08.02-04.43.52:240][283]LogLinker: Warning: Can't find file '/Game/ThirdPersonBP/Blueprints/ThirdPersonGameMode'
[2020.08.02-04.43.52:251][283]LogUObjectGlobals: Warning: Failed to find object 'Class /Game/ThirdPersonBP/Blueprints/ThirdPersonGameMode.ThirdPersonGameMode_C'
[2020.08.02-04.43.52:251][283]LogLoad: Game class is 'GameModeBase'
[2020.08.02-04.43.52:390][283]LogWorld: Bringing World /Game/ThirdPerson/ThirdPersonBP/Maps/UEDPIE_0_ThirdPersonExampleMap.ThirdPersonExampleMap up for play (max tick rate 60) at 2020.08.02-10.43.52
[2020.08.02-04.43.52:612][283]LogWorld: Bringing up level for play took: 0.234855
[2020.08.02-04.43.54:602][283]LogContentBrowser: Native class hierarchy updated for 'MovieSceneCapture' in 0.0005 seconds. Added 11 classes and 0 folders.
[2020.08.02-04.43.54:684][283]PIE: Play in editor start time for /Game/ThirdPerson/ThirdPersonBP/Maps/UEDPIE_0_ThirdPersonExampleMap 2.524
[2020.08.02-04.43.54:684][283]LogBlueprintUserMessages: Late PlayInEditor Detection: Level '/Game/ThirdPerson/ThirdPersonBP/Maps/ThirdPersonExampleMap.ThirdPersonExampleMap:PersistentLevel' has LevelScriptBlueprint '/Game/ThirdPerson/ThirdPersonBP/Maps/ThirdPersonExampleMap.ThirdPersonExampleMap:PersistentLevel.ThirdPersonExampleMap' with GeneratedClass '/Game/ThirdPerson/ThirdPersonBP/Maps/ThirdPersonExampleMap.ThirdPersonExampleMap_C' with ClassGeneratedBy '/Game/ThirdPerson/ThirdPersonBP/Maps/ThirdPersonExampleMap.ThirdPersonExampleMap:PersistentLevel.ThirdPersonExampleMap'
[2020.08.02-04.44.46:566][ 40]LogBlueprintUserMessages: Early EndPlayMap Detection: Level '/Game/ThirdPerson/ThirdPersonBP/Maps/ThirdPersonExampleMap.ThirdPersonExampleMap:PersistentLevel' has LevelScriptBlueprint '/Game/ThirdPerson/ThirdPersonBP/Maps/ThirdPersonExampleMap.ThirdPersonExampleMap:PersistentLevel.ThirdPersonExampleMap' with GeneratedClass '/Game/ThirdPerson/ThirdPersonBP/Maps/ThirdPersonExampleMap.ThirdPersonExampleMap_C' with ClassGeneratedBy '/Game/ThirdPerson/ThirdPersonBP/Maps/ThirdPersonExampleMap.ThirdPersonExampleMap:PersistentLevel.ThirdPersonExampleMap'
[2020.08.02-04.44.46:720][ 40]LogBlueprintUserMessages: Late EndPlayMap Detection: Level '/Game/ThirdPerson/ThirdPersonBP/Maps/ThirdPersonExampleMap.ThirdPersonExampleMap:PersistentLevel' has LevelScriptBlueprint '/Game/ThirdPerson/ThirdPersonBP/Maps/ThirdPersonExampleMap.ThirdPersonExampleMap:PersistentLevel.ThirdPersonExampleMap' with GeneratedClass '/Game/ThirdPerson/ThirdPersonBP/Maps/ThirdPersonExampleMap.ThirdPersonExampleMap_C' with ClassGeneratedBy '/Game/ThirdPerson/ThirdPersonBP/Maps/ThirdPersonExampleMap.ThirdPersonExampleMap:PersistentLevel.ThirdPersonExampleMap'
[2020.08.02-04.44.47:696][ 79]LogTemp: Repeating last play command: Selected Viewport
[2020.08.02-04.44.47:737][ 79]LogBlueprintUserMessages: Early PlayInEditor Detection: Level '/Game/ThirdPerson/ThirdPersonBP/Maps/ThirdPersonExampleMap.ThirdPersonExampleMap:PersistentLevel' has LevelScriptBlueprint '/Game/ThirdPerson/ThirdPersonBP/Maps/ThirdPersonExampleMap.ThirdPersonExampleMap:PersistentLevel.ThirdPersonExampleMap' with GeneratedClass '/Game/ThirdPerson/ThirdPersonBP/Maps/ThirdPersonExampleMap.ThirdPersonExampleMap_C' with ClassGeneratedBy '/Game/ThirdPerson/ThirdPersonBP/Maps/ThirdPersonExampleMap.ThirdPersonExampleMap:PersistentLevel.ThirdPersonExampleMap'
[2020.08.02-04.44.47:737][ 79]LogPlayLevel: PlayLevel: No blueprints needed recompiling
[2020.08.02-04.44.47:737][ 79]PIE: New page: PIE session: ThirdPersonExampleMap (Aug 2, 2020, 4:44:47 PM)
[2020.08.02-04.44.47:737][ 79]LogPlayLevel: Creating play world package: /Game/ThirdPerson/ThirdPersonBP/Maps/UEDPIE_0_ThirdPersonExampleMap
[2020.08.02-04.44.47:775][ 79]LogPlayLevel: PIE: StaticDuplicateObject took: (0.037545s)
[2020.08.02-04.44.47:776][ 79]LogAIModule: Creating AISystem for world ThirdPersonExampleMap
[2020.08.02-04.44.47:777][ 79]LogPlayLevel: PIE: World Init took: (0.001629s)
[2020.08.02-04.44.47:777][ 79]LogPlayLevel: PIE: Created PIE world by copying editor world from /Game/ThirdPerson/ThirdPersonBP/Maps/ThirdPersonExampleMap.ThirdPersonExampleMap to /Game/ThirdPerson/ThirdPersonBP/Maps/UEDPIE_0_ThirdPersonExampleMap.ThirdPersonExampleMap (0.039670s)
[2020.08.02-04.44.47:824][ 79]LogInit: XAudio2 using 'Speakers (2- High Definition Audio Device)' : 2 channels at 48 kHz using 16 bits per sample (channel mask 0x3)
[2020.08.02-04.44.47:878][ 79]LogInit: FAudioDevice initialized.
[2020.08.02-04.44.47:918][ 79]LogLoad: Game class is 'GameModeBase'
[2020.08.02-04.44.47:923][ 79]LogWorld: Bringing World /Game/ThirdPerson/ThirdPersonBP/Maps/UEDPIE_0_ThirdPersonExampleMap.ThirdPersonExampleMap up for play (max tick rate 60) at 2020.08.02-10.44.47
[2020.08.02-04.44.47:925][ 79]LogWorld: Bringing up level for play took: 0.006352
[2020.08.02-04.44.47:926][ 79]PIE: Play in editor start time for /Game/ThirdPerson/ThirdPersonBP/Maps/UEDPIE_0_ThirdPersonExampleMap -0.204
[2020.08.02-04.44.47:926][ 79]LogBlueprintUserMessages: Late PlayInEditor Detection: Level '/Game/ThirdPerson/ThirdPersonBP/Maps/ThirdPersonExampleMap.ThirdPersonExampleMap:PersistentLevel' has LevelScriptBlueprint '/Game/ThirdPerson/ThirdPersonBP/Maps/ThirdPersonExampleMap.ThirdPersonExampleMap:PersistentLevel.ThirdPersonExampleMap' with GeneratedClass '/Game/ThirdPerson/ThirdPersonBP/Maps/ThirdPersonExampleMap.ThirdPersonExampleMap_C' with ClassGeneratedBy '/Game/ThirdPerson/ThirdPersonBP/Maps/ThirdPersonExampleMap.ThirdPersonExampleMap:PersistentLevel.ThirdPersonExampleMap'
[2020.08.02-04.45.05:024][653]LogBlueprintUserMessages: Early EndPlayMap Detection: Level '/Game/ThirdPerson/ThirdPersonBP/Maps/ThirdPersonExampleMap.ThirdPersonExampleMap:PersistentLevel' has LevelScriptBlueprint '/Game/ThirdPerson/ThirdPersonBP/Maps/ThirdPersonExampleMap.ThirdPersonExampleMap:PersistentLevel.ThirdPersonExampleMap' with GeneratedClass '/Game/ThirdPerson/ThirdPersonBP/Maps/ThirdPersonExampleMap.ThirdPersonExampleMap_C' with ClassGeneratedBy '/Game/ThirdPerson/ThirdPersonBP/Maps/ThirdPersonExampleMap.ThirdPersonExampleMap:PersistentLevel.ThirdPersonExampleMap'
[2020.08.02-04.45.05:099][653]LogBlueprintUserMessages: Late EndPlayMap Detection: Level '/Game/ThirdPerson/ThirdPersonBP/Maps/ThirdPersonExampleMap.ThirdPersonExampleMap:PersistentLevel' has LevelScriptBlueprint '/Game/ThirdPerson/ThirdPersonBP/Maps/ThirdPersonExampleMap.ThirdPersonExampleMap:PersistentLevel.ThirdPersonExampleMap' with GeneratedClass '/Game/ThirdPerson/ThirdPersonBP/Maps/ThirdPersonExampleMap.ThirdPersonExampleMap_C' with ClassGeneratedBy '/Game/ThirdPerson/ThirdPersonBP/Maps/ThirdPersonExampleMap.ThirdPersonExampleMap:PersistentLevel.ThirdPersonExampleMap'
[2020.08.02-04.45.38:893][490]LogUObjectArray: Warning: Invalid object index -572662307
[2020.08.02-04.45.40:809][490]LogStats: FPlatformStackWalk::StackWalkAndDump -  1.916 s
[2020.08.02-04.45.40:828][490]LogOutputDevice: Error: === Handled ensure: ===
[2020.08.02-04.45.40:828][490]LogOutputDevice: Error: 
[2020.08.02-04.45.40:828][490]LogOutputDevice: Error: Ensure condition failed: false [File:D:\Build\++UE4+Release-4.18+Compile\Sync\Engine\Source\Editor\UnrealEd\Private\Kismet2\KismetDebugUtilities.cpp] [Line: 1029]
[2020.08.02-04.45.40:828][490]LogOutputDevice: Error: Error: Invalid (but non-null) property associated with pin; cannot get variable value
[2020.08.02-04.45.40:829][490]LogOutputDevice: Error: Stack: 
[2020.08.02-04.45.40:829][490]LogOutputDevice: Error: [Callstack] 0x0000000056E82786 UE4Editor-Core.dll!UnknownFunction []
[2020.08.02-04.45.40:829][490]LogOutputDevice: Error: [Callstack] 0x0000000056C2123A UE4Editor-Core.dll!UnknownFunction []
[2020.08.02-04.45.40:829][490]LogOutputDevice: Error: [Callstack] 0x0000000056C3B906 UE4Editor-Core.dll!UnknownFunction []
[2020.08.02-04.45.40:829][490]LogOutputDevice: Error: [Callstack] 0x00000000553B33F6 UE4Editor-UnrealEd.dll!UnknownFunction []
[2020.08.02-04.45.40:829][490]LogOutputDevice: Error: [Callstack] 0x00000000478103AB UE4Editor-BlueprintGraph.dll!UnknownFunction []
[2020.08.02-04.45.40:829][490]LogOutputDevice: Error: [Callstack] 0x00000000469F3EBA UE4Editor-GraphEditor.dll!UnknownFunction []
[2020.08.02-04.45.40:829][490]LogOutputDevice: Error: [Callstack] 0x00000000468874AC UE4Editor-GraphEditor.dll!UnknownFunction []
[2020.08.02-04.45.40:829][490]LogOutputDevice: Error: [Callstack] 0x000000004688ABF9 UE4Editor-GraphEditor.dll!UnknownFunction []
[2020.08.02-04.45.40:829][490]LogOutputDevice: Error: [Callstack] 0x00000000469B8225 UE4Editor-GraphEditor.dll!UnknownFunction []
[2020.08.02-04.45.40:829][490]LogOutputDevice: Error: [Callstack] 0x0000000056547397 UE4Editor-Slate.dll!UnknownFunction []
[2020.08.02-04.45.40:829][490]LogOutputDevice: Error: [Callstack] 0x000000005654CE61 UE4Editor-Slate.dll!UnknownFunction []
[2020.08.02-04.45.40:829][490]LogOutputDevice: Error: [Callstack] 0x0000000056789913 UE4Editor-Slate.dll!UnknownFunction []
[2020.08.02-04.45.40:829][490]LogOutputDevice: Error: [Callstack] 0x00000000565A3484 UE4Editor-Slate.dll!UnknownFunction []
[2020.08.02-04.45.40:829][490]LogOutputDevice: Error: [Callstack] 0x000000005657B68C UE4Editor-Slate.dll!UnknownFunction []
[2020.08.02-04.45.40:829][490]LogOutputDevice: Error: [Callstack] 0x000000005656D6B7 UE4Editor-Slate.dll!UnknownFunction []
[2020.08.02-04.45.40:829][490]LogOutputDevice: Error: [Callstack] 0x000000008550E39E UE4Editor-ApplicationCore.dll!UnknownFunction []
[2020.08.02-04.45.40:829][490]LogOutputDevice: Error: [Callstack] 0x0000000085501A48 UE4Editor-ApplicationCore.dll!UnknownFunction []
[2020.08.02-04.45.40:829][490]LogOutputDevice: Error: [Callstack] 0x00000000855103EC UE4Editor-ApplicationCore.dll!UnknownFunction []
[2020.08.02-04.45.40:829][490]LogOutputDevice: Error: [Callstack] 0x00000000854FD5A9 UE4Editor-ApplicationCore.dll!UnknownFunction []
[2020.08.02-04.45.40:829][490]LogOutputDevice: Error: [Callstack] 0x000000009DF2E338 USER32.dll!UnknownFunction []
[2020.08.02-04.45.40:829][490]LogOutputDevice: Error: [Callstack] 0x000000009DF2DD79 USER32.dll!UnknownFunction []
[2020.08.02-04.45.40:829][490]LogOutputDevice: Error: [Callstack] 0x0000000085511516 UE4Editor-ApplicationCore.dll!UnknownFunction []
[2020.08.02-04.45.40:829][490]LogOutputDevice: Error: [Callstack] 0x000000008BE950C8 UE4Editor.exe!UnknownFunction []
[2020.08.02-04.45.40:829][490]LogOutputDevice: Error: [Callstack] 0x000000008BEA5430 UE4Editor.exe!UnknownFunction []
[2020.08.02-04.45.40:829][490]LogOutputDevice: Error: [Callstack] 0x000000008BEA54AA UE4Editor.exe!UnknownFunction []
[2020.08.02-04.45.40:829][490]LogOutputDevice: Error: [Callstack] 0x000000008BEB2379 UE4Editor.exe!UnknownFunction []
[2020.08.02-04.45.40:829][490]LogOutputDevice: Error: [Callstack] 0x000000008BEB3D57 UE4Editor.exe!UnknownFunction []
[2020.08.02-04.45.40:829][490]LogOutputDevice: Error: [Callstack] 0x000000009EA76FD4 KERNEL32.DLL!UnknownFunction []
[2020.08.02-04.45.40:829][490]LogOutputDevice: Error: [Callstack] 0x000000009FEFCEC1 ntdll.dll!UnknownFunction []
[2020.08.02-04.45.40:829][490]LogOutputDevice: Error: 
[2020.08.02-04.45.40:834][490]LogStats:                SubmitErrorReport -  0.000 s
[2020.08.02-04.45.57:220][490]LogStats:                    SendNewReport - 16.386 s
[2020.08.02-04.45.57:220][490]LogStats:             FDebug::EnsureFailed - 18.327 s
[2020.08.02-04.45.57:221][490]LogUObjectArray: Warning: Invalid object index -572662307
[2020.08.02-04.46.17:267][555]BlueprintLog: New page: Compile Player_CharacterBP
[2020.08.02-04.46.20:934][578]LogSavePackage: Save=1477.54ms
[2020.08.02-04.46.20:934][578]LogSavePackage: Moving '../../../../../GITHUB/vigilance_4.18/Vigilance418/Saved/Player_CharacterBP26A2B25948367F3B70C04BB8BC8FC32C.tmp' to '../../../../../GITHUB/vigilance_4.18/Vigilance418/Content/Blueprints/PlayerBlueprint/Player_CharacterBP.uasset'
[2020.08.02-04.46.21:212][578]LogSavePackage: Display: Finished SavePackage ../../../../../GITHUB/vigilance_4.18/Vigilance418/Content/Blueprints/PlayerBlueprint/Player_CharacterBP.uasset
[2020.08.02-04.46.22:144][631]LogTemp: Repeating last play command: Selected Viewport
[2020.08.02-04.46.22:211][631]LogBlueprintUserMessages: Early PlayInEditor Detection: Level '/Game/ThirdPerson/ThirdPersonBP/Maps/ThirdPersonExampleMap.ThirdPersonExampleMap:PersistentLevel' has LevelScriptBlueprint '/Game/ThirdPerson/ThirdPersonBP/Maps/ThirdPersonExampleMap.ThirdPersonExampleMap:PersistentLevel.ThirdPersonExampleMap' with GeneratedClass '/Game/ThirdPerson/ThirdPersonBP/Maps/ThirdPersonExampleMap.ThirdPersonExampleMap_C' with ClassGeneratedBy '/Game/ThirdPerson/ThirdPersonBP/Maps/ThirdPersonExampleMap.ThirdPersonExampleMap:PersistentLevel.ThirdPersonExampleMap'
[2020.08.02-04.46.22:211][631]LogPlayLevel: PlayLevel: No blueprints needed recompiling
[2020.08.02-04.46.22:211][631]PIE: New page: PIE session: ThirdPersonExampleMap (Aug 2, 2020, 4:46:22 PM)
[2020.08.02-04.46.22:212][631]LogPlayLevel: Creating play world package: /Game/ThirdPerson/ThirdPersonBP/Maps/UEDPIE_0_ThirdPersonExampleMap
[2020.08.02-04.46.22:249][631]LogPlayLevel: PIE: StaticDuplicateObject took: (0.037243s)
[2020.08.02-04.46.22:251][631]LogAIModule: Creating AISystem for world ThirdPersonExampleMap
[2020.08.02-04.46.22:251][631]LogPlayLevel: PIE: World Init took: (0.002100s)
[2020.08.02-04.46.22:251][631]LogPlayLevel: PIE: Created PIE world by copying editor world from /Game/ThirdPerson/ThirdPersonBP/Maps/ThirdPersonExampleMap.ThirdPersonExampleMap to /Game/ThirdPerson/ThirdPersonBP/Maps/UEDPIE_0_ThirdPersonExampleMap.ThirdPersonExampleMap (0.039849s)
[2020.08.02-04.46.22:296][631]LogInit: XAudio2 using 'Speakers (2- High Definition Audio Device)' : 2 channels at 48 kHz using 16 bits per sample (channel mask 0x3)
[2020.08.02-04.46.22:304][631]LogInit: FAudioDevice initialized.
[2020.08.02-04.46.22:341][631]LogLoad: Game class is 'GameModeBase'
[2020.08.02-04.46.22:347][631]LogWorld: Bringing World /Game/ThirdPerson/ThirdPersonBP/Maps/UEDPIE_0_ThirdPersonExampleMap.ThirdPersonExampleMap up for play (max tick rate 60) at 2020.08.02-10.46.22
[2020.08.02-04.46.22:348][631]LogWorld: Bringing up level for play took: 0.006176
[2020.08.02-04.46.22:349][631]PIE: Play in editor start time for /Game/ThirdPerson/ThirdPersonBP/Maps/UEDPIE_0_ThirdPersonExampleMap 0.22
[2020.08.02-04.46.22:350][631]LogBlueprintUserMessages: Late PlayInEditor Detection: Level '/Game/ThirdPerson/ThirdPersonBP/Maps/ThirdPersonExampleMap.ThirdPersonExampleMap:PersistentLevel' has LevelScriptBlueprint '/Game/ThirdPerson/ThirdPersonBP/Maps/ThirdPersonExampleMap.ThirdPersonExampleMap:PersistentLevel.ThirdPersonExampleMap' with GeneratedClass '/Game/ThirdPerson/ThirdPersonBP/Maps/ThirdPersonExampleMap.ThirdPersonExampleMap_C' with ClassGeneratedBy '/Game/ThirdPerson/ThirdPersonBP/Maps/ThirdPersonExampleMap.ThirdPersonExampleMap:PersistentLevel.ThirdPersonExampleMap'
[2020.08.02-04.47.17:542][497]LogBlueprintUserMessages: Early EndPlayMap Detection: Level '/Game/ThirdPerson/ThirdPersonBP/Maps/ThirdPersonExampleMap.ThirdPersonExampleMap:PersistentLevel' has LevelScriptBlueprint '/Game/ThirdPerson/ThirdPersonBP/Maps/ThirdPersonExampleMap.ThirdPersonExampleMap:PersistentLevel.ThirdPersonExampleMap' with GeneratedClass '/Game/ThirdPerson/ThirdPersonBP/Maps/ThirdPersonExampleMap.ThirdPersonExampleMap_C' with ClassGeneratedBy '/Game/ThirdPerson/ThirdPersonBP/Maps/ThirdPersonExampleMap.ThirdPersonExampleMap:PersistentLevel.ThirdPersonExampleMap'
[2020.08.02-04.47.17:629][497]LogBlueprintUserMessages: Late EndPlayMap Detection: Level '/Game/ThirdPerson/ThirdPersonBP/Maps/ThirdPersonExampleMap.ThirdPersonExampleMap:PersistentLevel' has LevelScriptBlueprint '/Game/ThirdPerson/ThirdPersonBP/Maps/ThirdPersonExampleMap.ThirdPersonExampleMap:PersistentLevel.ThirdPersonExampleMap' with GeneratedClass '/Game/ThirdPerson/ThirdPersonBP/Maps/ThirdPersonExampleMap.ThirdPersonExampleMap_C' with ClassGeneratedBy '/Game/ThirdPerson/ThirdPersonBP/Maps/ThirdPersonExampleMap.ThirdPersonExampleMap:PersistentLevel.ThirdPersonExampleMap'
[2020.08.02-04.47.26:493][629]LogSavePackage: Save=715.97ms
[2020.08.02-04.47.26:493][629]LogSavePackage: Moving '../../../../../GITHUB/vigilance_4.18/Vigilance418/Saved/ThirdPersonExampleMapECCDA82640FBE21044F48CB00E66F183.tmp' to '../../../../../GITHUB/vigilance_4.18/Vigilance418/Content/ThirdPerson/ThirdPersonBP/Maps/ThirdPersonExampleMap.umap'
[2020.08.02-04.47.26:544][629]LogSavePackage: Display: Finished SavePackage ../../../../../GITHUB/vigilance_4.18/Vigilance418/Content/ThirdPerson/ThirdPersonBP/Maps/ThirdPersonExampleMap.umap
[2020.08.02-04.47.26:696][629]LogFileHelpers: Saving map 'ThirdPersonExampleMap' took 5.191
[2020.08.02-04.47.44:733][628]Cmd: OBJ SAVEPACKAGE PACKAGE="/Game/Blueprints/AI_Blueprint/Fight_AI" FILE="../../../../../GITHUB/vigilance_4.18/Vigilance418/Content/Blueprints/AI_Blueprint/Fight_AI.uasset" SILENT=true
[2020.08.02-04.47.45:013][628]LogSavePackage: Save=276.45ms
[2020.08.02-04.47.45:014][628]LogSavePackage: Moving '../../../../../GITHUB/vigilance_4.18/Vigilance418/Saved/Fight_AID1F758F843EB26FE18E86191B3E0F537.tmp' to '../../../../../GITHUB/vigilance_4.18/Vigilance418/Content/Blueprints/AI_Blueprint/Fight_AI.uasset'
[2020.08.02-04.47.45:016][628]LogSavePackage: Display: Finished SavePackage ../../../../../GITHUB/vigilance_4.18/Vigilance418/Content/Blueprints/AI_Blueprint/Fight_AI.uasset
[2020.08.02-04.48.57:928][850]BlueprintLog: New page: Compile Player_CharacterBP
[2020.08.02-05.06.45:883][903]LogInit: XAudio2 using 'Speakers (2- High Definition Audio Device)' : 2 channels at 48 kHz using 16 bits per sample (channel mask 0x3)
[2020.08.02-05.45.13:351][557]BlueprintLog: New page: Compile Player_CharacterBP
[2020.08.02-05.45.17:806][611]LogSavePackage: Save=1466.12ms
[2020.08.02-05.45.17:806][611]LogSavePackage: Moving '../../../../../GITHUB/vigilance_4.18/Vigilance418/Saved/Player_CharacterBP94F1F0D24FFEA560182F04876289FB52.tmp' to '../../../../../GITHUB/vigilance_4.18/Vigilance418/Content/Blueprints/PlayerBlueprint/Player_CharacterBP.uasset'
[2020.08.02-05.45.17:810][611]LogSavePackage: Display: Finished SavePackage ../../../../../GITHUB/vigilance_4.18/Vigilance418/Content/Blueprints/PlayerBlueprint/Player_CharacterBP.uasset
[2020.08.02-05.45.28:717][199]LogSavePackage: Save=683.27ms
[2020.08.02-05.45.28:717][199]LogSavePackage: Moving '../../../../../GITHUB/vigilance_4.18/Vigilance418/Saved/ThirdPersonExampleMap734EE35943C2D3CCFCD37CBF81FF8748.tmp' to '../../../../../GITHUB/vigilance_4.18/Vigilance418/Content/ThirdPerson/ThirdPersonBP/Maps/ThirdPersonExampleMap.umap'
[2020.08.02-05.45.28:721][199]LogSavePackage: Display: Finished SavePackage ../../../../../GITHUB/vigilance_4.18/Vigilance418/Content/ThirdPerson/ThirdPersonBP/Maps/ThirdPersonExampleMap.umap
[2020.08.02-05.45.28:781][199]LogFileHelpers: Saving map 'ThirdPersonExampleMap' took 0.961
[2020.08.02-05.45.33:575][434]LogActorComponent: UnregisterComponent: (/Engine/Transient.EditorFloorComp) Not registered. Aborting.
[2020.08.02-05.45.33:708][434]LogWindowsTextInputMethodSystem: Display: IME system now deactivated.
[2020.08.02-05.45.36:523][435]Cmd: QUIT_EDITOR
[2020.08.02-05.45.38:159][435]LogExit: Preparing to exit.
[2020.08.02-05.45.44:049][435]LogDirectoryWatcher: A directory notification for 'E:/GameDev/Unreal/GITHUB/vigilance_4.18/Vigilance418/Content/' was aborted.
[2020.08.02-05.45.50:044][435]LogExit: Editor shut down
[2020.08.02-05.45.50:453][435]LogExit: Transaction tracking system shut down
[2020.08.02-05.45.52:462][435]LogDirectoryWatcher: A directory notification for '../../../Engine/Content/' was aborted.
[2020.08.02-05.45.52:462][435]LogDirectoryWatcher: A directory notification for '../../../../../GITHUB/vigilance_4.18/Vigilance418/Content/' was aborted.
[2020.08.02-05.45.52:463][435]LogDirectoryWatcher: A directory notification for '../../../Engine/Plugins/2D/Paper2D/Content/' was aborted.
[2020.08.02-05.45.52:463][435]LogDirectoryWatcher: A directory notification for '../../../Engine/Plugins/Media/MediaCompositing/Content/' was aborted.
[2020.08.02-05.45.52:477][435]LogDirectoryWatcher: A directory notification for '../../../Engine/Plugins/Runtime/AppleARKit/Content/' was aborted.
[2020.08.02-05.45.52:477][435]LogDirectoryWatcher: A directory notification for '../../../Engine/Plugins/Runtime/Oculus/OculusVR/Content/' was aborted.
[2020.08.02-05.45.52:477][435]LogDirectoryWatcher: A directory notification for '../../../Engine/Plugins/Runtime/Steam/SteamVR/Content/' was aborted.
[2020.08.02-05.46.01:816][435]LogExit: Object subsystem successfully closed.
[2020.08.02-05.46.03:088][435]LogD3D11RHI: Shutdown
[2020.08.02-05.46.03:100][435]LogD3D11RHI: CleanupD3DDevice
[2020.08.02-05.46.03:418][435]LogD3D11RHI: ~FD3D11DynamicRHI
[2020.08.02-05.46.05:187][435]LogModuleManager: Shutting down and abandoning module MovieSceneCapture (552)
[2020.08.02-05.46.05:198][435]LogModuleManager: Shutting down and abandoning module BlueprintGraph (550)
[2020.08.02-05.46.05:198][435]LogModuleManager: Shutting down and abandoning module HierarchicalLODOutliner (548)
[2020.08.02-05.46.05:198][435]LogModuleManager: Shutting down and abandoning module AddContentDialog (546)
[2020.08.02-05.46.05:226][435]LogDirectoryWatcher: A directory notification for 'E:/GameDev/Unreal/Engine/UE_4.18/FeaturePacks/' was aborted.
[2020.08.02-05.46.05:499][435]LogModuleManager: Shutting down and abandoning module WidgetCarousel (545)
[2020.08.02-05.46.05:499][435]LogModuleManager: Shutting down and abandoning module EditorWidgets (542)
[2020.08.02-05.46.05:499][435]LogModuleManager: Shutting down and abandoning module CollectionManager (540)
[2020.08.02-05.46.05:520][435]LogDirectoryWatcher: A directory notification for 'E:/GameDev/Unreal/GITHUB/vigilance_4.18/Vigilance418/Content/Collections/' was aborted.
[2020.08.02-05.46.05:535][435]LogDirectoryWatcher: A directory notification for 'E:/GameDev/Unreal/GITHUB/vigilance_4.18/Vigilance418/Content/Developers/farha/Collections/' was aborted.
[2020.08.02-05.46.05:535][435]LogDirectoryWatcher: A directory notification for 'E:/GameDev/Unreal/GITHUB/vigilance_4.18/Vigilance418/Saved/Collections/' was aborted.
[2020.08.02-05.46.05:550][435]LogModuleManager: Shutting down and abandoning module SceneOutliner (538)
[2020.08.02-05.46.05:572][435]LogModuleManager: Shutting down and abandoning module StatsViewer (536)
[2020.08.02-05.46.05:588][435]LogModuleManager: Shutting down and abandoning module FoliageEdit (534)
[2020.08.02-05.46.05:594][435]LogModuleManager: Shutting down and abandoning module LandscapeEditor (532)
[2020.08.02-05.46.05:662][435]LogModuleManager: Shutting down and abandoning module MeshPaintMode (530)
[2020.08.02-05.46.05:672][435]LogModuleManager: Shutting down and abandoning module SceneDepthPickerMode (528)
[2020.08.02-05.46.05:672][435]LogModuleManager: Shutting down and abandoning module ActorPickerMode (526)
[2020.08.02-05.46.05:672][435]LogModuleManager: Shutting down and abandoning module GeometryMode (524)
[2020.08.02-05.46.05:672][435]LogModuleManager: Shutting down and abandoning module TextureAlignMode (522)
[2020.08.02-05.46.05:672][435]LogModuleManager: Shutting down and abandoning module BspMode (520)
[2020.08.02-05.46.05:672][435]LogModuleManager: Shutting down and abandoning module PIEPreviewDeviceProfileSelector (518)
[2020.08.02-05.46.05:672][435]LogModuleManager: Shutting down and abandoning module HardwareSurvey (516)
[2020.08.02-05.46.05:672][435]LogModuleManager: Shutting down and abandoning module SequenceRecorderSections (514)
[2020.08.02-05.46.05:686][435]LogModuleManager: Shutting down and abandoning module AutomationWorker (512)
[2020.08.02-05.46.05:691][435]LogModuleManager: Shutting down and abandoning module MatineeToLevelSequence (510)
[2020.08.02-05.46.05:698][435]LogModuleManager: Shutting down and abandoning module LevelSequenceEditor (508)
[2020.08.02-05.46.05:737][435]LogModuleManager: Shutting down and abandoning module PlacementMode (507)
[2020.08.02-05.46.05:737][435]LogModuleManager: Shutting down and abandoning module WmfMediaFactory (504)
[2020.08.02-05.46.05:737][435]LogModuleManager: Shutting down and abandoning module WmfMediaEditor (502)
[2020.08.02-05.46.05:737][435]LogModuleManager: Shutting down and abandoning module OpenExrWrapper (500)
[2020.08.02-05.46.05:737][435]LogModuleManager: Shutting down and abandoning module ImgMediaFactory (498)
[2020.08.02-05.46.05:737][435]LogModuleManager: Shutting down and abandoning module ImgMediaEditor (496)
[2020.08.02-05.46.05:737][435]LogModuleManager: Shutting down and abandoning module AvfMediaFactory (494)
[2020.08.02-05.46.05:738][435]LogModuleManager: Shutting down and abandoning module AvfMediaEditor (492)
[2020.08.02-05.46.05:738][435]LogModuleManager: Shutting down and abandoning module AndroidMediaFactory (490)
[2020.08.02-05.46.05:738][435]LogModuleManager: Shutting down and abandoning module AndroidMediaEditor (488)
[2020.08.02-05.46.05:738][435]LogModuleManager: Shutting down and abandoning module CharacterAI (486)
[2020.08.02-05.46.05:738][435]LogModuleManager: Shutting down and abandoning module AudioCapture (484)
[2020.08.02-05.46.05:800][435]LogModuleManager: Shutting down and abandoning module SequenceRecorder (483)
[2020.08.02-05.46.05:914][435]LogModuleManager: Shutting down and abandoning module SmartSnapping (480)
[2020.08.02-05.46.05:914][435]LogModuleManager: Shutting down and abandoning module SessionServices (478)
[2020.08.02-05.46.05:914][435]LogModuleManager: Shutting down and abandoning module ViewportSnapping (476)
[2020.08.02-05.46.05:914][435]LogModuleManager: Shutting down and abandoning module ViewportInteraction (474)
[2020.08.02-05.46.05:915][435]LogModuleManager: Shutting down and abandoning module ClothPainter (472)
[2020.08.02-05.46.05:967][435]LogModuleManager: Shutting down and abandoning module SkeletalMeshEditor (471)
[2020.08.02-05.46.06:001][435]LogModuleManager: Shutting down and abandoning module LogVisualizer (468)
[2020.08.02-05.46.06:023][435]LogModuleManager: Shutting down and abandoning module IntroTutorials (466)
[2020.08.02-05.46.06:058][435]LogModuleManager: Shutting down and abandoning module GameProjectGeneration (465)
[2020.08.02-05.46.06:072][435]LogModuleManager: Shutting down and abandoning module IOSPlatformEditor (462)
[2020.08.02-05.46.06:072][435]LogModuleManager: Shutting down and abandoning module HTML5PlatformEditor (460)
[2020.08.02-05.46.06:072][435]LogModuleManager: Shutting down and abandoning module AndroidPlatformEditor (458)
[2020.08.02-05.46.06:072][435]LogModuleManager: Shutting down and abandoning module AndroidDeviceDetection (457)
[2020.08.02-05.46.07:065][435]LogModuleManager: Shutting down and abandoning module WindowsPlatformEditor (454)
[2020.08.02-05.46.07:065][435]LogModuleManager: Shutting down and abandoning module IOSRuntimeSettings (452)
[2020.08.02-05.46.07:065][435]LogModuleManager: Shutting down and abandoning module AndroidRuntimeSettings (450)
[2020.08.02-05.46.07:065][435]LogModuleManager: Shutting down and abandoning module InputBindingEditor (448)
[2020.08.02-05.46.07:080][435]LogModuleManager: Shutting down and abandoning module MergeActors (446)
[2020.08.02-05.46.07:095][435]LogModuleManager: Shutting down and abandoning module SizeMap (444)
[2020.08.02-05.46.07:095][435]LogModuleManager: Shutting down and abandoning module TreeMap (442)
[2020.08.02-05.46.07:104][435]LogModuleManager: Shutting down and abandoning module ReferenceViewer (440)
[2020.08.02-05.46.07:104][435]LogModuleManager: Shutting down and abandoning module LocalizationDashboard (438)
[2020.08.02-05.46.07:118][435]LogModuleManager: Shutting down and abandoning module LocalizationService (437)
[2020.08.02-05.46.07:131][435]LogModuleManager: Shutting down and abandoning module HardwareTargeting (434)
[2020.08.02-05.46.07:132][435]LogModuleManager: Shutting down and abandoning module DeviceProfileEditor (432)
[2020.08.02-05.46.07:132][435]LogModuleManager: Shutting down and abandoning module UndoHistory (430)
[2020.08.02-05.46.07:132][435]LogModuleManager: Shutting down and abandoning module XmlParser (428)
[2020.08.02-05.46.07:143][435]LogModuleManager: Shutting down and abandoning module Blutility (426)
[2020.08.02-05.46.07:143][435]LogModuleManager: Shutting down and abandoning module ProjectSettingsViewer (424)
[2020.08.02-05.46.07:143][435]LogModuleManager: Shutting down and abandoning module ProjectTargetPlatformEditor (423)
[2020.08.02-05.46.07:165][435]LogModuleManager: Shutting down and abandoning module EditorSettingsViewer (420)
[2020.08.02-05.46.07:165][435]LogModuleManager: Shutting down and abandoning module SettingsEditor (418)
[2020.08.02-05.46.07:183][435]LogModuleManager: Shutting down and abandoning module ProjectLauncher (416)
[2020.08.02-05.46.07:196][435]LogModuleManager: Shutting down and abandoning module SessionFrontend (414)
[2020.08.02-05.46.07:210][435]LogModuleManager: Shutting down and abandoning module ProfilerClient (412)
[2020.08.02-05.46.07:217][435]LogModuleManager: Shutting down and abandoning module DeviceManager (410)
[2020.08.02-05.46.07:227][435]LogModuleManager: Shutting down and abandoning module TargetDeviceServices (409)
[2020.08.02-05.46.07:330][435]LogModuleManager: Shutting down and abandoning module AutomationController (406)
[2020.08.02-05.46.07:355][435]LogModuleManager: Shutting down and abandoning module AutomationWindow (404)
[2020.08.02-05.46.07:378][435]LogModuleManager: Shutting down and abandoning module Layers (402)
[2020.08.02-05.46.07:393][435]LogModuleManager: Shutting down and abandoning module ComponentVisualizers (400)
[2020.08.02-05.46.07:411][435]LogModuleManager: Shutting down and abandoning module DetailCustomizations (398)
[2020.08.02-05.46.07:438][435]LogModuleManager: Shutting down and abandoning module PackagesDialog (396)
[2020.08.02-05.46.07:438][435]LogModuleManager: Shutting down and abandoning module Persona (394)
[2020.08.02-05.46.07:470][435]LogModuleManager: Shutting down and abandoning module AdvancedPreviewScene (393)
[2020.08.02-05.46.07:470][435]LogModuleManager: Shutting down and abandoning module AnimGraph (391)
[2020.08.02-05.46.07:471][435]LogModuleManager: Shutting down and abandoning module Kismet (388)
[2020.08.02-05.46.07:556][435]LogModuleManager: Shutting down and abandoning module ClassViewer (386)
[2020.08.02-05.46.07:556][435]LogModuleManager: Shutting down and abandoning module Toolbox (384)
[2020.08.02-05.46.07:556][435]LogModuleManager: Shutting down and abandoning module ModuleUI (382)
[2020.08.02-05.46.07:573][435]LogModuleManager: Shutting down and abandoning module MovieSceneTools (380)
[2020.08.02-05.46.07:603][435]LogModuleManager: Shutting down and abandoning module OutputLog (378)
[2020.08.02-05.46.07:615][435]LogModuleManager: Shutting down and abandoning module GammaUI (376)
[2020.08.02-05.46.07:617][435]LogModuleManager: Shutting down and abandoning module Documentation (374)
[2020.08.02-05.46.07:618][435]LogModuleManager: Shutting down and abandoning module MovieSceneTracks (372)
[2020.08.02-05.46.07:627][435]LogModuleManager: Shutting down and abandoning module MovieScene (370)
[2020.08.02-05.46.07:627][435]LogModuleManager: Shutting down and abandoning module StreamingPauseRendering (368)
[2020.08.02-05.46.07:627][435]LogModuleManager: Shutting down and abandoning module LauncherPlatform (366)
[2020.08.02-05.46.07:627][435]LogModuleManager: Shutting down and abandoning module AnalyticsET (364)
[2020.08.02-05.46.07:627][435]LogModuleManager: Shutting down and abandoning module PortalServices (362)
[2020.08.02-05.46.07:627][435]LogModuleManager: Shutting down and abandoning module PortalRpc (360)
[2020.08.02-05.46.07:627][435]LogModuleManager: Shutting down and abandoning module MessagingRpc (358)
[2020.08.02-05.46.07:627][435]LogModuleManager: Shutting down and abandoning module AIModule (356)
[2020.08.02-05.46.07:634][435]LogModuleManager: Shutting down and abandoning module GameplayDebugger (355)
[2020.08.02-05.46.07:634][435]LogModuleManager: Shutting down and abandoning module AITestSuite (353)
[2020.08.02-05.46.07:639][435]LogModuleManager: Shutting down and abandoning module DesktopPlatform (350)
[2020.08.02-05.46.07:639][435]LogModuleManager: Shutting down and abandoning module ProfilerService (348)
[2020.08.02-05.46.07:808][435]LogModuleManager: Shutting down and abandoning module TaskGraph (346)
[2020.08.02-05.46.07:824][435]LogModuleManager: Shutting down and abandoning module SteamVRController (344)
[2020.08.02-05.46.07:824][435]LogModuleManager: Shutting down and abandoning module ProceduralMeshComponentEditor (342)
[2020.08.02-05.46.07:824][435]LogModuleManager: Shutting down and abandoning module ProceduralMeshComponent (340)
[2020.08.02-05.46.07:838][435]LogModuleManager: Shutting down and abandoning module OculusInput (338)
[2020.08.02-05.46.07:849][435]LogModuleManager: Shutting down and abandoning module MobilePatchingUtils (336)
[2020.08.02-05.46.07:849][435]LogModuleManager: Shutting down and abandoning module CustomMeshComponent (334)
[2020.08.02-05.46.07:849][435]LogModuleManager: Shutting down and abandoning module CableComponent (332)
[2020.08.02-05.46.07:849][435]LogModuleManager: Shutting down and abandoning module ArchVisCharacter (330)
[2020.08.02-05.46.07:850][435]LogModuleManager: Shutting down and abandoning module AndroidPermission (328)
[2020.08.02-05.46.07:850][435]LogModuleManager: Shutting down and abandoning module ActorSequence (324)
[2020.08.02-05.46.07:850][435]LogModuleManager: Shutting down and abandoning module MediaPlayerEditor (322)
[2020.08.02-05.46.07:872][435]LogModuleManager: Shutting down and abandoning module MediaCompositingEditor (320)
[2020.08.02-05.46.07:872][435]LogModuleManager: Shutting down and abandoning module MediaCompositing (318)
[2020.08.02-05.46.07:872][435]LogModuleManager: Shutting down and abandoning module HTML5Networking (316)
[2020.08.02-05.46.07:872][435]LogModuleManager: Shutting down and abandoning module AlembicImporter (314)
[2020.08.02-05.46.07:882][435]LogModuleManager: Shutting down and abandoning module AlembicLibrary (313)
[2020.08.02-05.46.07:882][435]LogModuleManager: Shutting down and abandoning module GeometryCache (312)
[2020.08.02-05.46.07:894][435]LogModuleManager: Shutting down and abandoning module GeometryCacheEd (311)
[2020.08.02-05.46.07:894][435]LogModuleManager: Shutting down and abandoning module SpeedTreeImporter (306)
[2020.08.02-05.46.07:894][435]LogModuleManager: Shutting down and abandoning module PluginBrowser (304)
[2020.08.02-05.46.07:927][435]LogModuleManager: Shutting down and abandoning module MobileLauncherProfileWizard (302)
[2020.08.02-05.46.07:936][435]LogModuleManager: Shutting down and abandoning module VisualStudioSourceCodeAccess (300)
[2020.08.02-05.46.07:937][435]LogModuleManager: Shutting down and abandoning module VisualStudioCodeSourceCodeAccess (298)
[2020.08.02-05.46.07:937][435]LogModuleManager: Shutting down and abandoning module UObjectPlugin (296)
[2020.08.02-05.46.07:937][435]LogModuleManager: Shutting down and abandoning module SubversionSourceControl (294)
[2020.08.02-05.46.07:948][435]LogModuleManager: Shutting down and abandoning module PerforceSourceControl (292)
[2020.08.02-05.46.07:961][435]LogModuleManager: Shutting down and abandoning module GitSourceControl (290)
[2020.08.02-05.46.07:979][435]LogModuleManager: Shutting down and abandoning module SourceControl (289)
[2020.08.02-05.46.07:990][435]LogModuleManager: Shutting down and abandoning module LightPropagationVolumeEditor (286)
[2020.08.02-05.46.07:991][435]LogModuleManager: Shutting down and abandoning module PaperTiledImporter (284)
[2020.08.02-05.46.07:991][435]LogModuleManager: Shutting down and abandoning module PaperSpriteSheetImporter (282)
[2020.08.02-05.46.07:991][435]LogModuleManager: Shutting down and abandoning module Paper2DEditor (280)
[2020.08.02-05.46.08:017][435]LogModuleManager: Shutting down and abandoning module MeshPaint (279)
[2020.08.02-05.46.08:032][435]LogModuleManager: Shutting down and abandoning module LevelEditor (277)
[2020.08.02-05.46.08:095][435]LogModuleManager: Shutting down and abandoning module PixelInspectorModule (276)
[2020.08.02-05.46.08:111][435]LogModuleManager: Shutting down and abandoning module MainFrame (274)
[2020.08.02-05.46.08:122][435]LogModuleManager: Shutting down and abandoning module HotReload (273)
[2020.08.02-05.46.08:169][435]LogModuleManager: Shutting down and abandoning module RuntimePhysXCooking (268)
[2020.08.02-05.46.08:170][435]LogModuleManager: Shutting down and abandoning module PhysXVehiclesEditor (266)
[2020.08.02-05.46.08:170][435]LogModuleManager: Shutting down and abandoning module PhysXVehicles (264)
[2020.08.02-05.46.08:170][435]LogModuleManager: Shutting down and abandoning module OculusEditor (262)
[2020.08.02-05.46.08:188][435]LogModuleManager: Shutting down and abandoning module LocationServicesBPLibrary (260)
[2020.08.02-05.46.08:188][435]LogModuleManager: Shutting down and abandoning module ImmediatePhysicsEditor (258)
[2020.08.02-05.46.08:188][435]LogModuleManager: Shutting down and abandoning module ImmediatePhysics (256)
[2020.08.02-05.46.08:202][435]LogModuleManager: Shutting down and abandoning module UdpMessaging (254)
[2020.08.02-05.46.08:566][435]LogModuleManager: Shutting down and abandoning module TcpMessaging (252)
[2020.08.02-05.46.08:679][435]LogModuleManager: Shutting down and abandoning module GameplayTagsEditor (250)
[2020.08.02-05.46.08:724][435]LogModuleManager: Shutting down and abandoning module FacialAnimationEditor (248)
[2020.08.02-05.46.08:724][435]LogModuleManager: Shutting down and abandoning module FacialAnimation (246)
[2020.08.02-05.46.08:724][435]LogModuleManager: Shutting down and abandoning module AssetManagerEditor (244)
[2020.08.02-05.46.08:733][435]LogModuleManager: Shutting down and abandoning module GraphEditor (243)
[2020.08.02-05.46.08:733][435]LogModuleManager: Shutting down and abandoning module ContentBrowser (241)
[2020.08.02-05.46.08:851][435]LogModuleManager: Shutting down and abandoning module LightPropagationVolumeRuntime (238)
[2020.08.02-05.46.08:851][435]LogModuleManager: Shutting down and abandoning module Paper2D (236)
[2020.08.02-05.46.08:864][435]LogModuleManager: Shutting down and abandoning module WindowsMoviePlayer (234)
[2020.08.02-05.46.08:874][435]LogModuleManager: Shutting down and abandoning module WmfMedia (232)
[2020.08.02-05.46.08:888][435]LogModuleManager: Shutting down and abandoning module ImgMedia (230)
[2020.08.02-05.46.08:895][435]LogModuleManager: Shutting down and abandoning module PacketHandler (228)
[2020.08.02-05.46.08:895][435]LogModuleManager: Shutting down and abandoning module ClothingSystemEditor (226)
[2020.08.02-05.46.08:895][435]LogModuleManager: Shutting down and abandoning module ClothingSystemRuntime (224)
[2020.08.02-05.46.08:917][435]LogModuleManager: Shutting down and abandoning module MediaAssets (222)
[2020.08.02-05.46.08:917][435]LogModuleManager: Shutting down and abandoning module Media (221)
[2020.08.02-05.46.08:946][435]LogModuleManager: Shutting down and abandoning module Overlay (218)
[2020.08.02-05.46.08:947][435]LogModuleManager: Shutting down and abandoning module OverlayEditor (217)
[2020.08.02-05.46.08:947][435]LogModuleManager: Shutting down and abandoning module VREditor (214)
[2020.08.02-05.46.08:993][435]LogModuleManager: Shutting down and abandoning module StringTableEditor (212)
[2020.08.02-05.46.09:018][435]LogModuleManager: Shutting down and abandoning module GameplayTasksEditor (210)
[2020.08.02-05.46.09:018][435]LogModuleManager: Shutting down and abandoning module BehaviorTreeEditor (208)
[2020.08.02-05.46.09:051][435]LogModuleManager: Shutting down and abandoning module FunctionalTesting (206)
[2020.08.02-05.46.09:083][435]LogModuleManager: Shutting down and abandoning module CollisionAnalyzer (204)
[2020.08.02-05.46.09:099][435]LogModuleManager: Shutting down and abandoning module WorkspaceMenuStructure (203)
[2020.08.02-05.46.09:099][435]LogModuleManager: Shutting down and abandoning module UMG (200)
[2020.08.02-05.46.09:149][435]LogModuleManager: Shutting down and abandoning module UMGEditor (199)
[2020.08.02-05.46.09:213][435]LogModuleManager: Shutting down and abandoning module Sequencer (198)
[2020.08.02-05.46.09:268][435]LogModuleManager: Shutting down and abandoning module MessageLog (195)
[2020.08.02-05.46.09:268][435]LogModuleManager: Shutting down and abandoning module SlateReflector (190)
[2020.08.02-05.46.09:307][435]LogModuleManager: Shutting down and abandoning module Slate (188)
[2020.08.02-05.46.09:307][435]LogModuleManager: Shutting down and abandoning module EditorStyle (186)
[2020.08.02-05.46.09:372][435]LogModuleManager: Shutting down and abandoning module MRMesh (184)
[2020.08.02-05.46.09:372][435]LogModuleManager: Shutting down and abandoning module SourceCodeAccess (182)
[2020.08.02-05.46.09:372][435]LogModuleManager: Shutting down and abandoning module HeadMountedDisplay (180)
[2020.08.02-05.46.09:372][435]LogModuleManager: Shutting down and abandoning module XAudio2 (178)
[2020.08.02-05.46.09:372][435]LogModuleManager: Shutting down and abandoning module Networking (176)
[2020.08.02-05.46.09:372][435]LogModuleManager: Shutting down and abandoning module Core (172)
[2020.08.02-05.46.09:372][435]LogModuleManager: Shutting down and abandoning module LevelSequence (168)
[2020.08.02-05.46.09:389][435]LogModuleManager: Shutting down and abandoning module DirectoryWatcher (166)
[2020.08.02-05.46.09:403][435]LogModuleManager: Shutting down and abandoning module KismetCompiler (164)
[2020.08.02-05.46.09:403][435]LogModuleManager: Shutting down and abandoning module MeshUtilities (162)
[2020.08.02-05.46.09:447][435]LogModuleManager: Shutting down and abandoning module MeshMergeUtilities (161)
[2020.08.02-05.46.09:459][435]LogModuleManager: Shutting down and abandoning module MeshReductionInterface (160)
[2020.08.02-05.46.09:459][435]LogModuleManager: Shutting down and abandoning module SimplygonSwarm (159)
[2020.08.02-05.46.09:467][435]LogModuleManager: Shutting down and abandoning module SimplygonMeshReduction (157)
[2020.08.02-05.46.09:467][435]LogModuleManager: Shutting down and abandoning module QuadricMeshReduction (155)
[2020.08.02-05.46.09:476][435]LogModuleManager: Shutting down and abandoning module MaterialBaking (151)
[2020.08.02-05.46.09:482][435]LogModuleManager: Shutting down and abandoning module DerivedDataCache (148)
[2020.08.02-05.46.09:539][435]LogDerivedDataCache: Shutdown
[2020.08.02-05.46.09:539][435]LogModuleManager: Shutting down and abandoning module TargetPlatform (146)
[2020.08.02-05.46.09:555][435]LogModuleManager: Shutting down and abandoning module VulkanShaderFormat (145)
[2020.08.02-05.46.09:571][435]LogModuleManager: Shutting down and abandoning module ShaderFormatVectorVM (143)
[2020.08.02-05.46.09:612][435]LogModuleManager: Shutting down and abandoning module ShaderFormatOpenGL (141)
[2020.08.02-05.46.09:639][435]LogModuleManager: Shutting down and abandoning module ShaderFormatD3D (139)
[2020.08.02-05.46.09:645][435]LogModuleManager: Shutting down and abandoning module MetalShaderFormat (137)
[2020.08.02-05.46.09:658][435]LogModuleManager: Shutting down and abandoning module TextureFormatUncompressed (135)
[2020.08.02-05.46.09:659][435]LogModuleManager: Shutting down and abandoning module TextureFormatPVR (133)
[2020.08.02-05.46.09:659][435]LogModuleManager: Shutting down and abandoning module TextureFormatDXT (131)
[2020.08.02-05.46.09:665][435]LogModuleManager: Shutting down and abandoning module TextureFormatIntelISPCTexComp (129)
[2020.08.02-05.46.09:675][435]LogModuleManager: Shutting down and abandoning module TextureFormatASTC (127)
[2020.08.02-05.46.09:675][435]LogModuleManager: Shutting down and abandoning module ImageWrapper (126)
[2020.08.02-05.46.09:675][435]LogModuleManager: Shutting down and abandoning module TextureFormatAndroid (123)
[2020.08.02-05.46.09:676][435]LogModuleManager: Shutting down and abandoning module AudioFormatOpus (121)
[2020.08.02-05.46.09:676][435]LogModuleManager: Shutting down and abandoning module AudioFormatOgg (119)
[2020.08.02-05.46.09:676][435]LogModuleManager: Shutting down and abandoning module AudioFormatADPCM (117)
[2020.08.02-05.46.09:676][435]LogModuleManager: Shutting down and abandoning module LinuxTargetPlatform (115)
[2020.08.02-05.46.09:694][435]LogModuleManager: Shutting down and abandoning module LinuxServerTargetPlatform (113)
[2020.08.02-05.46.09:694][435]LogModuleManager: Shutting down and abandoning module LinuxNoEditorTargetPlatform (111)
[2020.08.02-05.46.09:694][435]LogModuleManager: Shutting down and abandoning module LinuxClientTargetPlatform (109)
[2020.08.02-05.46.09:694][435]LogModuleManager: Shutting down and abandoning module TVOSTargetPlatform (107)
[2020.08.02-05.46.09:694][435]LogModuleManager: Shutting down and abandoning module Messaging (105)
[2020.08.02-05.46.09:694][435]LogModuleManager: Shutting down and abandoning module IOSTargetPlatform (103)
[2020.08.02-05.46.09:694][435]LogModuleManager: Shutting down and abandoning module HTML5TargetPlatform (101)
[2020.08.02-05.46.09:694][435]LogModuleManager: Shutting down and abandoning module AndroidTargetPlatform (99)
[2020.08.02-05.46.09:694][435]LogModuleManager: Shutting down and abandoning module Android_PVRTCTargetPlatform (97)
[2020.08.02-05.46.09:694][435]LogModuleManager: Shutting down and abandoning module Android_MultiTargetPlatform (95)
[2020.08.02-05.46.09:694][435]LogModuleManager: Shutting down and abandoning module Android_ETC2TargetPlatform (93)
[2020.08.02-05.46.09:694][435]LogModuleManager: Shutting down and abandoning module Android_ETC1TargetPlatform (91)
[2020.08.02-05.46.09:695][435]LogModuleManager: Shutting down and abandoning module Android_DXTTargetPlatform (89)
[2020.08.02-05.46.09:718][435]LogModuleManager: Shutting down and abandoning module Android_ATCTargetPlatform (87)
[2020.08.02-05.46.09:718][435]LogModuleManager: Shutting down and abandoning module Android_ASTCTargetPlatform (85)
[2020.08.02-05.46.09:718][435]LogModuleManager: Shutting down and abandoning module WindowsTargetPlatform (83)
[2020.08.02-05.46.09:718][435]LogModuleManager: Shutting down and abandoning module WindowsServerTargetPlatform (81)
[2020.08.02-05.46.09:718][435]LogModuleManager: Shutting down and abandoning module WindowsNoEditorTargetPlatform (79)
[2020.08.02-05.46.09:718][435]LogModuleManager: Shutting down and abandoning module WindowsClientTargetPlatform (77)
[2020.08.02-05.46.09:718][435]LogModuleManager: Shutting down and abandoning module MacTargetPlatform (75)
[2020.08.02-05.46.09:728][435]LogModuleManager: Shutting down and abandoning module MacServerTargetPlatform (73)
[2020.08.02-05.46.09:759][435]LogModuleManager: Shutting down and abandoning module MacNoEditorTargetPlatform (71)
[2020.08.02-05.46.09:759][435]LogModuleManager: Shutting down and abandoning module MacClientTargetPlatform (69)
[2020.08.02-05.46.09:759][435]LogModuleManager: Shutting down and abandoning module AllDesktopTargetPlatform (67)
[2020.08.02-05.46.09:759][435]LogModuleManager: Shutting down and abandoning module InputCore (64)
[2020.08.02-05.46.09:760][435]LogModuleManager: Shutting down and abandoning module Settings (62)
[2020.08.02-05.46.09:760][435]LogModuleManager: Shutting down and abandoning module PhysXCooking (60)
[2020.08.02-05.46.09:760][435]LogModuleManager: Shutting down and abandoning module SteamVR (58)
[2020.08.02-05.46.09:760][435]LogModuleManager: Shutting down and abandoning module OculusHMD (56)
[2020.08.02-05.46.09:781][435]LogModuleManager: Shutting down and abandoning module ExampleDeviceProfileSelector (54)
[2020.08.02-05.46.09:799][435]LogModuleManager: Shutting down and abandoning module AppleARKit (52)
[2020.08.02-05.46.09:799][435]LogModuleManager: Shutting down and abandoning module AugmentedReality (51)
[2020.08.02-05.46.09:799][435]LogModuleManager: Shutting down and abandoning module OnlineBlueprintSupport (48)
[2020.08.02-05.46.09:799][435]LogModuleManager: Shutting down and abandoning module OnlineSubsystem (44)
[2020.08.02-05.46.09:834][435]LogModuleManager: Shutting down and abandoning module XMPP (43)
[2020.08.02-05.46.09:850][435]LogModuleManager: Shutting down and abandoning module HTTP (41)
[2020.08.02-05.46.09:850][435]LogHttp: Display: Http module shutting down, but needs to wait on 2 outstanding Http requests:
[2020.08.02-05.46.09:860][435]LogHttp: Display: 	verb=[POST] url=[https://datarouter.ol.epicgames.com/datarouter/api/v1/public/data?SessionID=%7B63423EDB-487A-5CDB-E516-BA81F2A6DBA8%7D&AppID=UEEditor.Rocket.Release&AppVersion=4.18.3-3832480%2B%2B%2BUE4%2BRelease-4.18&UserID=dab985eb449ee4f1b342389e404cab9f%7C845779d9bd904572b61cf91381b7a44e%7C4e718ad1-99cd-4dc7-9063-d4e2b6f3fd7d&AppEnvironment=datacollector-binary&UploadType=eteventstream] status=Processing
[2020.08.02-05.46.09:860][435]LogHttp: Display: 	verb=[POST] url=[https://datarouter.ol.epicgames.com/datarouter/api/v1/public/data?SessionID=%7B63423EDB-487A-5CDB-E516-BA81F2A6DBA8%7D&AppID=UEEditor.Rocket.Release&AppVersion=4.18.3-3832480%2B%2B%2BUE4%2BRelease-4.18&UserID=dab985eb449ee4f1b342389e404cab9f%7C845779d9bd904572b61cf91381b7a44e%7C4e718ad1-99cd-4dc7-9063-d4e2b6f3fd7d&AppEnvironment=datacollector-binary&UploadType=eteventstream] status=Processing
[2020.08.02-05.46.09:948][435]LogModuleManager: Shutting down and abandoning module SSL (40)
[2020.08.02-05.46.10:017][435]LogModuleManager: Shutting down and abandoning module AnimationModifiers (36)
[2020.08.02-05.46.10:030][435]LogModuleManager: Shutting down and abandoning module PropertyEditor (35)
[2020.08.02-05.46.10:031][435]LogModuleManager: Shutting down and abandoning module AudioEditor (32)
[2020.08.02-05.46.10:051][435]LogModuleManager: Shutting down and abandoning module TextureCompressor (30)
[2020.08.02-05.46.10:329][435]LogModuleManager: Shutting down and abandoning module ShaderCore (28)
[2020.08.02-05.46.10:329][435]LogModuleManager: Shutting down and abandoning module Landscape (26)
[2020.08.02-05.46.10:329][435]LogModuleManager: Shutting down and abandoning module SlateRHIRenderer (24)
[2020.08.02-05.46.10:442][435]LogModuleManager: Shutting down and abandoning module OpenGLDrv (22)
[2020.08.02-05.46.10:460][435]LogModuleManager: Shutting down and abandoning module D3D11RHI (20)
[2020.08.02-05.46.10:460][435]LogModuleManager: Shutting down and abandoning module AnimGraphRuntime (18)
[2020.08.02-05.46.10:473][435]LogModuleManager: Shutting down and abandoning module Renderer (16)
[2020.08.02-05.46.10:473][435]LogModuleManager: Shutting down and abandoning module Engine (14)
[2020.08.02-05.46.10:473][435]LogModuleManager: Shutting down and abandoning module CoreUObject (12)
[2020.08.02-05.46.10:473][435]LogModuleManager: Shutting down and abandoning module NetworkFile (10)
[2020.08.02-05.46.10:479][435]LogModuleManager: Shutting down and abandoning module CookedIterativeFile (8)
[2020.08.02-05.46.10:479][435]LogModuleManager: Shutting down and abandoning module StreamingFile (6)
[2020.08.02-05.46.10:486][435]LogModuleManager: Shutting down and abandoning module SandboxFile (4)
[2020.08.02-05.46.10:495][435]LogModuleManager: Shutting down and abandoning module PakFile (2)
[2020.08.02-05.46.10:526][435]LogExit: Exiting.
[2020.08.02-05.46.10:781][435]Log file closed, 08/02/20 11:46:10
