Log file open, 08/04/20 16:27:17
LogWindows: Failed to load 'aqProf.dll' (GetLastError=126)
LogWindows: File 'aqProf.dll' does not exist
LogWindows: Failed to load 'VSPerf140.dll' (GetLastError=126)
LogWindows: File 'VSPerf140.dll' does not exist
LogWindows: Failed to load 'VtuneApi.dll' (GetLastError=126)
LogWindows: File 'VtuneApi.dll' does not exist
LogWindows: Failed to load 'VtuneApi32e.dll' (GetLastError=126)
LogWindows: File 'VtuneApi32e.dll' does not exist
LogInit: Display: Running engine for game: Vigilance418
LogPlatformFile: Not using cached read wrapper
LogInit: Display: RandInit(433312088) SRandInit(433312089).
LogInit: Read version file with build ID '3709383'
LogInit: Overriding engine version to CL 3832480, compatible CL 3709383
LogInit: Registered custom module enumerator with build ID '3709383'
LogTaskGraph: Started task graph with 5 named threads and 8 total threads with 3 sets of task threads.
LogStats: Stats thread started at 0.593219
LogD3D11RHI: Aftermath initialized
LogModuleManager: Display: Found up-to-date module file ../../../Engine/Plugins/2D/Paper2D/Binaries/Win64/UE4Editor-Paper2D.dll (API version 3709383).
LogModuleManager: Display: Found up-to-date module file ../../../Engine/Plugins/2D/Paper2D/Binaries/Win64/UE4Editor-Paper2DEditor.dll (API version 3709383).
LogModuleManager: Display: Found up-to-date module file ../../../Engine/Plugins/2D/Paper2D/Binaries/Win64/UE4Editor-PaperSpriteSheetImporter.dll (API version 3709383).
LogModuleManager: Display: Found up-to-date module file ../../../Engine/Plugins/2D/Paper2D/Binaries/Win64/UE4Editor-PaperTiledImporter.dll (API version 3709383).
LogModuleManager: Display: Found up-to-date module file ../../../Engine/Plugins/2D/Paper2D/Binaries/Win64/UE4Editor-SmartSnapping.dll (API version 3709383).
LogModuleManager: Display: Found up-to-date module file ../../../Engine/Plugins/Blendables/LightPropagationVolume/Binaries/Win64/UE4Editor-LightPropagationVolumeRuntime.dll (API version 3709383).
LogModuleManager: Display: Found up-to-date module file ../../../Engine/Plugins/Blendables/LightPropagationVolume/Binaries/Win64/UE4Editor-LightPropagationVolumeEditor.dll (API version 3709383).
LogModuleManager: Display: Found up-to-date module file ../../../Engine/Plugins/Developer/GitSourceControl/Binaries/Win64/UE4Editor-GitSourceControl.dll (API version 3709383).
LogModuleManager: Display: Found up-to-date module file ../../../Engine/Plugins/Developer/PerforceSourceControl/Binaries/Win64/UE4Editor-PerforceSourceControl.dll (API version 3709383).
LogModuleManager: Display: Found up-to-date module file ../../../Engine/Plugins/Developer/SubversionSourceControl/Binaries/Win64/UE4Editor-SubversionSourceControl.dll (API version 3709383).
LogModuleManager: Display: Found up-to-date module file ../../../Engine/Plugins/Developer/UObjectPlugin/Binaries/Win64/UE4Editor-UObjectPlugin.dll (API version 3709383).
LogModuleManager: Display: Found up-to-date module file ../../../Engine/Plugins/Developer/VisualStudioCodeSourceCodeAccess/Binaries/Win64/UE4Editor-VisualStudioCodeSourceCodeAccess.dll (API version 3709383).
LogModuleManager: Display: Found up-to-date module file ../../../Engine/Plugins/Developer/VisualStudioSourceCodeAccess/Binaries/Win64/UE4Editor-VisualStudioSourceCodeAccess.dll (API version 3709383).
LogModuleManager: Display: Found up-to-date module file ../../../Engine/Plugins/Editor/AssetManagerEditor/Binaries/Win64/UE4Editor-AssetManagerEditor.dll (API version 3709383).
LogModuleManager: Display: Found up-to-date module file ../../../Engine/Plugins/Editor/AudioCapture/Binaries/Win64/UE4Editor-AudioCapture.dll (API version 3709383).
LogModuleManager: Display: Found up-to-date module file ../../../Engine/Plugins/Editor/FacialAnimation/Binaries/Win64/UE4Editor-FacialAnimation.dll (API version 3709383).
LogModuleManager: Display: Found up-to-date module file ../../../Engine/Plugins/Editor/FacialAnimation/Binaries/Win64/UE4Editor-FacialAnimationEditor.dll (API version 3709383).
LogModuleManager: Display: Found up-to-date module file ../../../Engine/Plugins/Editor/GameplayTagsEditor/Binaries/Win64/UE4Editor-GameplayTagsEditor.dll (API version 3709383).
LogModuleManager: Display: Found up-to-date module file ../../../Engine/Plugins/Editor/MobileLauncherProfileWizard/Binaries/Win64/UE4Editor-MobileLauncherProfileWizard.dll (API version 3709383).
LogModuleManager: Display: Found up-to-date module file ../../../Engine/Plugins/Editor/PluginBrowser/Binaries/Win64/UE4Editor-PluginBrowser.dll (API version 3709383).
LogModuleManager: Display: Found up-to-date module file ../../../Engine/Plugins/Editor/SpeedTreeImporter/Binaries/Win64/UE4Editor-SpeedTreeImporter.dll (API version 3709383).
LogModuleManager: Display: Found up-to-date module file ../../../Engine/Plugins/Experimental/AlembicImporter/Binaries/Win64/UE4Editor-AlembicImporter.dll (API version 3709383).
LogModuleManager: Display: Found up-to-date module file ../../../Engine/Plugins/Experimental/AlembicImporter/Binaries/Win64/UE4Editor-AlembicLibrary.dll (API version 3709383).
LogModuleManager: Display: Found up-to-date module file ../../../Engine/Plugins/Experimental/CharacterAI/Binaries/Win64/UE4Editor-CharacterAI.dll (API version 3709383).
LogModuleManager: Display: Found up-to-date module file ../../../Engine/Plugins/Experimental/HTML5Networking/Binaries/Win64/UE4Editor-HTML5Networking.dll (API version 3709383).
LogModuleManager: Display: Found up-to-date module file ../../../Engine/Plugins/Media/AndroidMedia/Binaries/Win64/UE4Editor-AndroidMediaEditor.dll (API version 3709383).
LogModuleManager: Display: Found up-to-date module file ../../../Engine/Plugins/Media/AndroidMedia/Binaries/Win64/UE4Editor-AndroidMediaFactory.dll (API version 3709383).
LogModuleManager: Display: Found up-to-date module file ../../../Engine/Plugins/Media/AvfMedia/Binaries/Win64/UE4Editor-AvfMediaEditor.dll (API version 3709383).
LogModuleManager: Display: Found up-to-date module file ../../../Engine/Plugins/Media/AvfMedia/Binaries/Win64/UE4Editor-AvfMediaFactory.dll (API version 3709383).
LogModuleManager: Display: Found up-to-date module file ../../../Engine/Plugins/Media/AvfMedia/Binaries/Win64/UE4Editor-AvfMediaFactory.dll (API version 3709383).
LogModuleManager: Display: Found up-to-date module file ../../../Engine/Plugins/Media/ImgMedia/Binaries/Win64/UE4Editor-ImgMedia.dll (API version 3709383).
LogModuleManager: Display: Found up-to-date module file ../../../Engine/Plugins/Media/ImgMedia/Binaries/Win64/UE4Editor-ImgMediaEditor.dll (API version 3709383).
LogModuleManager: Display: Found up-to-date module file ../../../Engine/Plugins/Media/ImgMedia/Binaries/Win64/UE4Editor-ImgMediaFactory.dll (API version 3709383).
LogModuleManager: Display: Found up-to-date module file ../../../Engine/Plugins/Media/ImgMedia/Binaries/Win64/UE4Editor-ImgMediaFactory.dll (API version 3709383).
LogModuleManager: Display: Found up-to-date module file ../../../Engine/Plugins/Media/ImgMedia/Binaries/Win64/UE4Editor-OpenExrWrapper.dll (API version 3709383).
LogModuleManager: Display: Found up-to-date module file ../../../Engine/Plugins/Media/MediaCompositing/Binaries/Win64/UE4Editor-MediaCompositing.dll (API version 3709383).
LogModuleManager: Display: Found up-to-date module file ../../../Engine/Plugins/Media/MediaCompositing/Binaries/Win64/UE4Editor-MediaCompositingEditor.dll (API version 3709383).
LogModuleManager: Display: Found up-to-date module file ../../../Engine/Plugins/Media/MediaPlayerEditor/Binaries/Win64/UE4Editor-MediaPlayerEditor.dll (API version 3709383).
LogModuleManager: Display: Found up-to-date module file ../../../Engine/Plugins/Media/WmfMedia/Binaries/Win64/UE4Editor-WmfMedia.dll (API version 3709383).
LogModuleManager: Display: Found up-to-date module file ../../../Engine/Plugins/Media/WmfMedia/Binaries/Win64/UE4Editor-WmfMediaEditor.dll (API version 3709383).
LogModuleManager: Display: Found up-to-date module file ../../../Engine/Plugins/Media/WmfMedia/Binaries/Win64/UE4Editor-WmfMediaFactory.dll (API version 3709383).
LogModuleManager: Display: Found up-to-date module file ../../../Engine/Plugins/Media/WmfMedia/Binaries/Win64/UE4Editor-WmfMediaFactory.dll (API version 3709383).
LogModuleManager: Display: Found up-to-date module file ../../../Engine/Plugins/Messaging/TcpMessaging/Binaries/Win64/UE4Editor-TcpMessaging.dll (API version 3709383).
LogModuleManager: Display: Found up-to-date module file ../../../Engine/Plugins/Messaging/UdpMessaging/Binaries/Win64/UE4Editor-UdpMessaging.dll (API version 3709383).
LogModuleManager: Display: Found up-to-date module file ../../../Engine/Plugins/MovieScene/ActorSequence/Binaries/Win64/UE4Editor-ActorSequence.dll (API version 3709383).
LogModuleManager: Display: Found up-to-date module file ../../../Engine/Plugins/MovieScene/LevelSequenceEditor/Binaries/Win64/UE4Editor-LevelSequenceEditor.dll (API version 3709383).
LogModuleManager: Display: Found up-to-date module file ../../../Engine/Plugins/MovieScene/MatineeToLevelSequence/Binaries/Win64/UE4Editor-MatineeToLevelSequence.dll (API version 3709383).
LogModuleManager: Display: Found up-to-date module file ../../../Engine/Plugins/Online/OnlineSubsystem/Binaries/Win64/UE4Editor-OnlineSubsystem.dll (API version 3709383).
LogModuleManager: Display: Found up-to-date module file ../../../Engine/Plugins/Runtime/AndroidPermission/Binaries/Win64/UE4Editor-AndroidPermission.dll (API version 3709383).
LogModuleManager: Display: Found up-to-date module file ../../../Engine/Plugins/Online/OnlineSubsystemNull/Binaries/Win64/UE4Editor-OnlineSubsystemNull.dll (API version 3709383).
LogModuleManager: Display: Found up-to-date module file ../../../Engine/Plugins/Online/OnlineSubsystemUtils/Binaries/Win64/UE4Editor-OnlineSubsystemUtils.dll (API version 3709383).
LogModuleManager: Display: Found up-to-date module file ../../../Engine/Plugins/Online/OnlineSubsystemUtils/Binaries/Win64/UE4Editor-OnlineBlueprintSupport.dll (API version 3709383).
LogModuleManager: Display: Found up-to-date module file ../../../Engine/Plugins/Runtime/AndroidDeviceProfileSelector/Binaries/Win64/UE4Editor-AndroidDeviceProfileSelector.dll (API version 3709383).
LogModuleManager: Display: Found up-to-date module file ../../../Engine/Plugins/Runtime/AppleARKit/Binaries/Win64/UE4Editor-AppleARKit.dll (API version 3709383).
LogModuleManager: Display: Found up-to-date module file ../../../Engine/Plugins/Runtime/ArchVisCharacter/Binaries/Win64/UE4Editor-ArchVisCharacter.dll (API version 3709383).
LogModuleManager: Display: Found up-to-date module file ../../../Engine/Plugins/Runtime/CableComponent/Binaries/Win64/UE4Editor-CableComponent.dll (API version 3709383).
LogModuleManager: Display: Found up-to-date module file ../../../Engine/Plugins/Runtime/CustomMeshComponent/Binaries/Win64/UE4Editor-CustomMeshComponent.dll (API version 3709383).
LogModuleManager: Display: Found up-to-date module file ../../../Engine/Plugins/Runtime/ExampleDeviceProfileSelector/Binaries/Win64/UE4Editor-ExampleDeviceProfileSelector.dll (API version 3709383).
LogModuleManager: Display: Found up-to-date module file ../../../Engine/Plugins/Runtime/ImmediatePhysics/Binaries/Win64/UE4Editor-ImmediatePhysics.dll (API version 3709383).
LogModuleManager: Display: Found up-to-date module file ../../../Engine/Plugins/Runtime/ImmediatePhysics/Binaries/Win64/UE4Editor-ImmediatePhysicsEditor.dll (API version 3709383).
LogModuleManager: Display: Found up-to-date module file ../../../Engine/Plugins/Runtime/LocationServicesBPLibrary/Binaries/Win64/UE4Editor-LocationServicesBPLibrary.dll (API version 3709383).
LogModuleManager: Display: Found up-to-date module file ../../../Engine/Plugins/Runtime/MobilePatchingUtils/Binaries/Win64/UE4Editor-MobilePatchingUtils.dll (API version 3709383).
LogModuleManager: Display: Found up-to-date module file ../../../Engine/Plugins/Runtime/Oculus/OculusVR/Binaries/Win64/UE4Editor-OculusHMD.dll (API version 3709383).
LogModuleManager: Display: Found up-to-date module file ../../../Engine/Plugins/Runtime/Oculus/OculusVR/Binaries/Win64/UE4Editor-OculusInput.dll (API version 3709383).
LogModuleManager: Display: Found up-to-date module file ../../../Engine/Plugins/Runtime/Oculus/OculusVR/Binaries/Win64/UE4Editor-OculusEditor.dll (API version 3709383).
LogModuleManager: Display: Found up-to-date module file ../../../Engine/Plugins/Runtime/PhysXVehicles/Binaries/Win64/UE4Editor-PhysXVehicles.dll (API version 3709383).
LogModuleManager: Display: Found up-to-date module file ../../../Engine/Plugins/Runtime/PhysXVehicles/Binaries/Win64/UE4Editor-PhysXVehiclesEditor.dll (API version 3709383).
LogModuleManager: Display: Found up-to-date module file ../../../Engine/Plugins/Runtime/ProceduralMeshComponent/Binaries/Win64/UE4Editor-ProceduralMeshComponent.dll (API version 3709383).
LogModuleManager: Display: Found up-to-date module file ../../../Engine/Plugins/Runtime/ProceduralMeshComponent/Binaries/Win64/UE4Editor-ProceduralMeshComponentEditor.dll (API version 3709383).
LogModuleManager: Display: Found up-to-date module file ../../../Engine/Plugins/Runtime/RuntimePhysXCooking/Binaries/Win64/UE4Editor-RuntimePhysXCooking.dll (API version 3709383).
LogModuleManager: Display: Found up-to-date module file ../../../Engine/Plugins/Runtime/Steam/SteamVR/Binaries/Win64/UE4Editor-SteamVR.dll (API version 3709383).
LogModuleManager: Display: Found up-to-date module file ../../../Engine/Plugins/Runtime/Steam/SteamVR/Binaries/Win64/UE4Editor-SteamVRController.dll (API version 3709383).
LogModuleManager: Display: Found up-to-date module file ../../../Engine/Plugins/Runtime/WindowsMoviePlayer/Binaries/Win64/UE4Editor-WindowsMoviePlayer.dll (API version 3709383).
LogPluginManager: Mounting plugin Paper2D
LogPluginManager: Mounting plugin LightPropagationVolume
LogPluginManager: Mounting plugin CodeLiteSourceCodeAccess
LogPluginManager: Mounting plugin GitSourceControl
LogPluginManager: Mounting plugin KDevelopSourceCodeAccess
LogPluginManager: Mounting plugin NullSourceCodeAccess
LogPluginManager: Mounting plugin PerforceSourceControl
LogPluginManager: Mounting plugin SubversionSourceControl
LogPluginManager: Mounting plugin UObjectPlugin
LogPluginManager: Mounting plugin VisualStudioCodeSourceCodeAccess
LogPluginManager: Mounting plugin VisualStudioSourceCodeAccess
LogPluginManager: Mounting plugin XCodeSourceCodeAccess
LogPluginManager: Mounting plugin AssetManagerEditor
LogPluginManager: Mounting plugin AudioCapture
LogPluginManager: Mounting plugin FacialAnimation
LogPluginManager: Mounting plugin GameplayTagsEditor
LogPluginManager: Mounting plugin MobileLauncherProfileWizard
LogPluginManager: Mounting plugin PluginBrowser
LogPluginManager: Mounting plugin SpeedTreeImporter
LogPluginManager: Mounting plugin AlembicImporter
LogPluginManager: Mounting plugin CharacterAI
LogPluginManager: Mounting plugin HTML5Networking
LogPluginManager: Mounting plugin AndroidMedia
LogPluginManager: Mounting plugin AvfMedia
LogPluginManager: Mounting plugin ImgMedia
LogPluginManager: Mounting plugin MediaCompositing
LogPluginManager: Mounting plugin MediaPlayerEditor
LogPluginManager: Mounting plugin WmfMedia
LogPluginManager: Mounting plugin TcpMessaging
LogPluginManager: Mounting plugin UdpMessaging
LogPluginManager: Mounting plugin ActorSequence
LogPluginManager: Mounting plugin LevelSequenceEditor
LogPluginManager: Mounting plugin MatineeToLevelSequence
LogPluginManager: Mounting plugin OnlineSubsystemGooglePlay
LogPluginManager: Mounting plugin OnlineSubsystemIOS
LogPluginManager: Mounting plugin OnlineSubsystem
LogPluginManager: Mounting plugin OnlineSubsystemNull
LogPluginManager: Mounting plugin OnlineSubsystemUtils
LogPluginManager: Mounting plugin AndroidDeviceProfileSelector
LogPluginManager: Mounting plugin AndroidMoviePlayer
LogPluginManager: Mounting plugin AndroidPermission
LogPluginManager: Mounting plugin AppleARKit
LogPluginManager: Mounting plugin AppleMoviePlayer
LogPluginManager: Mounting plugin ArchVisCharacter
LogPluginManager: Mounting plugin CableComponent
LogPluginManager: Mounting plugin CustomMeshComponent
LogPluginManager: Mounting plugin ExampleDeviceProfileSelector
LogPluginManager: Mounting plugin GoogleCloudMessaging
LogPluginManager: Mounting plugin ImmediatePhysics
LogPluginManager: Mounting plugin IOSDeviceProfileSelector
LogPluginManager: Mounting plugin LinuxDeviceProfileSelector
LogPluginManager: Mounting plugin LocationServicesBPLibrary
LogPluginManager: Mounting plugin MobilePatchingUtils
LogPluginManager: Mounting plugin OculusVR
LogPluginManager: Plugin shader directory ../../../Engine/Plugins/Runtime/Oculus/OculusVR/Shaders found
LogPluginManager: Mapping shader source directory ../../../Engine/Plugins/Runtime/Oculus/OculusVR/Shaders to virtual directory /Plugin/OculusVR
LogPluginManager: Mounting plugin PhysXVehicles
LogPluginManager: Mounting plugin ProceduralMeshComponent
LogPluginManager: Mounting plugin RuntimePhysXCooking
LogPluginManager: Mounting plugin SteamVR
LogPluginManager: Mounting plugin WindowsMoviePlayer
LogInit: Using libcurl 7.47.1
LogInit:  - built for x86_64-pc-win32
LogInit:  - supports SSL with OpenSSL/1.0.2g
LogInit:  - supports HTTP deflate (compression) using libz 1.2.8
LogInit:  - other features:
LogInit:      CURL_VERSION_SSL
LogInit:      CURL_VERSION_LIBZ
LogInit:      CURL_VERSION_IPV6
LogInit:      CURL_VERSION_ASYNCHDNS
LogInit:      CURL_VERSION_LARGEFILE
LogInit:      CURL_VERSION_IDN
LogInit:  CurlRequestOptions (configurable via config and command line):
LogInit:  - bVerifyPeer = false  - Libcurl will NOT verify peer certificate
LogInit:  - bUseHttpProxy = false  - Libcurl will NOT use HTTP proxy
LogInit:  - bDontReuseConnections = false  - Libcurl will reuse connections
LogInit:  - CertBundlePath = nullptr  - Libcurl will use whatever was configured at build time.
LogInit: Build: ++UE4+Release-4.18-CL-3832480
LogInit: Engine Version: 4.18.3-3832480+++UE4+Release-4.18
LogInit: Compatible Engine Version: 4.18.0-3709383+++UE4+Release-4.18
LogInit: Net CL: 3709383
LogDevObjectVersion: Number of dev versions registered: 16
LogDevObjectVersion:   Dev-Blueprints (B0D832E4-1F89-4F0D-ACCF-7EB736FD4AA2): 10
LogDevObjectVersion:   Dev-Build (E1C64328-A22C-4D53-A36C-8E866417BD8C): 0
LogDevObjectVersion:   Dev-Core (375EC13C-06E4-48FB-B500-84F0262A717E): 2
LogDevObjectVersion:   Dev-Editor (E4B068ED-F494-42E9-A231-DA0B2E46BB41): 20
LogDevObjectVersion:   Dev-Framework (CFFC743F-43B0-4480-9391-14DF171D2073): 30
LogDevObjectVersion:   Dev-Mobile (B02B49B5-BB20-44E9-A304-32B752E40360): 0
LogDevObjectVersion:   Dev-Networking (A4E4105C-59A1-49B5-A7C5-40C4547EDFEE): 0
LogDevObjectVersion:   Dev-Online (39C831C9-5AE6-47DC-9A44-9C173E1C8E7C): 0
LogDevObjectVersion:   Dev-Physics (78F01B33-EBEA-4F98-B9B4-84EACCB95AA2): 0
LogDevObjectVersion:   Dev-Platform (6631380F-2D4D-43E0-8009-CF276956A95A): 0
LogDevObjectVersion:   Dev-Rendering (12F88B9F-8875-4AFC-A67C-D90C383ABD29): 20
LogDevObjectVersion:   Dev-Sequencer (7B5AE74C-D270-4C10-A958-57980B212A5A): 4
LogDevObjectVersion:   Dev-VR (D7296918-1DD6-4BDD-9DE2-64A83CC13884): 0
LogDevObjectVersion:   Dev-LoadTimes (C2A15278-BFE7-4AFE-6C17-90FF531DF755): 1
LogDevObjectVersion:   Private-Geometry (6EACA3D4-40EC-4CC1-B786-8BED09428FC5): 1
LogDevObjectVersion:   Dev-AnimPhys (29E575DD-E0A3-4627-9D10-D276232CDCEA): 12
LogInit: Compiled (64-bit): Jan 12 2018 02:04:55
LogInit: Compiled with Visual C++: 19.00.24215.01
LogInit: Build Configuration: Development
LogInit: Branch Name: ++UE4+Release-4.18
LogInit: Command line:  
LogInit: Base directory: E:/GameDev/Unreal/Engine/UE_4.18/Engine/Binaries/Win64/
LogInit: Installed Engine Build: 1
LogInit: Presizing for max 8388607 objects, including 0 objects not considered by GC, pre-allocating 0 bytes for permanent pool.
LogInit: Object subsystem initialized
[2020.08.04-10.27.33:613][  0]LogInit: Selected Device Profile: [Windows]
[2020.08.04-10.27.33:613][  0]LogInit: Applying CVar settings loaded from the selected device profile: [Windows]
[2020.08.04-10.27.33:842][  0]LogInit: Computer: ISHRAQ-PC
[2020.08.04-10.27.33:842][  0]LogInit: User: farha
[2020.08.04-10.27.33:842][  0]LogInit: CPU Page size=4096, Cores=2
[2020.08.04-10.27.33:842][  0]LogInit: High frequency timer resolution =10.000000 MHz
[2020.08.04-10.27.33:852][  0]LogMemory: Memory total: Physical=3.9GB (4GB approx)
[2020.08.04-10.27.33:852][  0]LogMemory: Platform Memory Stats for Windows
[2020.08.04-10.27.33:852][  0]LogMemory: Process Physical Memory: 272.27 MB used, 272.28 MB peak
[2020.08.04-10.27.33:852][  0]LogMemory: Process Virtual Memory: 269.13 MB used, 269.13 MB peak
[2020.08.04-10.27.33:852][  0]LogMemory: Physical Memory: 2835.11 MB used,  1141.91 MB free, 3977.01 MB total
[2020.08.04-10.27.33:852][  0]LogMemory: Virtual Memory: 4759.68 MB used,  1141.91 MB free, 134217728.00 MB total
[2020.08.04-10.27.36:836][  0]LogInit: Using OS detected language (en-US).
[2020.08.04-10.27.36:836][  0]LogInit: Using OS detected locale (en-US).
[2020.08.04-10.27.37:190][  0]LogTextLocalizationManager: No specific localization for 'en-US' exists, so the 'en' localization will be used.
[2020.08.04-10.27.38:662][  0]LogInit: Setting process to per monitor DPI aware
[2020.08.04-10.27.47:160][  0]LogD3D11RHI: D3D11 adapters:
[2020.08.04-10.27.47:204][  0]LogD3D11RHI:    0. 'Intel(R) HD Graphics 3000' (Feature Level 10_0)
[2020.08.04-10.27.47:205][  0]LogD3D11RHI:       32/0/1632 MB DedicatedVideo/DedicatedSystem/SharedSystem, Outputs:1, VendorId:0x8086
[2020.08.04-10.27.47:260][  0]LogD3D11RHI:    1. 'Microsoft Basic Render Driver' (Feature Level 11_0)
[2020.08.04-10.27.47:260][  0]LogD3D11RHI:       0/0/1988 MB DedicatedVideo/DedicatedSystem/SharedSystem, Outputs:0, VendorId:0x1414
[2020.08.04-10.27.47:260][  0]LogD3D11RHI: Chosen D3D11 Adapter: 0
[2020.08.04-10.27.47:295][  0]LogD3D11RHI: Creating new Direct3DDevice
[2020.08.04-10.27.47:296][  0]LogD3D11RHI:     GPU DeviceId: 0x126 (for the marketing name, search the web for "GPU Device Id")
[2020.08.04-10.27.47:296][  0]LogWindows: EnumDisplayDevices:
[2020.08.04-10.27.47:297][  0]LogWindows:    0. 'Intel(R) HD Graphics 3000' (P:1 D:1)
[2020.08.04-10.27.47:354][  0]LogWindows:    1. 'Intel(R) HD Graphics 3000' (P:0 D:0)
[2020.08.04-10.27.47:355][  0]LogWindows: DebugString: GetVideoDriverDetailsInvalid PrimaryIsNotTheChoosenAdapter GetVideoDriverDetailsInvalid PrimaryIsNotTheChoosenAdapter FoundDriverCount:0 
[2020.08.04-10.27.47:355][  0]LogD3D11RHI:     Adapter Name: Intel(R) HD Graphics 3000
[2020.08.04-10.27.47:355][  0]LogD3D11RHI:   Driver Version: Unknown (internal:Unknown, unified:Unknown)
[2020.08.04-10.27.47:355][  0]LogD3D11RHI:      Driver Date: Unknown
[2020.08.04-10.27.47:355][  0]LogRHI: Texture pool is 593 MB (70% of 848 MB)
[2020.08.04-10.27.47:396][  0]LogD3D11RHI: Async texture creation enabled
[2020.08.04-10.27.48:860][  0]LogD3D11RHI: GPU Timing Frequency: 12.500000 (Debug: 2 1)
[2020.08.04-10.27.49:271][  0]LogShaderCompilers: Guid format shader working directory is -3 characters bigger than the processId version (../../../../../GITHUB/vigilance_4.18/Vigilance418/Intermediate/Shaders/WorkingDirectory/5592/).
[2020.08.04-10.27.49:271][  0]LogShaderCompilers: Cleaned the shader compiler working directory 'C:/Users/farha/AppData/Local/Temp/UnrealShaderWorkingDir/6793CF494995CE56CAF5E6939706A6CC/'.
[2020.08.04-10.27.49:360][  0]LogShaderCompilers: Display: Using Local Shader Compiler.
[2020.08.04-10.28.03:288][  0]LogTemp: Display: Loaded TP AllDesktopTargetPlatform
[2020.08.04-10.28.03:358][  0]LogTemp: Display: Loaded TP MacClientTargetPlatform
[2020.08.04-10.28.03:429][  0]LogTemp: Display: Loaded TP MacNoEditorTargetPlatform
[2020.08.04-10.28.03:497][  0]LogTemp: Display: Loaded TP MacServerTargetPlatform
[2020.08.04-10.28.03:633][  0]LogTemp: Display: Loaded TP MacTargetPlatform
[2020.08.04-10.28.03:709][  0]LogTemp: Display: Loaded TP WindowsClientTargetPlatform
[2020.08.04-10.28.03:782][  0]LogTemp: Display: Loaded TP WindowsNoEditorTargetPlatform
[2020.08.04-10.28.03:856][  0]LogTemp: Display: Loaded TP WindowsServerTargetPlatform
[2020.08.04-10.28.03:945][  0]LogTemp: Display: Loaded TP WindowsTargetPlatform
[2020.08.04-10.28.04:020][  0]LogTemp: Display: Loaded TP Android_ASTCTargetPlatform
[2020.08.04-10.28.04:112][  0]LogTemp: Display: Loaded TP Android_ATCTargetPlatform
[2020.08.04-10.28.04:194][  0]LogTemp: Display: Loaded TP Android_DXTTargetPlatform
[2020.08.04-10.28.04:273][  0]LogTemp: Display: Loaded TP Android_ETC1TargetPlatform
[2020.08.04-10.28.04:351][  0]LogTemp: Display: Loaded TP Android_ETC2TargetPlatform
[2020.08.04-10.28.04:601][  0]LogTemp: Display: Loaded TP Android_MultiTargetPlatform
[2020.08.04-10.28.04:601][  0]LogTemp: Display: Loaded TP Android_PVRTCTargetPlatform
[2020.08.04-10.28.04:838][  0]LogTemp: Display: Loaded TP AndroidTargetPlatform
[2020.08.04-10.28.04:923][  0]LogTemp: Display: Loaded TP HTML5TargetPlatform
[2020.08.04-10.28.05:379][  0]LogTemp: Display: Loaded TP IOSTargetPlatform
[2020.08.04-10.28.05:478][  0]LogTemp: Display: Loaded TP TVOSTargetPlatform
[2020.08.04-10.28.05:546][  0]LogTemp: Display: Loaded TP LinuxClientTargetPlatform
[2020.08.04-10.28.05:614][  0]LogTemp: Display: Loaded TP LinuxNoEditorTargetPlatform
[2020.08.04-10.28.05:683][  0]LogTemp: Display: Loaded TP LinuxServerTargetPlatform
[2020.08.04-10.28.06:134][  0]LogTemp: Display: Loaded TP LinuxTargetPlatform
[2020.08.04-10.28.06:134][  0]LogTargetPlatformManager: Display: Building Assets For Windows
[2020.08.04-10.28.08:982][  0]LogDerivedDataCache: Display: Max Cache Size: 512 MB
[2020.08.04-10.28.10:160][  0]LogDerivedDataCache: Loaded boot cache 1.16s 75MB C:/Users/farha/AppData/Local/UnrealEngine/4.18/DerivedDataCache/Boot.ddc.
[2020.08.04-10.28.10:160][  0]LogDerivedDataCache: Display: Loaded Boot cache: C:/Users/farha/AppData/Local/UnrealEngine/4.18/DerivedDataCache/Boot.ddc
[2020.08.04-10.28.10:160][  0]LogDerivedDataCache: FDerivedDataBackendGraph:  Pak pak cache file ../../../../../GITHUB/vigilance_4.18/Vigilance418/DerivedDataCache/DDC.ddp not found, will not use a pak cache.
[2020.08.04-10.28.10:160][  0]LogDerivedDataCache: Unable to find inner node Pak for hierarchical cache Hierarchy.
[2020.08.04-10.28.10:160][  0]LogDerivedDataCache: FDerivedDataBackendGraph:  CompressedPak pak cache file ../../../../../GITHUB/vigilance_4.18/Vigilance418/DerivedDataCache/Compressed.ddp not found, will not use a pak cache.
[2020.08.04-10.28.10:160][  0]LogDerivedDataCache: Unable to find inner node CompressedPak for hierarchical cache Hierarchy.
[2020.08.04-10.28.10:347][  0]LogDerivedDataCache: Display: Pak cache opened for reading ../../../Engine/DerivedDataCache/Compressed.ddp.
[2020.08.04-10.28.10:359][  0]LogDerivedDataCache: Using Local data cache path C:/Users/farha/AppData/Local/UnrealEngine/Common/DerivedDataCache: Writable
[2020.08.04-10.28.10:488][  0]LogMaterial: Verifying Global Shaders for PCD3D_SM4
[2020.08.04-10.28.10:562][  0]LogSlate: Using Freetype 2.6.0
[2020.08.04-10.28.10:693][  0]LogSlate: SlateFontCache - WITH_FREETYPE: 1, WITH_HARFBUZZ: 1
[2020.08.04-10.28.10:699][  0]LogSlate: SlateFontCache - WITH_FREETYPE: 1, WITH_HARFBUZZ: 1
[2020.08.04-10.28.35:481][  0]LogInit: Selected Device Profile: [Windows]
[2020.08.04-10.28.39:653][  0]LogSimplygon: Simplygon DLL not present - disabling.
[2020.08.04-10.28.39:731][  0]LogMeshReduction: Using SimplygonSwarm for distributed automatic mesh merging
[2020.08.04-10.28.39:740][  0]LogMeshReduction: Using QuadricMeshReduction for automatic static mesh reduction
[2020.08.04-10.28.39:740][  0]LogMeshReduction: No automatic skeletal mesh reduction module available
[2020.08.04-10.28.39:740][  0]LogMeshReduction: No automatic mesh merging module available
[2020.08.04-10.28.39:740][  0]LogMeshMerging: No automatic mesh merging module available
[2020.08.04-10.28.40:651][  0]LogNetVersion: Vigilance418 , NetCL: 3709383, EngineNetVer: 2, GameNetVer: 0 (Checksum: 63410103)
[2020.08.04-10.28.43:604][  0]LogAssetRegistry: FAssetRegistry took 0.0483 seconds to start up
[2020.08.04-10.28.54:716][  0]LogPackageLocalizationCache: Processed 7 localized package path(s) for 2 prioritized culture(s) in 0.236801 seconds
[2020.08.04-10.28.54:760][  0]LogUObjectArray: 35870 objects as part of root set at end of initial load.
[2020.08.04-10.28.54:761][  0]LogUObjectAllocator: 7363704 out of 0 bytes used by permanent object pool.
[2020.08.04-10.28.54:761][  0]LogUObjectArray: CloseDisregardForGC: 0/0 objects in disregard for GC pool
[2020.08.04-10.28.54:896][  0]LogInit: WinSock: version 1.1 (2.2), MaxSocks=32767, MaxUdp=65467
[2020.08.04-10.29.17:442][  0]LogTcpMessaging: Initializing TcpMessaging bridge
[2020.08.04-10.29.17:530][  0]LogUdpMessaging: Initializing bridge on interface 0.0.0.0:0 to multicast group 230.0.0.1:6666.
[2020.08.04-10.29.20:769][  0]LogMaterial: Uniform references updated for custom material expression Custom.
[2020.08.04-10.29.23:386][  0]SourceControl: Source control is disabled
[2020.08.04-10.29.23:397][  0]SourceControl: Source control is disabled
[2020.08.04-10.29.23:610][  0]SourceControl: Source control is disabled
[2020.08.04-10.29.24:162][  0]SourceControl: Source control is disabled
[2020.08.04-10.29.28:017][  0]LogAndroidPermission: UAndroidPermissionCallbackProxy::GetInstance
[2020.08.04-10.29.28:581][  0]LogOcInput: OculusInput pre-init called
[2020.08.04-10.29.30:894][  0]LogEngine: Initializing Engine...
[2020.08.04-10.29.31:184][  0]LogHMD: Failed to initialize OpenVR with code 110
[2020.08.04-10.29.34:736][  0]LogStats: UGameplayTagsManager::ConstructGameplayTagTree: Construct from data asset -  0.000 s
[2020.08.04-10.29.34:740][  0]LogStats: UGameplayTagsManager::ConstructGameplayTagTree: GameplayTagTreeChangedEvent.Broadcast -  0.001 s
[2020.08.04-10.29.36:769][  0]LogAIModule: Creating AISystem for world Untitled
[2020.08.04-10.29.37:752][  0]LogInit: XAudio2 using 'Speakers (2- High Definition Audio Device)' : 2 channels at 48 kHz using 16 bits per sample (channel mask 0x3)
[2020.08.04-10.29.37:928][  0]LogInit: FAudioDevice initialized.
[2020.08.04-10.29.38:518][  0]LogDerivedDataCache: Saved boot cache 0.55s 75MB C:/Users/farha/AppData/Local/UnrealEngine/4.18/DerivedDataCache/Boot.ddc.
[2020.08.04-10.29.38:632][  0]LogInit: Texture streaming: Enabled
[2020.08.04-10.29.40:533][  0]LogEngineSessionManager: EngineSessionManager initialized
[2020.08.04-10.29.43:566][  0]LogInit: Transaction tracking system initialized
[2020.08.04-10.29.49:186][  0]BlueprintLog: New page: Editor Load
[2020.08.04-10.29.54:962][  0]LocalizationService: Localization service is disabled
[2020.08.04-10.30.01:764][  0]LogConsoleResponse: Display: 
[2020.08.04-10.30.09:002][  0]LogCook: Display: Max memory allowance for cook 16384mb min free memory 0mb
[2020.08.04-10.30.09:162][  0]LogCook: Display: Mobile HDR setting 1
[2020.08.04-10.30.09:181][  0]LogGameplayTags: Display: UGameplayTagsManager::DoneAddingNativeTags. DelegateIsBound: 0
[2020.08.04-10.30.11:931][  0]LogFileCache: Scanning file cache for directory 'E:/GameDev/Unreal/GITHUB/vigilance_4.18/Vigilance418/Content/' took 2.32s
[2020.08.04-10.30.21:639][  0]SourceControl: Source control is disabled
[2020.08.04-10.30.21:914][  0]Cmd: MAP LOAD FILE="../../../../../GITHUB/vigilance_4.18/Vigilance418/Content/ThirdPerson/ThirdPersonBP/Maps/ThirdPersonExampleMap.umap" TEMPLATE=0 SHOWPROGRESS=1 FEATURELEVEL=2
[2020.08.04-10.30.22:134][  0]LightingResults: New page: Lighting Build
[2020.08.04-10.30.23:864][  0]MapCheck: New page: Map Check
[2020.08.04-10.30.23:864][  0]LightingResults: New page: Lighting Build
[2020.08.04-10.32.25:257][  0]LogAIModule: Creating AISystem for world ThirdPersonExampleMap
[2020.08.04-10.32.28:850][  0]LogEditorServer: Finished looking for orphan Actors (0.000 secs)
[2020.08.04-10.32.29:677][  0]Cmd: MAP CHECKDEP NOCLEARLOG
[2020.08.04-10.32.30:316][  0]MapCheck: Map check complete: 0 Error(s), 0 Warning(s), took 604.505ms to complete.
[2020.08.04-10.32.30:316][  0]LogFileHelpers: Loading map 'ThirdPersonExampleMap' took 128.502
[2020.08.04-10.32.48:529][  0]LogCollectionManager: Loaded 0 collections in 0.023061 seconds
[2020.08.04-10.32.48:834][  0]LogFileCache: Scanning file cache for directory 'E:/GameDev/Unreal/GITHUB/vigilance_4.18/Vigilance418/Saved/Collections/' took 0.01s
[2020.08.04-10.32.48:834][  0]LogFileCache: Scanning file cache for directory 'E:/GameDev/Unreal/GITHUB/vigilance_4.18/Vigilance418/Content/Developers/farha/Collections/' took 0.01s
[2020.08.04-10.32.48:834][  0]LogFileCache: Scanning file cache for directory 'E:/GameDev/Unreal/GITHUB/vigilance_4.18/Vigilance418/Content/Collections/' took 0.01s
[2020.08.04-10.32.48:834][  0]LogCollectionManager: Rebuilt the GUID cache for 0 collections in 0.000001 seconds
[2020.08.04-10.32.48:861][  0]LogContentBrowser: Native class hierarchy populated in 0.0138 seconds. Added 2364 classes and 521 folders.
[2020.08.04-10.32.49:179][  0]LogContentBrowser: Native class hierarchy updated for 'WidgetCarousel' in 0.0003 seconds. Added 0 classes and 0 folders.
[2020.08.04-10.32.50:878][  0]LogContentBrowser: Native class hierarchy updated for 'AddContentDialog' in 0.0003 seconds. Added 0 classes and 0 folders.
[2020.08.04-10.32.51:164][  0]LogSlate: Took 0.049197 seconds to synchronously load lazily loaded font '../../../Engine/Content/Slate/Fonts/Roboto-Regular.ttf' (155K)
[2020.08.04-10.32.51:255][  0]LogSlate: Took 0.018462 seconds to synchronously load lazily loaded font '../../../Engine/Content/Slate/Fonts/Roboto-Bold.ttf' (160K)
[2020.08.04-10.32.52:081][  0]LogRenderer: Reallocating scene render targets to support 1012x656 Format 9 NumSamples 1 (Frame:1).
[2020.08.04-10.32.56:222][  0]LogContentBrowser: Native class hierarchy updated for 'HierarchicalLODOutliner' in 0.0004 seconds. Added 1 classes and 2 folders.
[2020.08.04-10.32.56:222][  0]LogLoad: (Engine Initialization) Total time: 382.81 seconds
[2020.08.04-10.32.56:222][  0]LogLoad: (Engine Initialization) Total Blueprint compile time: 0.00 seconds
[2020.08.04-10.32.56:253][  0]LogExternalProfiler: No external profilers were discovered.  External profiling features will not be available.
[2020.08.04-10.32.57:918][  0]LogContentStreaming: Texture pool size now 400 MB
[2020.08.04-10.33.01:296][  4]LogAssetRegistry: Asset discovery search completed in 257.7162 seconds
[2020.08.04-10.33.01:334][  4]LogCollectionManager: Rebuilt the object cache for 0 collections in 0.000001 seconds (found 0 objects)
[2020.08.04-10.33.01:334][  4]LogCollectionManager: Fixed up redirectors for 0 collections in 0.000097 seconds (updated 0 objects)
[2020.08.04-10.33.18:337][584]LogSlate: Took 0.054742 seconds to synchronously load lazily loaded font '../../../Engine/Content/Editor/Slate/Fonts/DroidSansMono.ttf' (77K)
[2020.08.04-10.33.22:102][927]Cmd: t.MaxFPS 30
[2020.08.04-10.33.22:370][927]t.MaxFPS = "30"
[2020.08.04-10.33.28:231][ 96]LogSlate: Took 0.051962 seconds to synchronously load lazily loaded font '../../../Engine/Content/Editor/Slate/Fonts/FontAwesome.ttf' (139K)
[2020.08.04-10.33.58:518][209]LogInit: XAudio2 using 'Speakers (2- High Definition Audio Device)' : 2 channels at 48 kHz using 16 bits per sample (channel mask 0x3)
[2020.08.04-11.00.32:039][749]LogTemp: Repeating last play command: Selected Viewport
[2020.08.04-11.00.33:516][749]LogBlueprintUserMessages: Early PlayInEditor Detection: Level '/Game/ThirdPerson/ThirdPersonBP/Maps/ThirdPersonExampleMap.ThirdPersonExampleMap:PersistentLevel' has LevelScriptBlueprint '/Game/ThirdPerson/ThirdPersonBP/Maps/ThirdPersonExampleMap.ThirdPersonExampleMap:PersistentLevel.ThirdPersonExampleMap' with GeneratedClass '/Game/ThirdPerson/ThirdPersonBP/Maps/ThirdPersonExampleMap.ThirdPersonExampleMap_C' with ClassGeneratedBy '/Game/ThirdPerson/ThirdPersonBP/Maps/ThirdPersonExampleMap.ThirdPersonExampleMap:PersistentLevel.ThirdPersonExampleMap'
[2020.08.04-11.00.33:612][749]LogPlayLevel: PlayLevel: No blueprints needed recompiling
[2020.08.04-11.00.33:941][749]PIE: New page: PIE session: ThirdPersonExampleMap (Aug 4, 2020, 11:00:33 PM)
[2020.08.04-11.00.33:998][749]LogPlayLevel: Creating play world package: /Game/ThirdPerson/ThirdPersonBP/Maps/UEDPIE_0_ThirdPersonExampleMap
[2020.08.04-11.00.34:474][749]LogPlayLevel: PIE: StaticDuplicateObject took: (0.475369s)
[2020.08.04-11.00.34:529][749]LogAIModule: Creating AISystem for world ThirdPersonExampleMap
[2020.08.04-11.00.34:564][749]LogPlayLevel: PIE: World Init took: (0.089605s)
[2020.08.04-11.00.34:652][749]LogPlayLevel: PIE: Created PIE world by copying editor world from /Game/ThirdPerson/ThirdPersonBP/Maps/ThirdPersonExampleMap.ThirdPersonExampleMap to /Game/ThirdPerson/ThirdPersonBP/Maps/UEDPIE_0_ThirdPersonExampleMap.ThirdPersonExampleMap (0.666677s)
[2020.08.04-11.00.35:337][749]LogInit: XAudio2 using 'Speakers (2- High Definition Audio Device)' : 2 channels at 48 kHz using 16 bits per sample (channel mask 0x3)
[2020.08.04-11.00.35:346][749]LogInit: FAudioDevice initialized.
[2020.08.04-11.00.35:577][749]LogLinker: Warning: Can't find file '/Game/ThirdPersonBP/Blueprints/ThirdPersonGameMode'
[2020.08.04-11.00.35:601][749]LogLinker: Warning: Can't find file '/Game/ThirdPersonBP/Blueprints/ThirdPersonGameMode'
[2020.08.04-11.00.35:622][749]LogUObjectGlobals: Warning: Failed to find object 'Class /Game/ThirdPersonBP/Blueprints/ThirdPersonGameMode.ThirdPersonGameMode_C'
[2020.08.04-11.00.35:631][749]LogLoad: Game class is 'GameModeBase'
[2020.08.04-11.00.35:839][749]LogWorld: Bringing World /Game/ThirdPerson/ThirdPersonBP/Maps/UEDPIE_0_ThirdPersonExampleMap.ThirdPersonExampleMap up for play (max tick rate 30) at 2020.08.04-17.00.35
[2020.08.04-11.00.36:540][749]LogWorld: Bringing up level for play took: 0.720105
[2020.08.04-11.00.38:863][749]LogContentBrowser: Native class hierarchy updated for 'MovieSceneCapture' in 0.0063 seconds. Added 11 classes and 0 folders.
[2020.08.04-11.00.38:936][749]PIE: Play in editor start time for /Game/ThirdPerson/ThirdPersonBP/Maps/UEDPIE_0_ThirdPersonExampleMap 5.806
[2020.08.04-11.00.38:938][749]LogBlueprintUserMessages: Late PlayInEditor Detection: Level '/Game/ThirdPerson/ThirdPersonBP/Maps/ThirdPersonExampleMap.ThirdPersonExampleMap:PersistentLevel' has LevelScriptBlueprint '/Game/ThirdPerson/ThirdPersonBP/Maps/ThirdPersonExampleMap.ThirdPersonExampleMap:PersistentLevel.ThirdPersonExampleMap' with GeneratedClass '/Game/ThirdPerson/ThirdPersonBP/Maps/ThirdPersonExampleMap.ThirdPersonExampleMap_C' with ClassGeneratedBy '/Game/ThirdPerson/ThirdPersonBP/Maps/ThirdPersonExampleMap.ThirdPersonExampleMap:PersistentLevel.ThirdPersonExampleMap'
[2020.08.04-11.00.39:699][750]LogBlueprintUserMessages: Early EndPlayMap Detection: Level '/Game/ThirdPerson/ThirdPersonBP/Maps/ThirdPersonExampleMap.ThirdPersonExampleMap:PersistentLevel' has LevelScriptBlueprint '/Game/ThirdPerson/ThirdPersonBP/Maps/ThirdPersonExampleMap.ThirdPersonExampleMap:PersistentLevel.ThirdPersonExampleMap' with GeneratedClass '/Game/ThirdPerson/ThirdPersonBP/Maps/ThirdPersonExampleMap.ThirdPersonExampleMap_C' with ClassGeneratedBy '/Game/ThirdPerson/ThirdPersonBP/Maps/ThirdPersonExampleMap.ThirdPersonExampleMap:PersistentLevel.ThirdPersonExampleMap'
[2020.08.04-11.00.39:972][750]LogBlueprintUserMessages: Late EndPlayMap Detection: Level '/Game/ThirdPerson/ThirdPersonBP/Maps/ThirdPersonExampleMap.ThirdPersonExampleMap:PersistentLevel' has LevelScriptBlueprint '/Game/ThirdPerson/ThirdPersonBP/Maps/ThirdPersonExampleMap.ThirdPersonExampleMap:PersistentLevel.ThirdPersonExampleMap' with GeneratedClass '/Game/ThirdPerson/ThirdPersonBP/Maps/ThirdPersonExampleMap.ThirdPersonExampleMap_C' with ClassGeneratedBy '/Game/ThirdPerson/ThirdPersonBP/Maps/ThirdPersonExampleMap.ThirdPersonExampleMap:PersistentLevel.ThirdPersonExampleMap'
[2020.08.04-11.06.20:625][812]LogTemp: Repeating last play command: Selected Viewport
[2020.08.04-11.06.20:659][812]LogBlueprintUserMessages: Early PlayInEditor Detection: Level '/Game/ThirdPerson/ThirdPersonBP/Maps/ThirdPersonExampleMap.ThirdPersonExampleMap:PersistentLevel' has LevelScriptBlueprint '/Game/ThirdPerson/ThirdPersonBP/Maps/ThirdPersonExampleMap.ThirdPersonExampleMap:PersistentLevel.ThirdPersonExampleMap' with GeneratedClass '/Game/ThirdPerson/ThirdPersonBP/Maps/ThirdPersonExampleMap.ThirdPersonExampleMap_C' with ClassGeneratedBy '/Game/ThirdPerson/ThirdPersonBP/Maps/ThirdPersonExampleMap.ThirdPersonExampleMap:PersistentLevel.ThirdPersonExampleMap'
[2020.08.04-11.06.20:659][812]LogPlayLevel: PlayLevel: No blueprints needed recompiling
[2020.08.04-11.06.20:659][812]PIE: New page: PIE session: ThirdPersonExampleMap (Aug 4, 2020, 11:06:20 PM)
[2020.08.04-11.06.20:659][812]LogPlayLevel: Creating play world package: /Game/ThirdPerson/ThirdPersonBP/Maps/UEDPIE_0_ThirdPersonExampleMap
[2020.08.04-11.06.20:698][812]LogPlayLevel: PIE: StaticDuplicateObject took: (0.038690s)
[2020.08.04-11.06.20:700][812]LogAIModule: Creating AISystem for world ThirdPersonExampleMap
[2020.08.04-11.06.20:701][812]LogPlayLevel: PIE: World Init took: (0.002509s)
[2020.08.04-11.06.20:701][812]LogPlayLevel: PIE: Created PIE world by copying editor world from /Game/ThirdPerson/ThirdPersonBP/Maps/ThirdPersonExampleMap.ThirdPersonExampleMap to /Game/ThirdPerson/ThirdPersonBP/Maps/UEDPIE_0_ThirdPersonExampleMap.ThirdPersonExampleMap (0.041590s)
[2020.08.04-11.06.20:759][812]LogInit: XAudio2 using 'Speakers (2- High Definition Audio Device)' : 2 channels at 48 kHz using 16 bits per sample (channel mask 0x3)
[2020.08.04-11.06.20:768][812]LogInit: FAudioDevice initialized.
[2020.08.04-11.06.20:814][812]LogLoad: Game class is 'GameModeBase'
[2020.08.04-11.06.20:822][812]LogWorld: Bringing World /Game/ThirdPerson/ThirdPersonBP/Maps/UEDPIE_0_ThirdPersonExampleMap.ThirdPersonExampleMap up for play (max tick rate 30) at 2020.08.04-17.06.20
[2020.08.04-11.06.20:847][812]LogWorld: Bringing up level for play took: 0.032271
[2020.08.04-11.06.20:849][812]PIE: Play in editor start time for /Game/ThirdPerson/ThirdPersonBP/Maps/UEDPIE_0_ThirdPersonExampleMap -0.281
[2020.08.04-11.06.20:850][812]LogBlueprintUserMessages: Late PlayInEditor Detection: Level '/Game/ThirdPerson/ThirdPersonBP/Maps/ThirdPersonExampleMap.ThirdPersonExampleMap:PersistentLevel' has LevelScriptBlueprint '/Game/ThirdPerson/ThirdPersonBP/Maps/ThirdPersonExampleMap.ThirdPersonExampleMap:PersistentLevel.ThirdPersonExampleMap' with GeneratedClass '/Game/ThirdPerson/ThirdPersonBP/Maps/ThirdPersonExampleMap.ThirdPersonExampleMap_C' with ClassGeneratedBy '/Game/ThirdPerson/ThirdPersonBP/Maps/ThirdPersonExampleMap.ThirdPersonExampleMap:PersistentLevel.ThirdPersonExampleMap'
[2020.08.04-11.06.59:014][943]LogBlueprintUserMessages: Early EndPlayMap Detection: Level '/Game/ThirdPerson/ThirdPersonBP/Maps/ThirdPersonExampleMap.ThirdPersonExampleMap:PersistentLevel' has LevelScriptBlueprint '/Game/ThirdPerson/ThirdPersonBP/Maps/ThirdPersonExampleMap.ThirdPersonExampleMap:PersistentLevel.ThirdPersonExampleMap' with GeneratedClass '/Game/ThirdPerson/ThirdPersonBP/Maps/ThirdPersonExampleMap.ThirdPersonExampleMap_C' with ClassGeneratedBy '/Game/ThirdPerson/ThirdPersonBP/Maps/ThirdPersonExampleMap.ThirdPersonExampleMap:PersistentLevel.ThirdPersonExampleMap'
[2020.08.04-11.06.59:069][943]LogBlueprintUserMessages: Late EndPlayMap Detection: Level '/Game/ThirdPerson/ThirdPersonBP/Maps/ThirdPersonExampleMap.ThirdPersonExampleMap:PersistentLevel' has LevelScriptBlueprint '/Game/ThirdPerson/ThirdPersonBP/Maps/ThirdPersonExampleMap.ThirdPersonExampleMap:PersistentLevel.ThirdPersonExampleMap' with GeneratedClass '/Game/ThirdPerson/ThirdPersonBP/Maps/ThirdPersonExampleMap.ThirdPersonExampleMap_C' with ClassGeneratedBy '/Game/ThirdPerson/ThirdPersonBP/Maps/ThirdPersonExampleMap.ThirdPersonExampleMap:PersistentLevel.ThirdPersonExampleMap'
[2020.08.04-11.33.53:101][983]LogHttp: Warning: 000001FDA2B7C580: request failed, libcurl error: 6 (Couldn't resolve host name)
[2020.08.04-11.33.53:101][983]LogHttp: Warning: 000001FDA2B7C580: libcurl info message cache 0 (Found bundle for host datarouter.ol.epicgames.com: 0x1fdbdebbfe8 [can pipeline])
[2020.08.04-11.33.53:101][983]LogHttp: Warning: 000001FDA2B7C580: libcurl info message cache 1 (Re-using existing connection! (#6) with host datarouter.ol.epicgames.com)
[2020.08.04-11.33.53:101][983]LogHttp: Warning: 000001FDA2B7C580: libcurl info message cache 2 (Connected to datarouter.ol.epicgames.com (52.44.188.211) port 443 (#6))
[2020.08.04-11.33.53:101][983]LogHttp: Warning: 000001FDA2B7C580: libcurl info message cache 3 (upload completely sent off: 768 out of 768 bytes)
[2020.08.04-11.33.53:102][983]LogHttp: Warning: 000001FDA2B7C580: libcurl info message cache 4 (SSL read: error:00000000:lib(0):func(0):reason(0), errno 10054)
[2020.08.04-11.33.53:102][983]LogHttp: Warning: 000001FDA2B7C580: libcurl info message cache 5 (Connection died, retrying a fresh connect)
[2020.08.04-11.33.53:102][983]LogHttp: Warning: 000001FDA2B7C580: libcurl info message cache 6 (Closing connection 6)
[2020.08.04-11.33.53:102][983]LogHttp: Warning: 000001FDA2B7C580: libcurl info message cache 7 (Issue another request to this URL: 'https://datarouter.ol.epicgames.com/datarouter/api/v1/public/data?SessionID=%7B6CDF2D1A-4BAF-F15B-ED9A-48AB657CF120%7D&AppID=UEEditor.Rocket.Release&AppVersion=4.18.3-3832480%2B%2B%2BUE4%2BRelease-4.18&UserID=dab985eb449ee4f1b342389e404cab9f%7C845779d9bd904572b61cf91381b7a44e%7C4e718ad1-99cd-4dc7-9063-d4e2b6f3fd7d&AppEnvironment=datacollector-binary&UploadType=eteventstream')
[2020.08.04-11.33.53:102][983]LogHttp: Warning: 000001FDA2B7C580: libcurl info message cache 8 (Could not resolve host: datarouter.ol.epicgames.com)
[2020.08.04-11.33.53:102][983]LogHttp: Warning: 000001FDA2B7C580: libcurl info message cache 9 (Closing connection 7)
[2020.08.04-11.45.40:217][119]LogD3D11RHI: Timed out while waiting for GPU to catch up. (500 ms)
[2020.08.04-11.45.40:224][120]LogHttp: Warning: 000001FDA2B7C400: request failed, libcurl error: 6 (Couldn't resolve host name)
[2020.08.04-11.45.40:224][120]LogHttp: Warning: 000001FDA2B7C400: libcurl info message cache 0 (Could not resolve host: datarouter.ol.epicgames.com)
[2020.08.04-11.45.40:224][120]LogHttp: Warning: 000001FDA2B7C400: libcurl info message cache 1 (Closing connection 8)
[2020.08.04-11.45.41:572][123]LogInit: XAudio2 using 'Speakers (2- High Definition Audio Device)' : 2 channels at 48 kHz using 16 bits per sample (channel mask 0x3)
[2020.08.04-11.46.44:459][324]Cmd: QUIT_EDITOR
[2020.08.04-11.46.45:692][324]LogWindowsTextInputMethodSystem: Display: IME system now deactivated.
[2020.08.04-11.46.45:933][324]LogExit: Preparing to exit.
[2020.08.04-11.46.50:961][324]LogDirectoryWatcher: A directory notification for 'E:/GameDev/Unreal/GITHUB/vigilance_4.18/Vigilance418/Content/' was aborted.
[2020.08.04-11.46.54:647][324]LogExit: Editor shut down
[2020.08.04-11.46.54:710][324]LogExit: Transaction tracking system shut down
[2020.08.04-11.46.56:337][324]LogDirectoryWatcher: A directory notification for '../../../Engine/Content/' was aborted.
[2020.08.04-11.46.56:337][324]LogDirectoryWatcher: A directory notification for '../../../../../GITHUB/vigilance_4.18/Vigilance418/Content/' was aborted.
[2020.08.04-11.46.56:337][324]LogDirectoryWatcher: A directory notification for '../../../Engine/Plugins/2D/Paper2D/Content/' was aborted.
[2020.08.04-11.46.56:337][324]LogDirectoryWatcher: A directory notification for '../../../Engine/Plugins/Media/MediaCompositing/Content/' was aborted.
[2020.08.04-11.46.56:337][324]LogDirectoryWatcher: A directory notification for '../../../Engine/Plugins/Runtime/AppleARKit/Content/' was aborted.
[2020.08.04-11.46.56:338][324]LogDirectoryWatcher: A directory notification for '../../../Engine/Plugins/Runtime/Oculus/OculusVR/Content/' was aborted.
[2020.08.04-11.46.56:338][324]LogDirectoryWatcher: A directory notification for '../../../Engine/Plugins/Runtime/Steam/SteamVR/Content/' was aborted.
[2020.08.04-11.47.02:128][324]LogExit: Object subsystem successfully closed.
[2020.08.04-11.47.02:973][324]LogD3D11RHI: Shutdown
[2020.08.04-11.47.03:002][324]LogD3D11RHI: CleanupD3DDevice
[2020.08.04-11.47.03:497][324]LogD3D11RHI: ~FD3D11DynamicRHI
[2020.08.04-11.47.05:238][324]LogModuleManager: Shutting down and abandoning module MovieSceneCapture (550)
[2020.08.04-11.47.05:238][324]LogModuleManager: Shutting down and abandoning module HierarchicalLODOutliner (548)
[2020.08.04-11.47.05:238][324]LogModuleManager: Shutting down and abandoning module AddContentDialog (546)
[2020.08.04-11.47.05:252][324]LogDirectoryWatcher: A directory notification for 'E:/GameDev/Unreal/Engine/UE_4.18/FeaturePacks/' was aborted.
[2020.08.04-11.47.05:284][324]LogModuleManager: Shutting down and abandoning module WidgetCarousel (545)
[2020.08.04-11.47.05:284][324]LogModuleManager: Shutting down and abandoning module EditorWidgets (542)
[2020.08.04-11.47.05:284][324]LogModuleManager: Shutting down and abandoning module CollectionManager (540)
[2020.08.04-11.47.05:332][324]LogDirectoryWatcher: A directory notification for 'E:/GameDev/Unreal/GITHUB/vigilance_4.18/Vigilance418/Content/Collections/' was aborted.
[2020.08.04-11.47.05:332][324]LogDirectoryWatcher: A directory notification for 'E:/GameDev/Unreal/GITHUB/vigilance_4.18/Vigilance418/Content/Developers/farha/Collections/' was aborted.
[2020.08.04-11.47.05:332][324]LogDirectoryWatcher: A directory notification for 'E:/GameDev/Unreal/GITHUB/vigilance_4.18/Vigilance418/Saved/Collections/' was aborted.
[2020.08.04-11.47.05:332][324]LogModuleManager: Shutting down and abandoning module SceneOutliner (538)
[2020.08.04-11.47.05:342][324]LogModuleManager: Shutting down and abandoning module StatsViewer (536)
[2020.08.04-11.47.05:355][324]LogModuleManager: Shutting down and abandoning module FoliageEdit (534)
[2020.08.04-11.47.05:364][324]LogModuleManager: Shutting down and abandoning module LandscapeEditor (532)
[2020.08.04-11.47.05:422][324]LogModuleManager: Shutting down and abandoning module MeshPaintMode (530)
[2020.08.04-11.47.05:433][324]LogModuleManager: Shutting down and abandoning module SceneDepthPickerMode (528)
[2020.08.04-11.47.05:433][324]LogModuleManager: Shutting down and abandoning module ActorPickerMode (526)
[2020.08.04-11.47.05:433][324]LogModuleManager: Shutting down and abandoning module GeometryMode (524)
[2020.08.04-11.47.05:433][324]LogModuleManager: Shutting down and abandoning module TextureAlignMode (522)
[2020.08.04-11.47.05:433][324]LogModuleManager: Shutting down and abandoning module BspMode (520)
[2020.08.04-11.47.05:433][324]LogModuleManager: Shutting down and abandoning module PIEPreviewDeviceProfileSelector (518)
[2020.08.04-11.47.05:433][324]LogModuleManager: Shutting down and abandoning module HardwareSurvey (516)
[2020.08.04-11.47.05:433][324]LogModuleManager: Shutting down and abandoning module SequenceRecorderSections (514)
[2020.08.04-11.47.05:440][324]LogModuleManager: Shutting down and abandoning module AutomationWorker (512)
[2020.08.04-11.47.05:445][324]LogModuleManager: Shutting down and abandoning module MatineeToLevelSequence (510)
[2020.08.04-11.47.05:468][324]LogModuleManager: Shutting down and abandoning module LevelSequenceEditor (508)
[2020.08.04-11.47.05:515][324]LogModuleManager: Shutting down and abandoning module PlacementMode (507)
[2020.08.04-11.47.05:515][324]LogModuleManager: Shutting down and abandoning module WmfMediaFactory (504)
[2020.08.04-11.47.05:515][324]LogModuleManager: Shutting down and abandoning module WmfMediaEditor (502)
[2020.08.04-11.47.05:515][324]LogModuleManager: Shutting down and abandoning module OpenExrWrapper (500)
[2020.08.04-11.47.05:515][324]LogModuleManager: Shutting down and abandoning module ImgMediaFactory (498)
[2020.08.04-11.47.05:515][324]LogModuleManager: Shutting down and abandoning module ImgMediaEditor (496)
[2020.08.04-11.47.05:516][324]LogModuleManager: Shutting down and abandoning module AvfMediaFactory (494)
[2020.08.04-11.47.05:516][324]LogModuleManager: Shutting down and abandoning module AvfMediaEditor (492)
[2020.08.04-11.47.05:516][324]LogModuleManager: Shutting down and abandoning module AndroidMediaFactory (490)
[2020.08.04-11.47.05:516][324]LogModuleManager: Shutting down and abandoning module AndroidMediaEditor (488)
[2020.08.04-11.47.05:516][324]LogModuleManager: Shutting down and abandoning module CharacterAI (486)
[2020.08.04-11.47.05:516][324]LogModuleManager: Shutting down and abandoning module AudioCapture (484)
[2020.08.04-11.47.05:521][324]LogModuleManager: Shutting down and abandoning module SequenceRecorder (483)
[2020.08.04-11.47.05:529][324]LogModuleManager: Shutting down and abandoning module SmartSnapping (480)
[2020.08.04-11.47.05:529][324]LogModuleManager: Shutting down and abandoning module SessionServices (478)
[2020.08.04-11.47.05:529][324]LogModuleManager: Shutting down and abandoning module ViewportSnapping (476)
[2020.08.04-11.47.05:529][324]LogModuleManager: Shutting down and abandoning module ViewportInteraction (474)
[2020.08.04-11.47.05:529][324]LogModuleManager: Shutting down and abandoning module ClothPainter (472)
[2020.08.04-11.47.05:563][324]LogModuleManager: Shutting down and abandoning module SkeletalMeshEditor (471)
[2020.08.04-11.47.05:581][324]LogModuleManager: Shutting down and abandoning module LogVisualizer (468)
[2020.08.04-11.47.05:604][324]LogModuleManager: Shutting down and abandoning module IntroTutorials (466)
[2020.08.04-11.47.05:643][324]LogModuleManager: Shutting down and abandoning module GameProjectGeneration (465)
[2020.08.04-11.47.05:680][324]LogModuleManager: Shutting down and abandoning module IOSPlatformEditor (462)
[2020.08.04-11.47.05:680][324]LogModuleManager: Shutting down and abandoning module HTML5PlatformEditor (460)
[2020.08.04-11.47.05:680][324]LogModuleManager: Shutting down and abandoning module AndroidPlatformEditor (458)
[2020.08.04-11.47.05:680][324]LogModuleManager: Shutting down and abandoning module AndroidDeviceDetection (457)
[2020.08.04-11.47.06:492][324]LogModuleManager: Shutting down and abandoning module WindowsPlatformEditor (454)
[2020.08.04-11.47.06:492][324]LogModuleManager: Shutting down and abandoning module IOSRuntimeSettings (452)
[2020.08.04-11.47.06:492][324]LogModuleManager: Shutting down and abandoning module AndroidRuntimeSettings (450)
[2020.08.04-11.47.06:492][324]LogModuleManager: Shutting down and abandoning module InputBindingEditor (448)
[2020.08.04-11.47.06:510][324]LogModuleManager: Shutting down and abandoning module MergeActors (446)
[2020.08.04-11.47.06:518][324]LogModuleManager: Shutting down and abandoning module SizeMap (444)
[2020.08.04-11.47.06:518][324]LogModuleManager: Shutting down and abandoning module TreeMap (442)
[2020.08.04-11.47.06:533][324]LogModuleManager: Shutting down and abandoning module ReferenceViewer (440)
[2020.08.04-11.47.06:533][324]LogModuleManager: Shutting down and abandoning module LocalizationDashboard (438)
[2020.08.04-11.47.06:549][324]LogModuleManager: Shutting down and abandoning module LocalizationService (437)
[2020.08.04-11.47.06:557][324]LogModuleManager: Shutting down and abandoning module HardwareTargeting (434)
[2020.08.04-11.47.06:557][324]LogModuleManager: Shutting down and abandoning module DeviceProfileEditor (432)
[2020.08.04-11.47.06:558][324]LogModuleManager: Shutting down and abandoning module UndoHistory (430)
[2020.08.04-11.47.06:558][324]LogModuleManager: Shutting down and abandoning module XmlParser (428)
[2020.08.04-11.47.06:565][324]LogModuleManager: Shutting down and abandoning module Blutility (426)
[2020.08.04-11.47.06:565][324]LogModuleManager: Shutting down and abandoning module ProjectSettingsViewer (424)
[2020.08.04-11.47.06:565][324]LogModuleManager: Shutting down and abandoning module ProjectTargetPlatformEditor (423)
[2020.08.04-11.47.06:565][324]LogModuleManager: Shutting down and abandoning module EditorSettingsViewer (420)
[2020.08.04-11.47.06:565][324]LogModuleManager: Shutting down and abandoning module SettingsEditor (418)
[2020.08.04-11.47.06:579][324]LogModuleManager: Shutting down and abandoning module ProjectLauncher (416)
[2020.08.04-11.47.06:594][324]LogModuleManager: Shutting down and abandoning module SessionFrontend (414)
[2020.08.04-11.47.06:607][324]LogModuleManager: Shutting down and abandoning module ProfilerClient (412)
[2020.08.04-11.47.06:614][324]LogModuleManager: Shutting down and abandoning module DeviceManager (410)
[2020.08.04-11.47.06:624][324]LogModuleManager: Shutting down and abandoning module TargetDeviceServices (409)
[2020.08.04-11.47.06:679][324]LogModuleManager: Shutting down and abandoning module AutomationController (406)
[2020.08.04-11.47.06:694][324]LogModuleManager: Shutting down and abandoning module AutomationWindow (404)
[2020.08.04-11.47.06:717][324]LogModuleManager: Shutting down and abandoning module Layers (402)
[2020.08.04-11.47.06:739][324]LogModuleManager: Shutting down and abandoning module ComponentVisualizers (400)
[2020.08.04-11.47.06:739][324]LogModuleManager: Shutting down and abandoning module DetailCustomizations (398)
[2020.08.04-11.47.06:761][324]LogModuleManager: Shutting down and abandoning module PackagesDialog (396)
[2020.08.04-11.47.06:774][324]LogModuleManager: Shutting down and abandoning module Persona (394)
[2020.08.04-11.47.06:802][324]LogModuleManager: Shutting down and abandoning module AdvancedPreviewScene (393)
[2020.08.04-11.47.06:802][324]LogModuleManager: Shutting down and abandoning module AnimGraph (391)
[2020.08.04-11.47.06:802][324]LogModuleManager: Shutting down and abandoning module Kismet (388)
[2020.08.04-11.47.06:834][324]LogModuleManager: Shutting down and abandoning module ClassViewer (386)
[2020.08.04-11.47.06:834][324]LogModuleManager: Shutting down and abandoning module Toolbox (384)
[2020.08.04-11.47.06:834][324]LogModuleManager: Shutting down and abandoning module ModuleUI (382)
[2020.08.04-11.47.06:846][324]LogModuleManager: Shutting down and abandoning module MovieSceneTools (380)
[2020.08.04-11.47.06:885][324]LogModuleManager: Shutting down and abandoning module OutputLog (378)
[2020.08.04-11.47.06:885][324]LogModuleManager: Shutting down and abandoning module GammaUI (376)
[2020.08.04-11.47.06:891][324]LogModuleManager: Shutting down and abandoning module Documentation (374)
[2020.08.04-11.47.06:891][324]LogModuleManager: Shutting down and abandoning module MovieSceneTracks (372)
[2020.08.04-11.47.06:891][324]LogModuleManager: Shutting down and abandoning module MovieScene (370)
[2020.08.04-11.47.06:891][324]LogModuleManager: Shutting down and abandoning module StreamingPauseRendering (368)
[2020.08.04-11.47.06:891][324]LogModuleManager: Shutting down and abandoning module LauncherPlatform (366)
[2020.08.04-11.47.06:891][324]LogModuleManager: Shutting down and abandoning module AnalyticsET (364)
[2020.08.04-11.47.06:891][324]LogModuleManager: Shutting down and abandoning module PortalServices (362)
[2020.08.04-11.47.06:891][324]LogModuleManager: Shutting down and abandoning module PortalRpc (360)
[2020.08.04-11.47.06:891][324]LogModuleManager: Shutting down and abandoning module MessagingRpc (358)
[2020.08.04-11.47.06:891][324]LogModuleManager: Shutting down and abandoning module AIModule (356)
[2020.08.04-11.47.06:898][324]LogModuleManager: Shutting down and abandoning module GameplayDebugger (355)
[2020.08.04-11.47.06:898][324]LogModuleManager: Shutting down and abandoning module AITestSuite (353)
[2020.08.04-11.47.06:903][324]LogModuleManager: Shutting down and abandoning module DesktopPlatform (350)
[2020.08.04-11.47.06:913][324]LogModuleManager: Shutting down and abandoning module ProfilerService (348)
[2020.08.04-11.47.07:022][324]LogModuleManager: Shutting down and abandoning module TaskGraph (346)
[2020.08.04-11.47.07:047][324]LogModuleManager: Shutting down and abandoning module SteamVRController (344)
[2020.08.04-11.47.07:047][324]LogModuleManager: Shutting down and abandoning module ProceduralMeshComponentEditor (342)
[2020.08.04-11.47.07:047][324]LogModuleManager: Shutting down and abandoning module ProceduralMeshComponent (340)
[2020.08.04-11.47.07:053][324]LogModuleManager: Shutting down and abandoning module OculusInput (338)
[2020.08.04-11.47.07:064][324]LogModuleManager: Shutting down and abandoning module MobilePatchingUtils (336)
[2020.08.04-11.47.07:064][324]LogModuleManager: Shutting down and abandoning module CustomMeshComponent (334)
[2020.08.04-11.47.07:064][324]LogModuleManager: Shutting down and abandoning module CableComponent (332)
[2020.08.04-11.47.07:071][324]LogModuleManager: Shutting down and abandoning module ArchVisCharacter (330)
[2020.08.04-11.47.07:071][324]LogModuleManager: Shutting down and abandoning module AndroidPermission (328)
[2020.08.04-11.47.07:071][324]LogModuleManager: Shutting down and abandoning module ActorSequence (324)
[2020.08.04-11.47.07:071][324]LogModuleManager: Shutting down and abandoning module MediaPlayerEditor (322)
[2020.08.04-11.47.07:119][324]LogModuleManager: Shutting down and abandoning module MediaCompositingEditor (320)
[2020.08.04-11.47.07:119][324]LogModuleManager: Shutting down and abandoning module MediaCompositing (318)
[2020.08.04-11.47.07:119][324]LogModuleManager: Shutting down and abandoning module HTML5Networking (316)
[2020.08.04-11.47.07:119][324]LogModuleManager: Shutting down and abandoning module AlembicImporter (314)
[2020.08.04-11.47.07:130][324]LogModuleManager: Shutting down and abandoning module AlembicLibrary (313)
[2020.08.04-11.47.07:130][324]LogModuleManager: Shutting down and abandoning module GeometryCache (312)
[2020.08.04-11.47.07:130][324]LogModuleManager: Shutting down and abandoning module GeometryCacheEd (311)
[2020.08.04-11.47.07:130][324]LogModuleManager: Shutting down and abandoning module SpeedTreeImporter (306)
[2020.08.04-11.47.07:130][324]LogModuleManager: Shutting down and abandoning module PluginBrowser (304)
[2020.08.04-11.47.07:160][324]LogModuleManager: Shutting down and abandoning module MobileLauncherProfileWizard (302)
[2020.08.04-11.47.07:210][324]LogModuleManager: Shutting down and abandoning module VisualStudioSourceCodeAccess (300)
[2020.08.04-11.47.07:218][324]LogModuleManager: Shutting down and abandoning module VisualStudioCodeSourceCodeAccess (298)
[2020.08.04-11.47.07:218][324]LogModuleManager: Shutting down and abandoning module UObjectPlugin (296)
[2020.08.04-11.47.07:218][324]LogModuleManager: Shutting down and abandoning module SubversionSourceControl (294)
[2020.08.04-11.47.07:233][324]LogModuleManager: Shutting down and abandoning module PerforceSourceControl (292)
[2020.08.04-11.47.07:257][324]LogModuleManager: Shutting down and abandoning module GitSourceControl (290)
[2020.08.04-11.47.07:272][324]LogModuleManager: Shutting down and abandoning module SourceControl (289)
[2020.08.04-11.47.07:288][324]LogModuleManager: Shutting down and abandoning module LightPropagationVolumeEditor (286)
[2020.08.04-11.47.07:288][324]LogModuleManager: Shutting down and abandoning module PaperTiledImporter (284)
[2020.08.04-11.47.07:288][324]LogModuleManager: Shutting down and abandoning module PaperSpriteSheetImporter (282)
[2020.08.04-11.47.07:288][324]LogModuleManager: Shutting down and abandoning module Paper2DEditor (280)
[2020.08.04-11.47.07:327][324]LogModuleManager: Shutting down and abandoning module MeshPaint (279)
[2020.08.04-11.47.07:337][324]LogModuleManager: Shutting down and abandoning module LevelEditor (277)
[2020.08.04-11.47.07:371][324]LogModuleManager: Shutting down and abandoning module PixelInspectorModule (276)
[2020.08.04-11.47.07:400][324]LogModuleManager: Shutting down and abandoning module MainFrame (274)
[2020.08.04-11.47.07:408][324]LogModuleManager: Shutting down and abandoning module HotReload (273)
[2020.08.04-11.47.07:408][324]LogModuleManager: Shutting down and abandoning module RuntimePhysXCooking (268)
[2020.08.04-11.47.07:408][324]LogModuleManager: Shutting down and abandoning module PhysXVehiclesEditor (266)
[2020.08.04-11.47.07:430][324]LogModuleManager: Shutting down and abandoning module PhysXVehicles (264)
[2020.08.04-11.47.07:431][324]LogModuleManager: Shutting down and abandoning module OculusEditor (262)
[2020.08.04-11.47.07:431][324]LogModuleManager: Shutting down and abandoning module LocationServicesBPLibrary (260)
[2020.08.04-11.47.07:431][324]LogModuleManager: Shutting down and abandoning module ImmediatePhysicsEditor (258)
[2020.08.04-11.47.07:431][324]LogModuleManager: Shutting down and abandoning module ImmediatePhysics (256)
[2020.08.04-11.47.07:431][324]LogModuleManager: Shutting down and abandoning module UdpMessaging (254)
[2020.08.04-11.47.07:550][324]LogModuleManager: Shutting down and abandoning module TcpMessaging (252)
[2020.08.04-11.47.07:672][324]LogModuleManager: Shutting down and abandoning module GameplayTagsEditor (250)
[2020.08.04-11.47.07:716][324]LogModuleManager: Shutting down and abandoning module FacialAnimationEditor (248)
[2020.08.04-11.47.07:724][324]LogModuleManager: Shutting down and abandoning module FacialAnimation (246)
[2020.08.04-11.47.07:724][324]LogModuleManager: Shutting down and abandoning module AssetManagerEditor (244)
[2020.08.04-11.47.07:757][324]LogModuleManager: Shutting down and abandoning module GraphEditor (243)
[2020.08.04-11.47.07:830][324]LogModuleManager: Shutting down and abandoning module ContentBrowser (241)
[2020.08.04-11.47.07:833][324]LogModuleManager: Shutting down and abandoning module LightPropagationVolumeRuntime (238)
[2020.08.04-11.47.07:833][324]LogModuleManager: Shutting down and abandoning module Paper2D (236)
[2020.08.04-11.47.07:833][324]LogModuleManager: Shutting down and abandoning module WindowsMoviePlayer (234)
[2020.08.04-11.47.07:841][324]LogModuleManager: Shutting down and abandoning module WmfMedia (232)
[2020.08.04-11.47.07:863][324]LogModuleManager: Shutting down and abandoning module ImgMedia (230)
[2020.08.04-11.47.07:863][324]LogModuleManager: Shutting down and abandoning module PacketHandler (228)
[2020.08.04-11.47.07:884][324]LogModuleManager: Shutting down and abandoning module ClothingSystemEditor (226)
[2020.08.04-11.47.07:892][324]LogModuleManager: Shutting down and abandoning module ClothingSystemRuntime (224)
[2020.08.04-11.47.07:929][324]LogModuleManager: Shutting down and abandoning module MediaAssets (222)
[2020.08.04-11.47.07:929][324]LogModuleManager: Shutting down and abandoning module Media (221)
[2020.08.04-11.47.07:935][324]LogModuleManager: Shutting down and abandoning module Overlay (218)
[2020.08.04-11.47.07:935][324]LogModuleManager: Shutting down and abandoning module OverlayEditor (217)
[2020.08.04-11.47.07:935][324]LogModuleManager: Shutting down and abandoning module VREditor (214)
[2020.08.04-11.47.07:976][324]LogModuleManager: Shutting down and abandoning module StringTableEditor (212)
[2020.08.04-11.47.07:986][324]LogModuleManager: Shutting down and abandoning module GameplayTasksEditor (210)
[2020.08.04-11.47.07:986][324]LogModuleManager: Shutting down and abandoning module BehaviorTreeEditor (208)
[2020.08.04-11.47.08:025][324]LogModuleManager: Shutting down and abandoning module FunctionalTesting (206)
[2020.08.04-11.47.08:025][324]LogModuleManager: Shutting down and abandoning module CollisionAnalyzer (204)
[2020.08.04-11.47.08:085][324]LogModuleManager: Shutting down and abandoning module WorkspaceMenuStructure (203)
[2020.08.04-11.47.08:085][324]LogModuleManager: Shutting down and abandoning module UMG (200)
[2020.08.04-11.47.08:102][324]LogModuleManager: Shutting down and abandoning module UMGEditor (199)
[2020.08.04-11.47.08:155][324]LogModuleManager: Shutting down and abandoning module Sequencer (198)
[2020.08.04-11.47.08:193][324]LogModuleManager: Shutting down and abandoning module MessageLog (195)
[2020.08.04-11.47.08:201][324]LogModuleManager: Shutting down and abandoning module SlateReflector (190)
[2020.08.04-11.47.08:241][324]LogModuleManager: Shutting down and abandoning module Slate (188)
[2020.08.04-11.47.08:241][324]LogModuleManager: Shutting down and abandoning module EditorStyle (186)
[2020.08.04-11.47.08:337][324]LogModuleManager: Shutting down and abandoning module MRMesh (184)
[2020.08.04-11.47.08:337][324]LogModuleManager: Shutting down and abandoning module SourceCodeAccess (182)
[2020.08.04-11.47.08:337][324]LogModuleManager: Shutting down and abandoning module HeadMountedDisplay (180)
[2020.08.04-11.47.08:337][324]LogModuleManager: Shutting down and abandoning module XAudio2 (178)
[2020.08.04-11.47.08:337][324]LogModuleManager: Shutting down and abandoning module Networking (176)
[2020.08.04-11.47.08:337][324]LogModuleManager: Shutting down and abandoning module Core (172)
[2020.08.04-11.47.08:337][324]LogModuleManager: Shutting down and abandoning module LevelSequence (168)
[2020.08.04-11.47.08:347][324]LogModuleManager: Shutting down and abandoning module DirectoryWatcher (166)
[2020.08.04-11.47.08:356][324]LogModuleManager: Shutting down and abandoning module KismetCompiler (164)
[2020.08.04-11.47.08:356][324]LogModuleManager: Shutting down and abandoning module MeshUtilities (162)
[2020.08.04-11.47.08:414][324]LogModuleManager: Shutting down and abandoning module MeshMergeUtilities (161)
[2020.08.04-11.47.08:425][324]LogModuleManager: Shutting down and abandoning module MeshReductionInterface (160)
[2020.08.04-11.47.08:425][324]LogModuleManager: Shutting down and abandoning module SimplygonSwarm (159)
[2020.08.04-11.47.08:433][324]LogModuleManager: Shutting down and abandoning module SimplygonMeshReduction (157)
[2020.08.04-11.47.08:433][324]LogModuleManager: Shutting down and abandoning module QuadricMeshReduction (155)
[2020.08.04-11.47.08:442][324]LogModuleManager: Shutting down and abandoning module MaterialBaking (151)
[2020.08.04-11.47.08:448][324]LogModuleManager: Shutting down and abandoning module DerivedDataCache (148)
[2020.08.04-11.47.08:505][324]LogDerivedDataCache: Shutdown
[2020.08.04-11.47.08:505][324]LogModuleManager: Shutting down and abandoning module TargetPlatform (146)
[2020.08.04-11.47.08:532][324]LogModuleManager: Shutting down and abandoning module VulkanShaderFormat (145)
[2020.08.04-11.47.08:547][324]LogModuleManager: Shutting down and abandoning module ShaderFormatVectorVM (143)
[2020.08.04-11.47.08:577][324]LogModuleManager: Shutting down and abandoning module ShaderFormatOpenGL (141)
[2020.08.04-11.47.08:589][324]LogModuleManager: Shutting down and abandoning module ShaderFormatD3D (139)
[2020.08.04-11.47.08:596][324]LogModuleManager: Shutting down and abandoning module MetalShaderFormat (137)
[2020.08.04-11.47.08:608][324]LogModuleManager: Shutting down and abandoning module TextureFormatUncompressed (135)
[2020.08.04-11.47.08:608][324]LogModuleManager: Shutting down and abandoning module TextureFormatPVR (133)
[2020.08.04-11.47.08:608][324]LogModuleManager: Shutting down and abandoning module TextureFormatDXT (131)
[2020.08.04-11.47.08:616][324]LogModuleManager: Shutting down and abandoning module TextureFormatIntelISPCTexComp (129)
[2020.08.04-11.47.08:625][324]LogModuleManager: Shutting down and abandoning module TextureFormatASTC (127)
[2020.08.04-11.47.08:625][324]LogModuleManager: Shutting down and abandoning module ImageWrapper (126)
[2020.08.04-11.47.08:625][324]LogModuleManager: Shutting down and abandoning module TextureFormatAndroid (123)
[2020.08.04-11.47.08:625][324]LogModuleManager: Shutting down and abandoning module AudioFormatOpus (121)
[2020.08.04-11.47.08:625][324]LogModuleManager: Shutting down and abandoning module AudioFormatOgg (119)
[2020.08.04-11.47.08:625][324]LogModuleManager: Shutting down and abandoning module AudioFormatADPCM (117)
[2020.08.04-11.47.08:625][324]LogModuleManager: Shutting down and abandoning module LinuxTargetPlatform (115)
[2020.08.04-11.47.08:649][324]LogModuleManager: Shutting down and abandoning module LinuxServerTargetPlatform (113)
[2020.08.04-11.47.08:649][324]LogModuleManager: Shutting down and abandoning module LinuxNoEditorTargetPlatform (111)
[2020.08.04-11.47.08:649][324]LogModuleManager: Shutting down and abandoning module LinuxClientTargetPlatform (109)
[2020.08.04-11.47.08:649][324]LogModuleManager: Shutting down and abandoning module TVOSTargetPlatform (107)
[2020.08.04-11.47.08:649][324]LogModuleManager: Shutting down and abandoning module Messaging (105)
[2020.08.04-11.47.08:649][324]LogModuleManager: Shutting down and abandoning module IOSTargetPlatform (103)
[2020.08.04-11.47.08:649][324]LogModuleManager: Shutting down and abandoning module HTML5TargetPlatform (101)
[2020.08.04-11.47.08:649][324]LogModuleManager: Shutting down and abandoning module AndroidTargetPlatform (99)
[2020.08.04-11.47.08:649][324]LogModuleManager: Shutting down and abandoning module Android_PVRTCTargetPlatform (97)
[2020.08.04-11.47.08:649][324]LogModuleManager: Shutting down and abandoning module Android_MultiTargetPlatform (95)
[2020.08.04-11.47.08:649][324]LogModuleManager: Shutting down and abandoning module Android_ETC2TargetPlatform (93)
[2020.08.04-11.47.08:649][324]LogModuleManager: Shutting down and abandoning module Android_ETC1TargetPlatform (91)
[2020.08.04-11.47.08:649][324]LogModuleManager: Shutting down and abandoning module Android_DXTTargetPlatform (89)
[2020.08.04-11.47.08:649][324]LogModuleManager: Shutting down and abandoning module Android_ATCTargetPlatform (87)
[2020.08.04-11.47.08:649][324]LogModuleManager: Shutting down and abandoning module Android_ASTCTargetPlatform (85)
[2020.08.04-11.47.08:649][324]LogModuleManager: Shutting down and abandoning module WindowsTargetPlatform (83)
[2020.08.04-11.47.08:650][324]LogModuleManager: Shutting down and abandoning module WindowsServerTargetPlatform (81)
[2020.08.04-11.47.08:667][324]LogModuleManager: Shutting down and abandoning module WindowsNoEditorTargetPlatform (79)
[2020.08.04-11.47.08:674][324]LogModuleManager: Shutting down and abandoning module WindowsClientTargetPlatform (77)
[2020.08.04-11.47.08:676][324]LogModuleManager: Shutting down and abandoning module MacTargetPlatform (75)
[2020.08.04-11.47.08:691][324]LogModuleManager: Shutting down and abandoning module MacServerTargetPlatform (73)
[2020.08.04-11.47.08:695][324]LogModuleManager: Shutting down and abandoning module MacNoEditorTargetPlatform (71)
[2020.08.04-11.47.08:695][324]LogModuleManager: Shutting down and abandoning module MacClientTargetPlatform (69)
[2020.08.04-11.47.08:695][324]LogModuleManager: Shutting down and abandoning module AllDesktopTargetPlatform (67)
[2020.08.04-11.47.08:695][324]LogModuleManager: Shutting down and abandoning module InputCore (64)
[2020.08.04-11.47.08:695][324]LogModuleManager: Shutting down and abandoning module Settings (62)
[2020.08.04-11.47.08:696][324]LogModuleManager: Shutting down and abandoning module PhysXCooking (60)
[2020.08.04-11.47.08:696][324]LogModuleManager: Shutting down and abandoning module SteamVR (58)
[2020.08.04-11.47.08:696][324]LogModuleManager: Shutting down and abandoning module OculusHMD (56)
[2020.08.04-11.47.08:715][324]LogModuleManager: Shutting down and abandoning module ExampleDeviceProfileSelector (54)
[2020.08.04-11.47.08:715][324]LogModuleManager: Shutting down and abandoning module AppleARKit (52)
[2020.08.04-11.47.08:715][324]LogModuleManager: Shutting down and abandoning module AugmentedReality (51)
[2020.08.04-11.47.08:715][324]LogModuleManager: Shutting down and abandoning module OnlineBlueprintSupport (48)
[2020.08.04-11.47.08:715][324]LogModuleManager: Shutting down and abandoning module OnlineSubsystem (44)
[2020.08.04-11.47.08:750][324]LogModuleManager: Shutting down and abandoning module XMPP (43)
[2020.08.04-11.47.08:800][324]LogModuleManager: Shutting down and abandoning module HTTP (41)
[2020.08.04-11.47.08:800][324]LogHttp: Display: Http module shutting down, but needs to wait on 1 outstanding Http requests:
[2020.08.04-11.47.08:810][324]LogHttp: Display: 	verb=[POST] url=[https://datarouter.ol.epicgames.com/datarouter/api/v1/public/data?SessionID=%7B6CDF2D1A-4BAF-F15B-ED9A-48AB657CF120%7D&AppID=UEEditor.Rocket.Release&AppVersion=4.18.3-3832480%2B%2B%2BUE4%2BRelease-4.18&UserID=dab985eb449ee4f1b342389e404cab9f%7C845779d9bd904572b61cf91381b7a44e%7C4e718ad1-99cd-4dc7-9063-d4e2b6f3fd7d&AppEnvironment=datacollector-binary&UploadType=eteventstream] status=Processing
[2020.08.04-11.47.08:810][324]LogHttp: Warning: 000001FDA2B7E680: request failed, libcurl error: 6 (Couldn't resolve host name)
[2020.08.04-11.47.08:810][324]LogHttp: Warning: 000001FDA2B7E680: libcurl info message cache 0 (Could not resolve host: datarouter.ol.epicgames.com)
[2020.08.04-11.47.08:810][324]LogHttp: Warning: 000001FDA2B7E680: libcurl info message cache 1 (Closing connection 9)
[2020.08.04-11.47.08:866][324]LogModuleManager: Shutting down and abandoning module SSL (40)
[2020.08.04-11.47.08:927][324]LogModuleManager: Shutting down and abandoning module AnimationModifiers (36)
[2020.08.04-11.47.08:955][324]LogModuleManager: Shutting down and abandoning module PropertyEditor (35)
[2020.08.04-11.47.09:140][324]LogModuleManager: Shutting down and abandoning module AudioEditor (32)
[2020.08.04-11.47.09:165][324]LogModuleManager: Shutting down and abandoning module TextureCompressor (30)
[2020.08.04-11.47.09:263][324]LogModuleManager: Shutting down and abandoning module ShaderCore (28)
[2020.08.04-11.47.09:263][324]LogModuleManager: Shutting down and abandoning module Landscape (26)
[2020.08.04-11.47.09:263][324]LogModuleManager: Shutting down and abandoning module SlateRHIRenderer (24)
[2020.08.04-11.47.09:283][324]LogModuleManager: Shutting down and abandoning module OpenGLDrv (22)
[2020.08.04-11.47.09:302][324]LogModuleManager: Shutting down and abandoning module D3D11RHI (20)
[2020.08.04-11.47.09:302][324]LogModuleManager: Shutting down and abandoning module AnimGraphRuntime (18)
[2020.08.04-11.47.09:303][324]LogModuleManager: Shutting down and abandoning module Renderer (16)
[2020.08.04-11.47.09:303][324]LogModuleManager: Shutting down and abandoning module Engine (14)
[2020.08.04-11.47.09:303][324]LogModuleManager: Shutting down and abandoning module CoreUObject (12)
[2020.08.04-11.47.09:303][324]LogModuleManager: Shutting down and abandoning module NetworkFile (10)
[2020.08.04-11.47.09:313][324]LogModuleManager: Shutting down and abandoning module CookedIterativeFile (8)
[2020.08.04-11.47.09:317][324]LogModuleManager: Shutting down and abandoning module StreamingFile (6)
[2020.08.04-11.47.09:328][324]LogModuleManager: Shutting down and abandoning module SandboxFile (4)
[2020.08.04-11.47.09:328][324]LogModuleManager: Shutting down and abandoning module PakFile (2)
[2020.08.04-11.47.09:447][324]LogExit: Exiting.
[2020.08.04-11.47.09:637][324]Log file closed, 08/04/20 17:47:09
