Log file open, 08/12/20 18:43:08
LogWindows: Failed to load 'aqProf.dll' (GetLastError=126)
LogWindows: File 'aqProf.dll' does not exist
LogWindows: Failed to load 'VSPerf140.dll' (GetLastError=126)
LogWindows: File 'VSPerf140.dll' does not exist
LogWindows: Failed to load 'VtuneApi.dll' (GetLastError=126)
LogWindows: File 'VtuneApi.dll' does not exist
LogWindows: Failed to load 'VtuneApi32e.dll' (GetLastError=126)
LogWindows: File 'VtuneApi32e.dll' does not exist
LogInit: Display: Running engine for game: Vigilance418
LogPlatformFile: Not using cached read wrapper
LogInit: Display: RandInit(676011212) SRandInit(676011212).
LogInit: Read version file with build ID '3709383'
LogInit: Overriding engine version to CL 3832480, compatible CL 3709383
LogInit: Registered custom module enumerator with build ID '3709383'
LogTaskGraph: Started task graph with 5 named threads and 8 total threads with 3 sets of task threads.
LogStats: Stats thread started at 0.180297
LogD3D11RHI: Aftermath initialized
LogModuleManager: Display: Found up-to-date module file ../../../Engine/Plugins/Marketplace/RootMotionExtractor/Binaries/Win64/UE4Editor-RootMotionExtractor.dll (API version 3709383).
LogModuleManager: Display: Found up-to-date module file ../../../Engine/Plugins/2D/Paper2D/Binaries/Win64/UE4Editor-Paper2D.dll (API version 3709383).
LogModuleManager: Display: Found up-to-date module file ../../../Engine/Plugins/2D/Paper2D/Binaries/Win64/UE4Editor-Paper2DEditor.dll (API version 3709383).
LogModuleManager: Display: Found up-to-date module file ../../../Engine/Plugins/2D/Paper2D/Binaries/Win64/UE4Editor-PaperSpriteSheetImporter.dll (API version 3709383).
LogModuleManager: Display: Found up-to-date module file ../../../Engine/Plugins/2D/Paper2D/Binaries/Win64/UE4Editor-PaperTiledImporter.dll (API version 3709383).
LogModuleManager: Display: Found up-to-date module file ../../../Engine/Plugins/2D/Paper2D/Binaries/Win64/UE4Editor-SmartSnapping.dll (API version 3709383).
LogModuleManager: Display: Found up-to-date module file ../../../Engine/Plugins/Blendables/LightPropagationVolume/Binaries/Win64/UE4Editor-LightPropagationVolumeRuntime.dll (API version 3709383).
LogModuleManager: Display: Found up-to-date module file ../../../Engine/Plugins/Blendables/LightPropagationVolume/Binaries/Win64/UE4Editor-LightPropagationVolumeEditor.dll (API version 3709383).
LogModuleManager: Display: Found up-to-date module file ../../../Engine/Plugins/Developer/GitSourceControl/Binaries/Win64/UE4Editor-GitSourceControl.dll (API version 3709383).
LogModuleManager: Display: Found up-to-date module file ../../../Engine/Plugins/Developer/PerforceSourceControl/Binaries/Win64/UE4Editor-PerforceSourceControl.dll (API version 3709383).
LogModuleManager: Display: Found up-to-date module file ../../../Engine/Plugins/Developer/SubversionSourceControl/Binaries/Win64/UE4Editor-SubversionSourceControl.dll (API version 3709383).
LogModuleManager: Display: Found up-to-date module file ../../../Engine/Plugins/Developer/UObjectPlugin/Binaries/Win64/UE4Editor-UObjectPlugin.dll (API version 3709383).
LogModuleManager: Display: Found up-to-date module file ../../../Engine/Plugins/Developer/VisualStudioCodeSourceCodeAccess/Binaries/Win64/UE4Editor-VisualStudioCodeSourceCodeAccess.dll (API version 3709383).
LogModuleManager: Display: Found up-to-date module file ../../../Engine/Plugins/Developer/VisualStudioSourceCodeAccess/Binaries/Win64/UE4Editor-VisualStudioSourceCodeAccess.dll (API version 3709383).
LogModuleManager: Display: Found up-to-date module file ../../../Engine/Plugins/Editor/AssetManagerEditor/Binaries/Win64/UE4Editor-AssetManagerEditor.dll (API version 3709383).
LogModuleManager: Display: Found up-to-date module file ../../../Engine/Plugins/Editor/AudioCapture/Binaries/Win64/UE4Editor-AudioCapture.dll (API version 3709383).
LogModuleManager: Display: Found up-to-date module file ../../../Engine/Plugins/Editor/FacialAnimation/Binaries/Win64/UE4Editor-FacialAnimation.dll (API version 3709383).
LogModuleManager: Display: Found up-to-date module file ../../../Engine/Plugins/Editor/FacialAnimation/Binaries/Win64/UE4Editor-FacialAnimationEditor.dll (API version 3709383).
LogModuleManager: Display: Found up-to-date module file ../../../Engine/Plugins/Editor/GameplayTagsEditor/Binaries/Win64/UE4Editor-GameplayTagsEditor.dll (API version 3709383).
LogModuleManager: Display: Found up-to-date module file ../../../Engine/Plugins/Editor/MobileLauncherProfileWizard/Binaries/Win64/UE4Editor-MobileLauncherProfileWizard.dll (API version 3709383).
LogModuleManager: Display: Found up-to-date module file ../../../Engine/Plugins/Editor/PluginBrowser/Binaries/Win64/UE4Editor-PluginBrowser.dll (API version 3709383).
LogModuleManager: Display: Found up-to-date module file ../../../Engine/Plugins/Editor/SpeedTreeImporter/Binaries/Win64/UE4Editor-SpeedTreeImporter.dll (API version 3709383).
LogModuleManager: Display: Found up-to-date module file ../../../Engine/Plugins/Experimental/AlembicImporter/Binaries/Win64/UE4Editor-AlembicImporter.dll (API version 3709383).
LogModuleManager: Display: Found up-to-date module file ../../../Engine/Plugins/Experimental/AlembicImporter/Binaries/Win64/UE4Editor-AlembicLibrary.dll (API version 3709383).
LogModuleManager: Display: Found up-to-date module file ../../../Engine/Plugins/Experimental/CharacterAI/Binaries/Win64/UE4Editor-CharacterAI.dll (API version 3709383).
LogModuleManager: Display: Found up-to-date module file ../../../Engine/Plugins/Experimental/HTML5Networking/Binaries/Win64/UE4Editor-HTML5Networking.dll (API version 3709383).
LogModuleManager: Display: Found up-to-date module file ../../../Engine/Plugins/Media/AndroidMedia/Binaries/Win64/UE4Editor-AndroidMediaEditor.dll (API version 3709383).
LogModuleManager: Display: Found up-to-date module file ../../../Engine/Plugins/Media/AndroidMedia/Binaries/Win64/UE4Editor-AndroidMediaFactory.dll (API version 3709383).
LogModuleManager: Display: Found up-to-date module file ../../../Engine/Plugins/Media/AvfMedia/Binaries/Win64/UE4Editor-AvfMediaEditor.dll (API version 3709383).
LogModuleManager: Display: Found up-to-date module file ../../../Engine/Plugins/Media/AvfMedia/Binaries/Win64/UE4Editor-AvfMediaFactory.dll (API version 3709383).
LogModuleManager: Display: Found up-to-date module file ../../../Engine/Plugins/Media/AvfMedia/Binaries/Win64/UE4Editor-AvfMediaFactory.dll (API version 3709383).
LogModuleManager: Display: Found up-to-date module file ../../../Engine/Plugins/Media/ImgMedia/Binaries/Win64/UE4Editor-ImgMedia.dll (API version 3709383).
LogModuleManager: Display: Found up-to-date module file ../../../Engine/Plugins/Media/ImgMedia/Binaries/Win64/UE4Editor-ImgMediaEditor.dll (API version 3709383).
LogModuleManager: Display: Found up-to-date module file ../../../Engine/Plugins/Media/ImgMedia/Binaries/Win64/UE4Editor-ImgMediaFactory.dll (API version 3709383).
LogModuleManager: Display: Found up-to-date module file ../../../Engine/Plugins/Media/ImgMedia/Binaries/Win64/UE4Editor-ImgMediaFactory.dll (API version 3709383).
LogModuleManager: Display: Found up-to-date module file ../../../Engine/Plugins/Media/ImgMedia/Binaries/Win64/UE4Editor-OpenExrWrapper.dll (API version 3709383).
LogModuleManager: Display: Found up-to-date module file ../../../Engine/Plugins/Media/MediaCompositing/Binaries/Win64/UE4Editor-MediaCompositing.dll (API version 3709383).
LogModuleManager: Display: Found up-to-date module file ../../../Engine/Plugins/Media/MediaCompositing/Binaries/Win64/UE4Editor-MediaCompositingEditor.dll (API version 3709383).
LogModuleManager: Display: Found up-to-date module file ../../../Engine/Plugins/Media/MediaPlayerEditor/Binaries/Win64/UE4Editor-MediaPlayerEditor.dll (API version 3709383).
LogModuleManager: Display: Found up-to-date module file ../../../Engine/Plugins/Media/WmfMedia/Binaries/Win64/UE4Editor-WmfMedia.dll (API version 3709383).
LogModuleManager: Display: Found up-to-date module file ../../../Engine/Plugins/Media/WmfMedia/Binaries/Win64/UE4Editor-WmfMediaEditor.dll (API version 3709383).
LogModuleManager: Display: Found up-to-date module file ../../../Engine/Plugins/Media/WmfMedia/Binaries/Win64/UE4Editor-WmfMediaFactory.dll (API version 3709383).
LogModuleManager: Display: Found up-to-date module file ../../../Engine/Plugins/Media/WmfMedia/Binaries/Win64/UE4Editor-WmfMediaFactory.dll (API version 3709383).
LogModuleManager: Display: Found up-to-date module file ../../../Engine/Plugins/Messaging/TcpMessaging/Binaries/Win64/UE4Editor-TcpMessaging.dll (API version 3709383).
LogModuleManager: Display: Found up-to-date module file ../../../Engine/Plugins/Messaging/UdpMessaging/Binaries/Win64/UE4Editor-UdpMessaging.dll (API version 3709383).
LogModuleManager: Display: Found up-to-date module file ../../../Engine/Plugins/MovieScene/ActorSequence/Binaries/Win64/UE4Editor-ActorSequence.dll (API version 3709383).
LogModuleManager: Display: Found up-to-date module file ../../../Engine/Plugins/MovieScene/LevelSequenceEditor/Binaries/Win64/UE4Editor-LevelSequenceEditor.dll (API version 3709383).
LogModuleManager: Display: Found up-to-date module file ../../../Engine/Plugins/MovieScene/MatineeToLevelSequence/Binaries/Win64/UE4Editor-MatineeToLevelSequence.dll (API version 3709383).
LogModuleManager: Display: Found up-to-date module file ../../../Engine/Plugins/Online/OnlineSubsystem/Binaries/Win64/UE4Editor-OnlineSubsystem.dll (API version 3709383).
LogModuleManager: Display: Found up-to-date module file ../../../Engine/Plugins/Runtime/AndroidPermission/Binaries/Win64/UE4Editor-AndroidPermission.dll (API version 3709383).
LogModuleManager: Display: Found up-to-date module file ../../../Engine/Plugins/Online/OnlineSubsystemNull/Binaries/Win64/UE4Editor-OnlineSubsystemNull.dll (API version 3709383).
LogModuleManager: Display: Found up-to-date module file ../../../Engine/Plugins/Online/OnlineSubsystemUtils/Binaries/Win64/UE4Editor-OnlineSubsystemUtils.dll (API version 3709383).
LogModuleManager: Display: Found up-to-date module file ../../../Engine/Plugins/Online/OnlineSubsystemUtils/Binaries/Win64/UE4Editor-OnlineBlueprintSupport.dll (API version 3709383).
LogModuleManager: Display: Found up-to-date module file ../../../Engine/Plugins/Runtime/AndroidDeviceProfileSelector/Binaries/Win64/UE4Editor-AndroidDeviceProfileSelector.dll (API version 3709383).
LogModuleManager: Display: Found up-to-date module file ../../../Engine/Plugins/Runtime/AppleARKit/Binaries/Win64/UE4Editor-AppleARKit.dll (API version 3709383).
LogModuleManager: Display: Found up-to-date module file ../../../Engine/Plugins/Runtime/ArchVisCharacter/Binaries/Win64/UE4Editor-ArchVisCharacter.dll (API version 3709383).
LogModuleManager: Display: Found up-to-date module file ../../../Engine/Plugins/Runtime/CableComponent/Binaries/Win64/UE4Editor-CableComponent.dll (API version 3709383).
LogModuleManager: Display: Found up-to-date module file ../../../Engine/Plugins/Runtime/CustomMeshComponent/Binaries/Win64/UE4Editor-CustomMeshComponent.dll (API version 3709383).
LogModuleManager: Display: Found up-to-date module file ../../../Engine/Plugins/Runtime/ExampleDeviceProfileSelector/Binaries/Win64/UE4Editor-ExampleDeviceProfileSelector.dll (API version 3709383).
LogModuleManager: Display: Found up-to-date module file ../../../Engine/Plugins/Runtime/ImmediatePhysics/Binaries/Win64/UE4Editor-ImmediatePhysics.dll (API version 3709383).
LogModuleManager: Display: Found up-to-date module file ../../../Engine/Plugins/Runtime/ImmediatePhysics/Binaries/Win64/UE4Editor-ImmediatePhysicsEditor.dll (API version 3709383).
LogModuleManager: Display: Found up-to-date module file ../../../Engine/Plugins/Runtime/LocationServicesBPLibrary/Binaries/Win64/UE4Editor-LocationServicesBPLibrary.dll (API version 3709383).
LogModuleManager: Display: Found up-to-date module file ../../../Engine/Plugins/Runtime/MobilePatchingUtils/Binaries/Win64/UE4Editor-MobilePatchingUtils.dll (API version 3709383).
LogModuleManager: Display: Found up-to-date module file ../../../Engine/Plugins/Runtime/Oculus/OculusVR/Binaries/Win64/UE4Editor-OculusHMD.dll (API version 3709383).
LogModuleManager: Display: Found up-to-date module file ../../../Engine/Plugins/Runtime/Oculus/OculusVR/Binaries/Win64/UE4Editor-OculusInput.dll (API version 3709383).
LogModuleManager: Display: Found up-to-date module file ../../../Engine/Plugins/Runtime/Oculus/OculusVR/Binaries/Win64/UE4Editor-OculusEditor.dll (API version 3709383).
LogModuleManager: Display: Found up-to-date module file ../../../Engine/Plugins/Runtime/PhysXVehicles/Binaries/Win64/UE4Editor-PhysXVehicles.dll (API version 3709383).
LogModuleManager: Display: Found up-to-date module file ../../../Engine/Plugins/Runtime/PhysXVehicles/Binaries/Win64/UE4Editor-PhysXVehiclesEditor.dll (API version 3709383).
LogModuleManager: Display: Found up-to-date module file ../../../Engine/Plugins/Runtime/ProceduralMeshComponent/Binaries/Win64/UE4Editor-ProceduralMeshComponent.dll (API version 3709383).
LogModuleManager: Display: Found up-to-date module file ../../../Engine/Plugins/Runtime/ProceduralMeshComponent/Binaries/Win64/UE4Editor-ProceduralMeshComponentEditor.dll (API version 3709383).
LogModuleManager: Display: Found up-to-date module file ../../../Engine/Plugins/Runtime/RuntimePhysXCooking/Binaries/Win64/UE4Editor-RuntimePhysXCooking.dll (API version 3709383).
LogModuleManager: Display: Found up-to-date module file ../../../Engine/Plugins/Runtime/Steam/SteamVR/Binaries/Win64/UE4Editor-SteamVR.dll (API version 3709383).
LogModuleManager: Display: Found up-to-date module file ../../../Engine/Plugins/Runtime/Steam/SteamVR/Binaries/Win64/UE4Editor-SteamVRController.dll (API version 3709383).
LogModuleManager: Display: Found up-to-date module file ../../../Engine/Plugins/Runtime/WindowsMoviePlayer/Binaries/Win64/UE4Editor-WindowsMoviePlayer.dll (API version 3709383).
LogPluginManager: Mounting plugin Paper2D
LogPluginManager: Mounting plugin LightPropagationVolume
LogPluginManager: Mounting plugin CodeLiteSourceCodeAccess
LogPluginManager: Mounting plugin GitSourceControl
LogPluginManager: Mounting plugin KDevelopSourceCodeAccess
LogPluginManager: Mounting plugin NullSourceCodeAccess
LogPluginManager: Mounting plugin PerforceSourceControl
LogPluginManager: Mounting plugin SubversionSourceControl
LogPluginManager: Mounting plugin UObjectPlugin
LogPluginManager: Mounting plugin VisualStudioCodeSourceCodeAccess
LogPluginManager: Mounting plugin VisualStudioSourceCodeAccess
LogPluginManager: Mounting plugin XCodeSourceCodeAccess
LogPluginManager: Mounting plugin AssetManagerEditor
LogPluginManager: Mounting plugin AudioCapture
LogPluginManager: Mounting plugin FacialAnimation
LogPluginManager: Mounting plugin GameplayTagsEditor
LogPluginManager: Mounting plugin MobileLauncherProfileWizard
LogPluginManager: Mounting plugin PluginBrowser
LogPluginManager: Mounting plugin SpeedTreeImporter
LogPluginManager: Mounting plugin AlembicImporter
LogPluginManager: Mounting plugin CharacterAI
LogPluginManager: Mounting plugin HTML5Networking
LogPluginManager: Mounting plugin RootMotionExtractor
LogPluginManager: Mounting plugin AndroidMedia
LogPluginManager: Mounting plugin AvfMedia
LogPluginManager: Mounting plugin ImgMedia
LogPluginManager: Mounting plugin MediaCompositing
LogPluginManager: Mounting plugin MediaPlayerEditor
LogPluginManager: Mounting plugin WmfMedia
LogPluginManager: Mounting plugin TcpMessaging
LogPluginManager: Mounting plugin UdpMessaging
LogPluginManager: Mounting plugin ActorSequence
LogPluginManager: Mounting plugin LevelSequenceEditor
LogPluginManager: Mounting plugin MatineeToLevelSequence
LogPluginManager: Mounting plugin OnlineSubsystemGooglePlay
LogPluginManager: Mounting plugin OnlineSubsystemIOS
LogPluginManager: Mounting plugin OnlineSubsystem
LogPluginManager: Mounting plugin OnlineSubsystemNull
LogPluginManager: Mounting plugin OnlineSubsystemUtils
LogPluginManager: Mounting plugin AndroidDeviceProfileSelector
LogPluginManager: Mounting plugin AndroidMoviePlayer
LogPluginManager: Mounting plugin AndroidPermission
LogPluginManager: Mounting plugin AppleARKit
LogPluginManager: Mounting plugin AppleMoviePlayer
LogPluginManager: Mounting plugin ArchVisCharacter
LogPluginManager: Mounting plugin CableComponent
LogPluginManager: Mounting plugin CustomMeshComponent
LogPluginManager: Mounting plugin ExampleDeviceProfileSelector
LogPluginManager: Mounting plugin GoogleCloudMessaging
LogPluginManager: Mounting plugin ImmediatePhysics
LogPluginManager: Mounting plugin IOSDeviceProfileSelector
LogPluginManager: Mounting plugin LinuxDeviceProfileSelector
LogPluginManager: Mounting plugin LocationServicesBPLibrary
LogPluginManager: Mounting plugin MobilePatchingUtils
LogPluginManager: Mounting plugin OculusVR
LogPluginManager: Plugin shader directory ../../../Engine/Plugins/Runtime/Oculus/OculusVR/Shaders found
LogPluginManager: Mapping shader source directory ../../../Engine/Plugins/Runtime/Oculus/OculusVR/Shaders to virtual directory /Plugin/OculusVR
LogPluginManager: Mounting plugin PhysXVehicles
LogPluginManager: Mounting plugin ProceduralMeshComponent
LogPluginManager: Mounting plugin RuntimePhysXCooking
LogPluginManager: Mounting plugin SteamVR
LogPluginManager: Mounting plugin WindowsMoviePlayer
LogInit: Using libcurl 7.47.1
LogInit:  - built for x86_64-pc-win32
LogInit:  - supports SSL with OpenSSL/1.0.2g
LogInit:  - supports HTTP deflate (compression) using libz 1.2.8
LogInit:  - other features:
LogInit:      CURL_VERSION_SSL
LogInit:      CURL_VERSION_LIBZ
LogInit:      CURL_VERSION_IPV6
LogInit:      CURL_VERSION_ASYNCHDNS
LogInit:      CURL_VERSION_LARGEFILE
LogInit:      CURL_VERSION_IDN
LogInit:  CurlRequestOptions (configurable via config and command line):
LogInit:  - bVerifyPeer = false  - Libcurl will NOT verify peer certificate
LogInit:  - bUseHttpProxy = false  - Libcurl will NOT use HTTP proxy
LogInit:  - bDontReuseConnections = false  - Libcurl will reuse connections
LogInit:  - CertBundlePath = nullptr  - Libcurl will use whatever was configured at build time.
LogInit: Build: ++UE4+Release-4.18-CL-3832480
LogInit: Engine Version: 4.18.3-3832480+++UE4+Release-4.18
LogInit: Compatible Engine Version: 4.18.0-3709383+++UE4+Release-4.18
LogInit: Net CL: 3709383
LogDevObjectVersion: Number of dev versions registered: 16
LogDevObjectVersion:   Dev-Blueprints (B0D832E4-1F89-4F0D-ACCF-7EB736FD4AA2): 10
LogDevObjectVersion:   Dev-Build (E1C64328-A22C-4D53-A36C-8E866417BD8C): 0
LogDevObjectVersion:   Dev-Core (375EC13C-06E4-48FB-B500-84F0262A717E): 2
LogDevObjectVersion:   Dev-Editor (E4B068ED-F494-42E9-A231-DA0B2E46BB41): 20
LogDevObjectVersion:   Dev-Framework (CFFC743F-43B0-4480-9391-14DF171D2073): 30
LogDevObjectVersion:   Dev-Mobile (B02B49B5-BB20-44E9-A304-32B752E40360): 0
LogDevObjectVersion:   Dev-Networking (A4E4105C-59A1-49B5-A7C5-40C4547EDFEE): 0
LogDevObjectVersion:   Dev-Online (39C831C9-5AE6-47DC-9A44-9C173E1C8E7C): 0
LogDevObjectVersion:   Dev-Physics (78F01B33-EBEA-4F98-B9B4-84EACCB95AA2): 0
LogDevObjectVersion:   Dev-Platform (6631380F-2D4D-43E0-8009-CF276956A95A): 0
LogDevObjectVersion:   Dev-Rendering (12F88B9F-8875-4AFC-A67C-D90C383ABD29): 20
LogDevObjectVersion:   Dev-Sequencer (7B5AE74C-D270-4C10-A958-57980B212A5A): 4
LogDevObjectVersion:   Dev-VR (D7296918-1DD6-4BDD-9DE2-64A83CC13884): 0
LogDevObjectVersion:   Dev-LoadTimes (C2A15278-BFE7-4AFE-6C17-90FF531DF755): 1
LogDevObjectVersion:   Private-Geometry (6EACA3D4-40EC-4CC1-B786-8BED09428FC5): 1
LogDevObjectVersion:   Dev-AnimPhys (29E575DD-E0A3-4627-9D10-D276232CDCEA): 12
LogInit: Compiled (64-bit): Jan 12 2018 02:04:55
LogInit: Compiled with Visual C++: 19.00.24215.01
LogInit: Build Configuration: Development
LogInit: Branch Name: ++UE4+Release-4.18
LogInit: Command line:  
LogInit: Base directory: E:/GameDev/Unreal/Engine/UE_4.18/Engine/Binaries/Win64/
LogInit: Installed Engine Build: 1
LogInit: Presizing for max 8388607 objects, including 0 objects not considered by GC, pre-allocating 0 bytes for permanent pool.
LogInit: Object subsystem initialized
[2020.08.12-12.43.12:612][  0]LogInit: Selected Device Profile: [Windows]
[2020.08.12-12.43.12:612][  0]LogInit: Applying CVar settings loaded from the selected device profile: [Windows]
[2020.08.12-12.43.12:739][  0]LogInit: Computer: ISHRAQ-PC
[2020.08.12-12.43.12:740][  0]LogInit: User: farha
[2020.08.12-12.43.12:740][  0]LogInit: CPU Page size=4096, Cores=2
[2020.08.12-12.43.12:740][  0]LogInit: High frequency timer resolution =10.000000 MHz
[2020.08.12-12.43.12:740][  0]LogMemory: Memory total: Physical=3.9GB (4GB approx)
[2020.08.12-12.43.12:740][  0]LogMemory: Platform Memory Stats for Windows
[2020.08.12-12.43.12:740][  0]LogMemory: Process Physical Memory: 272.63 MB used, 272.63 MB peak
[2020.08.12-12.43.12:740][  0]LogMemory: Process Virtual Memory: 264.27 MB used, 264.27 MB peak
[2020.08.12-12.43.12:740][  0]LogMemory: Physical Memory: 1895.44 MB used,  2081.57 MB free, 3977.01 MB total
[2020.08.12-12.43.12:740][  0]LogMemory: Virtual Memory: 4754.74 MB used,  2081.57 MB free, 134217728.00 MB total
[2020.08.12-12.43.13:166][  0]LogInit: Using OS detected language (en-US).
[2020.08.12-12.43.13:166][  0]LogInit: Using OS detected locale (en-US).
[2020.08.12-12.43.13:205][  0]LogTextLocalizationManager: No specific localization for 'en-US' exists, so the 'en' localization will be used.
[2020.08.12-12.43.13:949][  0]LogInit: Setting process to per monitor DPI aware
[2020.08.12-12.43.15:006][  0]LogD3D11RHI: D3D11 adapters:
[2020.08.12-12.43.15:011][  0]LogD3D11RHI:    0. 'Intel(R) HD Graphics 3000' (Feature Level 10_0)
[2020.08.12-12.43.15:011][  0]LogD3D11RHI:       32/0/1632 MB DedicatedVideo/DedicatedSystem/SharedSystem, Outputs:1, VendorId:0x8086
[2020.08.12-12.43.15:074][  0]LogD3D11RHI:    1. 'Microsoft Basic Render Driver' (Feature Level 11_0)
[2020.08.12-12.43.15:074][  0]LogD3D11RHI:       0/0/1988 MB DedicatedVideo/DedicatedSystem/SharedSystem, Outputs:0, VendorId:0x1414
[2020.08.12-12.43.15:074][  0]LogD3D11RHI: Chosen D3D11 Adapter: 0
[2020.08.12-12.43.15:081][  0]LogD3D11RHI: Creating new Direct3DDevice
[2020.08.12-12.43.15:081][  0]LogD3D11RHI:     GPU DeviceId: 0x126 (for the marketing name, search the web for "GPU Device Id")
[2020.08.12-12.43.15:081][  0]LogWindows: EnumDisplayDevices:
[2020.08.12-12.43.15:081][  0]LogWindows:    0. 'Intel(R) HD Graphics 3000' (P:1 D:1)
[2020.08.12-12.43.15:082][  0]LogWindows:    1. 'Intel(R) HD Graphics 3000' (P:0 D:0)
[2020.08.12-12.43.15:082][  0]LogWindows: DebugString: GetVideoDriverDetailsInvalid PrimaryIsNotTheChoosenAdapter GetVideoDriverDetailsInvalid PrimaryIsNotTheChoosenAdapter FoundDriverCount:0 
[2020.08.12-12.43.15:082][  0]LogD3D11RHI:     Adapter Name: Intel(R) HD Graphics 3000
[2020.08.12-12.43.15:082][  0]LogD3D11RHI:   Driver Version: Unknown (internal:Unknown, unified:Unknown)
[2020.08.12-12.43.15:082][  0]LogD3D11RHI:      Driver Date: Unknown
[2020.08.12-12.43.15:082][  0]LogRHI: Texture pool is 593 MB (70% of 848 MB)
[2020.08.12-12.43.15:086][  0]LogD3D11RHI: Async texture creation enabled
[2020.08.12-12.43.15:105][  0]LogD3D11RHI: GPU Timing Frequency: 12.500000 (Debug: 2 1)
[2020.08.12-12.43.15:105][  0]LogShaderCompilers: Guid format shader working directory is -3 characters bigger than the processId version (../../../../../GITHUB/vigilance_4.18/Vigilance418/Intermediate/Shaders/WorkingDirectory/5208/).
[2020.08.12-12.43.15:106][  0]LogShaderCompilers: Cleaned the shader compiler working directory 'C:/Users/farha/AppData/Local/Temp/UnrealShaderWorkingDir/697BFC6C4EF04815097804A888903EB4/'.
[2020.08.12-12.43.15:106][  0]LogShaderCompilers: Display: Using Local Shader Compiler.
[2020.08.12-12.43.18:392][  0]LogTemp: Display: Loaded TP AllDesktopTargetPlatform
[2020.08.12-12.43.18:461][  0]LogTemp: Display: Loaded TP MacClientTargetPlatform
[2020.08.12-12.43.18:530][  0]LogTemp: Display: Loaded TP MacNoEditorTargetPlatform
[2020.08.12-12.43.18:602][  0]LogTemp: Display: Loaded TP MacServerTargetPlatform
[2020.08.12-12.43.18:687][  0]LogTemp: Display: Loaded TP MacTargetPlatform
[2020.08.12-12.43.18:756][  0]LogTemp: Display: Loaded TP WindowsClientTargetPlatform
[2020.08.12-12.43.18:829][  0]LogTemp: Display: Loaded TP WindowsNoEditorTargetPlatform
[2020.08.12-12.43.18:899][  0]LogTemp: Display: Loaded TP WindowsServerTargetPlatform
[2020.08.12-12.43.18:962][  0]LogTemp: Display: Loaded TP WindowsTargetPlatform
[2020.08.12-12.43.19:031][  0]LogTemp: Display: Loaded TP Android_ASTCTargetPlatform
[2020.08.12-12.43.19:101][  0]LogTemp: Display: Loaded TP Android_ATCTargetPlatform
[2020.08.12-12.43.19:186][  0]LogTemp: Display: Loaded TP Android_DXTTargetPlatform
[2020.08.12-12.43.19:279][  0]LogTemp: Display: Loaded TP Android_ETC1TargetPlatform
[2020.08.12-12.43.19:348][  0]LogTemp: Display: Loaded TP Android_ETC2TargetPlatform
[2020.08.12-12.43.19:486][  0]LogTemp: Display: Loaded TP Android_MultiTargetPlatform
[2020.08.12-12.43.19:486][  0]LogTemp: Display: Loaded TP Android_PVRTCTargetPlatform
[2020.08.12-12.43.19:617][  0]LogTemp: Display: Loaded TP AndroidTargetPlatform
[2020.08.12-12.43.19:719][  0]LogTemp: Display: Loaded TP HTML5TargetPlatform
[2020.08.12-12.43.19:900][  0]LogTemp: Display: Loaded TP IOSTargetPlatform
[2020.08.12-12.43.19:939][  0]LogTemp: Display: Loaded TP TVOSTargetPlatform
[2020.08.12-12.43.20:044][  0]LogTemp: Display: Loaded TP LinuxClientTargetPlatform
[2020.08.12-12.43.20:141][  0]LogTemp: Display: Loaded TP LinuxNoEditorTargetPlatform
[2020.08.12-12.43.20:238][  0]LogTemp: Display: Loaded TP LinuxServerTargetPlatform
[2020.08.12-12.43.20:325][  0]LogTemp: Display: Loaded TP LinuxTargetPlatform
[2020.08.12-12.43.20:325][  0]LogTargetPlatformManager: Display: Building Assets For Windows
[2020.08.12-12.43.21:693][  0]LogDerivedDataCache: Display: Max Cache Size: 512 MB
[2020.08.12-12.43.23:193][  0]LogDerivedDataCache: Loaded boot cache 1.50s 75MB C:/Users/farha/AppData/Local/UnrealEngine/4.18/DerivedDataCache/Boot.ddc.
[2020.08.12-12.43.23:193][  0]LogDerivedDataCache: Display: Loaded Boot cache: C:/Users/farha/AppData/Local/UnrealEngine/4.18/DerivedDataCache/Boot.ddc
[2020.08.12-12.43.23:193][  0]LogDerivedDataCache: FDerivedDataBackendGraph:  Pak pak cache file ../../../../../GITHUB/vigilance_4.18/Vigilance418/DerivedDataCache/DDC.ddp not found, will not use a pak cache.
[2020.08.12-12.43.23:193][  0]LogDerivedDataCache: Unable to find inner node Pak for hierarchical cache Hierarchy.
[2020.08.12-12.43.23:193][  0]LogDerivedDataCache: FDerivedDataBackendGraph:  CompressedPak pak cache file ../../../../../GITHUB/vigilance_4.18/Vigilance418/DerivedDataCache/Compressed.ddp not found, will not use a pak cache.
[2020.08.12-12.43.23:193][  0]LogDerivedDataCache: Unable to find inner node CompressedPak for hierarchical cache Hierarchy.
[2020.08.12-12.43.23:261][  0]LogDerivedDataCache: Display: Pak cache opened for reading ../../../Engine/DerivedDataCache/Compressed.ddp.
[2020.08.12-12.43.23:289][  0]LogDerivedDataCache: Using Local data cache path C:/Users/farha/AppData/Local/UnrealEngine/Common/DerivedDataCache: Writable
[2020.08.12-12.43.23:297][  0]LogMaterial: Verifying Global Shaders for PCD3D_SM4
[2020.08.12-12.43.23:298][  0]LogSlate: Using Freetype 2.6.0
[2020.08.12-12.43.23:299][  0]LogSlate: SlateFontCache - WITH_FREETYPE: 1, WITH_HARFBUZZ: 1
[2020.08.12-12.43.23:299][  0]LogSlate: SlateFontCache - WITH_FREETYPE: 1, WITH_HARFBUZZ: 1
[2020.08.12-12.43.26:418][  0]LogInit: Selected Device Profile: [Windows]
[2020.08.12-12.43.27:243][  0]LogSimplygon: Simplygon DLL not present - disabling.
[2020.08.12-12.43.27:312][  0]LogMeshReduction: Using SimplygonSwarm for distributed automatic mesh merging
[2020.08.12-12.43.27:312][  0]LogMeshReduction: Using QuadricMeshReduction for automatic static mesh reduction
[2020.08.12-12.43.27:312][  0]LogMeshReduction: No automatic skeletal mesh reduction module available
[2020.08.12-12.43.27:312][  0]LogMeshReduction: No automatic mesh merging module available
[2020.08.12-12.43.27:312][  0]LogMeshMerging: No automatic mesh merging module available
[2020.08.12-12.43.27:451][  0]LogNetVersion: Vigilance418 , NetCL: 3709383, EngineNetVer: 2, GameNetVer: 0 (Checksum: 63410103)
[2020.08.12-12.43.27:851][  0]LogAssetRegistry: FAssetRegistry took 0.0281 seconds to start up
[2020.08.12-12.43.32:374][  0]LogPackageLocalizationCache: Processed 7 localized package path(s) for 2 prioritized culture(s) in 0.335880 seconds
[2020.08.12-12.43.32:381][  0]LogUObjectArray: 35870 objects as part of root set at end of initial load.
[2020.08.12-12.43.32:381][  0]LogUObjectAllocator: 7363696 out of 0 bytes used by permanent object pool.
[2020.08.12-12.43.32:381][  0]LogUObjectArray: CloseDisregardForGC: 0/0 objects in disregard for GC pool
[2020.08.12-12.43.32:463][  0]LogInit: WinSock: version 1.1 (2.2), MaxSocks=32767, MaxUdp=65467
[2020.08.12-12.43.50:631][  0]LogTcpMessaging: Initializing TcpMessaging bridge
[2020.08.12-12.43.50:761][  0]LogUdpMessaging: Initializing bridge on interface 0.0.0.0:0 to multicast group 230.0.0.1:6666.
[2020.08.12-12.43.53:167][  0]LogMaterial: Uniform references updated for custom material expression Custom.
[2020.08.12-12.43.54:528][  0]SourceControl: Source control is disabled
[2020.08.12-12.43.54:528][  0]SourceControl: Source control is disabled
[2020.08.12-12.43.54:891][  0]SourceControl: Source control is disabled
[2020.08.12-12.43.55:063][  0]SourceControl: Source control is disabled
[2020.08.12-12.43.59:006][  0]LogAndroidPermission: UAndroidPermissionCallbackProxy::GetInstance
[2020.08.12-12.43.59:555][  0]LogOcInput: OculusInput pre-init called
[2020.08.12-12.44.00:415][  0]LogEngine: Initializing Engine...
[2020.08.12-12.44.00:446][  0]LogHMD: Failed to initialize OpenVR with code 110
[2020.08.12-12.44.01:591][  0]LogStats: UGameplayTagsManager::ConstructGameplayTagTree: Construct from data asset -  0.000 s
[2020.08.12-12.44.01:591][  0]LogStats: UGameplayTagsManager::ConstructGameplayTagTree: GameplayTagTreeChangedEvent.Broadcast -  0.000 s
[2020.08.12-12.44.01:927][  0]LogAIModule: Creating AISystem for world Untitled
[2020.08.12-12.44.02:178][  0]LogInit: XAudio2 using 'Speakers (2- High Definition Audio Device)' : 2 channels at 48 kHz using 16 bits per sample (channel mask 0x3)
[2020.08.12-12.44.02:435][  0]LogInit: FAudioDevice initialized.
[2020.08.12-12.44.03:135][  0]LogDerivedDataCache: Saved boot cache 0.70s 75MB C:/Users/farha/AppData/Local/UnrealEngine/4.18/DerivedDataCache/Boot.ddc.
[2020.08.12-12.44.03:185][  0]LogInit: Texture streaming: Enabled
[2020.08.12-12.44.03:462][  0]LogEngineSessionManager: EngineSessionManager initialized
[2020.08.12-12.44.03:518][  0]LogEngineSessionManager: EngineSessionManager sent abnormal shutdown report. Type=Crashed, SessionId={80622669-45CF-7CED-7DE3-4F9D3D0007CE}
[2020.08.12-12.44.03:786][  0]LogInit: Transaction tracking system initialized
[2020.08.12-12.44.04:645][  0]BlueprintLog: New page: Editor Load
[2020.08.12-12.44.11:120][  0]LocalizationService: Localization service is disabled
[2020.08.12-12.44.15:779][  0]LogConsoleResponse: Display: 
[2020.08.12-12.44.19:698][  0]LogCook: Display: Max memory allowance for cook 16384mb min free memory 0mb
[2020.08.12-12.44.19:698][  0]LogCook: Display: Mobile HDR setting 1
[2020.08.12-12.44.19:698][  0]LogGameplayTags: Display: UGameplayTagsManager::DoneAddingNativeTags. DelegateIsBound: 0
[2020.08.12-12.44.20:080][  0]LogFileCache: Scanning file cache for directory 'E:/GameDev/Unreal/GITHUB/vigilance_4.18/Vigilance418/Content/' took 0.11s
[2020.08.12-12.44.24:136][  0]SourceControl: Source control is disabled
[2020.08.12-12.44.24:136][  0]Cmd: MAP LOAD FILE="../../../../../GITHUB/vigilance_4.18/Vigilance418/Content/Maps/DemoTestMap.umap" TEMPLATE=0 SHOWPROGRESS=1 FEATURELEVEL=2
[2020.08.12-12.44.24:203][  0]LightingResults: New page: Lighting Build
[2020.08.12-12.44.24:260][  0]MapCheck: New page: Map Check
[2020.08.12-12.44.24:260][  0]LightingResults: New page: Lighting Build
[2020.08.12-12.44.38:654][  0]LogAIModule: Creating AISystem for world DemoTestMap
[2020.08.12-12.44.38:731][  0]LogEditorServer: Finished looking for orphan Actors (0.000 secs)
[2020.08.12-12.44.38:981][  0]Cmd: MAP CHECKDEP NOCLEARLOG
[2020.08.12-12.44.39:081][  0]MapCheck: Map check complete: 0 Error(s), 0 Warning(s), took 100.669ms to complete.
[2020.08.12-12.44.39:082][  0]LogFileHelpers: Loading map 'DemoTestMap' took 14.945
[2020.08.12-12.44.39:593][  0]LogCollectionManager: Loaded 0 collections in 0.001244 seconds
[2020.08.12-12.44.39:686][  0]LogFileCache: Scanning file cache for directory 'E:/GameDev/Unreal/GITHUB/vigilance_4.18/Vigilance418/Saved/Collections/' took 0.01s
[2020.08.12-12.44.39:686][  0]LogFileCache: Scanning file cache for directory 'E:/GameDev/Unreal/GITHUB/vigilance_4.18/Vigilance418/Content/Developers/farha/Collections/' took 0.01s
[2020.08.12-12.44.39:686][  0]LogFileCache: Scanning file cache for directory 'E:/GameDev/Unreal/GITHUB/vigilance_4.18/Vigilance418/Content/Collections/' took 0.01s
[2020.08.12-12.44.39:686][  0]LogCollectionManager: Rebuilt the GUID cache for 0 collections in 0.000001 seconds
[2020.08.12-12.44.39:698][  0]LogContentBrowser: Native class hierarchy populated in 0.0115 seconds. Added 2364 classes and 521 folders.
[2020.08.12-12.44.39:785][  0]LogContentBrowser: Native class hierarchy updated for 'WidgetCarousel' in 0.0003 seconds. Added 0 classes and 0 folders.
[2020.08.12-12.44.42:903][  0]LogContentBrowser: Native class hierarchy updated for 'AddContentDialog' in 0.0003 seconds. Added 0 classes and 0 folders.
[2020.08.12-12.44.42:911][  0]LogSlate: Took 0.000838 seconds to synchronously load lazily loaded font '../../../Engine/Content/Slate/Fonts/Roboto-Regular.ttf' (155K)
[2020.08.12-12.44.42:917][  0]LogSlate: Took 0.000289 seconds to synchronously load lazily loaded font '../../../Engine/Content/Slate/Fonts/Roboto-Bold.ttf' (160K)
[2020.08.12-12.44.43:158][  0]LogRenderer: Reallocating scene render targets to support 1012x656 Format 9 NumSamples 1 (Frame:1).
[2020.08.12-12.44.44:229][  0]LogContentBrowser: Native class hierarchy updated for 'HierarchicalLODOutliner' in 0.0004 seconds. Added 1 classes and 2 folders.
[2020.08.12-12.44.44:229][  0]LogLoad: (Engine Initialization) Total time: 104.42 seconds
[2020.08.12-12.44.44:229][  0]LogLoad: (Engine Initialization) Total Blueprint compile time: 0.00 seconds
[2020.08.12-12.44.44:229][  0]LogExternalProfiler: No external profilers were discovered.  External profiling features will not be available.
[2020.08.12-12.44.44:596][  0]LogContentStreaming: Texture pool size now 800 MB
[2020.08.12-12.44.46:858][  3]LogSlate: Took 0.018065 seconds to synchronously load lazily loaded font '../../../Engine/Content/Slate/Fonts/Roboto-Light.ttf' (159K)
[2020.08.12-12.44.47:159][  4]LogAssetRegistry: Asset discovery search completed in 79.3303 seconds
[2020.08.12-12.44.47:164][  4]LogCollectionManager: Rebuilt the object cache for 0 collections in 0.000001 seconds (found 0 objects)
[2020.08.12-12.44.47:164][  4]LogCollectionManager: Fixed up redirectors for 0 collections in 0.000090 seconds (updated 0 objects)
[2020.08.12-13.07.50:413][978]LogSlate: Took 0.033310 seconds to synchronously load lazily loaded font '../../../Engine/Content/Editor/Slate/Fonts/FontAwesome.ttf' (139K)
[2020.08.12-13.07.52:045][ 60]LogScript: Warning: Accessed None trying to read property Player Ref
	Player_AnimBP_C /Engine/Transient.World_2:PersistentLevel.SkeletalMeshActor_1.SkeletalMeshComponent0.Player_AnimBP_C_1
	Function /Game/Blueprints/PlayerBlueprint/Player_AnimBP.Player_AnimBP_C:ExecuteUbergraph_Player_AnimBP:094B
[2020.08.12-13.07.52:804][ 87]LogSlate: Took 0.000296 seconds to synchronously load lazily loaded font '../../../Engine/Content/Slate/Fonts/Roboto-Light.ttf' (159K)
[2020.08.12-13.07.53:300][ 87]LogContentBrowser: Native class hierarchy updated for 'BlueprintGraph' in 0.0008 seconds. Added 116 classes and 0 folders.
[2020.08.12-13.07.54:474][ 87]LogSlate: Took 0.000273 seconds to synchronously load lazily loaded font '../../../Engine/Content/Slate/Fonts/Roboto-Regular.ttf' (155K)
[2020.08.12-13.07.54:686][ 87]LogSlate: Took 0.011148 seconds to synchronously load lazily loaded font '../../../Engine/Content/Editor/Slate/Fonts/Roboto-BoldCondensed.ttf' (158K)
[2020.08.12-13.07.55:656][ 88]LogSlate: Took 0.022232 seconds to synchronously load lazily loaded font '../../../Engine/Content/Editor/Slate/Fonts/Roboto-Italic.ttf' (157K)
[2020.08.12-13.08.58:418][570]BlueprintLog: New page: Compile Player_CharacterBP
[2020.08.12-13.08.59:294][570]LogBlueprint: Warning: [Compiler PlayerClimbing_AnimBP] Get : 'Can Move on wall ?' variable not found. Base class was probably changed. /Game/Blueprints/PlayerBlueprint/PlayerClimbing_AnimBP.PlayerClimbing_AnimBP
[2020.08.12-13.08.59:294][570]LogBlueprint: Warning: [Compiler PlayerClimbing_AnimBP] Get : 'Can Jump if on wall' variable not found. Base class was probably changed. /Game/Blueprints/PlayerBlueprint/PlayerClimbing_AnimBP.PlayerClimbing_AnimBP
[2020.08.12-13.08.59:732][570]LogBlueprint: Warning: [Compiler PlayerClimbing_AnimBP] Could not find a variable named "Can Jump if on wall" in 'Player_CharacterBP_C'.
Make sure 'Player_CharacterBP_C' has been compiled for  Get Can Jump if on wall
[2020.08.12-13.08.59:732][570]LogBlueprint: Warning: [Compiler PlayerClimbing_AnimBP] Could not find a variable named "Can Move on wall ?" in 'Player_CharacterBP_C'.
Make sure 'Player_CharacterBP_C' has been compiled for  Get Can Move on wall ?
[2020.08.12-13.08.59:740][570]LogBlueprint: Warning: [Compiler PlayerClimbing_AnimBP] Could not find a variable named "Can Jump if on wall" in 'Player_CharacterBP_C'.
Make sure 'Player_CharacterBP_C' has been compiled for  Get Can Jump if on wall
[2020.08.12-13.08.59:741][570]LogBlueprint: Warning: [Compiler PlayerClimbing_AnimBP] Could not find a variable named "Can Move on wall ?" in 'Player_CharacterBP_C'.
Make sure 'Player_CharacterBP_C' has been compiled for  Get Can Move on wall ?
[2020.08.12-13.08.59:878][570]LogBlueprint: Error: [Compiler Player_CharacterBP] Could not find a function named "Climb system 2 tick" in 'Player_CharacterBP_C'.
Make sure 'Player_CharacterBP_C' has been compiled for  Climb System 2 Tick
[2020.08.12-13.08.59:882][570]LogBlueprint: Error: [Compiler Player_CharacterBP] Could not find a function named "Climbing Tick" in 'Player_CharacterBP_C'.
Make sure 'Player_CharacterBP_C' has been compiled for  Climbing Tick
[2020.08.12-13.08.59:948][570]LogBlueprint: Error: [Compiler PlayerClimbing_AnimBP] The property associated with  Can Jump If On Wall  could not be found
[2020.08.12-13.08.59:949][570]LogBlueprint: Error: [Compiler PlayerClimbing_AnimBP] The property associated with  Can Move On Wall ?  could not be found
[2020.08.12-13.09.00:308][570]LogBlueprint: Warning: [Compiler PlayerClimbing_AnimBP] [1560.50] Compile of PlayerClimbing_AnimBP failed. 2 Fatal Issue(s) 6 Warning(s) [in 1,620 ms] (/Game/Blueprints/PlayerBlueprint/PlayerClimbing_AnimBP.PlayerClimbing_AnimBP)
[2020.08.12-13.09.00:314][570]LogScript: Warning: Accessed None trying to read property Player Ref
	Player_AnimBP_C /Game/Maps/DemoTestMap.DemoTestMap:PersistentLevel.Player_CharacterBP_407.CharacterMesh0.Player_AnimBP_C_1
	Function /Game/Blueprints/PlayerBlueprint/Player_AnimBP.Player_AnimBP_C:ExecuteUbergraph_Player_AnimBP:1BC4
[2020.08.12-13.09.00:315][570]LogScript: Warning: Accessed None trying to read property Player Ref
	Player_AnimBP_C /Game/Maps/DemoTestMap.DemoTestMap:PersistentLevel.Player_CharacterBP_407.CharacterMesh0.Player_AnimBP_C_1
	Function /Game/Blueprints/PlayerBlueprint/Player_AnimBP.Player_AnimBP_C:ExecuteUbergraph_Player_AnimBP:1BF7
[2020.08.12-13.09.00:315][570]LogScript: Warning: Accessed None trying to read property Player Ref
	Player_AnimBP_C /Game/Maps/DemoTestMap.DemoTestMap:PersistentLevel.Player_CharacterBP_407.CharacterMesh0.Player_AnimBP_C_1
	Function /Game/Blueprints/PlayerBlueprint/Player_AnimBP.Player_AnimBP_C:ExecuteUbergraph_Player_AnimBP:1C22
[2020.08.12-13.09.00:315][570]LogScript: Warning: Accessed None trying to read property Player Ref
	Player_AnimBP_C /Game/Maps/DemoTestMap.DemoTestMap:PersistentLevel.Player_CharacterBP_407.CharacterMesh0.Player_AnimBP_C_1
	Function /Game/Blueprints/PlayerBlueprint/Player_AnimBP.Player_AnimBP_C:ExecuteUbergraph_Player_AnimBP:1C4D
[2020.08.12-13.09.00:315][570]LogScript: Warning: Accessed None trying to read property Player Ref
	Player_AnimBP_C /Game/Maps/DemoTestMap.DemoTestMap:PersistentLevel.Player_CharacterBP_407.CharacterMesh0.Player_AnimBP_C_1
	Function /Game/Blueprints/PlayerBlueprint/Player_AnimBP.Player_AnimBP_C:ExecuteUbergraph_Player_AnimBP:1C80
[2020.08.12-13.09.00:315][570]LogScript: Warning: Accessed None trying to read property Player Ref
	Player_AnimBP_C /Game/Maps/DemoTestMap.DemoTestMap:PersistentLevel.Player_CharacterBP_407.CharacterMesh0.Player_AnimBP_C_1
	Function /Game/Blueprints/PlayerBlueprint/Player_AnimBP.Player_AnimBP_C:ExecuteUbergraph_Player_AnimBP:1CAB
[2020.08.12-13.09.00:315][570]LogScript: Warning: Accessed None trying to read property Player Ref
	Player_AnimBP_C /Game/Maps/DemoTestMap.DemoTestMap:PersistentLevel.Player_CharacterBP_407.CharacterMesh0.Player_AnimBP_C_1
	Function /Game/Blueprints/PlayerBlueprint/Player_AnimBP.Player_AnimBP_C:ExecuteUbergraph_Player_AnimBP:1CD6
[2020.08.12-13.09.00:315][570]LogScript: Warning: Accessed None trying to read property Player Ref
	Player_AnimBP_C /Game/Maps/DemoTestMap.DemoTestMap:PersistentLevel.Player_CharacterBP_407.CharacterMesh0.Player_AnimBP_C_1
	Function /Game/Blueprints/PlayerBlueprint/Player_AnimBP.Player_AnimBP_C:ExecuteUbergraph_Player_AnimBP:094B
[2020.08.12-13.09.00:319][570]LogScript: Warning: Accessed None trying to read property Player Ref
	Player_AnimBP_C /Engine/Transient.World_2:PersistentLevel.SkeletalMeshActor_1.SkeletalMeshComponent0.Player_AnimBP_C_2
	Function /Game/Blueprints/PlayerBlueprint/Player_AnimBP.Player_AnimBP_C:ExecuteUbergraph_Player_AnimBP:094B
[2020.08.12-13.09.00:321][570]LogScript: Warning: Accessed None trying to read property Player Ref
	Player_AnimBP_C /Engine/Transient.World_3:PersistentLevel.Player_CharacterBP_C_1.CharacterMesh0.Player_AnimBP_C_3
	Function /Game/Blueprints/PlayerBlueprint/Player_AnimBP.Player_AnimBP_C:ExecuteUbergraph_Player_AnimBP:1BC4
[2020.08.12-13.09.00:321][570]LogScript: Warning: Accessed None trying to read property Player Ref
	Player_AnimBP_C /Engine/Transient.World_3:PersistentLevel.Player_CharacterBP_C_1.CharacterMesh0.Player_AnimBP_C_3
	Function /Game/Blueprints/PlayerBlueprint/Player_AnimBP.Player_AnimBP_C:ExecuteUbergraph_Player_AnimBP:1BF7
[2020.08.12-13.09.00:321][570]LogScript: Warning: Accessed None trying to read property Player Ref
	Player_AnimBP_C /Engine/Transient.World_3:PersistentLevel.Player_CharacterBP_C_1.CharacterMesh0.Player_AnimBP_C_3
	Function /Game/Blueprints/PlayerBlueprint/Player_AnimBP.Player_AnimBP_C:ExecuteUbergraph_Player_AnimBP:1C22
[2020.08.12-13.09.00:321][570]LogScript: Warning: Accessed None trying to read property Player Ref
	Player_AnimBP_C /Engine/Transient.World_3:PersistentLevel.Player_CharacterBP_C_1.CharacterMesh0.Player_AnimBP_C_3
	Function /Game/Blueprints/PlayerBlueprint/Player_AnimBP.Player_AnimBP_C:ExecuteUbergraph_Player_AnimBP:1C4D
[2020.08.12-13.09.00:321][570]LogScript: Warning: Accessed None trying to read property Player Ref
	Player_AnimBP_C /Engine/Transient.World_3:PersistentLevel.Player_CharacterBP_C_1.CharacterMesh0.Player_AnimBP_C_3
	Function /Game/Blueprints/PlayerBlueprint/Player_AnimBP.Player_AnimBP_C:ExecuteUbergraph_Player_AnimBP:1C80
[2020.08.12-13.09.00:321][570]LogScript: Warning: Accessed None trying to read property Player Ref
	Player_AnimBP_C /Engine/Transient.World_3:PersistentLevel.Player_CharacterBP_C_1.CharacterMesh0.Player_AnimBP_C_3
	Function /Game/Blueprints/PlayerBlueprint/Player_AnimBP.Player_AnimBP_C:ExecuteUbergraph_Player_AnimBP:1CAB
[2020.08.12-13.09.00:321][570]LogScript: Warning: Accessed None trying to read property Player Ref
	Player_AnimBP_C /Engine/Transient.World_3:PersistentLevel.Player_CharacterBP_C_1.CharacterMesh0.Player_AnimBP_C_3
	Function /Game/Blueprints/PlayerBlueprint/Player_AnimBP.Player_AnimBP_C:ExecuteUbergraph_Player_AnimBP:1CD6
[2020.08.12-13.09.00:321][570]LogScript: Warning: Accessed None trying to read property Player Ref
	Player_AnimBP_C /Engine/Transient.World_3:PersistentLevel.Player_CharacterBP_C_1.CharacterMesh0.Player_AnimBP_C_3
	Function /Game/Blueprints/PlayerBlueprint/Player_AnimBP.Player_AnimBP_C:ExecuteUbergraph_Player_AnimBP:094B
[2020.08.12-13.09.07:595][570]LogBlueprint: Warning: [Compiler Player_CharacterBP] [1567.79] Compile of Player_CharacterBP failed. 2 Fatal Issue(s) 0 Warning(s) [in 9,177 ms] (/Game/Blueprints/PlayerBlueprint/Player_CharacterBP.Player_CharacterBP)
[2020.08.12-13.09.19:280][181]BlueprintLog: New page: Compile Player_CharacterBP
[2020.08.12-13.09.20:077][181]LogBlueprint: Warning: [Compiler PlayerClimbing_AnimBP] Get : 'Can Move on wall ?' variable not found. Base class was probably changed. /Game/Blueprints/PlayerBlueprint/PlayerClimbing_AnimBP.PlayerClimbing_AnimBP
[2020.08.12-13.09.20:077][181]LogBlueprint: Warning: [Compiler PlayerClimbing_AnimBP] Get : 'Can Jump if on wall' variable not found. Base class was probably changed. /Game/Blueprints/PlayerBlueprint/PlayerClimbing_AnimBP.PlayerClimbing_AnimBP
[2020.08.12-13.09.20:511][181]LogBlueprint: Warning: [Compiler PlayerClimbing_AnimBP] Could not find a variable named "Can Jump if on wall" in 'Player_CharacterBP_C'.
Make sure 'Player_CharacterBP_C' has been compiled for  Get Can Jump if on wall
[2020.08.12-13.09.20:511][181]LogBlueprint: Warning: [Compiler PlayerClimbing_AnimBP] Could not find a variable named "Can Move on wall ?" in 'Player_CharacterBP_C'.
Make sure 'Player_CharacterBP_C' has been compiled for  Get Can Move on wall ?
[2020.08.12-13.09.20:522][181]LogBlueprint: Warning: [Compiler PlayerClimbing_AnimBP] Could not find a variable named "Can Jump if on wall" in 'Player_CharacterBP_C'.
Make sure 'Player_CharacterBP_C' has been compiled for  Get Can Jump if on wall
[2020.08.12-13.09.20:522][181]LogBlueprint: Warning: [Compiler PlayerClimbing_AnimBP] Could not find a variable named "Can Move on wall ?" in 'Player_CharacterBP_C'.
Make sure 'Player_CharacterBP_C' has been compiled for  Get Can Move on wall ?
[2020.08.12-13.09.20:709][181]LogBlueprint: Error: [Compiler PlayerClimbing_AnimBP] The property associated with  Can Jump If On Wall  could not be found
[2020.08.12-13.09.20:709][181]LogBlueprint: Error: [Compiler PlayerClimbing_AnimBP] The property associated with  Can Move On Wall ?  could not be found
[2020.08.12-13.09.20:967][181]LogBlueprint: Warning: [Compiler PlayerClimbing_AnimBP] [1581.16] Compile of PlayerClimbing_AnimBP failed. 2 Fatal Issue(s) 6 Warning(s) [in 1,434 ms] (/Game/Blueprints/PlayerBlueprint/PlayerClimbing_AnimBP.PlayerClimbing_AnimBP)
[2020.08.12-13.09.20:975][181]LogScript: Warning: Accessed None trying to read property Player Ref
	Player_AnimBP_C /Engine/Transient.World_2:PersistentLevel.SkeletalMeshActor_1.SkeletalMeshComponent0.Player_AnimBP_C_1
	Function /Game/Blueprints/PlayerBlueprint/Player_AnimBP.Player_AnimBP_C:ExecuteUbergraph_Player_AnimBP:094B
[2020.08.12-13.09.20:976][181]LogScript: Warning: Accessed None trying to read property Player Ref
	Player_AnimBP_C /Game/Maps/DemoTestMap.DemoTestMap:PersistentLevel.Player_CharacterBP_407.CharacterMesh0.Player_AnimBP_C_0
	Function /Game/Blueprints/PlayerBlueprint/Player_AnimBP.Player_AnimBP_C:ExecuteUbergraph_Player_AnimBP:1BC4
[2020.08.12-13.09.20:977][181]LogScript: Warning: Accessed None trying to read property Player Ref
	Player_AnimBP_C /Game/Maps/DemoTestMap.DemoTestMap:PersistentLevel.Player_CharacterBP_407.CharacterMesh0.Player_AnimBP_C_0
	Function /Game/Blueprints/PlayerBlueprint/Player_AnimBP.Player_AnimBP_C:ExecuteUbergraph_Player_AnimBP:1BF7
[2020.08.12-13.09.20:977][181]LogScript: Warning: Accessed None trying to read property Player Ref
	Player_AnimBP_C /Game/Maps/DemoTestMap.DemoTestMap:PersistentLevel.Player_CharacterBP_407.CharacterMesh0.Player_AnimBP_C_0
	Function /Game/Blueprints/PlayerBlueprint/Player_AnimBP.Player_AnimBP_C:ExecuteUbergraph_Player_AnimBP:1C22
[2020.08.12-13.09.20:977][181]LogScript: Warning: Accessed None trying to read property Player Ref
	Player_AnimBP_C /Game/Maps/DemoTestMap.DemoTestMap:PersistentLevel.Player_CharacterBP_407.CharacterMesh0.Player_AnimBP_C_0
	Function /Game/Blueprints/PlayerBlueprint/Player_AnimBP.Player_AnimBP_C:ExecuteUbergraph_Player_AnimBP:1C4D
[2020.08.12-13.09.20:977][181]LogScript: Warning: Accessed None trying to read property Player Ref
	Player_AnimBP_C /Game/Maps/DemoTestMap.DemoTestMap:PersistentLevel.Player_CharacterBP_407.CharacterMesh0.Player_AnimBP_C_0
	Function /Game/Blueprints/PlayerBlueprint/Player_AnimBP.Player_AnimBP_C:ExecuteUbergraph_Player_AnimBP:1C80
[2020.08.12-13.09.20:977][181]LogScript: Warning: Accessed None trying to read property Player Ref
	Player_AnimBP_C /Game/Maps/DemoTestMap.DemoTestMap:PersistentLevel.Player_CharacterBP_407.CharacterMesh0.Player_AnimBP_C_0
	Function /Game/Blueprints/PlayerBlueprint/Player_AnimBP.Player_AnimBP_C:ExecuteUbergraph_Player_AnimBP:1CAB
[2020.08.12-13.09.20:977][181]LogScript: Warning: Accessed None trying to read property Player Ref
	Player_AnimBP_C /Game/Maps/DemoTestMap.DemoTestMap:PersistentLevel.Player_CharacterBP_407.CharacterMesh0.Player_AnimBP_C_0
	Function /Game/Blueprints/PlayerBlueprint/Player_AnimBP.Player_AnimBP_C:ExecuteUbergraph_Player_AnimBP:1CD6
[2020.08.12-13.09.20:977][181]LogScript: Warning: Accessed None trying to read property Player Ref
	Player_AnimBP_C /Game/Maps/DemoTestMap.DemoTestMap:PersistentLevel.Player_CharacterBP_407.CharacterMesh0.Player_AnimBP_C_0
	Function /Game/Blueprints/PlayerBlueprint/Player_AnimBP.Player_AnimBP_C:ExecuteUbergraph_Player_AnimBP:094B
[2020.08.12-13.09.20:979][181]LogScript: Warning: Accessed None trying to read property Player Ref
	Player_AnimBP_C /Engine/Transient.World_3:PersistentLevel.Player_CharacterBP_C_1.CharacterMesh0.Player_AnimBP_C_2
	Function /Game/Blueprints/PlayerBlueprint/Player_AnimBP.Player_AnimBP_C:ExecuteUbergraph_Player_AnimBP:1BC4
[2020.08.12-13.09.20:979][181]LogScript: Warning: Accessed None trying to read property Player Ref
	Player_AnimBP_C /Engine/Transient.World_3:PersistentLevel.Player_CharacterBP_C_1.CharacterMesh0.Player_AnimBP_C_2
	Function /Game/Blueprints/PlayerBlueprint/Player_AnimBP.Player_AnimBP_C:ExecuteUbergraph_Player_AnimBP:1BF7
[2020.08.12-13.09.20:979][181]LogScript: Warning: Accessed None trying to read property Player Ref
	Player_AnimBP_C /Engine/Transient.World_3:PersistentLevel.Player_CharacterBP_C_1.CharacterMesh0.Player_AnimBP_C_2
	Function /Game/Blueprints/PlayerBlueprint/Player_AnimBP.Player_AnimBP_C:ExecuteUbergraph_Player_AnimBP:1C22
[2020.08.12-13.09.20:979][181]LogScript: Warning: Accessed None trying to read property Player Ref
	Player_AnimBP_C /Engine/Transient.World_3:PersistentLevel.Player_CharacterBP_C_1.CharacterMesh0.Player_AnimBP_C_2
	Function /Game/Blueprints/PlayerBlueprint/Player_AnimBP.Player_AnimBP_C:ExecuteUbergraph_Player_AnimBP:1C4D
[2020.08.12-13.09.20:979][181]LogScript: Warning: Accessed None trying to read property Player Ref
	Player_AnimBP_C /Engine/Transient.World_3:PersistentLevel.Player_CharacterBP_C_1.CharacterMesh0.Player_AnimBP_C_2
	Function /Game/Blueprints/PlayerBlueprint/Player_AnimBP.Player_AnimBP_C:ExecuteUbergraph_Player_AnimBP:1C80
[2020.08.12-13.09.20:979][181]LogScript: Warning: Accessed None trying to read property Player Ref
	Player_AnimBP_C /Engine/Transient.World_3:PersistentLevel.Player_CharacterBP_C_1.CharacterMesh0.Player_AnimBP_C_2
	Function /Game/Blueprints/PlayerBlueprint/Player_AnimBP.Player_AnimBP_C:ExecuteUbergraph_Player_AnimBP:1CAB
[2020.08.12-13.09.20:979][181]LogScript: Warning: Accessed None trying to read property Player Ref
	Player_AnimBP_C /Engine/Transient.World_3:PersistentLevel.Player_CharacterBP_C_1.CharacterMesh0.Player_AnimBP_C_2
	Function /Game/Blueprints/PlayerBlueprint/Player_AnimBP.Player_AnimBP_C:ExecuteUbergraph_Player_AnimBP:1CD6
[2020.08.12-13.09.20:979][181]LogScript: Warning: Accessed None trying to read property Player Ref
	Player_AnimBP_C /Engine/Transient.World_3:PersistentLevel.Player_CharacterBP_C_1.CharacterMesh0.Player_AnimBP_C_2
	Function /Game/Blueprints/PlayerBlueprint/Player_AnimBP.Player_AnimBP_C:ExecuteUbergraph_Player_AnimBP:094B
[2020.08.12-13.09.37:310][181]LogWindows: Error: === Critical error: ===
[2020.08.12-13.09.37:311][181]LogWindows: Error: 
[2020.08.12-13.09.37:311][181]LogWindows: Error: Fatal error!
[2020.08.12-13.09.37:311][181]LogWindows: Error: 
[2020.08.12-13.09.37:311][181]LogWindows: Error: Unhandled Exception: EXCEPTION_ACCESS_VIOLATION reading address 0xffffffff
[2020.08.12-13.09.37:311][181]LogWindows: Error: 
[2020.08.12-13.09.37:311][181]LogWindows: Error: [Callstack] 0x00000000E4BE2705 UE4Editor-CoreUObject.dll!UnknownFunction []
[2020.08.12-13.09.37:311][181]LogWindows: Error: [Callstack] 0x00000000E4B4627B UE4Editor-CoreUObject.dll!UnknownFunction []
[2020.08.12-13.09.37:311][181]LogWindows: Error: [Callstack] 0x00000000E4B9DA29 UE4Editor-CoreUObject.dll!UnknownFunction []
[2020.08.12-13.09.37:311][181]LogWindows: Error: [Callstack] 0x00000000E4A6ADBF UE4Editor-CoreUObject.dll!UnknownFunction []
[2020.08.12-13.09.37:311][181]LogWindows: Error: [Callstack] 0x00000000E088EEC8 UE4Editor-Engine.dll!UnknownFunction []
[2020.08.12-13.09.37:311][181]LogWindows: Error: [Callstack] 0x00000000E089E4A9 UE4Editor-Engine.dll!UnknownFunction []
[2020.08.12-13.09.37:311][181]LogWindows: Error: [Callstack] 0x00000000E099BBC0 UE4Editor-Engine.dll!UnknownFunction []
[2020.08.12-13.09.37:311][181]LogWindows: Error: [Callstack] 0x00000000E093220D UE4Editor-Engine.dll!UnknownFunction []
[2020.08.12-13.09.37:311][181]LogWindows: Error: [Callstack] 0x00000000E089DCA6 UE4Editor-Engine.dll!UnknownFunction []
[2020.08.12-13.09.37:311][181]LogWindows: Error: [Callstack] 0x00000000E0494C5A UE4Editor-Engine.dll!UnknownFunction []
[2020.08.12-13.09.37:311][181]LogWindows: Error: [Callstack] 0x00000000E04CF2DA UE4Editor-Engine.dll!UnknownFunction []
[2020.08.12-13.09.37:311][181]LogWindows: Error: [Callstack] 0x00000000DF4158D3 UE4Editor-UnrealEd.dll!UnknownFunction []
[2020.08.12-13.09.37:311][181]LogWindows: Error: [Callstack] 0x00000000DF43D8E7 UE4Editor-UnrealEd.dll!UnknownFunction []
[2020.08.12-13.09.37:311][181]LogWindows: Error: [Callstack] 0x00000000DF3FE7DF UE4Editor-UnrealEd.dll!UnknownFunction []
[2020.08.12-13.09.37:311][181]LogWindows: Error: [Callstack] 0x00000000DC00187F UE4Editor-Kismet.dll!UnknownFunction []
[2020.08.12-13.09.37:311][181]LogWindows: Error: [Callstack] 0x00000000DBFA1704 UE4Editor-Kismet.dll!UnknownFunction []
[2020.08.12-13.09.37:311][181]LogWindows: Error: [Callstack] 0x00000000DF40633E UE4Editor-UnrealEd.dll!UnknownFunction []
[2020.08.12-13.09.37:311][181]LogWindows: Error: [Callstack] 0x00000000DBFA1133 UE4Editor-Kismet.dll!UnknownFunction []
[2020.08.12-13.09.37:311][181]LogWindows: Error: [Callstack] 0x00000000DBFF0FC1 UE4Editor-Kismet.dll!UnknownFunction []
[2020.08.12-13.09.37:311][181]LogWindows: Error: [Callstack] 0x00000000DBFF5D26 UE4Editor-Kismet.dll!UnknownFunction []
[2020.08.12-13.09.37:311][181]LogWindows: Error: [Callstack] 0x00000000E4397BBF UE4Editor-Slate.dll!UnknownFunction []
[2020.08.12-13.09.37:311][181]LogWindows: Error: [Callstack] 0x00000000E449D3A2 UE4Editor-Slate.dll!UnknownFunction []
[2020.08.12-13.09.37:311][181]LogWindows: Error: [Callstack] 0x00000000E43F76D2 UE4Editor-Slate.dll!UnknownFunction []
[2020.08.12-13.09.37:311][181]LogWindows: Error: [Callstack] 0x00000000E43F8C29 UE4Editor-Slate.dll!UnknownFunction []
[2020.08.12-13.09.37:311][181]LogWindows: Error: [Callstack] 0x00000000E4478C25 UE4Editor-Slate.dll!UnknownFunction []
[2020.08.12-13.09.37:311][181]LogWindows: Error: [Callstack] 0x00000000E4532B27 UE4Editor-Slate.dll!UnknownFunction []
[2020.08.12-13.09.37:311][181]LogWindows: Error: [Callstack] 0x00000000E455EA04 UE4Editor-Slate.dll!UnknownFunction []
[2020.08.12-13.09.37:311][181]LogWindows: Error: [Callstack] 0x00000000E4375EFC UE4Editor-Slate.dll!UnknownFunction []
[2020.08.12-13.09.37:311][181]LogWindows: Error: [Callstack] 0x00000000E4348095 UE4Editor-Slate.dll!UnknownFunction []
[2020.08.12-13.09.37:311][181]LogWindows: Error: [Callstack] 0x00000000E43E28A7 UE4Editor-Slate.dll!UnknownFunction []
[2020.08.12-13.09.37:311][181]LogWindows: Error: [Callstack] 0x00000000E43CB092 UE4Editor-Slate.dll!UnknownFunction []
[2020.08.12-13.09.37:311][181]LogWindows: Error: [Callstack] 0x00000000E43BD902 UE4Editor-Slate.dll!UnknownFunction []
[2020.08.12-13.09.37:311][181]LogWindows: Error: [Callstack] 0x00000000E941E54B UE4Editor-ApplicationCore.dll!UnknownFunction []
[2020.08.12-13.09.37:311][181]LogWindows: Error: [Callstack] 0x00000000E9411A48 UE4Editor-ApplicationCore.dll!UnknownFunction []
[2020.08.12-13.09.37:311][181]LogWindows: Error: [Callstack] 0x00000000E94203EC UE4Editor-ApplicationCore.dll!UnknownFunction []
[2020.08.12-13.09.37:312][181]LogWindows: Error: [Callstack] 0x00000000E940D5A9 UE4Editor-ApplicationCore.dll!UnknownFunction []
[2020.08.12-13.09.37:312][181]LogWindows: Error: [Callstack] 0x0000000017BCE338 USER32.dll!UnknownFunction []
[2020.08.12-13.09.37:312][181]LogWindows: Error: [Callstack] 0x0000000017BCDD79 USER32.dll!UnknownFunction []
[2020.08.12-13.09.37:312][181]LogWindows: Error: [Callstack] 0x00000000E9421516 UE4Editor-ApplicationCore.dll!UnknownFunction []
[2020.08.12-13.09.37:312][181]LogWindows: Error: [Callstack] 0x00000000133150C8 UE4Editor.exe!UnknownFunction []
[2020.08.12-13.09.37:312][181]LogWindows: Error: [Callstack] 0x0000000013325430 UE4Editor.exe!UnknownFunction []
[2020.08.12-13.09.37:312][181]LogWindows: Error: [Callstack] 0x00000000133254AA UE4Editor.exe!UnknownFunction []
[2020.08.12-13.09.37:312][181]LogWindows: Error: [Callstack] 0x0000000013332379 UE4Editor.exe!UnknownFunction []
[2020.08.12-13.09.37:312][181]LogWindows: Error: [Callstack] 0x0000000013333D57 UE4Editor.exe!UnknownFunction []
[2020.08.12-13.09.37:312][181]LogWindows: Error: [Callstack] 0x00000000168D6FD4 KERNEL32.DLL!UnknownFunction []
[2020.08.12-13.09.37:312][181]LogWindows: Error: [Callstack] 0x000000001889CEC1 ntdll.dll!UnknownFunction []
[2020.08.12-13.09.37:312][181]LogWindows: Error: [Callstack] 0x000000001889CEC1 ntdll.dll!UnknownFunction []
[2020.08.12-13.09.37:312][181]LogWindows: Error: 
[2020.08.12-13.09.37:341][181]LogExit: Executing StaticShutdownAfterError
[2020.08.12-13.09.37:577][181]LogWindows: FPlatformMisc::RequestExit(1)
[2020.08.12-13.09.37:594][181]Log file closed, 08/12/20 19:09:37
