Log file open, 08/13/20 16:57:17
LogWindows: Failed to load 'aqProf.dll' (GetLastError=126)
LogWindows: File 'aqProf.dll' does not exist
LogWindows: Failed to load 'VSPerf140.dll' (GetLastError=126)
LogWindows: File 'VSPerf140.dll' does not exist
LogWindows: Failed to load 'VtuneApi.dll' (GetLastError=126)
LogWindows: File 'VtuneApi.dll' does not exist
LogWindows: Failed to load 'VtuneApi32e.dll' (GetLastError=126)
LogWindows: File 'VtuneApi32e.dll' does not exist
LogInit: Display: Running engine for game: Vigilance418
LogPlatformFile: Not using cached read wrapper
LogInit: Display: RandInit(923452974) SRandInit(923452975).
LogInit: Read version file with build ID '3709383'
LogInit: Overriding engine version to CL 3832480, compatible CL 3709383
LogInit: Registered custom module enumerator with build ID '3709383'
LogTaskGraph: Started task graph with 5 named threads and 8 total threads with 3 sets of task threads.
LogStats: Stats thread started at 5.189864
LogD3D11RHI: Aftermath initialized
LogModuleManager: Display: Found up-to-date module file ../../../Engine/Plugins/Marketplace/RootMotionExtractor/Binaries/Win64/UE4Editor-RootMotionExtractor.dll (API version 3709383).
LogModuleManager: Display: Found up-to-date module file ../../../Engine/Plugins/2D/Paper2D/Binaries/Win64/UE4Editor-Paper2D.dll (API version 3709383).
LogModuleManager: Display: Found up-to-date module file ../../../Engine/Plugins/2D/Paper2D/Binaries/Win64/UE4Editor-Paper2DEditor.dll (API version 3709383).
LogModuleManager: Display: Found up-to-date module file ../../../Engine/Plugins/2D/Paper2D/Binaries/Win64/UE4Editor-PaperSpriteSheetImporter.dll (API version 3709383).
LogModuleManager: Display: Found up-to-date module file ../../../Engine/Plugins/2D/Paper2D/Binaries/Win64/UE4Editor-PaperTiledImporter.dll (API version 3709383).
LogModuleManager: Display: Found up-to-date module file ../../../Engine/Plugins/2D/Paper2D/Binaries/Win64/UE4Editor-SmartSnapping.dll (API version 3709383).
LogModuleManager: Display: Found up-to-date module file ../../../Engine/Plugins/Blendables/LightPropagationVolume/Binaries/Win64/UE4Editor-LightPropagationVolumeRuntime.dll (API version 3709383).
LogModuleManager: Display: Found up-to-date module file ../../../Engine/Plugins/Blendables/LightPropagationVolume/Binaries/Win64/UE4Editor-LightPropagationVolumeEditor.dll (API version 3709383).
LogModuleManager: Display: Found up-to-date module file ../../../Engine/Plugins/Developer/GitSourceControl/Binaries/Win64/UE4Editor-GitSourceControl.dll (API version 3709383).
LogModuleManager: Display: Found up-to-date module file ../../../Engine/Plugins/Developer/PerforceSourceControl/Binaries/Win64/UE4Editor-PerforceSourceControl.dll (API version 3709383).
LogModuleManager: Display: Found up-to-date module file ../../../Engine/Plugins/Developer/SubversionSourceControl/Binaries/Win64/UE4Editor-SubversionSourceControl.dll (API version 3709383).
LogModuleManager: Display: Found up-to-date module file ../../../Engine/Plugins/Developer/UObjectPlugin/Binaries/Win64/UE4Editor-UObjectPlugin.dll (API version 3709383).
LogModuleManager: Display: Found up-to-date module file ../../../Engine/Plugins/Developer/VisualStudioCodeSourceCodeAccess/Binaries/Win64/UE4Editor-VisualStudioCodeSourceCodeAccess.dll (API version 3709383).
LogModuleManager: Display: Found up-to-date module file ../../../Engine/Plugins/Developer/VisualStudioSourceCodeAccess/Binaries/Win64/UE4Editor-VisualStudioSourceCodeAccess.dll (API version 3709383).
LogModuleManager: Display: Found up-to-date module file ../../../Engine/Plugins/Editor/AssetManagerEditor/Binaries/Win64/UE4Editor-AssetManagerEditor.dll (API version 3709383).
LogModuleManager: Display: Found up-to-date module file ../../../Engine/Plugins/Editor/AudioCapture/Binaries/Win64/UE4Editor-AudioCapture.dll (API version 3709383).
LogModuleManager: Display: Found up-to-date module file ../../../Engine/Plugins/Editor/FacialAnimation/Binaries/Win64/UE4Editor-FacialAnimation.dll (API version 3709383).
LogModuleManager: Display: Found up-to-date module file ../../../Engine/Plugins/Editor/FacialAnimation/Binaries/Win64/UE4Editor-FacialAnimationEditor.dll (API version 3709383).
LogModuleManager: Display: Found up-to-date module file ../../../Engine/Plugins/Editor/GameplayTagsEditor/Binaries/Win64/UE4Editor-GameplayTagsEditor.dll (API version 3709383).
LogModuleManager: Display: Found up-to-date module file ../../../Engine/Plugins/Editor/MobileLauncherProfileWizard/Binaries/Win64/UE4Editor-MobileLauncherProfileWizard.dll (API version 3709383).
LogModuleManager: Display: Found up-to-date module file ../../../Engine/Plugins/Editor/PluginBrowser/Binaries/Win64/UE4Editor-PluginBrowser.dll (API version 3709383).
LogModuleManager: Display: Found up-to-date module file ../../../Engine/Plugins/Editor/SpeedTreeImporter/Binaries/Win64/UE4Editor-SpeedTreeImporter.dll (API version 3709383).
LogModuleManager: Display: Found up-to-date module file ../../../Engine/Plugins/Experimental/AlembicImporter/Binaries/Win64/UE4Editor-AlembicImporter.dll (API version 3709383).
LogModuleManager: Display: Found up-to-date module file ../../../Engine/Plugins/Experimental/AlembicImporter/Binaries/Win64/UE4Editor-AlembicLibrary.dll (API version 3709383).
LogModuleManager: Display: Found up-to-date module file ../../../Engine/Plugins/Experimental/CharacterAI/Binaries/Win64/UE4Editor-CharacterAI.dll (API version 3709383).
LogModuleManager: Display: Found up-to-date module file ../../../Engine/Plugins/Experimental/HTML5Networking/Binaries/Win64/UE4Editor-HTML5Networking.dll (API version 3709383).
LogModuleManager: Display: Found up-to-date module file ../../../Engine/Plugins/Media/AndroidMedia/Binaries/Win64/UE4Editor-AndroidMediaEditor.dll (API version 3709383).
LogModuleManager: Display: Found up-to-date module file ../../../Engine/Plugins/Media/AndroidMedia/Binaries/Win64/UE4Editor-AndroidMediaFactory.dll (API version 3709383).
LogModuleManager: Display: Found up-to-date module file ../../../Engine/Plugins/Media/AvfMedia/Binaries/Win64/UE4Editor-AvfMediaEditor.dll (API version 3709383).
LogModuleManager: Display: Found up-to-date module file ../../../Engine/Plugins/Media/AvfMedia/Binaries/Win64/UE4Editor-AvfMediaFactory.dll (API version 3709383).
LogModuleManager: Display: Found up-to-date module file ../../../Engine/Plugins/Media/AvfMedia/Binaries/Win64/UE4Editor-AvfMediaFactory.dll (API version 3709383).
LogModuleManager: Display: Found up-to-date module file ../../../Engine/Plugins/Media/ImgMedia/Binaries/Win64/UE4Editor-ImgMedia.dll (API version 3709383).
LogModuleManager: Display: Found up-to-date module file ../../../Engine/Plugins/Media/ImgMedia/Binaries/Win64/UE4Editor-ImgMediaEditor.dll (API version 3709383).
LogModuleManager: Display: Found up-to-date module file ../../../Engine/Plugins/Media/ImgMedia/Binaries/Win64/UE4Editor-ImgMediaFactory.dll (API version 3709383).
LogModuleManager: Display: Found up-to-date module file ../../../Engine/Plugins/Media/ImgMedia/Binaries/Win64/UE4Editor-ImgMediaFactory.dll (API version 3709383).
LogModuleManager: Display: Found up-to-date module file ../../../Engine/Plugins/Media/ImgMedia/Binaries/Win64/UE4Editor-OpenExrWrapper.dll (API version 3709383).
LogModuleManager: Display: Found up-to-date module file ../../../Engine/Plugins/Media/MediaCompositing/Binaries/Win64/UE4Editor-MediaCompositing.dll (API version 3709383).
LogModuleManager: Display: Found up-to-date module file ../../../Engine/Plugins/Media/MediaCompositing/Binaries/Win64/UE4Editor-MediaCompositingEditor.dll (API version 3709383).
LogModuleManager: Display: Found up-to-date module file ../../../Engine/Plugins/Media/MediaPlayerEditor/Binaries/Win64/UE4Editor-MediaPlayerEditor.dll (API version 3709383).
LogModuleManager: Display: Found up-to-date module file ../../../Engine/Plugins/Media/WmfMedia/Binaries/Win64/UE4Editor-WmfMedia.dll (API version 3709383).
LogModuleManager: Display: Found up-to-date module file ../../../Engine/Plugins/Media/WmfMedia/Binaries/Win64/UE4Editor-WmfMediaEditor.dll (API version 3709383).
LogModuleManager: Display: Found up-to-date module file ../../../Engine/Plugins/Media/WmfMedia/Binaries/Win64/UE4Editor-WmfMediaFactory.dll (API version 3709383).
LogModuleManager: Display: Found up-to-date module file ../../../Engine/Plugins/Media/WmfMedia/Binaries/Win64/UE4Editor-WmfMediaFactory.dll (API version 3709383).
LogModuleManager: Display: Found up-to-date module file ../../../Engine/Plugins/Messaging/TcpMessaging/Binaries/Win64/UE4Editor-TcpMessaging.dll (API version 3709383).
LogModuleManager: Display: Found up-to-date module file ../../../Engine/Plugins/Messaging/UdpMessaging/Binaries/Win64/UE4Editor-UdpMessaging.dll (API version 3709383).
LogModuleManager: Display: Found up-to-date module file ../../../Engine/Plugins/MovieScene/ActorSequence/Binaries/Win64/UE4Editor-ActorSequence.dll (API version 3709383).
LogModuleManager: Display: Found up-to-date module file ../../../Engine/Plugins/MovieScene/LevelSequenceEditor/Binaries/Win64/UE4Editor-LevelSequenceEditor.dll (API version 3709383).
LogModuleManager: Display: Found up-to-date module file ../../../Engine/Plugins/MovieScene/MatineeToLevelSequence/Binaries/Win64/UE4Editor-MatineeToLevelSequence.dll (API version 3709383).
LogModuleManager: Display: Found up-to-date module file ../../../Engine/Plugins/Online/OnlineSubsystem/Binaries/Win64/UE4Editor-OnlineSubsystem.dll (API version 3709383).
LogModuleManager: Display: Found up-to-date module file ../../../Engine/Plugins/Runtime/AndroidPermission/Binaries/Win64/UE4Editor-AndroidPermission.dll (API version 3709383).
LogModuleManager: Display: Found up-to-date module file ../../../Engine/Plugins/Online/OnlineSubsystemNull/Binaries/Win64/UE4Editor-OnlineSubsystemNull.dll (API version 3709383).
LogModuleManager: Display: Found up-to-date module file ../../../Engine/Plugins/Online/OnlineSubsystemUtils/Binaries/Win64/UE4Editor-OnlineSubsystemUtils.dll (API version 3709383).
LogModuleManager: Display: Found up-to-date module file ../../../Engine/Plugins/Online/OnlineSubsystemUtils/Binaries/Win64/UE4Editor-OnlineBlueprintSupport.dll (API version 3709383).
LogModuleManager: Display: Found up-to-date module file ../../../Engine/Plugins/Runtime/AndroidDeviceProfileSelector/Binaries/Win64/UE4Editor-AndroidDeviceProfileSelector.dll (API version 3709383).
LogModuleManager: Display: Found up-to-date module file ../../../Engine/Plugins/Runtime/AppleARKit/Binaries/Win64/UE4Editor-AppleARKit.dll (API version 3709383).
LogModuleManager: Display: Found up-to-date module file ../../../Engine/Plugins/Runtime/ArchVisCharacter/Binaries/Win64/UE4Editor-ArchVisCharacter.dll (API version 3709383).
LogModuleManager: Display: Found up-to-date module file ../../../Engine/Plugins/Runtime/CableComponent/Binaries/Win64/UE4Editor-CableComponent.dll (API version 3709383).
LogModuleManager: Display: Found up-to-date module file ../../../Engine/Plugins/Runtime/CustomMeshComponent/Binaries/Win64/UE4Editor-CustomMeshComponent.dll (API version 3709383).
LogModuleManager: Display: Found up-to-date module file ../../../Engine/Plugins/Runtime/ExampleDeviceProfileSelector/Binaries/Win64/UE4Editor-ExampleDeviceProfileSelector.dll (API version 3709383).
LogModuleManager: Display: Found up-to-date module file ../../../Engine/Plugins/Runtime/ImmediatePhysics/Binaries/Win64/UE4Editor-ImmediatePhysics.dll (API version 3709383).
LogModuleManager: Display: Found up-to-date module file ../../../Engine/Plugins/Runtime/ImmediatePhysics/Binaries/Win64/UE4Editor-ImmediatePhysicsEditor.dll (API version 3709383).
LogModuleManager: Display: Found up-to-date module file ../../../Engine/Plugins/Runtime/LocationServicesBPLibrary/Binaries/Win64/UE4Editor-LocationServicesBPLibrary.dll (API version 3709383).
LogModuleManager: Display: Found up-to-date module file ../../../Engine/Plugins/Runtime/MobilePatchingUtils/Binaries/Win64/UE4Editor-MobilePatchingUtils.dll (API version 3709383).
LogModuleManager: Display: Found up-to-date module file ../../../Engine/Plugins/Runtime/Oculus/OculusVR/Binaries/Win64/UE4Editor-OculusHMD.dll (API version 3709383).
LogModuleManager: Display: Found up-to-date module file ../../../Engine/Plugins/Runtime/Oculus/OculusVR/Binaries/Win64/UE4Editor-OculusInput.dll (API version 3709383).
LogModuleManager: Display: Found up-to-date module file ../../../Engine/Plugins/Runtime/Oculus/OculusVR/Binaries/Win64/UE4Editor-OculusEditor.dll (API version 3709383).
LogModuleManager: Display: Found up-to-date module file ../../../Engine/Plugins/Runtime/PhysXVehicles/Binaries/Win64/UE4Editor-PhysXVehicles.dll (API version 3709383).
LogModuleManager: Display: Found up-to-date module file ../../../Engine/Plugins/Runtime/PhysXVehicles/Binaries/Win64/UE4Editor-PhysXVehiclesEditor.dll (API version 3709383).
LogModuleManager: Display: Found up-to-date module file ../../../Engine/Plugins/Runtime/ProceduralMeshComponent/Binaries/Win64/UE4Editor-ProceduralMeshComponent.dll (API version 3709383).
LogModuleManager: Display: Found up-to-date module file ../../../Engine/Plugins/Runtime/ProceduralMeshComponent/Binaries/Win64/UE4Editor-ProceduralMeshComponentEditor.dll (API version 3709383).
LogModuleManager: Display: Found up-to-date module file ../../../Engine/Plugins/Runtime/RuntimePhysXCooking/Binaries/Win64/UE4Editor-RuntimePhysXCooking.dll (API version 3709383).
LogModuleManager: Display: Found up-to-date module file ../../../Engine/Plugins/Runtime/Steam/SteamVR/Binaries/Win64/UE4Editor-SteamVR.dll (API version 3709383).
LogModuleManager: Display: Found up-to-date module file ../../../Engine/Plugins/Runtime/Steam/SteamVR/Binaries/Win64/UE4Editor-SteamVRController.dll (API version 3709383).
LogModuleManager: Display: Found up-to-date module file ../../../Engine/Plugins/Runtime/WindowsMoviePlayer/Binaries/Win64/UE4Editor-WindowsMoviePlayer.dll (API version 3709383).
LogPluginManager: Mounting plugin Paper2D
LogPluginManager: Mounting plugin LightPropagationVolume
LogPluginManager: Mounting plugin CodeLiteSourceCodeAccess
LogPluginManager: Mounting plugin GitSourceControl
LogPluginManager: Mounting plugin KDevelopSourceCodeAccess
LogPluginManager: Mounting plugin NullSourceCodeAccess
LogPluginManager: Mounting plugin PerforceSourceControl
LogPluginManager: Mounting plugin SubversionSourceControl
LogPluginManager: Mounting plugin UObjectPlugin
LogPluginManager: Mounting plugin VisualStudioCodeSourceCodeAccess
LogPluginManager: Mounting plugin VisualStudioSourceCodeAccess
LogPluginManager: Mounting plugin XCodeSourceCodeAccess
LogPluginManager: Mounting plugin AssetManagerEditor
LogPluginManager: Mounting plugin AudioCapture
LogPluginManager: Mounting plugin FacialAnimation
LogPluginManager: Mounting plugin GameplayTagsEditor
LogPluginManager: Mounting plugin MobileLauncherProfileWizard
LogPluginManager: Mounting plugin PluginBrowser
LogPluginManager: Mounting plugin SpeedTreeImporter
LogPluginManager: Mounting plugin AlembicImporter
LogPluginManager: Mounting plugin CharacterAI
LogPluginManager: Mounting plugin HTML5Networking
LogPluginManager: Mounting plugin RootMotionExtractor
LogPluginManager: Mounting plugin AndroidMedia
LogPluginManager: Mounting plugin AvfMedia
LogPluginManager: Mounting plugin ImgMedia
LogPluginManager: Mounting plugin MediaCompositing
LogPluginManager: Mounting plugin MediaPlayerEditor
LogPluginManager: Mounting plugin WmfMedia
LogPluginManager: Mounting plugin TcpMessaging
LogPluginManager: Mounting plugin UdpMessaging
LogPluginManager: Mounting plugin ActorSequence
LogPluginManager: Mounting plugin LevelSequenceEditor
LogPluginManager: Mounting plugin MatineeToLevelSequence
LogPluginManager: Mounting plugin OnlineSubsystemGooglePlay
LogPluginManager: Mounting plugin OnlineSubsystemIOS
LogPluginManager: Mounting plugin OnlineSubsystem
LogPluginManager: Mounting plugin OnlineSubsystemNull
LogPluginManager: Mounting plugin OnlineSubsystemUtils
LogPluginManager: Mounting plugin AndroidDeviceProfileSelector
LogPluginManager: Mounting plugin AndroidMoviePlayer
LogPluginManager: Mounting plugin AndroidPermission
LogPluginManager: Mounting plugin AppleARKit
LogPluginManager: Mounting plugin AppleMoviePlayer
LogPluginManager: Mounting plugin ArchVisCharacter
LogPluginManager: Mounting plugin CableComponent
LogPluginManager: Mounting plugin CustomMeshComponent
LogPluginManager: Mounting plugin ExampleDeviceProfileSelector
LogPluginManager: Mounting plugin GoogleCloudMessaging
LogPluginManager: Mounting plugin ImmediatePhysics
LogPluginManager: Mounting plugin IOSDeviceProfileSelector
LogPluginManager: Mounting plugin LinuxDeviceProfileSelector
LogPluginManager: Mounting plugin LocationServicesBPLibrary
LogPluginManager: Mounting plugin MobilePatchingUtils
LogPluginManager: Mounting plugin OculusVR
LogPluginManager: Plugin shader directory ../../../Engine/Plugins/Runtime/Oculus/OculusVR/Shaders found
LogPluginManager: Mapping shader source directory ../../../Engine/Plugins/Runtime/Oculus/OculusVR/Shaders to virtual directory /Plugin/OculusVR
LogPluginManager: Mounting plugin PhysXVehicles
LogPluginManager: Mounting plugin ProceduralMeshComponent
LogPluginManager: Mounting plugin RuntimePhysXCooking
LogPluginManager: Mounting plugin SteamVR
LogPluginManager: Mounting plugin WindowsMoviePlayer
LogInit: Using libcurl 7.47.1
LogInit:  - built for x86_64-pc-win32
LogInit:  - supports SSL with OpenSSL/1.0.2g
LogInit:  - supports HTTP deflate (compression) using libz 1.2.8
LogInit:  - other features:
LogInit:      CURL_VERSION_SSL
LogInit:      CURL_VERSION_LIBZ
LogInit:      CURL_VERSION_IPV6
LogInit:      CURL_VERSION_ASYNCHDNS
LogInit:      CURL_VERSION_LARGEFILE
LogInit:      CURL_VERSION_IDN
LogInit:  CurlRequestOptions (configurable via config and command line):
LogInit:  - bVerifyPeer = false  - Libcurl will NOT verify peer certificate
LogInit:  - bUseHttpProxy = false  - Libcurl will NOT use HTTP proxy
LogInit:  - bDontReuseConnections = false  - Libcurl will reuse connections
LogInit:  - CertBundlePath = nullptr  - Libcurl will use whatever was configured at build time.
LogInit: Build: ++UE4+Release-4.18-CL-3832480
LogInit: Engine Version: 4.18.3-3832480+++UE4+Release-4.18
LogInit: Compatible Engine Version: 4.18.0-3709383+++UE4+Release-4.18
LogInit: Net CL: 3709383
LogDevObjectVersion: Number of dev versions registered: 16
LogDevObjectVersion:   Dev-Blueprints (B0D832E4-1F89-4F0D-ACCF-7EB736FD4AA2): 10
LogDevObjectVersion:   Dev-Build (E1C64328-A22C-4D53-A36C-8E866417BD8C): 0
LogDevObjectVersion:   Dev-Core (375EC13C-06E4-48FB-B500-84F0262A717E): 2
LogDevObjectVersion:   Dev-Editor (E4B068ED-F494-42E9-A231-DA0B2E46BB41): 20
LogDevObjectVersion:   Dev-Framework (CFFC743F-43B0-4480-9391-14DF171D2073): 30
LogDevObjectVersion:   Dev-Mobile (B02B49B5-BB20-44E9-A304-32B752E40360): 0
LogDevObjectVersion:   Dev-Networking (A4E4105C-59A1-49B5-A7C5-40C4547EDFEE): 0
LogDevObjectVersion:   Dev-Online (39C831C9-5AE6-47DC-9A44-9C173E1C8E7C): 0
LogDevObjectVersion:   Dev-Physics (78F01B33-EBEA-4F98-B9B4-84EACCB95AA2): 0
LogDevObjectVersion:   Dev-Platform (6631380F-2D4D-43E0-8009-CF276956A95A): 0
LogDevObjectVersion:   Dev-Rendering (12F88B9F-8875-4AFC-A67C-D90C383ABD29): 20
LogDevObjectVersion:   Dev-Sequencer (7B5AE74C-D270-4C10-A958-57980B212A5A): 4
LogDevObjectVersion:   Dev-VR (D7296918-1DD6-4BDD-9DE2-64A83CC13884): 0
LogDevObjectVersion:   Dev-LoadTimes (C2A15278-BFE7-4AFE-6C17-90FF531DF755): 1
LogDevObjectVersion:   Private-Geometry (6EACA3D4-40EC-4CC1-B786-8BED09428FC5): 1
LogDevObjectVersion:   Dev-AnimPhys (29E575DD-E0A3-4627-9D10-D276232CDCEA): 12
LogInit: Compiled (64-bit): Jan 12 2018 02:04:55
LogInit: Compiled with Visual C++: 19.00.24215.01
LogInit: Build Configuration: Development
LogInit: Branch Name: ++UE4+Release-4.18
LogInit: Command line:  
LogInit: Base directory: E:/GameDev/Unreal/Engine/UE_4.18/Engine/Binaries/Win64/
LogInit: Installed Engine Build: 1
LogInit: Presizing for max 8388607 objects, including 0 objects not considered by GC, pre-allocating 0 bytes for permanent pool.
LogInit: Object subsystem initialized
[2020.08.13-10.57.27:967][  0]LogInit: Selected Device Profile: [Windows]
[2020.08.13-10.57.27:967][  0]LogInit: Applying CVar settings loaded from the selected device profile: [Windows]
[2020.08.13-10.57.28:292][  0]LogInit: Computer: ISHRAQ-PC
[2020.08.13-10.57.28:292][  0]LogInit: User: farha
[2020.08.13-10.57.28:292][  0]LogInit: CPU Page size=4096, Cores=2
[2020.08.13-10.57.28:292][  0]LogInit: High frequency timer resolution =10.000000 MHz
[2020.08.13-10.57.28:302][  0]LogMemory: Memory total: Physical=3.9GB (4GB approx)
[2020.08.13-10.57.28:302][  0]LogMemory: Platform Memory Stats for Windows
[2020.08.13-10.57.28:302][  0]LogMemory: Process Physical Memory: 276.96 MB used, 276.96 MB peak
[2020.08.13-10.57.28:302][  0]LogMemory: Process Virtual Memory: 265.38 MB used, 265.38 MB peak
[2020.08.13-10.57.28:302][  0]LogMemory: Physical Memory: 3041.76 MB used,  935.25 MB free, 3977.01 MB total
[2020.08.13-10.57.28:302][  0]LogMemory: Virtual Memory: 4756.30 MB used,  935.25 MB free, 134217728.00 MB total
[2020.08.13-10.57.30:569][  0]LogInit: Using OS detected language (en-US).
[2020.08.13-10.57.30:569][  0]LogInit: Using OS detected locale (en-US).
[2020.08.13-10.57.31:008][  0]LogTextLocalizationManager: No specific localization for 'en-US' exists, so the 'en' localization will be used.
[2020.08.13-10.57.32:173][  0]LogInit: Setting process to per monitor DPI aware
[2020.08.13-10.57.43:261][  0]LogD3D11RHI: D3D11 adapters:
[2020.08.13-10.57.43:325][  0]LogD3D11RHI:    0. 'Intel(R) HD Graphics 3000' (Feature Level 10_0)
[2020.08.13-10.57.43:325][  0]LogD3D11RHI:       32/0/1632 MB DedicatedVideo/DedicatedSystem/SharedSystem, Outputs:1, VendorId:0x8086
[2020.08.13-10.57.43:378][  0]LogD3D11RHI:    1. 'Microsoft Basic Render Driver' (Feature Level 11_0)
[2020.08.13-10.57.43:378][  0]LogD3D11RHI:       0/0/1988 MB DedicatedVideo/DedicatedSystem/SharedSystem, Outputs:0, VendorId:0x1414
[2020.08.13-10.57.43:378][  0]LogD3D11RHI: Chosen D3D11 Adapter: 0
[2020.08.13-10.57.43:406][  0]LogD3D11RHI: Creating new Direct3DDevice
[2020.08.13-10.57.43:407][  0]LogD3D11RHI:     GPU DeviceId: 0x126 (for the marketing name, search the web for "GPU Device Id")
[2020.08.13-10.57.43:407][  0]LogWindows: EnumDisplayDevices:
[2020.08.13-10.57.43:407][  0]LogWindows:    0. 'Intel(R) HD Graphics 3000' (P:1 D:1)
[2020.08.13-10.57.43:408][  0]LogWindows:    1. 'Intel(R) HD Graphics 3000' (P:0 D:0)
[2020.08.13-10.57.43:409][  0]LogWindows: DebugString: GetVideoDriverDetailsInvalid PrimaryIsNotTheChoosenAdapter GetVideoDriverDetailsInvalid PrimaryIsNotTheChoosenAdapter FoundDriverCount:0 
[2020.08.13-10.57.43:409][  0]LogD3D11RHI:     Adapter Name: Intel(R) HD Graphics 3000
[2020.08.13-10.57.43:409][  0]LogD3D11RHI:   Driver Version: Unknown (internal:Unknown, unified:Unknown)
[2020.08.13-10.57.43:409][  0]LogD3D11RHI:      Driver Date: Unknown
[2020.08.13-10.57.43:409][  0]LogRHI: Texture pool is 593 MB (70% of 848 MB)
[2020.08.13-10.57.43:440][  0]LogD3D11RHI: Async texture creation enabled
[2020.08.13-10.57.43:885][  0]LogD3D11RHI: GPU Timing Frequency: 12.500000 (Debug: 2 1)
[2020.08.13-10.57.44:346][  0]LogShaderCompilers: Guid format shader working directory is -3 characters bigger than the processId version (../../../../../GITHUB/vigilance_4.18/Vigilance418/Intermediate/Shaders/WorkingDirectory/9616/).
[2020.08.13-10.57.44:346][  0]LogShaderCompilers: Cleaned the shader compiler working directory 'C:/Users/farha/AppData/Local/Temp/UnrealShaderWorkingDir/CE1C43C64385F53C1775049E9051DD83/'.
[2020.08.13-10.57.44:358][  0]LogShaderCompilers: Display: Using Local Shader Compiler.
[2020.08.13-10.57.58:744][  0]LogTemp: Display: Loaded TP AllDesktopTargetPlatform
[2020.08.13-10.57.58:834][  0]LogTemp: Display: Loaded TP MacClientTargetPlatform
[2020.08.13-10.57.58:924][  0]LogTemp: Display: Loaded TP MacNoEditorTargetPlatform
[2020.08.13-10.57.59:018][  0]LogTemp: Display: Loaded TP MacServerTargetPlatform
[2020.08.13-10.57.59:161][  0]LogTemp: Display: Loaded TP MacTargetPlatform
[2020.08.13-10.57.59:248][  0]LogTemp: Display: Loaded TP WindowsClientTargetPlatform
[2020.08.13-10.57.59:334][  0]LogTemp: Display: Loaded TP WindowsNoEditorTargetPlatform
[2020.08.13-10.57.59:429][  0]LogTemp: Display: Loaded TP WindowsServerTargetPlatform
[2020.08.13-10.57.59:526][  0]LogTemp: Display: Loaded TP WindowsTargetPlatform
[2020.08.13-10.57.59:611][  0]LogTemp: Display: Loaded TP Android_ASTCTargetPlatform
[2020.08.13-10.57.59:693][  0]LogTemp: Display: Loaded TP Android_ATCTargetPlatform
[2020.08.13-10.57.59:776][  0]LogTemp: Display: Loaded TP Android_DXTTargetPlatform
[2020.08.13-10.57.59:858][  0]LogTemp: Display: Loaded TP Android_ETC1TargetPlatform
[2020.08.13-10.57.59:946][  0]LogTemp: Display: Loaded TP Android_ETC2TargetPlatform
[2020.08.13-10.58.00:133][  0]LogTemp: Display: Loaded TP Android_MultiTargetPlatform
[2020.08.13-10.58.00:133][  0]LogTemp: Display: Loaded TP Android_PVRTCTargetPlatform
[2020.08.13-10.58.00:237][  0]LogTemp: Display: Loaded TP AndroidTargetPlatform
[2020.08.13-10.58.00:300][  0]LogTemp: Display: Loaded TP HTML5TargetPlatform
[2020.08.13-10.58.00:593][  0]LogTemp: Display: Loaded TP IOSTargetPlatform
[2020.08.13-10.58.00:650][  0]LogTemp: Display: Loaded TP TVOSTargetPlatform
[2020.08.13-10.58.00:732][  0]LogTemp: Display: Loaded TP LinuxClientTargetPlatform
[2020.08.13-10.58.00:816][  0]LogTemp: Display: Loaded TP LinuxNoEditorTargetPlatform
[2020.08.13-10.58.00:900][  0]LogTemp: Display: Loaded TP LinuxServerTargetPlatform
[2020.08.13-10.58.00:991][  0]LogTemp: Display: Loaded TP LinuxTargetPlatform
[2020.08.13-10.58.01:013][  0]LogTargetPlatformManager: Display: Building Assets For Windows
[2020.08.13-10.58.04:279][  0]LogDerivedDataCache: Display: Max Cache Size: 512 MB
[2020.08.13-10.58.05:389][  0]LogDerivedDataCache: Loaded boot cache 1.09s 75MB C:/Users/farha/AppData/Local/UnrealEngine/4.18/DerivedDataCache/Boot.ddc.
[2020.08.13-10.58.05:390][  0]LogDerivedDataCache: Display: Loaded Boot cache: C:/Users/farha/AppData/Local/UnrealEngine/4.18/DerivedDataCache/Boot.ddc
[2020.08.13-10.58.05:390][  0]LogDerivedDataCache: FDerivedDataBackendGraph:  Pak pak cache file ../../../../../GITHUB/vigilance_4.18/Vigilance418/DerivedDataCache/DDC.ddp not found, will not use a pak cache.
[2020.08.13-10.58.05:390][  0]LogDerivedDataCache: Unable to find inner node Pak for hierarchical cache Hierarchy.
[2020.08.13-10.58.05:390][  0]LogDerivedDataCache: FDerivedDataBackendGraph:  CompressedPak pak cache file ../../../../../GITHUB/vigilance_4.18/Vigilance418/DerivedDataCache/Compressed.ddp not found, will not use a pak cache.
[2020.08.13-10.58.05:390][  0]LogDerivedDataCache: Unable to find inner node CompressedPak for hierarchical cache Hierarchy.
[2020.08.13-10.58.05:532][  0]LogDerivedDataCache: Display: Pak cache opened for reading ../../../Engine/DerivedDataCache/Compressed.ddp.
[2020.08.13-10.58.05:584][  0]LogDerivedDataCache: Using Local data cache path C:/Users/farha/AppData/Local/UnrealEngine/Common/DerivedDataCache: Writable
[2020.08.13-10.58.05:725][  0]LogMaterial: Verifying Global Shaders for PCD3D_SM4
[2020.08.13-10.58.05:789][  0]LogSlate: Using Freetype 2.6.0
[2020.08.13-10.58.05:985][  0]LogSlate: SlateFontCache - WITH_FREETYPE: 1, WITH_HARFBUZZ: 1
[2020.08.13-10.58.05:985][  0]LogSlate: SlateFontCache - WITH_FREETYPE: 1, WITH_HARFBUZZ: 1
[2020.08.13-10.58.42:600][  0]LogInit: Selected Device Profile: [Windows]
[2020.08.13-10.58.46:382][  0]LogSimplygon: Simplygon DLL not present - disabling.
[2020.08.13-10.58.46:498][  0]LogMeshReduction: Using SimplygonSwarm for distributed automatic mesh merging
[2020.08.13-10.58.46:506][  0]LogMeshReduction: Using QuadricMeshReduction for automatic static mesh reduction
[2020.08.13-10.58.46:506][  0]LogMeshReduction: No automatic skeletal mesh reduction module available
[2020.08.13-10.58.46:506][  0]LogMeshReduction: No automatic mesh merging module available
[2020.08.13-10.58.46:506][  0]LogMeshMerging: No automatic mesh merging module available
[2020.08.13-10.58.47:226][  0]LogNetVersion: Vigilance418 , NetCL: 3709383, EngineNetVer: 2, GameNetVer: 0 (Checksum: 63410103)
[2020.08.13-10.58.50:097][  0]LogAssetRegistry: FAssetRegistry took 0.0448 seconds to start up
[2020.08.13-10.59.01:802][  0]LogPackageLocalizationCache: Processed 7 localized package path(s) for 2 prioritized culture(s) in 0.441425 seconds
[2020.08.13-10.59.01:890][  0]LogUObjectArray: 35870 objects as part of root set at end of initial load.
[2020.08.13-10.59.01:892][  0]LogUObjectAllocator: 7363696 out of 0 bytes used by permanent object pool.
[2020.08.13-10.59.01:892][  0]LogUObjectArray: CloseDisregardForGC: 0/0 objects in disregard for GC pool
[2020.08.13-10.59.02:124][  0]LogInit: WinSock: version 1.1 (2.2), MaxSocks=32767, MaxUdp=65467
[2020.08.13-10.59.23:097][  0]LogTcpMessaging: Initializing TcpMessaging bridge
[2020.08.13-10.59.23:200][  0]LogUdpMessaging: Initializing bridge on interface 0.0.0.0:0 to multicast group 230.0.0.1:6666.
[2020.08.13-10.59.26:497][  0]LogMaterial: Uniform references updated for custom material expression Custom.
[2020.08.13-10.59.28:757][  0]SourceControl: Source control is disabled
[2020.08.13-10.59.28:758][  0]SourceControl: Source control is disabled
[2020.08.13-10.59.28:977][  0]SourceControl: Source control is disabled
[2020.08.13-10.59.29:106][  0]SourceControl: Source control is disabled
[2020.08.13-10.59.34:047][  0]LogAndroidPermission: UAndroidPermissionCallbackProxy::GetInstance
[2020.08.13-10.59.34:604][  0]LogOcInput: OculusInput pre-init called
[2020.08.13-10.59.36:355][  0]LogEngine: Initializing Engine...
[2020.08.13-10.59.36:544][  0]LogHMD: Failed to initialize OpenVR with code 110
[2020.08.13-10.59.38:389][  0]LogStats: UGameplayTagsManager::ConstructGameplayTagTree: Construct from data asset -  0.000 s
[2020.08.13-10.59.38:401][  0]LogStats: UGameplayTagsManager::ConstructGameplayTagTree: GameplayTagTreeChangedEvent.Broadcast -  0.010 s
[2020.08.13-10.59.40:588][  0]LogAIModule: Creating AISystem for world Untitled
[2020.08.13-10.59.41:666][  0]LogInit: XAudio2 using 'Speakers (2- High Definition Audio Device)' : 2 channels at 48 kHz using 16 bits per sample (channel mask 0x3)
[2020.08.13-10.59.41:844][  0]LogInit: FAudioDevice initialized.
[2020.08.13-10.59.42:981][  0]LogDerivedDataCache: Saved boot cache 1.01s 75MB C:/Users/farha/AppData/Local/UnrealEngine/4.18/DerivedDataCache/Boot.ddc.
[2020.08.13-10.59.43:269][  0]LogInit: Texture streaming: Enabled
[2020.08.13-10.59.43:995][  0]LogEngineSessionManager: EngineSessionManager initialized
[2020.08.13-10.59.45:555][  0]LogInit: Transaction tracking system initialized
[2020.08.13-10.59.46:681][  0]BlueprintLog: New page: Editor Load
[2020.08.13-10.59.50:634][  0]LocalizationService: Localization service is disabled
[2020.08.13-10.59.55:605][  0]LogConsoleResponse: Display: 
[2020.08.13-11.00.01:009][  0]LogCook: Display: Max memory allowance for cook 16384mb min free memory 0mb
[2020.08.13-11.00.01:022][  0]LogCook: Display: Mobile HDR setting 1
[2020.08.13-11.00.01:057][  0]LogGameplayTags: Display: UGameplayTagsManager::DoneAddingNativeTags. DelegateIsBound: 0
[2020.08.13-11.00.09:382][  0]LogFileCache: Scanning file cache for directory 'E:/GameDev/Unreal/GITHUB/vigilance_4.18/Vigilance418/Content/' took 7.94s
[2020.08.13-11.00.09:710][  0]SourceControl: Source control is disabled
[2020.08.13-11.00.09:848][  0]Cmd: MAP LOAD FILE="../../../../../GITHUB/vigilance_4.18/Vigilance418/Content/Maps/DemoTestMap.umap" TEMPLATE=0 SHOWPROGRESS=1 FEATURELEVEL=2
[2020.08.13-11.00.09:954][  0]LightingResults: New page: Lighting Build
[2020.08.13-11.00.11:139][  0]MapCheck: New page: Map Check
[2020.08.13-11.00.11:139][  0]LightingResults: New page: Lighting Build
[2020.08.13-11.00.46:062][  0]LogAIModule: Creating AISystem for world DemoTestMap
[2020.08.13-11.00.48:968][  0]LogEditorServer: Finished looking for orphan Actors (0.000 secs)
[2020.08.13-11.00.49:439][  0]Cmd: MAP CHECKDEP NOCLEARLOG
[2020.08.13-11.00.49:771][  0]MapCheck: Map check complete: 0 Error(s), 0 Warning(s), took 321.929ms to complete.
[2020.08.13-11.00.49:774][  0]LogFileHelpers: Loading map 'DemoTestMap' took 39.945
[2020.08.13-11.00.58:629][  0]LogCollectionManager: Loaded 0 collections in 0.013609 seconds
[2020.08.13-11.00.58:934][  0]LogFileCache: Scanning file cache for directory 'E:/GameDev/Unreal/GITHUB/vigilance_4.18/Vigilance418/Saved/Collections/' took 0.01s
[2020.08.13-11.00.58:934][  0]LogFileCache: Scanning file cache for directory 'E:/GameDev/Unreal/GITHUB/vigilance_4.18/Vigilance418/Content/Developers/farha/Collections/' took 0.01s
[2020.08.13-11.00.58:934][  0]LogFileCache: Scanning file cache for directory 'E:/GameDev/Unreal/GITHUB/vigilance_4.18/Vigilance418/Content/Collections/' took 0.01s
[2020.08.13-11.00.58:934][  0]LogCollectionManager: Rebuilt the GUID cache for 0 collections in 0.000000 seconds
[2020.08.13-11.00.58:968][  0]LogContentBrowser: Native class hierarchy populated in 0.0155 seconds. Added 2364 classes and 521 folders.
[2020.08.13-11.00.59:255][  0]LogContentBrowser: Native class hierarchy updated for 'WidgetCarousel' in 0.0008 seconds. Added 0 classes and 0 folders.
[2020.08.13-11.01.02:418][  0]LogContentBrowser: Native class hierarchy updated for 'AddContentDialog' in 0.0003 seconds. Added 0 classes and 0 folders.
[2020.08.13-11.01.03:148][  0]LogSlate: Took 0.257405 seconds to synchronously load lazily loaded font '../../../Engine/Content/Slate/Fonts/Roboto-Regular.ttf' (155K)
[2020.08.13-11.01.03:402][  0]LogSlate: Took 0.043017 seconds to synchronously load lazily loaded font '../../../Engine/Content/Slate/Fonts/Roboto-Bold.ttf' (160K)
[2020.08.13-11.01.04:544][  0]LogRenderer: Reallocating scene render targets to support 1016x656 Format 9 NumSamples 1 (Frame:1).
[2020.08.13-11.01.12:594][  0]LogContentBrowser: Native class hierarchy updated for 'HierarchicalLODOutliner' in 0.0004 seconds. Added 1 classes and 2 folders.
[2020.08.13-11.01.12:594][  0]LogLoad: (Engine Initialization) Total time: 264.92 seconds
[2020.08.13-11.01.12:594][  0]LogLoad: (Engine Initialization) Total Blueprint compile time: 0.00 seconds
[2020.08.13-11.01.12:615][  0]LogExternalProfiler: No external profilers were discovered.  External profiling features will not be available.
[2020.08.13-11.01.13:583][  0]LogContentStreaming: Texture pool size now 800 MB
[2020.08.13-11.01.17:025][  2]LogSlate: Took 0.055196 seconds to synchronously load lazily loaded font '../../../Engine/Content/Slate/Fonts/Roboto-Light.ttf' (159K)
[2020.08.13-11.01.18:616][  7]LogAssetRegistry: Asset discovery search completed in 148.5424 seconds
[2020.08.13-11.01.18:709][  7]LogCollectionManager: Rebuilt the object cache for 0 collections in 0.000001 seconds (found 0 objects)
[2020.08.13-11.01.18:751][  7]LogCollectionManager: Fixed up redirectors for 0 collections in 0.014048 seconds (updated 0 objects)
[2020.08.13-11.01.35:352][389]LogSlate: Took 0.210487 seconds to synchronously load lazily loaded font '../../../Engine/Content/Editor/Slate/Fonts/FontAwesome.ttf' (139K)
[2020.08.13-11.01.40:694][464]LogEditorViewport: Clicking on Actor (LMB): StaticMeshActor (Floor)
[2020.08.13-11.01.42:962][536]LogEditorViewport: Clicking on Actor (LMB): StaticMeshActor (Floor)
[2020.08.13-11.01.44:015][583]LogEditorViewport: Clicking on Actor (LMB): Player_CharacterBP_C (Player_CharacterBP)
[2020.08.13-11.01.47:031][690]LogSlate: Took 0.016773 seconds to synchronously load lazily loaded font '../../../Engine/Content/Slate/Fonts/Roboto-Light.ttf' (159K)
[2020.08.13-11.01.50:688][690]LogContentBrowser: Native class hierarchy updated for 'BlueprintGraph' in 0.0565 seconds. Added 116 classes and 0 folders.
[2020.08.13-11.01.56:762][690]LogSlate: Took 0.060444 seconds to synchronously load lazily loaded font '../../../Engine/Content/Editor/Slate/Fonts/Roboto-BoldCondensed.ttf' (158K)
[2020.08.13-11.01.59:178][691]LogSlate: Took 0.806127 seconds to synchronously load lazily loaded font '../../../Engine/Content/Editor/Slate/Fonts/Roboto-Italic.ttf' (157K)
[2020.08.13-11.08.34:815][475]BlueprintLog: New page: Compile Player_CharacterBP
[2020.08.13-11.08.36:874][475]LogBlueprint: Error: [Compiler Player_CharacterBP] Could not find a function named "ClimbUp_Jump down" in 'Player_CharacterBP_C'.
Make sure 'Player_CharacterBP_C' has been compiled for  Climb Up Jump Down
[2020.08.13-11.08.37:350][475]LogScript: Warning: Accessed None trying to read property Player Ref
	Player_AnimBP_C /Game/Maps/DemoTestMap.DemoTestMap:PersistentLevel.Player_CharacterBP_407.CharacterMesh0.Player_AnimBP_C_1
	Function /Game/Blueprints/PlayerBlueprint/Player_AnimBP.Player_AnimBP_C:ExecuteUbergraph_Player_AnimBP:1BC4
[2020.08.13-11.08.37:350][475]LogScript: Warning: Accessed None trying to read property Player Ref
	Player_AnimBP_C /Game/Maps/DemoTestMap.DemoTestMap:PersistentLevel.Player_CharacterBP_407.CharacterMesh0.Player_AnimBP_C_1
	Function /Game/Blueprints/PlayerBlueprint/Player_AnimBP.Player_AnimBP_C:ExecuteUbergraph_Player_AnimBP:1BF7
[2020.08.13-11.08.37:350][475]LogScript: Warning: Accessed None trying to read property Player Ref
	Player_AnimBP_C /Game/Maps/DemoTestMap.DemoTestMap:PersistentLevel.Player_CharacterBP_407.CharacterMesh0.Player_AnimBP_C_1
	Function /Game/Blueprints/PlayerBlueprint/Player_AnimBP.Player_AnimBP_C:ExecuteUbergraph_Player_AnimBP:1C22
[2020.08.13-11.08.37:350][475]LogScript: Warning: Accessed None trying to read property Player Ref
	Player_AnimBP_C /Game/Maps/DemoTestMap.DemoTestMap:PersistentLevel.Player_CharacterBP_407.CharacterMesh0.Player_AnimBP_C_1
	Function /Game/Blueprints/PlayerBlueprint/Player_AnimBP.Player_AnimBP_C:ExecuteUbergraph_Player_AnimBP:1C4D
[2020.08.13-11.08.37:350][475]LogScript: Warning: Accessed None trying to read property Player Ref
	Player_AnimBP_C /Game/Maps/DemoTestMap.DemoTestMap:PersistentLevel.Player_CharacterBP_407.CharacterMesh0.Player_AnimBP_C_1
	Function /Game/Blueprints/PlayerBlueprint/Player_AnimBP.Player_AnimBP_C:ExecuteUbergraph_Player_AnimBP:1C80
[2020.08.13-11.08.37:350][475]LogScript: Warning: Accessed None trying to read property Player Ref
	Player_AnimBP_C /Game/Maps/DemoTestMap.DemoTestMap:PersistentLevel.Player_CharacterBP_407.CharacterMesh0.Player_AnimBP_C_1
	Function /Game/Blueprints/PlayerBlueprint/Player_AnimBP.Player_AnimBP_C:ExecuteUbergraph_Player_AnimBP:1CAB
[2020.08.13-11.08.37:350][475]LogScript: Warning: Accessed None trying to read property Player Ref
	Player_AnimBP_C /Game/Maps/DemoTestMap.DemoTestMap:PersistentLevel.Player_CharacterBP_407.CharacterMesh0.Player_AnimBP_C_1
	Function /Game/Blueprints/PlayerBlueprint/Player_AnimBP.Player_AnimBP_C:ExecuteUbergraph_Player_AnimBP:094B
[2020.08.13-11.08.37:359][475]LogScript: Warning: Accessed None trying to read property Player Ref
	Player_AnimBP_C /Engine/Transient.World_3:PersistentLevel.Player_CharacterBP_C_0.CharacterMesh0.Player_AnimBP_C_1
	Function /Game/Blueprints/PlayerBlueprint/Player_AnimBP.Player_AnimBP_C:ExecuteUbergraph_Player_AnimBP:1BC4
[2020.08.13-11.08.37:359][475]LogScript: Warning: Accessed None trying to read property Player Ref
	Player_AnimBP_C /Engine/Transient.World_3:PersistentLevel.Player_CharacterBP_C_0.CharacterMesh0.Player_AnimBP_C_1
	Function /Game/Blueprints/PlayerBlueprint/Player_AnimBP.Player_AnimBP_C:ExecuteUbergraph_Player_AnimBP:1BF7
[2020.08.13-11.08.37:359][475]LogScript: Warning: Accessed None trying to read property Player Ref
	Player_AnimBP_C /Engine/Transient.World_3:PersistentLevel.Player_CharacterBP_C_0.CharacterMesh0.Player_AnimBP_C_1
	Function /Game/Blueprints/PlayerBlueprint/Player_AnimBP.Player_AnimBP_C:ExecuteUbergraph_Player_AnimBP:1C22
[2020.08.13-11.08.37:359][475]LogScript: Warning: Accessed None trying to read property Player Ref
	Player_AnimBP_C /Engine/Transient.World_3:PersistentLevel.Player_CharacterBP_C_0.CharacterMesh0.Player_AnimBP_C_1
	Function /Game/Blueprints/PlayerBlueprint/Player_AnimBP.Player_AnimBP_C:ExecuteUbergraph_Player_AnimBP:1C4D
[2020.08.13-11.08.37:359][475]LogScript: Warning: Accessed None trying to read property Player Ref
	Player_AnimBP_C /Engine/Transient.World_3:PersistentLevel.Player_CharacterBP_C_0.CharacterMesh0.Player_AnimBP_C_1
	Function /Game/Blueprints/PlayerBlueprint/Player_AnimBP.Player_AnimBP_C:ExecuteUbergraph_Player_AnimBP:1C80
[2020.08.13-11.08.37:359][475]LogScript: Warning: Accessed None trying to read property Player Ref
	Player_AnimBP_C /Engine/Transient.World_3:PersistentLevel.Player_CharacterBP_C_0.CharacterMesh0.Player_AnimBP_C_1
	Function /Game/Blueprints/PlayerBlueprint/Player_AnimBP.Player_AnimBP_C:ExecuteUbergraph_Player_AnimBP:1CAB
[2020.08.13-11.08.37:360][475]LogScript: Warning: Accessed None trying to read property Player Ref
	Player_AnimBP_C /Engine/Transient.World_3:PersistentLevel.Player_CharacterBP_C_0.CharacterMesh0.Player_AnimBP_C_1
	Function /Game/Blueprints/PlayerBlueprint/Player_AnimBP.Player_AnimBP_C:ExecuteUbergraph_Player_AnimBP:094B
[2020.08.13-11.08.45:068][475]LogBlueprint: Warning: [Compiler Player_CharacterBP] [0717.39] Compile of Player_CharacterBP failed. 1 Fatal Issue(s) 0 Warning(s) [in 10,252 ms] (/Game/Blueprints/PlayerBlueprint/Player_CharacterBP.Player_CharacterBP)
[2020.08.13-11.08.59:587][ 86]BlueprintLog: New page: Compile Player_CharacterBP
[2020.08.13-11.09.01:545][ 86]LogScript: Warning: Accessed None trying to read property Player Ref
	Player_AnimBP_C /Game/Maps/DemoTestMap.DemoTestMap:PersistentLevel.Player_CharacterBP_407.CharacterMesh0.Player_AnimBP_C_0
	Function /Game/Blueprints/PlayerBlueprint/Player_AnimBP.Player_AnimBP_C:ExecuteUbergraph_Player_AnimBP:1BC4
[2020.08.13-11.09.01:545][ 86]LogScript: Warning: Accessed None trying to read property Player Ref
	Player_AnimBP_C /Game/Maps/DemoTestMap.DemoTestMap:PersistentLevel.Player_CharacterBP_407.CharacterMesh0.Player_AnimBP_C_0
	Function /Game/Blueprints/PlayerBlueprint/Player_AnimBP.Player_AnimBP_C:ExecuteUbergraph_Player_AnimBP:1BF7
[2020.08.13-11.09.01:545][ 86]LogScript: Warning: Accessed None trying to read property Player Ref
	Player_AnimBP_C /Game/Maps/DemoTestMap.DemoTestMap:PersistentLevel.Player_CharacterBP_407.CharacterMesh0.Player_AnimBP_C_0
	Function /Game/Blueprints/PlayerBlueprint/Player_AnimBP.Player_AnimBP_C:ExecuteUbergraph_Player_AnimBP:1C22
[2020.08.13-11.09.01:545][ 86]LogScript: Warning: Accessed None trying to read property Player Ref
	Player_AnimBP_C /Game/Maps/DemoTestMap.DemoTestMap:PersistentLevel.Player_CharacterBP_407.CharacterMesh0.Player_AnimBP_C_0
	Function /Game/Blueprints/PlayerBlueprint/Player_AnimBP.Player_AnimBP_C:ExecuteUbergraph_Player_AnimBP:1C4D
[2020.08.13-11.09.01:545][ 86]LogScript: Warning: Accessed None trying to read property Player Ref
	Player_AnimBP_C /Game/Maps/DemoTestMap.DemoTestMap:PersistentLevel.Player_CharacterBP_407.CharacterMesh0.Player_AnimBP_C_0
	Function /Game/Blueprints/PlayerBlueprint/Player_AnimBP.Player_AnimBP_C:ExecuteUbergraph_Player_AnimBP:1C80
[2020.08.13-11.09.01:545][ 86]LogScript: Warning: Accessed None trying to read property Player Ref
	Player_AnimBP_C /Game/Maps/DemoTestMap.DemoTestMap:PersistentLevel.Player_CharacterBP_407.CharacterMesh0.Player_AnimBP_C_0
	Function /Game/Blueprints/PlayerBlueprint/Player_AnimBP.Player_AnimBP_C:ExecuteUbergraph_Player_AnimBP:1CAB
[2020.08.13-11.09.01:546][ 86]LogScript: Warning: Accessed None trying to read property Player Ref
	Player_AnimBP_C /Game/Maps/DemoTestMap.DemoTestMap:PersistentLevel.Player_CharacterBP_407.CharacterMesh0.Player_AnimBP_C_0
	Function /Game/Blueprints/PlayerBlueprint/Player_AnimBP.Player_AnimBP_C:ExecuteUbergraph_Player_AnimBP:094B
[2020.08.13-11.09.01:560][ 86]LogScript: Warning: Accessed None trying to read property Player Ref
	Player_AnimBP_C /Engine/Transient.World_3:PersistentLevel.Player_CharacterBP_C_0.CharacterMesh0.Player_AnimBP_C_0
	Function /Game/Blueprints/PlayerBlueprint/Player_AnimBP.Player_AnimBP_C:ExecuteUbergraph_Player_AnimBP:1BC4
[2020.08.13-11.09.01:560][ 86]LogScript: Warning: Accessed None trying to read property Player Ref
	Player_AnimBP_C /Engine/Transient.World_3:PersistentLevel.Player_CharacterBP_C_0.CharacterMesh0.Player_AnimBP_C_0
	Function /Game/Blueprints/PlayerBlueprint/Player_AnimBP.Player_AnimBP_C:ExecuteUbergraph_Player_AnimBP:1BF7
[2020.08.13-11.09.01:560][ 86]LogScript: Warning: Accessed None trying to read property Player Ref
	Player_AnimBP_C /Engine/Transient.World_3:PersistentLevel.Player_CharacterBP_C_0.CharacterMesh0.Player_AnimBP_C_0
	Function /Game/Blueprints/PlayerBlueprint/Player_AnimBP.Player_AnimBP_C:ExecuteUbergraph_Player_AnimBP:1C22
[2020.08.13-11.09.01:561][ 86]LogScript: Warning: Accessed None trying to read property Player Ref
	Player_AnimBP_C /Engine/Transient.World_3:PersistentLevel.Player_CharacterBP_C_0.CharacterMesh0.Player_AnimBP_C_0
	Function /Game/Blueprints/PlayerBlueprint/Player_AnimBP.Player_AnimBP_C:ExecuteUbergraph_Player_AnimBP:1C4D
[2020.08.13-11.09.01:561][ 86]LogScript: Warning: Accessed None trying to read property Player Ref
	Player_AnimBP_C /Engine/Transient.World_3:PersistentLevel.Player_CharacterBP_C_0.CharacterMesh0.Player_AnimBP_C_0
	Function /Game/Blueprints/PlayerBlueprint/Player_AnimBP.Player_AnimBP_C:ExecuteUbergraph_Player_AnimBP:1C80
[2020.08.13-11.09.01:561][ 86]LogScript: Warning: Accessed None trying to read property Player Ref
	Player_AnimBP_C /Engine/Transient.World_3:PersistentLevel.Player_CharacterBP_C_0.CharacterMesh0.Player_AnimBP_C_0
	Function /Game/Blueprints/PlayerBlueprint/Player_AnimBP.Player_AnimBP_C:ExecuteUbergraph_Player_AnimBP:1CAB
[2020.08.13-11.09.01:561][ 86]LogScript: Warning: Accessed None trying to read property Player Ref
	Player_AnimBP_C /Engine/Transient.World_3:PersistentLevel.Player_CharacterBP_C_0.CharacterMesh0.Player_AnimBP_C_0
	Function /Game/Blueprints/PlayerBlueprint/Player_AnimBP.Player_AnimBP_C:ExecuteUbergraph_Player_AnimBP:094B
[2020.08.13-11.09.45:384][ 86]LogWindows: Error: === Critical error: ===
[2020.08.13-11.09.45:384][ 86]LogWindows: Error: 
[2020.08.13-11.09.45:384][ 86]LogWindows: Error: Fatal error!
[2020.08.13-11.09.45:384][ 86]LogWindows: Error: 
[2020.08.13-11.09.45:384][ 86]LogWindows: Error: Unhandled Exception: EXCEPTION_ACCESS_VIOLATION reading address 0xffffffff
[2020.08.13-11.09.45:384][ 86]LogWindows: Error: 
[2020.08.13-11.09.45:384][ 86]LogWindows: Error: [Callstack] 0x00000000D6232705 UE4Editor-CoreUObject.dll!UnknownFunction []
[2020.08.13-11.09.45:384][ 86]LogWindows: Error: [Callstack] 0x00000000D619627B UE4Editor-CoreUObject.dll!UnknownFunction []
[2020.08.13-11.09.45:384][ 86]LogWindows: Error: [Callstack] 0x00000000D61EDA29 UE4Editor-CoreUObject.dll!UnknownFunction []
[2020.08.13-11.09.45:384][ 86]LogWindows: Error: [Callstack] 0x00000000D60BADBF UE4Editor-CoreUObject.dll!UnknownFunction []
[2020.08.13-11.09.45:384][ 86]LogWindows: Error: [Callstack] 0x00000000CA35EEC8 UE4Editor-Engine.dll!UnknownFunction []
[2020.08.13-11.09.45:384][ 86]LogWindows: Error: [Callstack] 0x00000000CA36E4A9 UE4Editor-Engine.dll!UnknownFunction []
[2020.08.13-11.09.45:384][ 86]LogWindows: Error: [Callstack] 0x00000000CA46BBC0 UE4Editor-Engine.dll!UnknownFunction []
[2020.08.13-11.09.45:384][ 86]LogWindows: Error: [Callstack] 0x00000000CA40220D UE4Editor-Engine.dll!UnknownFunction []
[2020.08.13-11.09.45:384][ 86]LogWindows: Error: [Callstack] 0x00000000CA36DCA6 UE4Editor-Engine.dll!UnknownFunction []
[2020.08.13-11.09.45:384][ 86]LogWindows: Error: [Callstack] 0x00000000C9F64C5A UE4Editor-Engine.dll!UnknownFunction []
[2020.08.13-11.09.45:384][ 86]LogWindows: Error: [Callstack] 0x00000000C9F9F2DA UE4Editor-Engine.dll!UnknownFunction []
[2020.08.13-11.09.45:384][ 86]LogWindows: Error: [Callstack] 0x00000000C8B258D3 UE4Editor-UnrealEd.dll!UnknownFunction []
[2020.08.13-11.09.45:384][ 86]LogWindows: Error: [Callstack] 0x00000000C8B4D8E7 UE4Editor-UnrealEd.dll!UnknownFunction []
[2020.08.13-11.09.45:384][ 86]LogWindows: Error: [Callstack] 0x00000000C8B0E7DF UE4Editor-UnrealEd.dll!UnknownFunction []
[2020.08.13-11.09.45:384][ 86]LogWindows: Error: [Callstack] 0x00000000C6F1187F UE4Editor-Kismet.dll!UnknownFunction []
[2020.08.13-11.09.45:384][ 86]LogWindows: Error: [Callstack] 0x00000000C6EB1704 UE4Editor-Kismet.dll!UnknownFunction []
[2020.08.13-11.09.45:385][ 86]LogWindows: Error: [Callstack] 0x00000000C8B1633E UE4Editor-UnrealEd.dll!UnknownFunction []
[2020.08.13-11.09.45:385][ 86]LogWindows: Error: [Callstack] 0x00000000C6EB1133 UE4Editor-Kismet.dll!UnknownFunction []
[2020.08.13-11.09.45:385][ 86]LogWindows: Error: [Callstack] 0x00000000C6F00FC1 UE4Editor-Kismet.dll!UnknownFunction []
[2020.08.13-11.09.45:385][ 86]LogWindows: Error: [Callstack] 0x00000000C6F05D26 UE4Editor-Kismet.dll!UnknownFunction []
[2020.08.13-11.09.45:385][ 86]LogWindows: Error: [Callstack] 0x00000000D44E7BBF UE4Editor-Slate.dll!UnknownFunction []
[2020.08.13-11.09.45:385][ 86]LogWindows: Error: [Callstack] 0x00000000D45ED3A2 UE4Editor-Slate.dll!UnknownFunction []
[2020.08.13-11.09.45:385][ 86]LogWindows: Error: [Callstack] 0x00000000D45476D2 UE4Editor-Slate.dll!UnknownFunction []
[2020.08.13-11.09.45:385][ 86]LogWindows: Error: [Callstack] 0x00000000D4548C29 UE4Editor-Slate.dll!UnknownFunction []
[2020.08.13-11.09.45:385][ 86]LogWindows: Error: [Callstack] 0x00000000D45C8C25 UE4Editor-Slate.dll!UnknownFunction []
[2020.08.13-11.09.45:385][ 86]LogWindows: Error: [Callstack] 0x00000000D4682B27 UE4Editor-Slate.dll!UnknownFunction []
[2020.08.13-11.09.45:385][ 86]LogWindows: Error: [Callstack] 0x00000000D46AEA04 UE4Editor-Slate.dll!UnknownFunction []
[2020.08.13-11.09.45:385][ 86]LogWindows: Error: [Callstack] 0x00000000D44C5EFC UE4Editor-Slate.dll!UnknownFunction []
[2020.08.13-11.09.45:385][ 86]LogWindows: Error: [Callstack] 0x00000000D4498095 UE4Editor-Slate.dll!UnknownFunction []
[2020.08.13-11.09.45:385][ 86]LogWindows: Error: [Callstack] 0x00000000D45328A7 UE4Editor-Slate.dll!UnknownFunction []
[2020.08.13-11.09.45:385][ 86]LogWindows: Error: [Callstack] 0x00000000D451B092 UE4Editor-Slate.dll!UnknownFunction []
[2020.08.13-11.09.45:385][ 86]LogWindows: Error: [Callstack] 0x00000000D450D902 UE4Editor-Slate.dll!UnknownFunction []
[2020.08.13-11.09.45:385][ 86]LogWindows: Error: [Callstack] 0x00000000DE14E54B UE4Editor-ApplicationCore.dll!UnknownFunction []
[2020.08.13-11.09.45:385][ 86]LogWindows: Error: [Callstack] 0x00000000DE141A48 UE4Editor-ApplicationCore.dll!UnknownFunction []
[2020.08.13-11.09.45:385][ 86]LogWindows: Error: [Callstack] 0x00000000DE1503EC UE4Editor-ApplicationCore.dll!UnknownFunction []
[2020.08.13-11.09.45:385][ 86]LogWindows: Error: [Callstack] 0x00000000DE13D5A9 UE4Editor-ApplicationCore.dll!UnknownFunction []
[2020.08.13-11.09.45:385][ 86]LogWindows: Error: [Callstack] 0x000000000817E338 USER32.dll!UnknownFunction []
[2020.08.13-11.09.45:385][ 86]LogWindows: Error: [Callstack] 0x000000000817DD79 USER32.dll!UnknownFunction []
[2020.08.13-11.09.45:385][ 86]LogWindows: Error: [Callstack] 0x00000000DE151516 UE4Editor-ApplicationCore.dll!UnknownFunction []
[2020.08.13-11.09.45:385][ 86]LogWindows: Error: [Callstack] 0x00000000841550C8 UE4Editor.exe!UnknownFunction []
[2020.08.13-11.09.45:385][ 86]LogWindows: Error: [Callstack] 0x0000000084165430 UE4Editor.exe!UnknownFunction []
[2020.08.13-11.09.45:385][ 86]LogWindows: Error: [Callstack] 0x00000000841654AA UE4Editor.exe!UnknownFunction []
[2020.08.13-11.09.45:385][ 86]LogWindows: Error: [Callstack] 0x0000000084172379 UE4Editor.exe!UnknownFunction []
[2020.08.13-11.09.45:385][ 86]LogWindows: Error: [Callstack] 0x0000000084173D57 UE4Editor.exe!UnknownFunction []
[2020.08.13-11.09.45:385][ 86]LogWindows: Error: [Callstack] 0x0000000008356FD4 KERNEL32.DLL!UnknownFunction []
[2020.08.13-11.09.45:385][ 86]LogWindows: Error: [Callstack] 0x000000000877CEC1 ntdll.dll!UnknownFunction []
[2020.08.13-11.09.45:385][ 86]LogWindows: Error: [Callstack] 0x000000000877CEC1 ntdll.dll!UnknownFunction []
[2020.08.13-11.09.45:385][ 86]LogWindows: Error: 
[2020.08.13-11.09.46:050][ 86]LogExit: Executing StaticShutdownAfterError
[2020.08.13-11.09.47:182][ 86]LogWindows: FPlatformMisc::RequestExit(1)
[2020.08.13-11.09.47:208][ 86]Log file closed, 08/13/20 17:09:47
