Log file open, 08/19/20 20:41:17
LogWindows: Failed to load 'aqProf.dll' (GetLastError=126)
LogWindows: File 'aqProf.dll' does not exist
LogWindows: Failed to load 'VSPerf140.dll' (GetLastError=126)
LogWindows: File 'VSPerf140.dll' does not exist
LogWindows: Failed to load 'VtuneApi.dll' (GetLastError=126)
LogWindows: File 'VtuneApi.dll' does not exist
LogWindows: Failed to load 'VtuneApi32e.dll' (GetLastError=126)
LogWindows: File 'VtuneApi32e.dll' does not exist
LogInit: Display: Running engine for game: Vigilance418
LogPlatformFile: Not using cached read wrapper
LogInit: Display: RandInit(2072511600) SRandInit(2072511600).
LogInit: Read version file with build ID '3709383'
LogInit: Overriding engine version to CL 3832480, compatible CL 3709383
LogInit: Registered custom module enumerator with build ID '3709383'
LogTaskGraph: Started task graph with 5 named threads and 8 total threads with 3 sets of task threads.
LogStats: Stats thread started at 1.117088
LogD3D11RHI: Aftermath initialized
LogModuleManager: Display: Found up-to-date module file ../../../Engine/Plugins/Marketplace/RootMotionExtractor/Binaries/Win64/UE4Editor-RootMotionExtractor.dll (API version 3709383).
LogModuleManager: Display: Found up-to-date module file ../../../Engine/Plugins/2D/Paper2D/Binaries/Win64/UE4Editor-Paper2D.dll (API version 3709383).
LogModuleManager: Display: Found up-to-date module file ../../../Engine/Plugins/2D/Paper2D/Binaries/Win64/UE4Editor-Paper2DEditor.dll (API version 3709383).
LogModuleManager: Display: Found up-to-date module file ../../../Engine/Plugins/2D/Paper2D/Binaries/Win64/UE4Editor-PaperSpriteSheetImporter.dll (API version 3709383).
LogModuleManager: Display: Found up-to-date module file ../../../Engine/Plugins/2D/Paper2D/Binaries/Win64/UE4Editor-PaperTiledImporter.dll (API version 3709383).
LogModuleManager: Display: Found up-to-date module file ../../../Engine/Plugins/2D/Paper2D/Binaries/Win64/UE4Editor-SmartSnapping.dll (API version 3709383).
LogModuleManager: Display: Found up-to-date module file ../../../Engine/Plugins/Blendables/LightPropagationVolume/Binaries/Win64/UE4Editor-LightPropagationVolumeRuntime.dll (API version 3709383).
LogModuleManager: Display: Found up-to-date module file ../../../Engine/Plugins/Blendables/LightPropagationVolume/Binaries/Win64/UE4Editor-LightPropagationVolumeEditor.dll (API version 3709383).
LogModuleManager: Display: Found up-to-date module file ../../../Engine/Plugins/Developer/GitSourceControl/Binaries/Win64/UE4Editor-GitSourceControl.dll (API version 3709383).
LogModuleManager: Display: Found up-to-date module file ../../../Engine/Plugins/Developer/PerforceSourceControl/Binaries/Win64/UE4Editor-PerforceSourceControl.dll (API version 3709383).
LogModuleManager: Display: Found up-to-date module file ../../../Engine/Plugins/Developer/SubversionSourceControl/Binaries/Win64/UE4Editor-SubversionSourceControl.dll (API version 3709383).
LogModuleManager: Display: Found up-to-date module file ../../../Engine/Plugins/Developer/UObjectPlugin/Binaries/Win64/UE4Editor-UObjectPlugin.dll (API version 3709383).
LogModuleManager: Display: Found up-to-date module file ../../../Engine/Plugins/Developer/VisualStudioCodeSourceCodeAccess/Binaries/Win64/UE4Editor-VisualStudioCodeSourceCodeAccess.dll (API version 3709383).
LogModuleManager: Display: Found up-to-date module file ../../../Engine/Plugins/Developer/VisualStudioSourceCodeAccess/Binaries/Win64/UE4Editor-VisualStudioSourceCodeAccess.dll (API version 3709383).
LogModuleManager: Display: Found up-to-date module file ../../../Engine/Plugins/Editor/AssetManagerEditor/Binaries/Win64/UE4Editor-AssetManagerEditor.dll (API version 3709383).
LogModuleManager: Display: Found up-to-date module file ../../../Engine/Plugins/Editor/AudioCapture/Binaries/Win64/UE4Editor-AudioCapture.dll (API version 3709383).
LogModuleManager: Display: Found up-to-date module file ../../../Engine/Plugins/Editor/FacialAnimation/Binaries/Win64/UE4Editor-FacialAnimation.dll (API version 3709383).
LogModuleManager: Display: Found up-to-date module file ../../../Engine/Plugins/Editor/FacialAnimation/Binaries/Win64/UE4Editor-FacialAnimationEditor.dll (API version 3709383).
LogModuleManager: Display: Found up-to-date module file ../../../Engine/Plugins/Editor/GameplayTagsEditor/Binaries/Win64/UE4Editor-GameplayTagsEditor.dll (API version 3709383).
LogModuleManager: Display: Found up-to-date module file ../../../Engine/Plugins/Editor/MobileLauncherProfileWizard/Binaries/Win64/UE4Editor-MobileLauncherProfileWizard.dll (API version 3709383).
LogModuleManager: Display: Found up-to-date module file ../../../Engine/Plugins/Editor/PluginBrowser/Binaries/Win64/UE4Editor-PluginBrowser.dll (API version 3709383).
LogModuleManager: Display: Found up-to-date module file ../../../Engine/Plugins/Editor/SpeedTreeImporter/Binaries/Win64/UE4Editor-SpeedTreeImporter.dll (API version 3709383).
LogModuleManager: Display: Found up-to-date module file ../../../Engine/Plugins/Experimental/AlembicImporter/Binaries/Win64/UE4Editor-AlembicImporter.dll (API version 3709383).
LogModuleManager: Display: Found up-to-date module file ../../../Engine/Plugins/Experimental/AlembicImporter/Binaries/Win64/UE4Editor-AlembicLibrary.dll (API version 3709383).
LogModuleManager: Display: Found up-to-date module file ../../../Engine/Plugins/Experimental/CharacterAI/Binaries/Win64/UE4Editor-CharacterAI.dll (API version 3709383).
LogModuleManager: Display: Found up-to-date module file ../../../Engine/Plugins/Experimental/HTML5Networking/Binaries/Win64/UE4Editor-HTML5Networking.dll (API version 3709383).
LogModuleManager: Display: Found up-to-date module file ../../../Engine/Plugins/Media/AndroidMedia/Binaries/Win64/UE4Editor-AndroidMediaEditor.dll (API version 3709383).
LogModuleManager: Display: Found up-to-date module file ../../../Engine/Plugins/Media/AndroidMedia/Binaries/Win64/UE4Editor-AndroidMediaFactory.dll (API version 3709383).
LogModuleManager: Display: Found up-to-date module file ../../../Engine/Plugins/Media/AvfMedia/Binaries/Win64/UE4Editor-AvfMediaEditor.dll (API version 3709383).
LogModuleManager: Display: Found up-to-date module file ../../../Engine/Plugins/Media/AvfMedia/Binaries/Win64/UE4Editor-AvfMediaFactory.dll (API version 3709383).
LogModuleManager: Display: Found up-to-date module file ../../../Engine/Plugins/Media/AvfMedia/Binaries/Win64/UE4Editor-AvfMediaFactory.dll (API version 3709383).
LogModuleManager: Display: Found up-to-date module file ../../../Engine/Plugins/Media/ImgMedia/Binaries/Win64/UE4Editor-ImgMedia.dll (API version 3709383).
LogModuleManager: Display: Found up-to-date module file ../../../Engine/Plugins/Media/ImgMedia/Binaries/Win64/UE4Editor-ImgMediaEditor.dll (API version 3709383).
LogModuleManager: Display: Found up-to-date module file ../../../Engine/Plugins/Media/ImgMedia/Binaries/Win64/UE4Editor-ImgMediaFactory.dll (API version 3709383).
LogModuleManager: Display: Found up-to-date module file ../../../Engine/Plugins/Media/ImgMedia/Binaries/Win64/UE4Editor-ImgMediaFactory.dll (API version 3709383).
LogModuleManager: Display: Found up-to-date module file ../../../Engine/Plugins/Media/ImgMedia/Binaries/Win64/UE4Editor-OpenExrWrapper.dll (API version 3709383).
LogModuleManager: Display: Found up-to-date module file ../../../Engine/Plugins/Media/MediaCompositing/Binaries/Win64/UE4Editor-MediaCompositing.dll (API version 3709383).
LogModuleManager: Display: Found up-to-date module file ../../../Engine/Plugins/Media/MediaCompositing/Binaries/Win64/UE4Editor-MediaCompositingEditor.dll (API version 3709383).
LogModuleManager: Display: Found up-to-date module file ../../../Engine/Plugins/Media/MediaPlayerEditor/Binaries/Win64/UE4Editor-MediaPlayerEditor.dll (API version 3709383).
LogModuleManager: Display: Found up-to-date module file ../../../Engine/Plugins/Media/WmfMedia/Binaries/Win64/UE4Editor-WmfMedia.dll (API version 3709383).
LogModuleManager: Display: Found up-to-date module file ../../../Engine/Plugins/Media/WmfMedia/Binaries/Win64/UE4Editor-WmfMediaEditor.dll (API version 3709383).
LogModuleManager: Display: Found up-to-date module file ../../../Engine/Plugins/Media/WmfMedia/Binaries/Win64/UE4Editor-WmfMediaFactory.dll (API version 3709383).
LogModuleManager: Display: Found up-to-date module file ../../../Engine/Plugins/Media/WmfMedia/Binaries/Win64/UE4Editor-WmfMediaFactory.dll (API version 3709383).
LogModuleManager: Display: Found up-to-date module file ../../../Engine/Plugins/Messaging/TcpMessaging/Binaries/Win64/UE4Editor-TcpMessaging.dll (API version 3709383).
LogModuleManager: Display: Found up-to-date module file ../../../Engine/Plugins/Messaging/UdpMessaging/Binaries/Win64/UE4Editor-UdpMessaging.dll (API version 3709383).
LogModuleManager: Display: Found up-to-date module file ../../../Engine/Plugins/MovieScene/ActorSequence/Binaries/Win64/UE4Editor-ActorSequence.dll (API version 3709383).
LogModuleManager: Display: Found up-to-date module file ../../../Engine/Plugins/MovieScene/LevelSequenceEditor/Binaries/Win64/UE4Editor-LevelSequenceEditor.dll (API version 3709383).
LogModuleManager: Display: Found up-to-date module file ../../../Engine/Plugins/MovieScene/MatineeToLevelSequence/Binaries/Win64/UE4Editor-MatineeToLevelSequence.dll (API version 3709383).
LogModuleManager: Display: Found up-to-date module file ../../../Engine/Plugins/Online/OnlineSubsystem/Binaries/Win64/UE4Editor-OnlineSubsystem.dll (API version 3709383).
LogModuleManager: Display: Found up-to-date module file ../../../Engine/Plugins/Runtime/AndroidPermission/Binaries/Win64/UE4Editor-AndroidPermission.dll (API version 3709383).
LogModuleManager: Display: Found up-to-date module file ../../../Engine/Plugins/Online/OnlineSubsystemNull/Binaries/Win64/UE4Editor-OnlineSubsystemNull.dll (API version 3709383).
LogModuleManager: Display: Found up-to-date module file ../../../Engine/Plugins/Online/OnlineSubsystemUtils/Binaries/Win64/UE4Editor-OnlineSubsystemUtils.dll (API version 3709383).
LogModuleManager: Display: Found up-to-date module file ../../../Engine/Plugins/Online/OnlineSubsystemUtils/Binaries/Win64/UE4Editor-OnlineBlueprintSupport.dll (API version 3709383).
LogModuleManager: Display: Found up-to-date module file ../../../Engine/Plugins/Runtime/AndroidDeviceProfileSelector/Binaries/Win64/UE4Editor-AndroidDeviceProfileSelector.dll (API version 3709383).
LogModuleManager: Display: Found up-to-date module file ../../../Engine/Plugins/Runtime/AppleARKit/Binaries/Win64/UE4Editor-AppleARKit.dll (API version 3709383).
LogModuleManager: Display: Found up-to-date module file ../../../Engine/Plugins/Runtime/ArchVisCharacter/Binaries/Win64/UE4Editor-ArchVisCharacter.dll (API version 3709383).
LogModuleManager: Display: Found up-to-date module file ../../../Engine/Plugins/Runtime/CableComponent/Binaries/Win64/UE4Editor-CableComponent.dll (API version 3709383).
LogModuleManager: Display: Found up-to-date module file ../../../Engine/Plugins/Runtime/CustomMeshComponent/Binaries/Win64/UE4Editor-CustomMeshComponent.dll (API version 3709383).
LogModuleManager: Display: Found up-to-date module file ../../../Engine/Plugins/Runtime/ExampleDeviceProfileSelector/Binaries/Win64/UE4Editor-ExampleDeviceProfileSelector.dll (API version 3709383).
LogModuleManager: Display: Found up-to-date module file ../../../Engine/Plugins/Runtime/ImmediatePhysics/Binaries/Win64/UE4Editor-ImmediatePhysics.dll (API version 3709383).
LogModuleManager: Display: Found up-to-date module file ../../../Engine/Plugins/Runtime/ImmediatePhysics/Binaries/Win64/UE4Editor-ImmediatePhysicsEditor.dll (API version 3709383).
LogModuleManager: Display: Found up-to-date module file ../../../Engine/Plugins/Runtime/LocationServicesBPLibrary/Binaries/Win64/UE4Editor-LocationServicesBPLibrary.dll (API version 3709383).
LogModuleManager: Display: Found up-to-date module file ../../../Engine/Plugins/Runtime/MobilePatchingUtils/Binaries/Win64/UE4Editor-MobilePatchingUtils.dll (API version 3709383).
LogModuleManager: Display: Found up-to-date module file ../../../Engine/Plugins/Runtime/Oculus/OculusVR/Binaries/Win64/UE4Editor-OculusHMD.dll (API version 3709383).
LogModuleManager: Display: Found up-to-date module file ../../../Engine/Plugins/Runtime/Oculus/OculusVR/Binaries/Win64/UE4Editor-OculusInput.dll (API version 3709383).
LogModuleManager: Display: Found up-to-date module file ../../../Engine/Plugins/Runtime/Oculus/OculusVR/Binaries/Win64/UE4Editor-OculusEditor.dll (API version 3709383).
LogModuleManager: Display: Found up-to-date module file ../../../Engine/Plugins/Runtime/PhysXVehicles/Binaries/Win64/UE4Editor-PhysXVehicles.dll (API version 3709383).
LogModuleManager: Display: Found up-to-date module file ../../../Engine/Plugins/Runtime/PhysXVehicles/Binaries/Win64/UE4Editor-PhysXVehiclesEditor.dll (API version 3709383).
LogModuleManager: Display: Found up-to-date module file ../../../Engine/Plugins/Runtime/ProceduralMeshComponent/Binaries/Win64/UE4Editor-ProceduralMeshComponent.dll (API version 3709383).
LogModuleManager: Display: Found up-to-date module file ../../../Engine/Plugins/Runtime/ProceduralMeshComponent/Binaries/Win64/UE4Editor-ProceduralMeshComponentEditor.dll (API version 3709383).
LogModuleManager: Display: Found up-to-date module file ../../../Engine/Plugins/Runtime/RuntimePhysXCooking/Binaries/Win64/UE4Editor-RuntimePhysXCooking.dll (API version 3709383).
LogModuleManager: Display: Found up-to-date module file ../../../Engine/Plugins/Runtime/Steam/SteamVR/Binaries/Win64/UE4Editor-SteamVR.dll (API version 3709383).
LogModuleManager: Display: Found up-to-date module file ../../../Engine/Plugins/Runtime/Steam/SteamVR/Binaries/Win64/UE4Editor-SteamVRController.dll (API version 3709383).
LogModuleManager: Display: Found up-to-date module file ../../../Engine/Plugins/Runtime/WindowsMoviePlayer/Binaries/Win64/UE4Editor-WindowsMoviePlayer.dll (API version 3709383).
LogPluginManager: Mounting plugin Paper2D
LogPluginManager: Mounting plugin LightPropagationVolume
LogPluginManager: Mounting plugin CodeLiteSourceCodeAccess
LogPluginManager: Mounting plugin GitSourceControl
LogPluginManager: Mounting plugin KDevelopSourceCodeAccess
LogPluginManager: Mounting plugin NullSourceCodeAccess
LogPluginManager: Mounting plugin PerforceSourceControl
LogPluginManager: Mounting plugin SubversionSourceControl
LogPluginManager: Mounting plugin UObjectPlugin
LogPluginManager: Mounting plugin VisualStudioCodeSourceCodeAccess
LogPluginManager: Mounting plugin VisualStudioSourceCodeAccess
LogPluginManager: Mounting plugin XCodeSourceCodeAccess
LogPluginManager: Mounting plugin AssetManagerEditor
LogPluginManager: Mounting plugin AudioCapture
LogPluginManager: Mounting plugin FacialAnimation
LogPluginManager: Mounting plugin GameplayTagsEditor
LogPluginManager: Mounting plugin MobileLauncherProfileWizard
LogPluginManager: Mounting plugin PluginBrowser
LogPluginManager: Mounting plugin SpeedTreeImporter
LogPluginManager: Mounting plugin AlembicImporter
LogPluginManager: Mounting plugin CharacterAI
LogPluginManager: Mounting plugin HTML5Networking
LogPluginManager: Mounting plugin RootMotionExtractor
LogPluginManager: Mounting plugin AndroidMedia
LogPluginManager: Mounting plugin AvfMedia
LogPluginManager: Mounting plugin ImgMedia
LogPluginManager: Mounting plugin MediaCompositing
LogPluginManager: Mounting plugin MediaPlayerEditor
LogPluginManager: Mounting plugin WmfMedia
LogPluginManager: Mounting plugin TcpMessaging
LogPluginManager: Mounting plugin UdpMessaging
LogPluginManager: Mounting plugin ActorSequence
LogPluginManager: Mounting plugin LevelSequenceEditor
LogPluginManager: Mounting plugin MatineeToLevelSequence
LogPluginManager: Mounting plugin OnlineSubsystemGooglePlay
LogPluginManager: Mounting plugin OnlineSubsystemIOS
LogPluginManager: Mounting plugin OnlineSubsystem
LogPluginManager: Mounting plugin OnlineSubsystemNull
LogPluginManager: Mounting plugin OnlineSubsystemUtils
LogPluginManager: Mounting plugin AndroidDeviceProfileSelector
LogPluginManager: Mounting plugin AndroidMoviePlayer
LogPluginManager: Mounting plugin AndroidPermission
LogPluginManager: Mounting plugin AppleARKit
LogPluginManager: Mounting plugin AppleMoviePlayer
LogPluginManager: Mounting plugin ArchVisCharacter
LogPluginManager: Mounting plugin CableComponent
LogPluginManager: Mounting plugin CustomMeshComponent
LogPluginManager: Mounting plugin ExampleDeviceProfileSelector
LogPluginManager: Mounting plugin GoogleCloudMessaging
LogPluginManager: Mounting plugin ImmediatePhysics
LogPluginManager: Mounting plugin IOSDeviceProfileSelector
LogPluginManager: Mounting plugin LinuxDeviceProfileSelector
LogPluginManager: Mounting plugin LocationServicesBPLibrary
LogPluginManager: Mounting plugin MobilePatchingUtils
LogPluginManager: Mounting plugin OculusVR
LogPluginManager: Plugin shader directory ../../../Engine/Plugins/Runtime/Oculus/OculusVR/Shaders found
LogPluginManager: Mapping shader source directory ../../../Engine/Plugins/Runtime/Oculus/OculusVR/Shaders to virtual directory /Plugin/OculusVR
LogPluginManager: Mounting plugin PhysXVehicles
LogPluginManager: Mounting plugin ProceduralMeshComponent
LogPluginManager: Mounting plugin RuntimePhysXCooking
LogPluginManager: Mounting plugin SteamVR
LogPluginManager: Mounting plugin WindowsMoviePlayer
LogInit: Using libcurl 7.47.1
LogInit:  - built for x86_64-pc-win32
LogInit:  - supports SSL with OpenSSL/1.0.2g
LogInit:  - supports HTTP deflate (compression) using libz 1.2.8
LogInit:  - other features:
LogInit:      CURL_VERSION_SSL
LogInit:      CURL_VERSION_LIBZ
LogInit:      CURL_VERSION_IPV6
LogInit:      CURL_VERSION_ASYNCHDNS
LogInit:      CURL_VERSION_LARGEFILE
LogInit:      CURL_VERSION_IDN
LogInit:  CurlRequestOptions (configurable via config and command line):
LogInit:  - bVerifyPeer = false  - Libcurl will NOT verify peer certificate
LogInit:  - bUseHttpProxy = false  - Libcurl will NOT use HTTP proxy
LogInit:  - bDontReuseConnections = false  - Libcurl will reuse connections
LogInit:  - CertBundlePath = nullptr  - Libcurl will use whatever was configured at build time.
LogInit: Build: ++UE4+Release-4.18-CL-3832480
LogInit: Engine Version: 4.18.3-3832480+++UE4+Release-4.18
LogInit: Compatible Engine Version: 4.18.0-3709383+++UE4+Release-4.18
LogInit: Net CL: 3709383
LogDevObjectVersion: Number of dev versions registered: 16
LogDevObjectVersion:   Dev-Blueprints (B0D832E4-1F89-4F0D-ACCF-7EB736FD4AA2): 10
LogDevObjectVersion:   Dev-Build (E1C64328-A22C-4D53-A36C-8E866417BD8C): 0
LogDevObjectVersion:   Dev-Core (375EC13C-06E4-48FB-B500-84F0262A717E): 2
LogDevObjectVersion:   Dev-Editor (E4B068ED-F494-42E9-A231-DA0B2E46BB41): 20
LogDevObjectVersion:   Dev-Framework (CFFC743F-43B0-4480-9391-14DF171D2073): 30
LogDevObjectVersion:   Dev-Mobile (B02B49B5-BB20-44E9-A304-32B752E40360): 0
LogDevObjectVersion:   Dev-Networking (A4E4105C-59A1-49B5-A7C5-40C4547EDFEE): 0
LogDevObjectVersion:   Dev-Online (39C831C9-5AE6-47DC-9A44-9C173E1C8E7C): 0
LogDevObjectVersion:   Dev-Physics (78F01B33-EBEA-4F98-B9B4-84EACCB95AA2): 0
LogDevObjectVersion:   Dev-Platform (6631380F-2D4D-43E0-8009-CF276956A95A): 0
LogDevObjectVersion:   Dev-Rendering (12F88B9F-8875-4AFC-A67C-D90C383ABD29): 20
LogDevObjectVersion:   Dev-Sequencer (7B5AE74C-D270-4C10-A958-57980B212A5A): 4
LogDevObjectVersion:   Dev-VR (D7296918-1DD6-4BDD-9DE2-64A83CC13884): 0
LogDevObjectVersion:   Dev-LoadTimes (C2A15278-BFE7-4AFE-6C17-90FF531DF755): 1
LogDevObjectVersion:   Private-Geometry (6EACA3D4-40EC-4CC1-B786-8BED09428FC5): 1
LogDevObjectVersion:   Dev-AnimPhys (29E575DD-E0A3-4627-9D10-D276232CDCEA): 12
LogInit: Compiled (64-bit): Jan 12 2018 02:04:55
LogInit: Compiled with Visual C++: 19.00.24215.01
LogInit: Build Configuration: Development
LogInit: Branch Name: ++UE4+Release-4.18
LogInit: Command line:  
LogInit: Base directory: E:/GameDev/Unreal/Engine/UE_4.18/Engine/Binaries/Win64/
LogInit: Installed Engine Build: 1
LogInit: Presizing for max 8388607 objects, including 0 objects not considered by GC, pre-allocating 0 bytes for permanent pool.
LogInit: Object subsystem initialized
[2020.08.19-14.41.39:681][  0]LogInit: Selected Device Profile: [Windows]
[2020.08.19-14.41.39:681][  0]LogInit: Applying CVar settings loaded from the selected device profile: [Windows]
[2020.08.19-14.41.41:864][  0]LogInit: Computer: ISHRAQ-PC
[2020.08.19-14.41.41:864][  0]LogInit: User: farha
[2020.08.19-14.41.41:864][  0]LogInit: CPU Page size=4096, Cores=2
[2020.08.19-14.41.41:864][  0]LogInit: High frequency timer resolution =10.000000 MHz
[2020.08.19-14.41.41:879][  0]LogMemory: Memory total: Physical=3.9GB (4GB approx)
[2020.08.19-14.41.41:879][  0]LogMemory: Platform Memory Stats for Windows
[2020.08.19-14.41.41:879][  0]LogMemory: Process Physical Memory: 274.27 MB used, 274.28 MB peak
[2020.08.19-14.41.41:879][  0]LogMemory: Process Virtual Memory: 265.57 MB used, 265.57 MB peak
[2020.08.19-14.41.41:879][  0]LogMemory: Physical Memory: 3280.67 MB used,  696.34 MB free, 3977.01 MB total
[2020.08.19-14.41.41:879][  0]LogMemory: Virtual Memory: 4755.80 MB used,  696.34 MB free, 134217728.00 MB total
[2020.08.19-14.41.45:811][  0]LogInit: Using OS detected language (en-US).
[2020.08.19-14.41.45:811][  0]LogInit: Using OS detected locale (en-US).
[2020.08.19-14.41.46:047][  0]LogTextLocalizationManager: No specific localization for 'en-US' exists, so the 'en' localization will be used.
[2020.08.19-14.41.47:022][  0]LogInit: Setting process to per monitor DPI aware
[2020.08.19-14.41.50:396][  0]LogD3D11RHI: D3D11 adapters:
[2020.08.19-14.41.50:444][  0]LogD3D11RHI:    0. 'Intel(R) HD Graphics 3000' (Feature Level 10_0)
[2020.08.19-14.41.50:444][  0]LogD3D11RHI:       32/0/1632 MB DedicatedVideo/DedicatedSystem/SharedSystem, Outputs:1, VendorId:0x8086
[2020.08.19-14.41.50:513][  0]LogD3D11RHI:    1. 'Microsoft Basic Render Driver' (Feature Level 11_0)
[2020.08.19-14.41.50:513][  0]LogD3D11RHI:       0/0/1988 MB DedicatedVideo/DedicatedSystem/SharedSystem, Outputs:0, VendorId:0x1414
[2020.08.19-14.41.50:513][  0]LogD3D11RHI: Chosen D3D11 Adapter: 0
[2020.08.19-14.41.50:542][  0]LogD3D11RHI: Creating new Direct3DDevice
[2020.08.19-14.41.50:543][  0]LogD3D11RHI:     GPU DeviceId: 0x126 (for the marketing name, search the web for "GPU Device Id")
[2020.08.19-14.41.50:543][  0]LogWindows: EnumDisplayDevices:
[2020.08.19-14.41.50:543][  0]LogWindows:    0. 'Intel(R) HD Graphics 3000' (P:1 D:1)
[2020.08.19-14.41.50:583][  0]LogWindows:    1. 'Intel(R) HD Graphics 3000' (P:0 D:0)
[2020.08.19-14.41.50:584][  0]LogWindows: DebugString: GetVideoDriverDetailsInvalid PrimaryIsNotTheChoosenAdapter GetVideoDriverDetailsInvalid PrimaryIsNotTheChoosenAdapter FoundDriverCount:0 
[2020.08.19-14.41.50:584][  0]LogD3D11RHI:     Adapter Name: Intel(R) HD Graphics 3000
[2020.08.19-14.41.50:584][  0]LogD3D11RHI:   Driver Version: Unknown (internal:Unknown, unified:Unknown)
[2020.08.19-14.41.50:584][  0]LogD3D11RHI:      Driver Date: Unknown
[2020.08.19-14.41.50:584][  0]LogRHI: Texture pool is 593 MB (70% of 848 MB)
[2020.08.19-14.41.50:609][  0]LogD3D11RHI: Async texture creation enabled
[2020.08.19-14.41.51:183][  0]LogD3D11RHI: GPU Timing Frequency: 12.500000 (Debug: 2 1)
[2020.08.19-14.41.51:381][  0]LogShaderCompilers: Guid format shader working directory is -3 characters bigger than the processId version (../../../../../GITHUB/vigilance_4.18/Vigilance418/Intermediate/Shaders/WorkingDirectory/7624/).
[2020.08.19-14.41.51:381][  0]LogShaderCompilers: Cleaned the shader compiler working directory 'C:/Users/farha/AppData/Local/Temp/UnrealShaderWorkingDir/460AADD64EAC2709B331108CF5FAC169/'.
[2020.08.19-14.41.51:396][  0]LogShaderCompilers: Display: Using Local Shader Compiler.
[2020.08.19-14.41.57:509][  0]LogTemp: Display: Loaded TP AllDesktopTargetPlatform
[2020.08.19-14.41.57:583][  0]LogTemp: Display: Loaded TP MacClientTargetPlatform
[2020.08.19-14.41.57:664][  0]LogTemp: Display: Loaded TP MacNoEditorTargetPlatform
[2020.08.19-14.41.57:735][  0]LogTemp: Display: Loaded TP MacServerTargetPlatform
[2020.08.19-14.41.57:884][  0]LogTemp: Display: Loaded TP MacTargetPlatform
[2020.08.19-14.41.57:963][  0]LogTemp: Display: Loaded TP WindowsClientTargetPlatform
[2020.08.19-14.41.58:035][  0]LogTemp: Display: Loaded TP WindowsNoEditorTargetPlatform
[2020.08.19-14.41.58:106][  0]LogTemp: Display: Loaded TP WindowsServerTargetPlatform
[2020.08.19-14.41.58:190][  0]LogTemp: Display: Loaded TP WindowsTargetPlatform
[2020.08.19-14.41.58:263][  0]LogTemp: Display: Loaded TP Android_ASTCTargetPlatform
[2020.08.19-14.41.58:355][  0]LogTemp: Display: Loaded TP Android_ATCTargetPlatform
[2020.08.19-14.41.58:435][  0]LogTemp: Display: Loaded TP Android_DXTTargetPlatform
[2020.08.19-14.41.58:507][  0]LogTemp: Display: Loaded TP Android_ETC1TargetPlatform
[2020.08.19-14.41.58:593][  0]LogTemp: Display: Loaded TP Android_ETC2TargetPlatform
[2020.08.19-14.41.58:740][  0]LogTemp: Display: Loaded TP Android_MultiTargetPlatform
[2020.08.19-14.41.58:740][  0]LogTemp: Display: Loaded TP Android_PVRTCTargetPlatform
[2020.08.19-14.41.58:839][  0]LogTemp: Display: Loaded TP AndroidTargetPlatform
[2020.08.19-14.41.58:898][  0]LogTemp: Display: Loaded TP HTML5TargetPlatform
[2020.08.19-14.41.59:255][  0]LogTemp: Display: Loaded TP IOSTargetPlatform
[2020.08.19-14.41.59:363][  0]LogTemp: Display: Loaded TP TVOSTargetPlatform
[2020.08.19-14.41.59:459][  0]LogTemp: Display: Loaded TP LinuxClientTargetPlatform
[2020.08.19-14.41.59:564][  0]LogTemp: Display: Loaded TP LinuxNoEditorTargetPlatform
[2020.08.19-14.41.59:650][  0]LogTemp: Display: Loaded TP LinuxServerTargetPlatform
[2020.08.19-14.41.59:724][  0]LogTemp: Display: Loaded TP LinuxTargetPlatform
[2020.08.19-14.41.59:724][  0]LogTargetPlatformManager: Display: Building Assets For Windows
[2020.08.19-14.42.04:120][  0]LogDerivedDataCache: Display: Max Cache Size: 512 MB
[2020.08.19-14.42.11:001][  0]LogDerivedDataCache: Loaded boot cache 6.86s 75MB C:/Users/farha/AppData/Local/UnrealEngine/4.18/DerivedDataCache/Boot.ddc.
[2020.08.19-14.42.11:008][  0]LogDerivedDataCache: Display: Loaded Boot cache: C:/Users/farha/AppData/Local/UnrealEngine/4.18/DerivedDataCache/Boot.ddc
[2020.08.19-14.42.11:008][  0]LogDerivedDataCache: FDerivedDataBackendGraph:  Pak pak cache file ../../../../../GITHUB/vigilance_4.18/Vigilance418/DerivedDataCache/DDC.ddp not found, will not use a pak cache.
[2020.08.19-14.42.11:008][  0]LogDerivedDataCache: Unable to find inner node Pak for hierarchical cache Hierarchy.
[2020.08.19-14.42.11:008][  0]LogDerivedDataCache: FDerivedDataBackendGraph:  CompressedPak pak cache file ../../../../../GITHUB/vigilance_4.18/Vigilance418/DerivedDataCache/Compressed.ddp not found, will not use a pak cache.
[2020.08.19-14.42.11:008][  0]LogDerivedDataCache: Unable to find inner node CompressedPak for hierarchical cache Hierarchy.
[2020.08.19-14.42.11:095][  0]LogDerivedDataCache: Display: Pak cache opened for reading ../../../Engine/DerivedDataCache/Compressed.ddp.
[2020.08.19-14.42.11:407][  0]LogDerivedDataCache: Using Local data cache path C:/Users/farha/AppData/Local/UnrealEngine/Common/DerivedDataCache: Writable
[2020.08.19-14.42.12:484][  0]LogMaterial: Verifying Global Shaders for PCD3D_SM4
[2020.08.19-14.42.12:682][  0]LogSlate: Using Freetype 2.6.0
[2020.08.19-14.42.12:790][  0]LogSlate: SlateFontCache - WITH_FREETYPE: 1, WITH_HARFBUZZ: 1
[2020.08.19-14.42.12:802][  0]LogSlate: SlateFontCache - WITH_FREETYPE: 1, WITH_HARFBUZZ: 1
[2020.08.19-14.42.41:490][  0]LogInit: Selected Device Profile: [Windows]
[2020.08.19-14.42.49:097][  0]LogSimplygon: Simplygon DLL not present - disabling.
[2020.08.19-14.42.49:205][  0]LogMeshReduction: Using SimplygonSwarm for distributed automatic mesh merging
[2020.08.19-14.42.49:213][  0]LogMeshReduction: Using QuadricMeshReduction for automatic static mesh reduction
[2020.08.19-14.42.49:221][  0]LogMeshReduction: No automatic skeletal mesh reduction module available
[2020.08.19-14.42.49:221][  0]LogMeshReduction: No automatic mesh merging module available
[2020.08.19-14.42.49:221][  0]LogMeshMerging: No automatic mesh merging module available
[2020.08.19-14.42.49:899][  0]LogNetVersion: Vigilance418 , NetCL: 3709383, EngineNetVer: 2, GameNetVer: 0 (Checksum: 63410103)
[2020.08.19-14.42.52:123][  0]LogAssetRegistry: FAssetRegistry took 0.0473 seconds to start up
[2020.08.19-14.43.05:647][  0]LogPackageLocalizationCache: Processed 7 localized package path(s) for 2 prioritized culture(s) in 0.603548 seconds
[2020.08.19-14.43.05:904][  0]LogUObjectArray: 35870 objects as part of root set at end of initial load.
[2020.08.19-14.43.05:905][  0]LogUObjectAllocator: 7363696 out of 0 bytes used by permanent object pool.
[2020.08.19-14.43.05:906][  0]LogUObjectArray: CloseDisregardForGC: 0/0 objects in disregard for GC pool
[2020.08.19-14.43.06:213][  0]LogInit: WinSock: version 1.1 (2.2), MaxSocks=32767, MaxUdp=65467
[2020.08.19-14.43.57:027][  0]LogTcpMessaging: Initializing TcpMessaging bridge
[2020.08.19-14.43.57:129][  0]LogUdpMessaging: Initializing bridge on interface 0.0.0.0:0 to multicast group 230.0.0.1:6666.
[2020.08.19-14.44.02:153][  0]LogMaterial: Uniform references updated for custom material expression Custom.
[2020.08.19-14.44.04:213][  0]SourceControl: Source control is disabled
[2020.08.19-14.44.04:248][  0]SourceControl: Source control is disabled
[2020.08.19-14.44.05:134][  0]SourceControl: Source control is disabled
[2020.08.19-14.44.05:477][  0]SourceControl: Source control is disabled
[2020.08.19-14.44.24:765][  0]LogAndroidPermission: UAndroidPermissionCallbackProxy::GetInstance
[2020.08.19-14.44.25:573][  0]LogOcInput: OculusInput pre-init called
[2020.08.19-14.44.27:753][  0]LogEngine: Initializing Engine...
[2020.08.19-14.44.27:911][  0]LogHMD: Failed to initialize OpenVR with code 110
[2020.08.19-14.44.29:752][  0]LogStats: UGameplayTagsManager::ConstructGameplayTagTree: Construct from data asset -  0.000 s
[2020.08.19-14.44.29:762][  0]LogStats: UGameplayTagsManager::ConstructGameplayTagTree: GameplayTagTreeChangedEvent.Broadcast -  0.002 s
[2020.08.19-14.44.31:381][  0]LogAIModule: Creating AISystem for world Untitled
[2020.08.19-14.44.32:082][  0]LogInit: XAudio2 using 'Speakers (2- High Definition Audio Device)' : 2 channels at 48 kHz using 16 bits per sample (channel mask 0x3)
[2020.08.19-14.44.32:597][  0]LogInit: FAudioDevice initialized.
[2020.08.19-14.44.38:877][  0]LogDerivedDataCache: Saved boot cache 6.24s 75MB C:/Users/farha/AppData/Local/UnrealEngine/4.18/DerivedDataCache/Boot.ddc.
[2020.08.19-14.44.39:881][  0]LogInit: Texture streaming: Enabled
[2020.08.19-14.44.40:843][  0]LogEngineSessionManager: EngineSessionManager initialized
[2020.08.19-14.44.42:203][  0]LogInit: Transaction tracking system initialized
[2020.08.19-14.44.43:676][  0]BlueprintLog: New page: Editor Load
[2020.08.19-14.44.54:069][  0]LocalizationService: Localization service is disabled
[2020.08.19-14.45.11:244][  0]LogConsoleResponse: Display: 
[2020.08.19-14.45.35:456][  0]LogCook: Display: Max memory allowance for cook 16384mb min free memory 0mb
[2020.08.19-14.45.35:475][  0]LogCook: Display: Mobile HDR setting 1
[2020.08.19-14.45.35:509][  0]LogGameplayTags: Display: UGameplayTagsManager::DoneAddingNativeTags. DelegateIsBound: 0
[2020.08.19-14.45.49:678][  0]LogFileCache: Scanning file cache for directory 'E:/GameDev/Unreal/GITHUB/vigilance_4.18/Vigilance418/Content/' took 8.63s
[2020.08.19-14.45.51:182][  0]SourceControl: Source control is disabled
[2020.08.19-14.45.51:399][  0]Cmd: MAP LOAD FILE="../../../../../GITHUB/vigilance_4.18/Vigilance418/Content/Maps/DemoTestMap.umap" TEMPLATE=0 SHOWPROGRESS=1 FEATURELEVEL=2
[2020.08.19-14.45.51:669][  0]LightingResults: New page: Lighting Build
[2020.08.19-14.45.52:960][  0]MapCheck: New page: Map Check
[2020.08.19-14.45.52:960][  0]LightingResults: New page: Lighting Build
[2020.08.19-14.47.24:045][  0]LogAIModule: Creating AISystem for world DemoTestMap
[2020.08.19-14.47.26:733][  0]LogEditorServer: Finished looking for orphan Actors (0.000 secs)
[2020.08.19-14.47.27:522][  0]Cmd: MAP CHECKDEP NOCLEARLOG
[2020.08.19-14.47.28:457][  0]MapCheck: Map check complete: 0 Error(s), 0 Warning(s), took 927.91ms to complete.
[2020.08.19-14.47.28:472][  0]LogFileHelpers: Loading map 'DemoTestMap' took 97.172
[2020.08.19-14.47.47:855][  0]LogCollectionManager: Loaded 0 collections in 0.026552 seconds
[2020.08.19-14.47.48:855][  0]LogFileCache: Scanning file cache for directory 'E:/GameDev/Unreal/GITHUB/vigilance_4.18/Vigilance418/Saved/Collections/' took 0.01s
[2020.08.19-14.47.48:855][  0]LogFileCache: Scanning file cache for directory 'E:/GameDev/Unreal/GITHUB/vigilance_4.18/Vigilance418/Content/Developers/farha/Collections/' took 0.01s
[2020.08.19-14.47.48:855][  0]LogFileCache: Scanning file cache for directory 'E:/GameDev/Unreal/GITHUB/vigilance_4.18/Vigilance418/Content/Collections/' took 0.01s
[2020.08.19-14.47.48:855][  0]LogCollectionManager: Rebuilt the GUID cache for 0 collections in 0.000001 seconds
[2020.08.19-14.47.48:896][  0]LogContentBrowser: Native class hierarchy populated in 0.0362 seconds. Added 2364 classes and 521 folders.
[2020.08.19-14.47.49:306][  0]LogContentBrowser: Native class hierarchy updated for 'WidgetCarousel' in 0.0004 seconds. Added 0 classes and 0 folders.
[2020.08.19-14.47.52:692][  0]LogContentBrowser: Native class hierarchy updated for 'AddContentDialog' in 0.0003 seconds. Added 0 classes and 0 folders.
[2020.08.19-14.47.53:762][  0]LogSlate: Took 0.121460 seconds to synchronously load lazily loaded font '../../../Engine/Content/Slate/Fonts/Roboto-Regular.ttf' (155K)
[2020.08.19-14.47.53:866][  0]LogSlate: Took 0.019227 seconds to synchronously load lazily loaded font '../../../Engine/Content/Slate/Fonts/Roboto-Bold.ttf' (160K)
[2020.08.19-14.47.55:561][  0]LogRenderer: Reallocating scene render targets to support 1016x656 Format 10 NumSamples 1 (Frame:1).
[2020.08.19-14.48.02:013][  0]LogContentBrowser: Native class hierarchy updated for 'HierarchicalLODOutliner' in 0.0004 seconds. Added 1 classes and 2 folders.
[2020.08.19-14.48.02:013][  0]LogLoad: (Engine Initialization) Total time: 434.88 seconds
[2020.08.19-14.48.02:013][  0]LogLoad: (Engine Initialization) Total Blueprint compile time: 0.00 seconds
[2020.08.19-14.48.02:204][  0]LogExternalProfiler: No external profilers were discovered.  External profiling features will not be available.
[2020.08.19-14.48.04:033][  0]LogContentStreaming: Texture pool size now 1000 MB
[2020.08.19-14.48.07:711][  2]LogSlate: Took 0.025760 seconds to synchronously load lazily loaded font '../../../Engine/Content/Slate/Fonts/Roboto-Light.ttf' (159K)
[2020.08.19-14.48.09:653][  8]LogAssetRegistry: Asset discovery search completed in 317.5542 seconds
[2020.08.19-14.48.09:762][  8]LogCollectionManager: Rebuilt the object cache for 0 collections in 0.000001 seconds (found 0 objects)
[2020.08.19-14.48.09:763][  8]LogCollectionManager: Fixed up redirectors for 0 collections in 0.014064 seconds (updated 0 objects)
[2020.08.19-15.02.18:663][575]LogSlate: Took 0.192390 seconds to synchronously load lazily loaded font '../../../Engine/Content/Editor/Slate/Fonts/FontAwesome.ttf' (139K)
[2020.08.19-15.02.21:948][578]LogScript: Warning: Accessed None trying to read property Player Ref
	Player_AnimBP_C /Engine/Transient.World_2:PersistentLevel.SkeletalMeshActor_1.SkeletalMeshComponent0.Player_AnimBP_C_1
	Function /Game/Blueprints/PlayerBlueprint/Player_AnimBP.Player_AnimBP_C:ExecuteUbergraph_Player_AnimBP:094B
[2020.08.19-15.20.51:282][210]Cmd: CLOSE_SLATE_MAINFRAME
[2020.08.19-15.20.54:195][210]LogWindowsTextInputMethodSystem: Display: IME system now deactivated.
[2020.08.19-15.20.56:687][211]Cmd: QUIT_EDITOR
[2020.08.19-15.21.07:767][211]LogExit: Preparing to exit.
[2020.08.19-15.21.30:394][211]LogDirectoryWatcher: A directory notification for 'E:/GameDev/Unreal/GITHUB/vigilance_4.18/Vigilance418/Content/' was aborted.
[2020.08.19-15.21.52:324][211]LogExit: Editor shut down
[2020.08.19-15.21.55:427][211]LogExit: Transaction tracking system shut down
[2020.08.19-15.22.05:445][211]LogDirectoryWatcher: A directory notification for '../../../Engine/Content/' was aborted.
[2020.08.19-15.22.05:445][211]LogDirectoryWatcher: A directory notification for '../../../../../GITHUB/vigilance_4.18/Vigilance418/Content/' was aborted.
[2020.08.19-15.22.05:446][211]LogDirectoryWatcher: A directory notification for '../../../Engine/Plugins/2D/Paper2D/Content/' was aborted.
[2020.08.19-15.22.05:446][211]LogDirectoryWatcher: A directory notification for '../../../Engine/Plugins/Media/MediaCompositing/Content/' was aborted.
[2020.08.19-15.22.05:446][211]LogDirectoryWatcher: A directory notification for '../../../Engine/Plugins/Runtime/AppleARKit/Content/' was aborted.
[2020.08.19-15.22.05:446][211]LogDirectoryWatcher: A directory notification for '../../../Engine/Plugins/Runtime/Oculus/OculusVR/Content/' was aborted.
[2020.08.19-15.22.05:446][211]LogDirectoryWatcher: A directory notification for '../../../Engine/Plugins/Runtime/Steam/SteamVR/Content/' was aborted.
[2020.08.19-15.23.11:440][211]LogExit: Object subsystem successfully closed.
[2020.08.19-15.23.16:425][211]LogD3D11RHI: Shutdown
[2020.08.19-15.23.16:426][211]LogD3D11RHI: CleanupD3DDevice
[2020.08.19-15.23.18:075][211]LogD3D11RHI: ~FD3D11DynamicRHI
[2020.08.19-15.23.27:447][211]LogModuleManager: Shutting down and abandoning module HierarchicalLODOutliner (550)
[2020.08.19-15.23.27:448][211]LogModuleManager: Shutting down and abandoning module AddContentDialog (548)
[2020.08.19-15.23.27:591][211]LogDirectoryWatcher: A directory notification for 'E:/GameDev/Unreal/Engine/UE_4.18/FeaturePacks/' was aborted.
[2020.08.19-15.23.29:726][211]LogModuleManager: Shutting down and abandoning module WidgetCarousel (547)
[2020.08.19-15.23.29:726][211]LogModuleManager: Shutting down and abandoning module EditorWidgets (544)
[2020.08.19-15.23.29:726][211]LogModuleManager: Shutting down and abandoning module CollectionManager (542)
[2020.08.19-15.23.30:776][211]LogDirectoryWatcher: A directory notification for 'E:/GameDev/Unreal/GITHUB/vigilance_4.18/Vigilance418/Content/Collections/' was aborted.
[2020.08.19-15.23.30:776][211]LogDirectoryWatcher: A directory notification for 'E:/GameDev/Unreal/GITHUB/vigilance_4.18/Vigilance418/Content/Developers/farha/Collections/' was aborted.
[2020.08.19-15.23.30:776][211]LogDirectoryWatcher: A directory notification for 'E:/GameDev/Unreal/GITHUB/vigilance_4.18/Vigilance418/Saved/Collections/' was aborted.
[2020.08.19-15.23.30:776][211]LogModuleManager: Shutting down and abandoning module SceneOutliner (540)
[2020.08.19-15.23.31:168][211]LogModuleManager: Shutting down and abandoning module StatsViewer (538)
[2020.08.19-15.23.31:634][211]LogModuleManager: Shutting down and abandoning module FoliageEdit (536)
[2020.08.19-15.23.31:703][211]LogModuleManager: Shutting down and abandoning module LandscapeEditor (534)
[2020.08.19-15.23.33:321][211]LogModuleManager: Shutting down and abandoning module MeshPaintMode (532)
[2020.08.19-15.23.33:788][211]LogModuleManager: Shutting down and abandoning module SceneDepthPickerMode (530)
[2020.08.19-15.23.33:788][211]LogModuleManager: Shutting down and abandoning module ActorPickerMode (528)
[2020.08.19-15.23.33:788][211]LogModuleManager: Shutting down and abandoning module GeometryMode (526)
[2020.08.19-15.23.34:169][211]LogModuleManager: Shutting down and abandoning module TextureAlignMode (524)
[2020.08.19-15.23.34:169][211]LogModuleManager: Shutting down and abandoning module BspMode (522)
[2020.08.19-15.23.34:886][211]LogModuleManager: Shutting down and abandoning module PIEPreviewDeviceProfileSelector (520)
[2020.08.19-15.23.35:101][211]LogModuleManager: Shutting down and abandoning module HardwareSurvey (518)
[2020.08.19-15.23.35:151][211]LogModuleManager: Shutting down and abandoning module SequenceRecorderSections (516)
[2020.08.19-15.23.35:596][211]LogModuleManager: Shutting down and abandoning module AutomationWorker (514)
[2020.08.19-15.23.35:832][211]LogModuleManager: Shutting down and abandoning module MatineeToLevelSequence (512)
[2020.08.19-15.23.36:494][211]LogModuleManager: Shutting down and abandoning module LevelSequenceEditor (510)
[2020.08.19-15.23.37:966][211]LogModuleManager: Shutting down and abandoning module PlacementMode (509)
[2020.08.19-15.23.37:968][211]LogModuleManager: Shutting down and abandoning module WmfMediaFactory (506)
[2020.08.19-15.23.37:969][211]LogModuleManager: Shutting down and abandoning module WmfMediaEditor (504)
[2020.08.19-15.23.37:969][211]LogModuleManager: Shutting down and abandoning module OpenExrWrapper (502)
[2020.08.19-15.23.37:969][211]LogModuleManager: Shutting down and abandoning module ImgMediaFactory (500)
[2020.08.19-15.23.37:969][211]LogModuleManager: Shutting down and abandoning module ImgMediaEditor (498)
[2020.08.19-15.23.38:046][211]LogModuleManager: Shutting down and abandoning module AvfMediaFactory (496)
[2020.08.19-15.23.38:046][211]LogModuleManager: Shutting down and abandoning module AvfMediaEditor (494)
[2020.08.19-15.23.38:046][211]LogModuleManager: Shutting down and abandoning module AndroidMediaFactory (492)
[2020.08.19-15.23.38:046][211]LogModuleManager: Shutting down and abandoning module AndroidMediaEditor (490)
[2020.08.19-15.23.38:046][211]LogModuleManager: Shutting down and abandoning module CharacterAI (488)
[2020.08.19-15.23.38:077][211]LogModuleManager: Shutting down and abandoning module AudioCapture (486)
[2020.08.19-15.23.38:881][211]LogModuleManager: Shutting down and abandoning module SequenceRecorder (485)
[2020.08.19-15.23.38:884][211]LogModuleManager: Shutting down and abandoning module SmartSnapping (482)
[2020.08.19-15.23.38:959][211]LogModuleManager: Shutting down and abandoning module SessionServices (480)
[2020.08.19-15.23.38:959][211]LogModuleManager: Shutting down and abandoning module ViewportSnapping (478)
[2020.08.19-15.23.38:991][211]LogModuleManager: Shutting down and abandoning module ViewportInteraction (476)
[2020.08.19-15.23.39:281][211]LogModuleManager: Shutting down and abandoning module ClothPainter (474)
[2020.08.19-15.23.40:182][211]LogModuleManager: Shutting down and abandoning module SkeletalMeshEditor (473)
[2020.08.19-15.23.40:284][211]LogModuleManager: Shutting down and abandoning module LogVisualizer (470)
[2020.08.19-15.23.40:562][211]LogModuleManager: Shutting down and abandoning module IntroTutorials (468)
[2020.08.19-15.23.40:944][211]LogModuleManager: Shutting down and abandoning module GameProjectGeneration (467)
[2020.08.19-15.23.41:023][211]LogModuleManager: Shutting down and abandoning module IOSPlatformEditor (464)
[2020.08.19-15.23.41:117][211]LogModuleManager: Shutting down and abandoning module HTML5PlatformEditor (462)
[2020.08.19-15.23.41:117][211]LogModuleManager: Shutting down and abandoning module AndroidPlatformEditor (460)
[2020.08.19-15.23.41:117][211]LogModuleManager: Shutting down and abandoning module AndroidDeviceDetection (459)
[2020.08.19-15.23.42:089][211]LogModuleManager: Shutting down and abandoning module WindowsPlatformEditor (456)
[2020.08.19-15.23.42:089][211]LogModuleManager: Shutting down and abandoning module IOSRuntimeSettings (454)
[2020.08.19-15.23.42:089][211]LogModuleManager: Shutting down and abandoning module AndroidRuntimeSettings (452)
[2020.08.19-15.23.42:168][211]LogModuleManager: Shutting down and abandoning module InputBindingEditor (450)
[2020.08.19-15.23.42:291][211]LogModuleManager: Shutting down and abandoning module MergeActors (448)
[2020.08.19-15.23.42:419][211]LogModuleManager: Shutting down and abandoning module SizeMap (446)
[2020.08.19-15.23.42:504][211]LogModuleManager: Shutting down and abandoning module TreeMap (444)
[2020.08.19-15.23.42:555][211]LogModuleManager: Shutting down and abandoning module ReferenceViewer (442)
[2020.08.19-15.23.42:728][211]LogModuleManager: Shutting down and abandoning module LocalizationDashboard (440)
[2020.08.19-15.23.42:754][211]LogModuleManager: Shutting down and abandoning module LocalizationService (439)
[2020.08.19-15.23.42:829][211]LogModuleManager: Shutting down and abandoning module HardwareTargeting (436)
[2020.08.19-15.23.42:829][211]LogModuleManager: Shutting down and abandoning module DeviceProfileEditor (434)
[2020.08.19-15.23.42:913][211]LogModuleManager: Shutting down and abandoning module UndoHistory (432)
[2020.08.19-15.23.42:965][211]LogModuleManager: Shutting down and abandoning module XmlParser (430)
[2020.08.19-15.23.43:038][211]LogModuleManager: Shutting down and abandoning module Blutility (428)
[2020.08.19-15.23.43:162][211]LogModuleManager: Shutting down and abandoning module ProjectSettingsViewer (426)
[2020.08.19-15.23.43:362][211]LogModuleManager: Shutting down and abandoning module ProjectTargetPlatformEditor (425)
[2020.08.19-15.23.43:944][211]LogModuleManager: Shutting down and abandoning module EditorSettingsViewer (422)
[2020.08.19-15.23.44:146][211]LogModuleManager: Shutting down and abandoning module SettingsEditor (420)
[2020.08.19-15.23.44:915][211]LogModuleManager: Shutting down and abandoning module ProjectLauncher (418)
[2020.08.19-15.23.45:071][211]LogModuleManager: Shutting down and abandoning module SessionFrontend (416)
[2020.08.19-15.23.45:142][211]LogModuleManager: Shutting down and abandoning module ProfilerClient (414)
[2020.08.19-15.23.45:488][211]LogModuleManager: Shutting down and abandoning module DeviceManager (412)
[2020.08.19-15.23.45:507][211]LogModuleManager: Shutting down and abandoning module TargetDeviceServices (411)
[2020.08.19-15.23.45:927][211]LogModuleManager: Shutting down and abandoning module AutomationController (408)
[2020.08.19-15.23.45:988][211]LogModuleManager: Shutting down and abandoning module AutomationWindow (406)
[2020.08.19-15.23.46:047][211]LogModuleManager: Shutting down and abandoning module Layers (404)
[2020.08.19-15.23.46:133][211]LogModuleManager: Shutting down and abandoning module ComponentVisualizers (402)
[2020.08.19-15.23.46:141][211]LogModuleManager: Shutting down and abandoning module DetailCustomizations (400)
[2020.08.19-15.23.46:574][211]LogModuleManager: Shutting down and abandoning module PackagesDialog (398)
[2020.08.19-15.23.46:656][211]LogModuleManager: Shutting down and abandoning module Persona (396)
[2020.08.19-15.23.47:158][211]LogModuleManager: Shutting down and abandoning module AdvancedPreviewScene (395)
[2020.08.19-15.23.47:158][211]LogModuleManager: Shutting down and abandoning module AnimGraph (393)
[2020.08.19-15.23.47:249][211]LogModuleManager: Shutting down and abandoning module Kismet (390)
[2020.08.19-15.23.47:722][211]LogModuleManager: Shutting down and abandoning module ClassViewer (388)
[2020.08.19-15.23.48:022][211]LogModuleManager: Shutting down and abandoning module Toolbox (386)
[2020.08.19-15.23.48:042][211]LogModuleManager: Shutting down and abandoning module ModuleUI (384)
[2020.08.19-15.23.48:063][211]LogModuleManager: Shutting down and abandoning module MovieSceneTools (382)
[2020.08.19-15.23.48:179][211]LogModuleManager: Shutting down and abandoning module OutputLog (380)
[2020.08.19-15.23.48:185][211]LogModuleManager: Shutting down and abandoning module GammaUI (378)
[2020.08.19-15.23.48:198][211]LogModuleManager: Shutting down and abandoning module Documentation (376)
[2020.08.19-15.23.48:199][211]LogModuleManager: Shutting down and abandoning module MovieSceneTracks (374)
[2020.08.19-15.23.48:216][211]LogModuleManager: Shutting down and abandoning module MovieScene (372)
[2020.08.19-15.23.48:216][211]LogModuleManager: Shutting down and abandoning module StreamingPauseRendering (370)
[2020.08.19-15.23.48:246][211]LogModuleManager: Shutting down and abandoning module LauncherPlatform (368)
[2020.08.19-15.23.48:246][211]LogModuleManager: Shutting down and abandoning module AnalyticsET (366)
[2020.08.19-15.23.48:246][211]LogModuleManager: Shutting down and abandoning module PortalServices (364)
[2020.08.19-15.23.48:246][211]LogModuleManager: Shutting down and abandoning module PortalRpc (362)
[2020.08.19-15.23.48:246][211]LogModuleManager: Shutting down and abandoning module MessagingRpc (360)
[2020.08.19-15.23.48:246][211]LogModuleManager: Shutting down and abandoning module AIModule (358)
[2020.08.19-15.23.48:359][211]LogModuleManager: Shutting down and abandoning module GameplayDebugger (357)
[2020.08.19-15.23.48:362][211]LogModuleManager: Shutting down and abandoning module AITestSuite (355)
[2020.08.19-15.23.48:419][211]LogModuleManager: Shutting down and abandoning module DesktopPlatform (352)
[2020.08.19-15.23.48:436][211]LogModuleManager: Shutting down and abandoning module ProfilerService (350)
[2020.08.19-15.23.48:612][211]LogModuleManager: Shutting down and abandoning module TaskGraph (348)
[2020.08.19-15.23.48:724][211]LogModuleManager: Shutting down and abandoning module SteamVRController (346)
[2020.08.19-15.23.48:725][211]LogModuleManager: Shutting down and abandoning module ProceduralMeshComponentEditor (344)
[2020.08.19-15.23.48:755][211]LogModuleManager: Shutting down and abandoning module ProceduralMeshComponent (342)
[2020.08.19-15.23.48:766][211]LogModuleManager: Shutting down and abandoning module OculusInput (340)
[2020.08.19-15.23.48:778][211]LogModuleManager: Shutting down and abandoning module MobilePatchingUtils (338)
[2020.08.19-15.23.48:778][211]LogModuleManager: Shutting down and abandoning module CustomMeshComponent (336)
[2020.08.19-15.23.48:778][211]LogModuleManager: Shutting down and abandoning module CableComponent (334)
[2020.08.19-15.23.48:810][211]LogModuleManager: Shutting down and abandoning module ArchVisCharacter (332)
[2020.08.19-15.23.48:810][211]LogModuleManager: Shutting down and abandoning module AndroidPermission (330)
[2020.08.19-15.23.48:810][211]LogModuleManager: Shutting down and abandoning module ActorSequence (326)
[2020.08.19-15.23.48:810][211]LogModuleManager: Shutting down and abandoning module MediaPlayerEditor (324)
[2020.08.19-15.23.48:939][211]LogModuleManager: Shutting down and abandoning module MediaCompositingEditor (322)
[2020.08.19-15.23.48:995][211]LogModuleManager: Shutting down and abandoning module MediaCompositing (320)
[2020.08.19-15.23.48:995][211]LogModuleManager: Shutting down and abandoning module RootMotionExtractor (318)
[2020.08.19-15.23.49:077][211]LogModuleManager: Shutting down and abandoning module HTML5Networking (316)
[2020.08.19-15.23.49:077][211]LogModuleManager: Shutting down and abandoning module AlembicImporter (314)
[2020.08.19-15.23.49:109][211]LogModuleManager: Shutting down and abandoning module AlembicLibrary (313)
[2020.08.19-15.23.49:166][211]LogModuleManager: Shutting down and abandoning module GeometryCache (312)
[2020.08.19-15.23.49:261][211]LogModuleManager: Shutting down and abandoning module GeometryCacheEd (311)
[2020.08.19-15.23.49:261][211]LogModuleManager: Shutting down and abandoning module SpeedTreeImporter (306)
[2020.08.19-15.23.49:358][211]LogModuleManager: Shutting down and abandoning module PluginBrowser (304)
[2020.08.19-15.23.49:703][211]LogModuleManager: Shutting down and abandoning module MobileLauncherProfileWizard (302)
[2020.08.19-15.23.49:782][211]LogModuleManager: Shutting down and abandoning module VisualStudioSourceCodeAccess (300)
[2020.08.19-15.23.49:793][211]LogModuleManager: Shutting down and abandoning module VisualStudioCodeSourceCodeAccess (298)
[2020.08.19-15.23.49:882][211]LogModuleManager: Shutting down and abandoning module UObjectPlugin (296)
[2020.08.19-15.23.49:882][211]LogModuleManager: Shutting down and abandoning module SubversionSourceControl (294)
[2020.08.19-15.23.49:896][211]LogModuleManager: Shutting down and abandoning module PerforceSourceControl (292)
[2020.08.19-15.23.49:977][211]LogModuleManager: Shutting down and abandoning module GitSourceControl (290)
[2020.08.19-15.23.50:011][211]LogModuleManager: Shutting down and abandoning module SourceControl (289)
[2020.08.19-15.23.50:044][211]LogModuleManager: Shutting down and abandoning module LightPropagationVolumeEditor (286)
[2020.08.19-15.23.50:044][211]LogModuleManager: Shutting down and abandoning module PaperTiledImporter (284)
[2020.08.19-15.23.50:044][211]LogModuleManager: Shutting down and abandoning module PaperSpriteSheetImporter (282)
[2020.08.19-15.23.50:044][211]LogModuleManager: Shutting down and abandoning module Paper2DEditor (280)
[2020.08.19-15.23.51:057][211]LogModuleManager: Shutting down and abandoning module MeshPaint (279)
[2020.08.19-15.23.51:168][211]LogModuleManager: Shutting down and abandoning module LevelEditor (277)
[2020.08.19-15.23.52:160][211]LogModuleManager: Shutting down and abandoning module PixelInspectorModule (276)
[2020.08.19-15.23.52:261][211]LogModuleManager: Shutting down and abandoning module MainFrame (274)
[2020.08.19-15.23.52:294][211]LogModuleManager: Shutting down and abandoning module HotReload (273)
[2020.08.19-15.23.52:377][211]LogModuleManager: Shutting down and abandoning module RuntimePhysXCooking (268)
[2020.08.19-15.23.52:389][211]LogModuleManager: Shutting down and abandoning module PhysXVehiclesEditor (266)
[2020.08.19-15.23.52:424][211]LogModuleManager: Shutting down and abandoning module PhysXVehicles (264)
[2020.08.19-15.23.52:448][211]LogModuleManager: Shutting down and abandoning module OculusEditor (262)
[2020.08.19-15.23.52:463][211]LogModuleManager: Shutting down and abandoning module LocationServicesBPLibrary (260)
[2020.08.19-15.23.52:463][211]LogModuleManager: Shutting down and abandoning module ImmediatePhysicsEditor (258)
[2020.08.19-15.23.52:463][211]LogModuleManager: Shutting down and abandoning module ImmediatePhysics (256)
[2020.08.19-15.23.52:485][211]LogModuleManager: Shutting down and abandoning module UdpMessaging (254)
[2020.08.19-15.23.52:666][211]LogModuleManager: Shutting down and abandoning module TcpMessaging (252)
[2020.08.19-15.23.52:791][211]LogModuleManager: Shutting down and abandoning module GameplayTagsEditor (250)
[2020.08.19-15.23.53:006][211]LogModuleManager: Shutting down and abandoning module FacialAnimationEditor (248)
[2020.08.19-15.23.53:074][211]LogModuleManager: Shutting down and abandoning module FacialAnimation (246)
[2020.08.19-15.23.53:074][211]LogModuleManager: Shutting down and abandoning module AssetManagerEditor (244)
[2020.08.19-15.23.53:182][211]LogModuleManager: Shutting down and abandoning module GraphEditor (243)
[2020.08.19-15.23.53:432][211]LogModuleManager: Shutting down and abandoning module ContentBrowser (241)
[2020.08.19-15.23.53:633][211]LogModuleManager: Shutting down and abandoning module LightPropagationVolumeRuntime (238)
[2020.08.19-15.23.53:633][211]LogModuleManager: Shutting down and abandoning module Paper2D (236)
[2020.08.19-15.23.53:659][211]LogModuleManager: Shutting down and abandoning module WindowsMoviePlayer (234)
[2020.08.19-15.23.53:679][211]LogModuleManager: Shutting down and abandoning module WmfMedia (232)
[2020.08.19-15.23.53:808][211]LogModuleManager: Shutting down and abandoning module ImgMedia (230)
[2020.08.19-15.23.53:814][211]LogModuleManager: Shutting down and abandoning module PacketHandler (228)
[2020.08.19-15.23.53:814][211]LogModuleManager: Shutting down and abandoning module ClothingSystemEditor (226)
[2020.08.19-15.23.53:814][211]LogModuleManager: Shutting down and abandoning module ClothingSystemRuntime (224)
[2020.08.19-15.23.53:848][211]LogModuleManager: Shutting down and abandoning module MediaAssets (222)
[2020.08.19-15.23.53:848][211]LogModuleManager: Shutting down and abandoning module Media (221)
[2020.08.19-15.23.53:854][211]LogModuleManager: Shutting down and abandoning module Overlay (218)
[2020.08.19-15.23.53:855][211]LogModuleManager: Shutting down and abandoning module OverlayEditor (217)
[2020.08.19-15.23.53:855][211]LogModuleManager: Shutting down and abandoning module VREditor (214)
[2020.08.19-15.23.53:884][211]LogModuleManager: Shutting down and abandoning module StringTableEditor (212)
[2020.08.19-15.23.53:962][211]LogModuleManager: Shutting down and abandoning module GameplayTasksEditor (210)
[2020.08.19-15.23.53:962][211]LogModuleManager: Shutting down and abandoning module BehaviorTreeEditor (208)
[2020.08.19-15.23.54:053][211]LogModuleManager: Shutting down and abandoning module FunctionalTesting (206)
[2020.08.19-15.23.54:089][211]LogModuleManager: Shutting down and abandoning module CollisionAnalyzer (204)
[2020.08.19-15.23.54:319][211]LogModuleManager: Shutting down and abandoning module WorkspaceMenuStructure (203)
[2020.08.19-15.23.54:398][211]LogModuleManager: Shutting down and abandoning module UMG (200)
[2020.08.19-15.23.54:476][211]LogModuleManager: Shutting down and abandoning module UMGEditor (199)
[2020.08.19-15.23.54:596][211]LogModuleManager: Shutting down and abandoning module Sequencer (198)
[2020.08.19-15.23.56:360][211]LogModuleManager: Shutting down and abandoning module MessageLog (195)
[2020.08.19-15.23.58:269][211]LogModuleManager: Shutting down and abandoning module SlateReflector (190)
[2020.08.19-15.23.59:328][211]LogModuleManager: Shutting down and abandoning module Slate (188)
[2020.08.19-15.23.59:328][211]LogModuleManager: Shutting down and abandoning module EditorStyle (186)
[2020.08.19-15.24.00:477][211]LogModuleManager: Shutting down and abandoning module MRMesh (184)
[2020.08.19-15.24.00:477][211]LogModuleManager: Shutting down and abandoning module SourceCodeAccess (182)
[2020.08.19-15.24.00:647][211]LogModuleManager: Shutting down and abandoning module HeadMountedDisplay (180)
[2020.08.19-15.24.01:095][211]LogModuleManager: Shutting down and abandoning module XAudio2 (178)
[2020.08.19-15.24.01:095][211]LogModuleManager: Shutting down and abandoning module Networking (176)
[2020.08.19-15.24.01:095][211]LogModuleManager: Shutting down and abandoning module Core (172)
[2020.08.19-15.24.01:095][211]LogModuleManager: Shutting down and abandoning module LevelSequence (168)
[2020.08.19-15.24.01:238][211]LogModuleManager: Shutting down and abandoning module DirectoryWatcher (166)
[2020.08.19-15.24.01:324][211]LogModuleManager: Shutting down and abandoning module KismetCompiler (164)
[2020.08.19-15.24.02:201][211]LogModuleManager: Shutting down and abandoning module MeshUtilities (162)
[2020.08.19-15.24.03:542][211]LogModuleManager: Shutting down and abandoning module MeshMergeUtilities (161)
[2020.08.19-15.24.03:577][211]LogModuleManager: Shutting down and abandoning module MeshReductionInterface (160)
[2020.08.19-15.24.03:618][211]LogModuleManager: Shutting down and abandoning module SimplygonSwarm (159)
[2020.08.19-15.24.04:040][211]LogModuleManager: Shutting down and abandoning module SimplygonMeshReduction (157)
[2020.08.19-15.24.04:426][211]LogModuleManager: Shutting down and abandoning module QuadricMeshReduction (155)
[2020.08.19-15.24.04:977][211]LogModuleManager: Shutting down and abandoning module MaterialBaking (151)
[2020.08.19-15.24.05:002][211]LogModuleManager: Shutting down and abandoning module DerivedDataCache (148)
[2020.08.19-15.24.05:893][211]LogDerivedDataCache: Shutdown
[2020.08.19-15.24.05:893][211]LogModuleManager: Shutting down and abandoning module TargetPlatform (146)
[2020.08.19-15.24.05:964][211]LogModuleManager: Shutting down and abandoning module VulkanShaderFormat (145)
[2020.08.19-15.24.06:008][211]LogModuleManager: Shutting down and abandoning module ShaderFormatVectorVM (143)
[2020.08.19-15.24.06:065][211]LogModuleManager: Shutting down and abandoning module ShaderFormatOpenGL (141)
[2020.08.19-15.24.06:109][211]LogModuleManager: Shutting down and abandoning module ShaderFormatD3D (139)
[2020.08.19-15.24.06:223][211]LogModuleManager: Shutting down and abandoning module MetalShaderFormat (137)
[2020.08.19-15.24.06:236][211]LogModuleManager: Shutting down and abandoning module TextureFormatUncompressed (135)
[2020.08.19-15.24.06:285][211]LogModuleManager: Shutting down and abandoning module TextureFormatPVR (133)
[2020.08.19-15.24.06:286][211]LogModuleManager: Shutting down and abandoning module TextureFormatDXT (131)
[2020.08.19-15.24.06:528][211]LogModuleManager: Shutting down and abandoning module TextureFormatIntelISPCTexComp (129)
[2020.08.19-15.24.06:595][211]LogModuleManager: Shutting down and abandoning module TextureFormatASTC (127)
[2020.08.19-15.24.06:615][211]LogModuleManager: Shutting down and abandoning module ImageWrapper (126)
[2020.08.19-15.24.06:615][211]LogModuleManager: Shutting down and abandoning module TextureFormatAndroid (123)
[2020.08.19-15.24.06:689][211]LogModuleManager: Shutting down and abandoning module AudioFormatOpus (121)
[2020.08.19-15.24.06:793][211]LogModuleManager: Shutting down and abandoning module AudioFormatOgg (119)
[2020.08.19-15.24.06:816][211]LogModuleManager: Shutting down and abandoning module AudioFormatADPCM (117)
[2020.08.19-15.24.06:859][211]LogModuleManager: Shutting down and abandoning module LinuxTargetPlatform (115)
[2020.08.19-15.24.07:026][211]LogModuleManager: Shutting down and abandoning module LinuxServerTargetPlatform (113)
[2020.08.19-15.24.07:121][211]LogModuleManager: Shutting down and abandoning module LinuxNoEditorTargetPlatform (111)
[2020.08.19-15.24.07:122][211]LogModuleManager: Shutting down and abandoning module LinuxClientTargetPlatform (109)
[2020.08.19-15.24.07:135][211]LogModuleManager: Shutting down and abandoning module TVOSTargetPlatform (107)
[2020.08.19-15.24.07:150][211]LogModuleManager: Shutting down and abandoning module Messaging (105)
[2020.08.19-15.24.07:150][211]LogModuleManager: Shutting down and abandoning module IOSTargetPlatform (103)
[2020.08.19-15.24.07:189][211]LogModuleManager: Shutting down and abandoning module HTML5TargetPlatform (101)
[2020.08.19-15.24.07:257][211]LogModuleManager: Shutting down and abandoning module AndroidTargetPlatform (99)
[2020.08.19-15.24.07:257][211]LogModuleManager: Shutting down and abandoning module Android_PVRTCTargetPlatform (97)
[2020.08.19-15.24.07:257][211]LogModuleManager: Shutting down and abandoning module Android_MultiTargetPlatform (95)
[2020.08.19-15.24.07:257][211]LogModuleManager: Shutting down and abandoning module Android_ETC2TargetPlatform (93)
[2020.08.19-15.24.07:257][211]LogModuleManager: Shutting down and abandoning module Android_ETC1TargetPlatform (91)
[2020.08.19-15.24.07:257][211]LogModuleManager: Shutting down and abandoning module Android_DXTTargetPlatform (89)
[2020.08.19-15.24.07:257][211]LogModuleManager: Shutting down and abandoning module Android_ATCTargetPlatform (87)
[2020.08.19-15.24.07:257][211]LogModuleManager: Shutting down and abandoning module Android_ASTCTargetPlatform (85)
[2020.08.19-15.24.07:279][211]LogModuleManager: Shutting down and abandoning module WindowsTargetPlatform (83)
[2020.08.19-15.24.07:279][211]LogModuleManager: Shutting down and abandoning module WindowsServerTargetPlatform (81)
[2020.08.19-15.24.07:313][211]LogModuleManager: Shutting down and abandoning module WindowsNoEditorTargetPlatform (79)
[2020.08.19-15.24.07:320][211]LogModuleManager: Shutting down and abandoning module WindowsClientTargetPlatform (77)
[2020.08.19-15.24.07:324][211]LogModuleManager: Shutting down and abandoning module MacTargetPlatform (75)
[2020.08.19-15.24.07:363][211]LogModuleManager: Shutting down and abandoning module MacServerTargetPlatform (73)
[2020.08.19-15.24.07:487][211]LogModuleManager: Shutting down and abandoning module MacNoEditorTargetPlatform (71)
[2020.08.19-15.24.07:571][211]LogModuleManager: Shutting down and abandoning module MacClientTargetPlatform (69)
[2020.08.19-15.24.07:590][211]LogModuleManager: Shutting down and abandoning module AllDesktopTargetPlatform (67)
[2020.08.19-15.24.07:590][211]LogModuleManager: Shutting down and abandoning module InputCore (64)
[2020.08.19-15.24.07:590][211]LogModuleManager: Shutting down and abandoning module Settings (62)
[2020.08.19-15.24.07:662][211]LogModuleManager: Shutting down and abandoning module PhysXCooking (60)
[2020.08.19-15.24.07:662][211]LogModuleManager: Shutting down and abandoning module SteamVR (58)
[2020.08.19-15.24.07:717][211]LogModuleManager: Shutting down and abandoning module OculusHMD (56)
[2020.08.19-15.24.07:789][211]LogModuleManager: Shutting down and abandoning module ExampleDeviceProfileSelector (54)
[2020.08.19-15.24.07:803][211]LogModuleManager: Shutting down and abandoning module AppleARKit (52)
[2020.08.19-15.24.07:803][211]LogModuleManager: Shutting down and abandoning module AugmentedReality (51)
[2020.08.19-15.24.07:803][211]LogModuleManager: Shutting down and abandoning module OnlineBlueprintSupport (48)
[2020.08.19-15.24.07:804][211]LogModuleManager: Shutting down and abandoning module OnlineSubsystem (44)
[2020.08.19-15.24.08:075][211]LogModuleManager: Shutting down and abandoning module XMPP (43)
[2020.08.19-15.24.08:088][211]LogModuleManager: Shutting down and abandoning module HTTP (41)
[2020.08.19-15.24.08:088][211]LogHttp: Display: Http module shutting down, but needs to wait on 1 outstanding Http requests:
[2020.08.19-15.24.08:126][211]LogHttp: Display: 	verb=[POST] url=[https://datarouter.ol.epicgames.com/datarouter/api/v1/public/data?SessionID=%7BFE57CF04-4AD2-C872-CEDF-FEBA6681BE9C%7D&AppID=UEEditor.Rocket.Release&AppVersion=4.18.3-3832480%2B%2B%2BUE4%2BRelease-4.18&UserID=dab985eb449ee4f1b342389e404cab9f%7C845779d9bd904572b61cf91381b7a44e%7C4e718ad1-99cd-4dc7-9063-d4e2b6f3fd7d&AppEnvironment=datacollector-binary&UploadType=eteventstream] status=Processing
[2020.08.19-15.24.08:475][211]LogModuleManager: Shutting down and abandoning module SSL (40)
[2020.08.19-15.24.08:745][211]LogModuleManager: Shutting down and abandoning module AnimationModifiers (36)
[2020.08.19-15.24.08:827][211]LogModuleManager: Shutting down and abandoning module PropertyEditor (35)
[2020.08.19-15.24.09:077][211]LogModuleManager: Shutting down and abandoning module AudioEditor (32)
[2020.08.19-15.24.09:287][211]LogModuleManager: Shutting down and abandoning module TextureCompressor (30)
[2020.08.19-15.24.09:457][211]LogModuleManager: Shutting down and abandoning module ShaderCore (28)
[2020.08.19-15.24.09:457][211]LogModuleManager: Shutting down and abandoning module Landscape (26)
[2020.08.19-15.24.09:464][211]LogModuleManager: Shutting down and abandoning module SlateRHIRenderer (24)
[2020.08.19-15.24.10:099][211]LogModuleManager: Shutting down and abandoning module OpenGLDrv (22)
[2020.08.19-15.24.10:234][211]LogModuleManager: Shutting down and abandoning module D3D11RHI (20)
[2020.08.19-15.24.10:234][211]LogModuleManager: Shutting down and abandoning module AnimGraphRuntime (18)
[2020.08.19-15.24.10:539][211]LogModuleManager: Shutting down and abandoning module Renderer (16)
[2020.08.19-15.24.10:566][211]LogModuleManager: Shutting down and abandoning module Engine (14)
[2020.08.19-15.24.10:579][211]LogModuleManager: Shutting down and abandoning module CoreUObject (12)
[2020.08.19-15.24.10:579][211]LogModuleManager: Shutting down and abandoning module NetworkFile (10)
[2020.08.19-15.24.10:592][211]LogModuleManager: Shutting down and abandoning module CookedIterativeFile (8)
[2020.08.19-15.24.10:593][211]LogModuleManager: Shutting down and abandoning module StreamingFile (6)
[2020.08.19-15.24.10:599][211]LogModuleManager: Shutting down and abandoning module SandboxFile (4)
[2020.08.19-15.24.10:608][211]LogModuleManager: Shutting down and abandoning module PakFile (2)
[2020.08.19-15.24.11:056][211]LogExit: Exiting.
[2020.08.19-15.24.13:823][211]Log file closed, 08/19/20 21:24:13
