Log file open, 07/29/20 17:12:53
LogWindows: Failed to load 'aqProf.dll' (GetLastError=126)
LogWindows: File 'aqProf.dll' does not exist
LogWindows: Failed to load 'VSPerf140.dll' (GetLastError=126)
LogWindows: File 'VSPerf140.dll' does not exist
LogWindows: Failed to load 'VtuneApi.dll' (GetLastError=126)
LogWindows: File 'VtuneApi.dll' does not exist
LogWindows: Failed to load 'VtuneApi32e.dll' (GetLastError=126)
LogWindows: File 'VtuneApi32e.dll' does not exist
LogInit: Display: Running engine for game: Vigilance418
LogPlatformFile: Not using cached read wrapper
LogInit: Display: RandInit(1042410018) SRandInit(1042410018).
LogInit: Read version file with build ID '3709383'
LogInit: Overriding engine version to CL 3832480, compatible CL 3709383
LogInit: Registered custom module enumerator with build ID '3709383'
LogTaskGraph: Started task graph with 5 named threads and 8 total threads with 3 sets of task threads.
LogStats: Stats thread started at 0.405024
LogD3D11RHI: Aftermath initialized
LogModuleManager: Display: Found up-to-date module file ../../../Engine/Plugins/2D/Paper2D/Binaries/Win64/UE4Editor-Paper2D.dll (API version 3709383).
LogModuleManager: Display: Found up-to-date module file ../../../Engine/Plugins/2D/Paper2D/Binaries/Win64/UE4Editor-Paper2DEditor.dll (API version 3709383).
LogModuleManager: Display: Found up-to-date module file ../../../Engine/Plugins/2D/Paper2D/Binaries/Win64/UE4Editor-PaperSpriteSheetImporter.dll (API version 3709383).
LogModuleManager: Display: Found up-to-date module file ../../../Engine/Plugins/2D/Paper2D/Binaries/Win64/UE4Editor-PaperTiledImporter.dll (API version 3709383).
LogModuleManager: Display: Found up-to-date module file ../../../Engine/Plugins/2D/Paper2D/Binaries/Win64/UE4Editor-SmartSnapping.dll (API version 3709383).
LogModuleManager: Display: Found up-to-date module file ../../../Engine/Plugins/Blendables/LightPropagationVolume/Binaries/Win64/UE4Editor-LightPropagationVolumeRuntime.dll (API version 3709383).
LogModuleManager: Display: Found up-to-date module file ../../../Engine/Plugins/Blendables/LightPropagationVolume/Binaries/Win64/UE4Editor-LightPropagationVolumeEditor.dll (API version 3709383).
LogModuleManager: Display: Found up-to-date module file ../../../Engine/Plugins/Developer/GitSourceControl/Binaries/Win64/UE4Editor-GitSourceControl.dll (API version 3709383).
LogModuleManager: Display: Found up-to-date module file ../../../Engine/Plugins/Developer/PerforceSourceControl/Binaries/Win64/UE4Editor-PerforceSourceControl.dll (API version 3709383).
LogModuleManager: Display: Found up-to-date module file ../../../Engine/Plugins/Developer/SubversionSourceControl/Binaries/Win64/UE4Editor-SubversionSourceControl.dll (API version 3709383).
LogModuleManager: Display: Found up-to-date module file ../../../Engine/Plugins/Developer/UObjectPlugin/Binaries/Win64/UE4Editor-UObjectPlugin.dll (API version 3709383).
LogModuleManager: Display: Found up-to-date module file ../../../Engine/Plugins/Developer/VisualStudioCodeSourceCodeAccess/Binaries/Win64/UE4Editor-VisualStudioCodeSourceCodeAccess.dll (API version 3709383).
LogModuleManager: Display: Found up-to-date module file ../../../Engine/Plugins/Developer/VisualStudioSourceCodeAccess/Binaries/Win64/UE4Editor-VisualStudioSourceCodeAccess.dll (API version 3709383).
LogModuleManager: Display: Found up-to-date module file ../../../Engine/Plugins/Editor/AssetManagerEditor/Binaries/Win64/UE4Editor-AssetManagerEditor.dll (API version 3709383).
LogModuleManager: Display: Found up-to-date module file ../../../Engine/Plugins/Editor/AudioCapture/Binaries/Win64/UE4Editor-AudioCapture.dll (API version 3709383).
LogModuleManager: Display: Found up-to-date module file ../../../Engine/Plugins/Editor/FacialAnimation/Binaries/Win64/UE4Editor-FacialAnimation.dll (API version 3709383).
LogModuleManager: Display: Found up-to-date module file ../../../Engine/Plugins/Editor/FacialAnimation/Binaries/Win64/UE4Editor-FacialAnimationEditor.dll (API version 3709383).
LogModuleManager: Display: Found up-to-date module file ../../../Engine/Plugins/Editor/GameplayTagsEditor/Binaries/Win64/UE4Editor-GameplayTagsEditor.dll (API version 3709383).
LogModuleManager: Display: Found up-to-date module file ../../../Engine/Plugins/Editor/MobileLauncherProfileWizard/Binaries/Win64/UE4Editor-MobileLauncherProfileWizard.dll (API version 3709383).
LogModuleManager: Display: Found up-to-date module file ../../../Engine/Plugins/Editor/PluginBrowser/Binaries/Win64/UE4Editor-PluginBrowser.dll (API version 3709383).
LogModuleManager: Display: Found up-to-date module file ../../../Engine/Plugins/Editor/SpeedTreeImporter/Binaries/Win64/UE4Editor-SpeedTreeImporter.dll (API version 3709383).
LogModuleManager: Display: Found up-to-date module file ../../../Engine/Plugins/Experimental/AlembicImporter/Binaries/Win64/UE4Editor-AlembicImporter.dll (API version 3709383).
LogModuleManager: Display: Found up-to-date module file ../../../Engine/Plugins/Experimental/AlembicImporter/Binaries/Win64/UE4Editor-AlembicLibrary.dll (API version 3709383).
LogModuleManager: Display: Found up-to-date module file ../../../Engine/Plugins/Experimental/CharacterAI/Binaries/Win64/UE4Editor-CharacterAI.dll (API version 3709383).
LogModuleManager: Display: Found up-to-date module file ../../../Engine/Plugins/Experimental/HTML5Networking/Binaries/Win64/UE4Editor-HTML5Networking.dll (API version 3709383).
LogModuleManager: Display: Found up-to-date module file ../../../Engine/Plugins/Media/AndroidMedia/Binaries/Win64/UE4Editor-AndroidMediaEditor.dll (API version 3709383).
LogModuleManager: Display: Found up-to-date module file ../../../Engine/Plugins/Media/AndroidMedia/Binaries/Win64/UE4Editor-AndroidMediaFactory.dll (API version 3709383).
LogModuleManager: Display: Found up-to-date module file ../../../Engine/Plugins/Media/AvfMedia/Binaries/Win64/UE4Editor-AvfMediaEditor.dll (API version 3709383).
LogModuleManager: Display: Found up-to-date module file ../../../Engine/Plugins/Media/AvfMedia/Binaries/Win64/UE4Editor-AvfMediaFactory.dll (API version 3709383).
LogModuleManager: Display: Found up-to-date module file ../../../Engine/Plugins/Media/AvfMedia/Binaries/Win64/UE4Editor-AvfMediaFactory.dll (API version 3709383).
LogModuleManager: Display: Found up-to-date module file ../../../Engine/Plugins/Media/ImgMedia/Binaries/Win64/UE4Editor-ImgMedia.dll (API version 3709383).
LogModuleManager: Display: Found up-to-date module file ../../../Engine/Plugins/Media/ImgMedia/Binaries/Win64/UE4Editor-ImgMediaEditor.dll (API version 3709383).
LogModuleManager: Display: Found up-to-date module file ../../../Engine/Plugins/Media/ImgMedia/Binaries/Win64/UE4Editor-ImgMediaFactory.dll (API version 3709383).
LogModuleManager: Display: Found up-to-date module file ../../../Engine/Plugins/Media/ImgMedia/Binaries/Win64/UE4Editor-ImgMediaFactory.dll (API version 3709383).
LogModuleManager: Display: Found up-to-date module file ../../../Engine/Plugins/Media/ImgMedia/Binaries/Win64/UE4Editor-OpenExrWrapper.dll (API version 3709383).
LogModuleManager: Display: Found up-to-date module file ../../../Engine/Plugins/Media/MediaCompositing/Binaries/Win64/UE4Editor-MediaCompositing.dll (API version 3709383).
LogModuleManager: Display: Found up-to-date module file ../../../Engine/Plugins/Media/MediaCompositing/Binaries/Win64/UE4Editor-MediaCompositingEditor.dll (API version 3709383).
LogModuleManager: Display: Found up-to-date module file ../../../Engine/Plugins/Media/MediaPlayerEditor/Binaries/Win64/UE4Editor-MediaPlayerEditor.dll (API version 3709383).
LogModuleManager: Display: Found up-to-date module file ../../../Engine/Plugins/Media/WmfMedia/Binaries/Win64/UE4Editor-WmfMedia.dll (API version 3709383).
LogModuleManager: Display: Found up-to-date module file ../../../Engine/Plugins/Media/WmfMedia/Binaries/Win64/UE4Editor-WmfMediaEditor.dll (API version 3709383).
LogModuleManager: Display: Found up-to-date module file ../../../Engine/Plugins/Media/WmfMedia/Binaries/Win64/UE4Editor-WmfMediaFactory.dll (API version 3709383).
LogModuleManager: Display: Found up-to-date module file ../../../Engine/Plugins/Media/WmfMedia/Binaries/Win64/UE4Editor-WmfMediaFactory.dll (API version 3709383).
LogModuleManager: Display: Found up-to-date module file ../../../Engine/Plugins/Messaging/TcpMessaging/Binaries/Win64/UE4Editor-TcpMessaging.dll (API version 3709383).
LogModuleManager: Display: Found up-to-date module file ../../../Engine/Plugins/Messaging/UdpMessaging/Binaries/Win64/UE4Editor-UdpMessaging.dll (API version 3709383).
LogModuleManager: Display: Found up-to-date module file ../../../Engine/Plugins/MovieScene/ActorSequence/Binaries/Win64/UE4Editor-ActorSequence.dll (API version 3709383).
LogModuleManager: Display: Found up-to-date module file ../../../Engine/Plugins/MovieScene/LevelSequenceEditor/Binaries/Win64/UE4Editor-LevelSequenceEditor.dll (API version 3709383).
LogModuleManager: Display: Found up-to-date module file ../../../Engine/Plugins/MovieScene/MatineeToLevelSequence/Binaries/Win64/UE4Editor-MatineeToLevelSequence.dll (API version 3709383).
LogModuleManager: Display: Found up-to-date module file ../../../Engine/Plugins/Online/OnlineSubsystem/Binaries/Win64/UE4Editor-OnlineSubsystem.dll (API version 3709383).
LogModuleManager: Display: Found up-to-date module file ../../../Engine/Plugins/Runtime/AndroidPermission/Binaries/Win64/UE4Editor-AndroidPermission.dll (API version 3709383).
LogModuleManager: Display: Found up-to-date module file ../../../Engine/Plugins/Online/OnlineSubsystemNull/Binaries/Win64/UE4Editor-OnlineSubsystemNull.dll (API version 3709383).
LogModuleManager: Display: Found up-to-date module file ../../../Engine/Plugins/Online/OnlineSubsystemUtils/Binaries/Win64/UE4Editor-OnlineSubsystemUtils.dll (API version 3709383).
LogModuleManager: Display: Found up-to-date module file ../../../Engine/Plugins/Online/OnlineSubsystemUtils/Binaries/Win64/UE4Editor-OnlineBlueprintSupport.dll (API version 3709383).
LogModuleManager: Display: Found up-to-date module file ../../../Engine/Plugins/Runtime/AndroidDeviceProfileSelector/Binaries/Win64/UE4Editor-AndroidDeviceProfileSelector.dll (API version 3709383).
LogModuleManager: Display: Found up-to-date module file ../../../Engine/Plugins/Runtime/AppleARKit/Binaries/Win64/UE4Editor-AppleARKit.dll (API version 3709383).
LogModuleManager: Display: Found up-to-date module file ../../../Engine/Plugins/Runtime/ArchVisCharacter/Binaries/Win64/UE4Editor-ArchVisCharacter.dll (API version 3709383).
LogModuleManager: Display: Found up-to-date module file ../../../Engine/Plugins/Runtime/CableComponent/Binaries/Win64/UE4Editor-CableComponent.dll (API version 3709383).
LogModuleManager: Display: Found up-to-date module file ../../../Engine/Plugins/Runtime/CustomMeshComponent/Binaries/Win64/UE4Editor-CustomMeshComponent.dll (API version 3709383).
LogModuleManager: Display: Found up-to-date module file ../../../Engine/Plugins/Runtime/ExampleDeviceProfileSelector/Binaries/Win64/UE4Editor-ExampleDeviceProfileSelector.dll (API version 3709383).
LogModuleManager: Display: Found up-to-date module file ../../../Engine/Plugins/Runtime/ImmediatePhysics/Binaries/Win64/UE4Editor-ImmediatePhysics.dll (API version 3709383).
LogModuleManager: Display: Found up-to-date module file ../../../Engine/Plugins/Runtime/ImmediatePhysics/Binaries/Win64/UE4Editor-ImmediatePhysicsEditor.dll (API version 3709383).
LogModuleManager: Display: Found up-to-date module file ../../../Engine/Plugins/Runtime/LocationServicesBPLibrary/Binaries/Win64/UE4Editor-LocationServicesBPLibrary.dll (API version 3709383).
LogModuleManager: Display: Found up-to-date module file ../../../Engine/Plugins/Runtime/MobilePatchingUtils/Binaries/Win64/UE4Editor-MobilePatchingUtils.dll (API version 3709383).
LogModuleManager: Display: Found up-to-date module file ../../../Engine/Plugins/Runtime/Oculus/OculusVR/Binaries/Win64/UE4Editor-OculusHMD.dll (API version 3709383).
LogModuleManager: Display: Found up-to-date module file ../../../Engine/Plugins/Runtime/Oculus/OculusVR/Binaries/Win64/UE4Editor-OculusInput.dll (API version 3709383).
LogModuleManager: Display: Found up-to-date module file ../../../Engine/Plugins/Runtime/Oculus/OculusVR/Binaries/Win64/UE4Editor-OculusEditor.dll (API version 3709383).
LogModuleManager: Display: Found up-to-date module file ../../../Engine/Plugins/Runtime/PhysXVehicles/Binaries/Win64/UE4Editor-PhysXVehicles.dll (API version 3709383).
LogModuleManager: Display: Found up-to-date module file ../../../Engine/Plugins/Runtime/PhysXVehicles/Binaries/Win64/UE4Editor-PhysXVehiclesEditor.dll (API version 3709383).
LogModuleManager: Display: Found up-to-date module file ../../../Engine/Plugins/Runtime/ProceduralMeshComponent/Binaries/Win64/UE4Editor-ProceduralMeshComponent.dll (API version 3709383).
LogModuleManager: Display: Found up-to-date module file ../../../Engine/Plugins/Runtime/ProceduralMeshComponent/Binaries/Win64/UE4Editor-ProceduralMeshComponentEditor.dll (API version 3709383).
LogModuleManager: Display: Found up-to-date module file ../../../Engine/Plugins/Runtime/RuntimePhysXCooking/Binaries/Win64/UE4Editor-RuntimePhysXCooking.dll (API version 3709383).
LogModuleManager: Display: Found up-to-date module file ../../../Engine/Plugins/Runtime/Steam/SteamVR/Binaries/Win64/UE4Editor-SteamVR.dll (API version 3709383).
LogModuleManager: Display: Found up-to-date module file ../../../Engine/Plugins/Runtime/Steam/SteamVR/Binaries/Win64/UE4Editor-SteamVRController.dll (API version 3709383).
LogModuleManager: Display: Found up-to-date module file ../../../Engine/Plugins/Runtime/WindowsMoviePlayer/Binaries/Win64/UE4Editor-WindowsMoviePlayer.dll (API version 3709383).
LogPluginManager: Mounting plugin Paper2D
LogPluginManager: Mounting plugin LightPropagationVolume
LogPluginManager: Mounting plugin CodeLiteSourceCodeAccess
LogPluginManager: Mounting plugin GitSourceControl
LogPluginManager: Mounting plugin KDevelopSourceCodeAccess
LogPluginManager: Mounting plugin NullSourceCodeAccess
LogPluginManager: Mounting plugin PerforceSourceControl
LogPluginManager: Mounting plugin SubversionSourceControl
LogPluginManager: Mounting plugin UObjectPlugin
LogPluginManager: Mounting plugin VisualStudioCodeSourceCodeAccess
LogPluginManager: Mounting plugin VisualStudioSourceCodeAccess
LogPluginManager: Mounting plugin XCodeSourceCodeAccess
LogPluginManager: Mounting plugin AssetManagerEditor
LogPluginManager: Mounting plugin AudioCapture
LogPluginManager: Mounting plugin FacialAnimation
LogPluginManager: Mounting plugin GameplayTagsEditor
LogPluginManager: Mounting plugin MobileLauncherProfileWizard
LogPluginManager: Mounting plugin PluginBrowser
LogPluginManager: Mounting plugin SpeedTreeImporter
LogPluginManager: Mounting plugin AlembicImporter
LogPluginManager: Mounting plugin CharacterAI
LogPluginManager: Mounting plugin HTML5Networking
LogPluginManager: Mounting plugin AndroidMedia
LogPluginManager: Mounting plugin AvfMedia
LogPluginManager: Mounting plugin ImgMedia
LogPluginManager: Mounting plugin MediaCompositing
LogPluginManager: Mounting plugin MediaPlayerEditor
LogPluginManager: Mounting plugin WmfMedia
LogPluginManager: Mounting plugin TcpMessaging
LogPluginManager: Mounting plugin UdpMessaging
LogPluginManager: Mounting plugin ActorSequence
LogPluginManager: Mounting plugin LevelSequenceEditor
LogPluginManager: Mounting plugin MatineeToLevelSequence
LogPluginManager: Mounting plugin OnlineSubsystemGooglePlay
LogPluginManager: Mounting plugin OnlineSubsystemIOS
LogPluginManager: Mounting plugin OnlineSubsystem
LogPluginManager: Mounting plugin OnlineSubsystemNull
LogPluginManager: Mounting plugin OnlineSubsystemUtils
LogPluginManager: Mounting plugin AndroidDeviceProfileSelector
LogPluginManager: Mounting plugin AndroidMoviePlayer
LogPluginManager: Mounting plugin AndroidPermission
LogPluginManager: Mounting plugin AppleARKit
LogPluginManager: Mounting plugin AppleMoviePlayer
LogPluginManager: Mounting plugin ArchVisCharacter
LogPluginManager: Mounting plugin CableComponent
LogPluginManager: Mounting plugin CustomMeshComponent
LogPluginManager: Mounting plugin ExampleDeviceProfileSelector
LogPluginManager: Mounting plugin GoogleCloudMessaging
LogPluginManager: Mounting plugin ImmediatePhysics
LogPluginManager: Mounting plugin IOSDeviceProfileSelector
LogPluginManager: Mounting plugin LinuxDeviceProfileSelector
LogPluginManager: Mounting plugin LocationServicesBPLibrary
LogPluginManager: Mounting plugin MobilePatchingUtils
LogPluginManager: Mounting plugin OculusVR
LogPluginManager: Plugin shader directory ../../../Engine/Plugins/Runtime/Oculus/OculusVR/Shaders found
LogPluginManager: Mapping shader source directory ../../../Engine/Plugins/Runtime/Oculus/OculusVR/Shaders to virtual directory /Plugin/OculusVR
LogPluginManager: Mounting plugin PhysXVehicles
LogPluginManager: Mounting plugin ProceduralMeshComponent
LogPluginManager: Mounting plugin RuntimePhysXCooking
LogPluginManager: Mounting plugin SteamVR
LogPluginManager: Mounting plugin WindowsMoviePlayer
LogInit: Using libcurl 7.47.1
LogInit:  - built for x86_64-pc-win32
LogInit:  - supports SSL with OpenSSL/1.0.2g
LogInit:  - supports HTTP deflate (compression) using libz 1.2.8
LogInit:  - other features:
LogInit:      CURL_VERSION_SSL
LogInit:      CURL_VERSION_LIBZ
LogInit:      CURL_VERSION_IPV6
LogInit:      CURL_VERSION_ASYNCHDNS
LogInit:      CURL_VERSION_LARGEFILE
LogInit:      CURL_VERSION_IDN
LogInit:  CurlRequestOptions (configurable via config and command line):
LogInit:  - bVerifyPeer = false  - Libcurl will NOT verify peer certificate
LogInit:  - bUseHttpProxy = false  - Libcurl will NOT use HTTP proxy
LogInit:  - bDontReuseConnections = false  - Libcurl will reuse connections
LogInit:  - CertBundlePath = nullptr  - Libcurl will use whatever was configured at build time.
LogInit: Build: ++UE4+Release-4.18-CL-3832480
LogInit: Engine Version: 4.18.3-3832480+++UE4+Release-4.18
LogInit: Compatible Engine Version: 4.18.0-3709383+++UE4+Release-4.18
LogInit: Net CL: 3709383
LogDevObjectVersion: Number of dev versions registered: 16
LogDevObjectVersion:   Dev-Blueprints (B0D832E4-1F89-4F0D-ACCF-7EB736FD4AA2): 10
LogDevObjectVersion:   Dev-Build (E1C64328-A22C-4D53-A36C-8E866417BD8C): 0
LogDevObjectVersion:   Dev-Core (375EC13C-06E4-48FB-B500-84F0262A717E): 2
LogDevObjectVersion:   Dev-Editor (E4B068ED-F494-42E9-A231-DA0B2E46BB41): 20
LogDevObjectVersion:   Dev-Framework (CFFC743F-43B0-4480-9391-14DF171D2073): 30
LogDevObjectVersion:   Dev-Mobile (B02B49B5-BB20-44E9-A304-32B752E40360): 0
LogDevObjectVersion:   Dev-Networking (A4E4105C-59A1-49B5-A7C5-40C4547EDFEE): 0
LogDevObjectVersion:   Dev-Online (39C831C9-5AE6-47DC-9A44-9C173E1C8E7C): 0
LogDevObjectVersion:   Dev-Physics (78F01B33-EBEA-4F98-B9B4-84EACCB95AA2): 0
LogDevObjectVersion:   Dev-Platform (6631380F-2D4D-43E0-8009-CF276956A95A): 0
LogDevObjectVersion:   Dev-Rendering (12F88B9F-8875-4AFC-A67C-D90C383ABD29): 20
LogDevObjectVersion:   Dev-Sequencer (7B5AE74C-D270-4C10-A958-57980B212A5A): 4
LogDevObjectVersion:   Dev-VR (D7296918-1DD6-4BDD-9DE2-64A83CC13884): 0
LogDevObjectVersion:   Dev-LoadTimes (C2A15278-BFE7-4AFE-6C17-90FF531DF755): 1
LogDevObjectVersion:   Private-Geometry (6EACA3D4-40EC-4CC1-B786-8BED09428FC5): 1
LogDevObjectVersion:   Dev-AnimPhys (29E575DD-E0A3-4627-9D10-D276232CDCEA): 12
LogInit: Compiled (64-bit): Jan 12 2018 02:04:55
LogInit: Compiled with Visual C++: 19.00.24215.01
LogInit: Build Configuration: Development
LogInit: Branch Name: ++UE4+Release-4.18
LogInit: Command line:  
LogInit: Base directory: E:/GameDev/Unreal/Engine/UE_4.18/Engine/Binaries/Win64/
LogInit: Installed Engine Build: 1
LogInit: Presizing for max 8388607 objects, including 0 objects not considered by GC, pre-allocating 0 bytes for permanent pool.
LogInit: Object subsystem initialized
[2020.07.29-11.13.01:526][  0]LogInit: Selected Device Profile: [Windows]
[2020.07.29-11.13.01:526][  0]LogInit: Applying CVar settings loaded from the selected device profile: [Windows]
[2020.07.29-11.13.01:722][  0]LogInit: Computer: ISHRAQ-PC
[2020.07.29-11.13.01:722][  0]LogInit: User: farha
[2020.07.29-11.13.01:722][  0]LogInit: CPU Page size=4096, Cores=2
[2020.07.29-11.13.01:722][  0]LogInit: High frequency timer resolution =10.000000 MHz
[2020.07.29-11.13.01:737][  0]LogMemory: Memory total: Physical=3.9GB (4GB approx)
[2020.07.29-11.13.01:737][  0]LogMemory: Platform Memory Stats for Windows
[2020.07.29-11.13.01:737][  0]LogMemory: Process Physical Memory: 272.59 MB used, 272.59 MB peak
[2020.07.29-11.13.01:737][  0]LogMemory: Process Virtual Memory: 263.48 MB used, 263.48 MB peak
[2020.07.29-11.13.01:737][  0]LogMemory: Physical Memory: 2414.20 MB used,  1562.81 MB free, 3977.01 MB total
[2020.07.29-11.13.01:737][  0]LogMemory: Virtual Memory: 4753.74 MB used,  1562.81 MB free, 134217728.00 MB total
[2020.07.29-11.13.03:284][  0]LogInit: Using OS detected language (en-US).
[2020.07.29-11.13.03:284][  0]LogInit: Using OS detected locale (en-US).
[2020.07.29-11.13.03:506][  0]LogTextLocalizationManager: No specific localization for 'en-US' exists, so the 'en' localization will be used.
[2020.07.29-11.13.04:534][  0]LogInit: Setting process to per monitor DPI aware
[2020.07.29-11.13.11:350][  0]LogD3D11RHI: D3D11 adapters:
[2020.07.29-11.13.11:415][  0]LogD3D11RHI:    0. 'Intel(R) HD Graphics 3000' (Feature Level 10_0)
[2020.07.29-11.13.11:415][  0]LogD3D11RHI:       32/0/1632 MB DedicatedVideo/DedicatedSystem/SharedSystem, Outputs:1, VendorId:0x8086
[2020.07.29-11.13.11:445][  0]LogD3D11RHI:    1. 'Microsoft Basic Render Driver' (Feature Level 11_0)
[2020.07.29-11.13.11:445][  0]LogD3D11RHI:       0/0/1988 MB DedicatedVideo/DedicatedSystem/SharedSystem, Outputs:0, VendorId:0x1414
[2020.07.29-11.13.11:445][  0]LogD3D11RHI: Chosen D3D11 Adapter: 0
[2020.07.29-11.13.11:475][  0]LogD3D11RHI: Creating new Direct3DDevice
[2020.07.29-11.13.11:476][  0]LogD3D11RHI:     GPU DeviceId: 0x126 (for the marketing name, search the web for "GPU Device Id")
[2020.07.29-11.13.11:476][  0]LogWindows: EnumDisplayDevices:
[2020.07.29-11.13.11:476][  0]LogWindows:    0. 'Intel(R) HD Graphics 3000' (P:1 D:1)
[2020.07.29-11.13.11:484][  0]LogWindows:    1. 'Intel(R) HD Graphics 3000' (P:0 D:0)
[2020.07.29-11.13.11:484][  0]LogWindows: DebugString: GetVideoDriverDetailsInvalid PrimaryIsNotTheChoosenAdapter GetVideoDriverDetailsInvalid PrimaryIsNotTheChoosenAdapter FoundDriverCount:0 
[2020.07.29-11.13.11:484][  0]LogD3D11RHI:     Adapter Name: Intel(R) HD Graphics 3000
[2020.07.29-11.13.11:484][  0]LogD3D11RHI:   Driver Version: Unknown (internal:Unknown, unified:Unknown)
[2020.07.29-11.13.11:484][  0]LogD3D11RHI:      Driver Date: Unknown
[2020.07.29-11.13.11:484][  0]LogRHI: Texture pool is 593 MB (70% of 848 MB)
[2020.07.29-11.13.11:488][  0]LogD3D11RHI: Async texture creation enabled
[2020.07.29-11.13.11:951][  0]LogD3D11RHI: GPU Timing Frequency: 12.500000 (Debug: 2 1)
[2020.07.29-11.13.12:109][  0]LogShaderCompilers: Guid format shader working directory is -3 characters bigger than the processId version (../../../../../GITHUB/vigilance_4.18/Vigilance418/Intermediate/Shaders/WorkingDirectory/8144/).
[2020.07.29-11.13.12:109][  0]LogShaderCompilers: Cleaned the shader compiler working directory 'C:/Users/farha/AppData/Local/Temp/UnrealShaderWorkingDir/C5B77F974E6EBFBD031F47AD30B557AE/'.
[2020.07.29-11.13.12:131][  0]LogShaderCompilers: Display: Using Local Shader Compiler.
[2020.07.29-11.13.20:497][  0]LogTemp: Display: Loaded TP AllDesktopTargetPlatform
[2020.07.29-11.13.20:579][  0]LogTemp: Display: Loaded TP MacClientTargetPlatform
[2020.07.29-11.13.20:695][  0]LogTemp: Display: Loaded TP MacNoEditorTargetPlatform
[2020.07.29-11.13.20:798][  0]LogTemp: Display: Loaded TP MacServerTargetPlatform
[2020.07.29-11.13.20:927][  0]LogTemp: Display: Loaded TP MacTargetPlatform
[2020.07.29-11.13.20:996][  0]LogTemp: Display: Loaded TP WindowsClientTargetPlatform
[2020.07.29-11.13.21:066][  0]LogTemp: Display: Loaded TP WindowsNoEditorTargetPlatform
[2020.07.29-11.13.21:138][  0]LogTemp: Display: Loaded TP WindowsServerTargetPlatform
[2020.07.29-11.13.21:199][  0]LogTemp: Display: Loaded TP WindowsTargetPlatform
[2020.07.29-11.13.21:268][  0]LogTemp: Display: Loaded TP Android_ASTCTargetPlatform
[2020.07.29-11.13.21:338][  0]LogTemp: Display: Loaded TP Android_ATCTargetPlatform
[2020.07.29-11.13.21:407][  0]LogTemp: Display: Loaded TP Android_DXTTargetPlatform
[2020.07.29-11.13.21:476][  0]LogTemp: Display: Loaded TP Android_ETC1TargetPlatform
[2020.07.29-11.13.21:547][  0]LogTemp: Display: Loaded TP Android_ETC2TargetPlatform
[2020.07.29-11.13.21:690][  0]LogTemp: Display: Loaded TP Android_MultiTargetPlatform
[2020.07.29-11.13.21:690][  0]LogTemp: Display: Loaded TP Android_PVRTCTargetPlatform
[2020.07.29-11.13.21:782][  0]LogTemp: Display: Loaded TP AndroidTargetPlatform
[2020.07.29-11.13.21:835][  0]LogTemp: Display: Loaded TP HTML5TargetPlatform
[2020.07.29-11.13.22:059][  0]LogTemp: Display: Loaded TP IOSTargetPlatform
[2020.07.29-11.13.22:112][  0]LogTemp: Display: Loaded TP TVOSTargetPlatform
[2020.07.29-11.13.22:184][  0]LogTemp: Display: Loaded TP LinuxClientTargetPlatform
[2020.07.29-11.13.22:253][  0]LogTemp: Display: Loaded TP LinuxNoEditorTargetPlatform
[2020.07.29-11.13.22:321][  0]LogTemp: Display: Loaded TP LinuxServerTargetPlatform
[2020.07.29-11.13.22:398][  0]LogTemp: Display: Loaded TP LinuxTargetPlatform
[2020.07.29-11.13.22:398][  0]LogTargetPlatformManager: Display: Building Assets For Windows
[2020.07.29-11.13.24:710][  0]LogDerivedDataCache: Display: Max Cache Size: 512 MB
[2020.07.29-11.13.26:131][  0]LogDerivedDataCache: Loaded boot cache 1.41s 75MB C:/Users/farha/AppData/Local/UnrealEngine/4.18/DerivedDataCache/Boot.ddc.
[2020.07.29-11.13.26:131][  0]LogDerivedDataCache: Display: Loaded Boot cache: C:/Users/farha/AppData/Local/UnrealEngine/4.18/DerivedDataCache/Boot.ddc
[2020.07.29-11.13.26:132][  0]LogDerivedDataCache: FDerivedDataBackendGraph:  Pak pak cache file ../../../../../GITHUB/vigilance_4.18/Vigilance418/DerivedDataCache/DDC.ddp not found, will not use a pak cache.
[2020.07.29-11.13.26:132][  0]LogDerivedDataCache: Unable to find inner node Pak for hierarchical cache Hierarchy.
[2020.07.29-11.13.26:132][  0]LogDerivedDataCache: FDerivedDataBackendGraph:  CompressedPak pak cache file ../../../../../GITHUB/vigilance_4.18/Vigilance418/DerivedDataCache/Compressed.ddp not found, will not use a pak cache.
[2020.07.29-11.13.26:132][  0]LogDerivedDataCache: Unable to find inner node CompressedPak for hierarchical cache Hierarchy.
[2020.07.29-11.13.26:264][  0]LogDerivedDataCache: Display: Pak cache opened for reading ../../../Engine/DerivedDataCache/Compressed.ddp.
[2020.07.29-11.13.26:306][  0]LogDerivedDataCache: Using Local data cache path C:/Users/farha/AppData/Local/UnrealEngine/Common/DerivedDataCache: Writable
[2020.07.29-11.13.26:421][  0]LogMaterial: Verifying Global Shaders for PCD3D_SM4
[2020.07.29-11.13.26:504][  0]LogSlate: Using Freetype 2.6.0
[2020.07.29-11.13.26:666][  0]LogSlate: SlateFontCache - WITH_FREETYPE: 1, WITH_HARFBUZZ: 1
[2020.07.29-11.13.26:673][  0]LogSlate: SlateFontCache - WITH_FREETYPE: 1, WITH_HARFBUZZ: 1
[2020.07.29-11.13.42:745][  0]LogInit: Selected Device Profile: [Windows]
[2020.07.29-11.13.45:687][  0]LogSimplygon: Simplygon DLL not present - disabling.
[2020.07.29-11.13.45:749][  0]LogMeshReduction: Using SimplygonSwarm for distributed automatic mesh merging
[2020.07.29-11.13.45:750][  0]LogMeshReduction: Using QuadricMeshReduction for automatic static mesh reduction
[2020.07.29-11.13.45:750][  0]LogMeshReduction: No automatic skeletal mesh reduction module available
[2020.07.29-11.13.45:750][  0]LogMeshReduction: No automatic mesh merging module available
[2020.07.29-11.13.45:750][  0]LogMeshMerging: No automatic mesh merging module available
[2020.07.29-11.13.46:491][  0]LogNetVersion: Vigilance418 , NetCL: 3709383, EngineNetVer: 2, GameNetVer: 0 (Checksum: 63410103)
[2020.07.29-11.13.49:137][  0]LogAssetRegistry: FAssetRegistry took 0.0466 seconds to start up
[2020.07.29-11.13.57:393][  0]LogPackageLocalizationCache: Processed 7 localized package path(s) for 2 prioritized culture(s) in 0.103922 seconds
[2020.07.29-11.13.57:415][  0]LogUObjectArray: 35870 objects as part of root set at end of initial load.
[2020.07.29-11.13.57:415][  0]LogUObjectAllocator: 7363696 out of 0 bytes used by permanent object pool.
[2020.07.29-11.13.57:415][  0]LogUObjectArray: CloseDisregardForGC: 0/0 objects in disregard for GC pool
[2020.07.29-11.13.57:532][  0]LogInit: WinSock: version 1.1 (2.2), MaxSocks=32767, MaxUdp=65467
[2020.07.29-11.14.16:726][  0]LogTcpMessaging: Initializing TcpMessaging bridge
[2020.07.29-11.14.16:858][  0]LogUdpMessaging: Initializing bridge on interface 0.0.0.0:0 to multicast group 230.0.0.1:6666.
[2020.07.29-11.14.19:297][  0]LogMaterial: Uniform references updated for custom material expression Custom.
[2020.07.29-11.14.21:074][  0]SourceControl: Source control is disabled
[2020.07.29-11.14.21:081][  0]SourceControl: Source control is disabled
[2020.07.29-11.14.21:267][  0]SourceControl: Source control is disabled
[2020.07.29-11.14.21:380][  0]SourceControl: Source control is disabled
[2020.07.29-11.14.23:534][  0]LogAndroidPermission: UAndroidPermissionCallbackProxy::GetInstance
[2020.07.29-11.14.24:030][  0]LogOcInput: OculusInput pre-init called
[2020.07.29-11.14.26:536][  0]LogEngine: Initializing Engine...
[2020.07.29-11.14.26:687][  0]LogHMD: Failed to initialize OpenVR with code 110
[2020.07.29-11.14.30:435][  0]LogStats: UGameplayTagsManager::ConstructGameplayTagTree: Construct from data asset -  0.000 s
[2020.07.29-11.14.30:437][  0]LogStats: UGameplayTagsManager::ConstructGameplayTagTree: GameplayTagTreeChangedEvent.Broadcast -  0.000 s
[2020.07.29-11.14.31:098][  0]LogAIModule: Creating AISystem for world Untitled
[2020.07.29-11.14.31:343][  0]LogInit: XAudio2 using 'Speakers (2- High Definition Audio Device)' : 2 channels at 48 kHz using 16 bits per sample (channel mask 0x3)
[2020.07.29-11.14.31:879][  0]LogInit: FAudioDevice initialized.
[2020.07.29-11.14.32:540][  0]LogDerivedDataCache: Saved boot cache 0.64s 75MB C:/Users/farha/AppData/Local/UnrealEngine/4.18/DerivedDataCache/Boot.ddc.
[2020.07.29-11.14.32:633][  0]LogInit: Texture streaming: Enabled
[2020.07.29-11.14.33:126][  0]LogEngineSessionManager: EngineSessionManager initialized
[2020.07.29-11.14.35:058][  0]LogInit: Transaction tracking system initialized
[2020.07.29-11.14.37:922][  0]BlueprintLog: New page: Editor Load
[2020.07.29-11.14.43:671][  0]LocalizationService: Localization service is disabled
[2020.07.29-11.14.47:568][  0]LogConsoleResponse: Display: 
[2020.07.29-11.14.56:677][  0]LogFileCache: Scanning file cache for directory 'E:/GameDev/Unreal/GITHUB/vigilance_4.18/Vigilance418/Content/' took 0.02s
[2020.07.29-11.14.56:677][  0]LogCook: Display: Max memory allowance for cook 16384mb min free memory 0mb
[2020.07.29-11.14.56:677][  0]LogCook: Display: Mobile HDR setting 1
[2020.07.29-11.14.56:701][  0]LogGameplayTags: Display: UGameplayTagsManager::DoneAddingNativeTags. DelegateIsBound: 0
[2020.07.29-11.15.03:848][  0]SourceControl: Source control is disabled
[2020.07.29-11.15.04:021][  0]Cmd: MAP LOAD FILE="../../../../../GITHUB/vigilance_4.18/Vigilance418/Content/ThirdPerson/ThirdPersonBP/Maps/ThirdPersonExampleMap.umap" TEMPLATE=0 SHOWPROGRESS=1 FEATURELEVEL=2
[2020.07.29-11.15.04:105][  0]LightingResults: New page: Lighting Build
[2020.07.29-11.15.05:589][  0]MapCheck: New page: Map Check
[2020.07.29-11.15.05:589][  0]LightingResults: New page: Lighting Build
[2020.07.29-11.16.19:876][  0]LogAIModule: Creating AISystem for world ThirdPersonExampleMap
[2020.07.29-11.16.26:551][  0]LogEditorServer: Finished looking for orphan Actors (0.000 secs)
[2020.07.29-11.16.27:775][  0]Cmd: MAP CHECKDEP NOCLEARLOG
[2020.07.29-11.16.28:666][  0]MapCheck: Map check complete: 0 Error(s), 0 Warning(s), took 864.195ms to complete.
[2020.07.29-11.16.28:666][  0]LogFileHelpers: Loading map 'ThirdPersonExampleMap' took 84.665
[2020.07.29-11.16.36:441][  0]LogCollectionManager: Loaded 0 collections in 0.002367 seconds
[2020.07.29-11.16.36:808][  0]LogFileCache: Scanning file cache for directory 'E:/GameDev/Unreal/GITHUB/vigilance_4.18/Vigilance418/Saved/Collections/' took 0.01s
[2020.07.29-11.16.36:808][  0]LogFileCache: Scanning file cache for directory 'E:/GameDev/Unreal/GITHUB/vigilance_4.18/Vigilance418/Content/Developers/farha/Collections/' took 0.01s
[2020.07.29-11.16.36:808][  0]LogFileCache: Scanning file cache for directory 'E:/GameDev/Unreal/GITHUB/vigilance_4.18/Vigilance418/Content/Collections/' took 0.01s
[2020.07.29-11.16.36:808][  0]LogCollectionManager: Rebuilt the GUID cache for 0 collections in 0.000001 seconds
[2020.07.29-11.16.36:842][  0]LogContentBrowser: Native class hierarchy populated in 0.0150 seconds. Added 2364 classes and 521 folders.
[2020.07.29-11.16.37:250][  0]LogContentBrowser: Native class hierarchy updated for 'WidgetCarousel' in 0.0004 seconds. Added 0 classes and 0 folders.
[2020.07.29-11.16.39:087][  0]LogContentBrowser: Native class hierarchy updated for 'AddContentDialog' in 0.0005 seconds. Added 0 classes and 0 folders.
[2020.07.29-11.16.39:385][  0]LogSlate: Took 0.019515 seconds to synchronously load lazily loaded font '../../../Engine/Content/Slate/Fonts/Roboto-Regular.ttf' (155K)
[2020.07.29-11.16.39:559][  0]LogSlate: Took 0.016721 seconds to synchronously load lazily loaded font '../../../Engine/Content/Slate/Fonts/Roboto-Bold.ttf' (160K)
[2020.07.29-11.16.41:220][  0]LogRenderer: Reallocating scene render targets to support 1016x656 Format 9 NumSamples 1 (Frame:1).
[2020.07.29-11.16.45:658][  0]LogContentBrowser: Native class hierarchy updated for 'HierarchicalLODOutliner' in 0.0004 seconds. Added 1 classes and 2 folders.
[2020.07.29-11.16.45:658][  0]LogLoad: (Engine Initialization) Total time: 242.15 seconds
[2020.07.29-11.16.45:658][  0]LogLoad: (Engine Initialization) Total Blueprint compile time: 0.00 seconds
[2020.07.29-11.16.45:685][  0]LogExternalProfiler: No external profilers were discovered.  External profiling features will not be available.
[2020.07.29-11.16.46:777][  0]LogContentStreaming: Texture pool size now 800 MB
[2020.07.29-11.16.50:370][  6]LogAssetRegistry: Asset discovery search completed in 181.2575 seconds
[2020.07.29-11.16.50:396][  6]LogCollectionManager: Rebuilt the object cache for 0 collections in 0.000000 seconds (found 0 objects)
[2020.07.29-11.16.50:397][  6]LogCollectionManager: Fixed up redirectors for 0 collections in 0.013723 seconds (updated 0 objects)
[2020.07.29-11.17.18:383][130]LogSlate: Took 0.035619 seconds to synchronously load lazily loaded font '../../../Engine/Content/Editor/Slate/Fonts/FontAwesome.ttf' (139K)
[2020.07.29-11.17.18:874][132]LogScript: Warning: Accessed None trying to read property CallFunc_GetComponentByClass_ReturnValue
	TestAI_AnimBP_C /Engine/Transient.World_1:PersistentLevel.Test_AI_C_0.CharacterMesh0.TestAI_AnimBP_C_1
	Function /Game/Blueprints/AI_Blueprint/TestAI_AnimBP.TestAI_AnimBP_C:ExecuteUbergraph_TestAI_AnimBP:0411
[2020.07.29-11.17.24:413][404]LogSlate: Took 0.016542 seconds to synchronously load lazily loaded font '../../../Engine/Content/Slate/Fonts/Roboto-Light.ttf' (159K)
[2020.07.29-11.17.25:101][404]LogSlate: Took 0.000311 seconds to synchronously load lazily loaded font '../../../Engine/Content/Slate/Fonts/Roboto-Regular.ttf' (155K)
[2020.07.29-11.17.25:871][404]LogContentBrowser: Native class hierarchy updated for 'BlueprintGraph' in 0.0375 seconds. Added 116 classes and 0 folders.
[2020.07.29-11.17.29:620][404]LogSlate: Took 0.039200 seconds to synchronously load lazily loaded font '../../../Engine/Content/Editor/Slate/Fonts/Roboto-BoldCondensed.ttf' (158K)
[2020.07.29-11.17.30:921][405]LogSlate: Took 0.065107 seconds to synchronously load lazily loaded font '../../../Engine/Content/Editor/Slate/Fonts/Roboto-Italic.ttf' (157K)
[2020.07.29-11.17.55:986][507]BlueprintLog: New page: Compile Player_CharacterBP
[2020.07.29-11.18.00:810][539]LogSavePackage: Save=1564.94ms
[2020.07.29-11.18.00:810][539]LogSavePackage: Moving '../../../../../GITHUB/vigilance_4.18/Vigilance418/Saved/Player_CharacterBPE303366048472AEC500F3F9D9EA23353.tmp' to '../../../../../GITHUB/vigilance_4.18/Vigilance418/Content/Blueprints/PlayerBlueprint/Player_CharacterBP.uasset'
[2020.07.29-11.18.00:889][539]LogSavePackage: Display: Finished SavePackage ../../../../../GITHUB/vigilance_4.18/Vigilance418/Content/Blueprints/PlayerBlueprint/Player_CharacterBP.uasset
[2020.07.29-11.18.15:686][182]LogSavePackage: Save=1327.84ms
[2020.07.29-11.18.15:686][182]LogSavePackage: Moving '../../../../../GITHUB/vigilance_4.18/Vigilance418/Saved/Player_CharacterBP2CFE289E4176DA26F6E0BBAE1C1F4634.tmp' to '../../../../../GITHUB/vigilance_4.18/Vigilance418/Content/Blueprints/PlayerBlueprint/Player_CharacterBP.uasset'
[2020.07.29-11.18.15:688][182]LogSavePackage: Display: Finished SavePackage ../../../../../GITHUB/vigilance_4.18/Vigilance418/Content/Blueprints/PlayerBlueprint/Player_CharacterBP.uasset
[2020.07.29-11.18.50:479][886]BlueprintLog: New page: Compile Player_CharacterBP
[2020.07.29-11.18.53:891][912]LogSavePackage: Save=1360.19ms
[2020.07.29-11.18.53:891][912]LogSavePackage: Moving '../../../../../GITHUB/vigilance_4.18/Vigilance418/Saved/Player_CharacterBPD89F8A494A03C501A403E6AB526A713A.tmp' to '../../../../../GITHUB/vigilance_4.18/Vigilance418/Content/Blueprints/PlayerBlueprint/Player_CharacterBP.uasset'
[2020.07.29-11.18.53:895][912]LogSavePackage: Display: Finished SavePackage ../../../../../GITHUB/vigilance_4.18/Vigilance418/Content/Blueprints/PlayerBlueprint/Player_CharacterBP.uasset
[2020.07.29-11.19.17:800][213]BlueprintLog: New page: Compile Player_CharacterBP
[2020.07.29-11.19.47:166][740]BlueprintLog: New page: Compile Player_CharacterBP
[2020.07.29-11.20.20:270][537]BlueprintLog: New page: Compile Player_CharacterBP
[2020.07.29-11.20.47:081][822]LogSlate: Took 0.008991 seconds to synchronously load lazily loaded font '../../../Engine/Content/Slate/Fonts/Roboto-Light.ttf' (159K)
[2020.07.29-11.21.16:896][461]BlueprintLog: New page: Compile Player_CharacterBP
[2020.07.29-11.21.20:484][497]LogSavePackage: Save=1406.61ms
[2020.07.29-11.21.20:484][497]LogSavePackage: Moving '../../../../../GITHUB/vigilance_4.18/Vigilance418/Saved/Player_CharacterBP987329FB4959951FFF8DFF9909A2D974.tmp' to '../../../../../GITHUB/vigilance_4.18/Vigilance418/Content/Blueprints/PlayerBlueprint/Player_CharacterBP.uasset'
[2020.07.29-11.21.20:487][497]LogSavePackage: Display: Finished SavePackage ../../../../../GITHUB/vigilance_4.18/Vigilance418/Content/Blueprints/PlayerBlueprint/Player_CharacterBP.uasset
[2020.07.29-11.21.22:392][610]LogTemp: Repeating last play command: Selected Viewport
[2020.07.29-11.21.24:080][610]LogBlueprintUserMessages: Early PlayInEditor Detection: Level '/Game/ThirdPerson/ThirdPersonBP/Maps/ThirdPersonExampleMap.ThirdPersonExampleMap:PersistentLevel' has LevelScriptBlueprint '/Game/ThirdPerson/ThirdPersonBP/Maps/ThirdPersonExampleMap.ThirdPersonExampleMap:PersistentLevel.ThirdPersonExampleMap' with GeneratedClass '/Game/ThirdPerson/ThirdPersonBP/Maps/ThirdPersonExampleMap.ThirdPersonExampleMap_C' with ClassGeneratedBy '/Game/ThirdPerson/ThirdPersonBP/Maps/ThirdPersonExampleMap.ThirdPersonExampleMap:PersistentLevel.ThirdPersonExampleMap'
[2020.07.29-11.21.24:109][610]LogPlayLevel: PlayLevel: No blueprints needed recompiling
[2020.07.29-11.21.24:278][610]PIE: New page: PIE session: ThirdPersonExampleMap (Jul 29, 2020, 11:21:24 PM)
[2020.07.29-11.21.24:291][610]LogPlayLevel: Creating play world package: /Game/ThirdPerson/ThirdPersonBP/Maps/UEDPIE_0_ThirdPersonExampleMap
[2020.07.29-11.21.24:433][610]LogPlayLevel: PIE: StaticDuplicateObject took: (0.141503s)
[2020.07.29-11.21.24:434][610]LogAIModule: Creating AISystem for world ThirdPersonExampleMap
[2020.07.29-11.21.24:448][610]LogPlayLevel: PIE: World Init took: (0.015229s)
[2020.07.29-11.21.24:459][610]LogPlayLevel: PIE: Created PIE world by copying editor world from /Game/ThirdPerson/ThirdPersonBP/Maps/ThirdPersonExampleMap.ThirdPersonExampleMap to /Game/ThirdPerson/ThirdPersonBP/Maps/UEDPIE_0_ThirdPersonExampleMap.ThirdPersonExampleMap (0.167787s)
[2020.07.29-11.21.24:547][610]LogInit: XAudio2 using 'Speakers (2- High Definition Audio Device)' : 2 channels at 48 kHz using 16 bits per sample (channel mask 0x3)
[2020.07.29-11.21.24:557][610]LogInit: FAudioDevice initialized.
[2020.07.29-11.21.24:688][610]LogLinker: Warning: Can't find file '/Game/ThirdPersonBP/Blueprints/ThirdPersonGameMode'
[2020.07.29-11.21.24:688][610]LogLinker: Warning: Can't find file '/Game/ThirdPersonBP/Blueprints/ThirdPersonGameMode'
[2020.07.29-11.21.24:699][610]LogUObjectGlobals: Warning: Failed to find object 'Class /Game/ThirdPersonBP/Blueprints/ThirdPersonGameMode.ThirdPersonGameMode_C'
[2020.07.29-11.21.24:699][610]LogLoad: Game class is 'GameModeBase'
[2020.07.29-11.21.24:841][610]LogWorld: Bringing World /Game/ThirdPerson/ThirdPersonBP/Maps/UEDPIE_0_ThirdPersonExampleMap.ThirdPersonExampleMap up for play (max tick rate 60) at 2020.07.29-17.21.24
[2020.07.29-11.21.25:032][610]LogWorld: Bringing up level for play took: 0.206307
[2020.07.29-11.21.27:001][610]LogContentBrowser: Native class hierarchy updated for 'MovieSceneCapture' in 0.0005 seconds. Added 11 classes and 0 folders.
[2020.07.29-11.21.27:251][610]PIE: Play in editor start time for /Game/ThirdPerson/ThirdPersonBP/Maps/UEDPIE_0_ThirdPersonExampleMap 3.122
[2020.07.29-11.21.27:252][610]LogBlueprintUserMessages: Late PlayInEditor Detection: Level '/Game/ThirdPerson/ThirdPersonBP/Maps/ThirdPersonExampleMap.ThirdPersonExampleMap:PersistentLevel' has LevelScriptBlueprint '/Game/ThirdPerson/ThirdPersonBP/Maps/ThirdPersonExampleMap.ThirdPersonExampleMap:PersistentLevel.ThirdPersonExampleMap' with GeneratedClass '/Game/ThirdPerson/ThirdPersonBP/Maps/ThirdPersonExampleMap.ThirdPersonExampleMap_C' with ClassGeneratedBy '/Game/ThirdPerson/ThirdPersonBP/Maps/ThirdPersonExampleMap.ThirdPersonExampleMap:PersistentLevel.ThirdPersonExampleMap'
[2020.07.29-11.21.38:617][967]LogBlueprintUserMessages: Early EndPlayMap Detection: Level '/Game/ThirdPerson/ThirdPersonBP/Maps/ThirdPersonExampleMap.ThirdPersonExampleMap:PersistentLevel' has LevelScriptBlueprint '/Game/ThirdPerson/ThirdPersonBP/Maps/ThirdPersonExampleMap.ThirdPersonExampleMap:PersistentLevel.ThirdPersonExampleMap' with GeneratedClass '/Game/ThirdPerson/ThirdPersonBP/Maps/ThirdPersonExampleMap.ThirdPersonExampleMap_C' with ClassGeneratedBy '/Game/ThirdPerson/ThirdPersonBP/Maps/ThirdPersonExampleMap.ThirdPersonExampleMap:PersistentLevel.ThirdPersonExampleMap'
[2020.07.29-11.21.38:787][967]LogBlueprintUserMessages: Late EndPlayMap Detection: Level '/Game/ThirdPerson/ThirdPersonBP/Maps/ThirdPersonExampleMap.ThirdPersonExampleMap:PersistentLevel' has LevelScriptBlueprint '/Game/ThirdPerson/ThirdPersonBP/Maps/ThirdPersonExampleMap.ThirdPersonExampleMap:PersistentLevel.ThirdPersonExampleMap' with GeneratedClass '/Game/ThirdPerson/ThirdPersonBP/Maps/ThirdPersonExampleMap.ThirdPersonExampleMap_C' with ClassGeneratedBy '/Game/ThirdPerson/ThirdPersonBP/Maps/ThirdPersonExampleMap.ThirdPersonExampleMap:PersistentLevel.ThirdPersonExampleMap'
[2020.07.29-11.21.41:687][ 27]LogSavePackage: Save=729.03ms
[2020.07.29-11.21.41:687][ 27]LogSavePackage: Moving '../../../../../GITHUB/vigilance_4.18/Vigilance418/Saved/ThirdPersonExampleMap27E60FA84C24CA8A32851BBD3B1440DD.tmp' to '../../../../../GITHUB/vigilance_4.18/Vigilance418/Content/ThirdPerson/ThirdPersonBP/Maps/ThirdPersonExampleMap.umap'
[2020.07.29-11.21.41:712][ 27]LogSavePackage: Display: Finished SavePackage ../../../../../GITHUB/vigilance_4.18/Vigilance418/Content/ThirdPerson/ThirdPersonBP/Maps/ThirdPersonExampleMap.umap
[2020.07.29-11.22.09:204][553]BlueprintLog: New page: Compile Player_CharacterBP
[2020.07.29-11.22.12:529][576]LogSavePackage: Save=1361.15ms
[2020.07.29-11.22.12:530][576]LogSavePackage: Moving '../../../../../GITHUB/vigilance_4.18/Vigilance418/Saved/Player_CharacterBP0DBE4EFF49E4F7565034DCB5CB8932AD.tmp' to '../../../../../GITHUB/vigilance_4.18/Vigilance418/Content/Blueprints/PlayerBlueprint/Player_CharacterBP.uasset'
[2020.07.29-11.22.12:533][576]LogSavePackage: Display: Finished SavePackage ../../../../../GITHUB/vigilance_4.18/Vigilance418/Content/Blueprints/PlayerBlueprint/Player_CharacterBP.uasset
[2020.07.29-11.22.13:820][652]LogHttp: Warning: 000001ED26BBFA00: request has been successfully processed. URL: https://datarouter.ol.epicgames.com/datarouter/api/v1/public/data?SessionID=%7B7AC17846-4DFA-20EA-53E8-30A9A7560476%7D&AppID=UEEditor.Rocket.Release&AppVersion=4.18.3-3832480%2B%2B%2BUE4%2BRelease-4.18&UserID=dab985eb449ee4f1b342389e404cab9f%7C845779d9bd904572b61cf91381b7a44e%7C4e718ad1-99cd-4dc7-9063-d4e2b6f3fd7d&AppEnvironment=datacollector-binary&UploadType=eteventstream, HTTP code: 502, content length: 138, actual payload size: 138
[2020.07.29-11.22.13:820][652]LogHttp: Warning: 000001ED26BBFA00 Response Header Server: awselb/2.0
[2020.07.29-11.22.13:820][652]LogHttp: Warning: 000001ED26BBFA00 Response Header Date: Wed, 29 Jul 2020 11:22:12 GMT
[2020.07.29-11.22.13:820][652]LogHttp: Warning: 000001ED26BBFA00 Response Header Content-Type: text/html
[2020.07.29-11.22.13:820][652]LogHttp: Warning: 000001ED26BBFA00 Response Header Content-Length: 138
[2020.07.29-11.22.13:820][652]LogHttp: Warning: 000001ED26BBFA00 Response Header Connection: keep-alive
[2020.07.29-11.22.18:874][903]LogSavePackage: Save=764.82ms
[2020.07.29-11.22.18:874][903]LogSavePackage: Moving '../../../../../GITHUB/vigilance_4.18/Vigilance418/Saved/ThirdPersonExampleMapADDCBF1347405008484CB7AA415F9317.tmp' to '../../../../../GITHUB/vigilance_4.18/Vigilance418/Content/ThirdPerson/ThirdPersonBP/Maps/ThirdPersonExampleMap.umap'
[2020.07.29-11.22.18:878][903]LogSavePackage: Display: Finished SavePackage ../../../../../GITHUB/vigilance_4.18/Vigilance418/Content/ThirdPerson/ThirdPersonBP/Maps/ThirdPersonExampleMap.umap
[2020.07.29-11.23.33:293][866]LogTemp: Repeating last play command: Selected Viewport
[2020.07.29-11.23.33:382][866]LogBlueprintUserMessages: Early PlayInEditor Detection: Level '/Game/ThirdPerson/ThirdPersonBP/Maps/ThirdPersonExampleMap.ThirdPersonExampleMap:PersistentLevel' has LevelScriptBlueprint '/Game/ThirdPerson/ThirdPersonBP/Maps/ThirdPersonExampleMap.ThirdPersonExampleMap:PersistentLevel.ThirdPersonExampleMap' with GeneratedClass '/Game/ThirdPerson/ThirdPersonBP/Maps/ThirdPersonExampleMap.ThirdPersonExampleMap_C' with ClassGeneratedBy '/Game/ThirdPerson/ThirdPersonBP/Maps/ThirdPersonExampleMap.ThirdPersonExampleMap:PersistentLevel.ThirdPersonExampleMap'
[2020.07.29-11.23.33:382][866]LogPlayLevel: PlayLevel: No blueprints needed recompiling
[2020.07.29-11.23.33:382][866]PIE: New page: PIE session: ThirdPersonExampleMap (Jul 29, 2020, 11:23:33 PM)
[2020.07.29-11.23.33:382][866]LogPlayLevel: Creating play world package: /Game/ThirdPerson/ThirdPersonBP/Maps/UEDPIE_0_ThirdPersonExampleMap
[2020.07.29-11.23.33:424][866]LogPlayLevel: PIE: StaticDuplicateObject took: (0.041647s)
[2020.07.29-11.23.33:426][866]LogAIModule: Creating AISystem for world ThirdPersonExampleMap
[2020.07.29-11.23.33:427][866]LogPlayLevel: PIE: World Init took: (0.002387s)
[2020.07.29-11.23.33:427][866]LogPlayLevel: PIE: Created PIE world by copying editor world from /Game/ThirdPerson/ThirdPersonBP/Maps/ThirdPersonExampleMap.ThirdPersonExampleMap to /Game/ThirdPerson/ThirdPersonBP/Maps/UEDPIE_0_ThirdPersonExampleMap.ThirdPersonExampleMap (0.044459s)
[2020.07.29-11.23.33:482][866]LogInit: XAudio2 using 'Speakers (2- High Definition Audio Device)' : 2 channels at 48 kHz using 16 bits per sample (channel mask 0x3)
[2020.07.29-11.23.33:490][866]LogInit: FAudioDevice initialized.
[2020.07.29-11.23.33:543][866]LogLoad: Game class is 'GameModeBase'
[2020.07.29-11.23.33:552][866]LogWorld: Bringing World /Game/ThirdPerson/ThirdPersonBP/Maps/UEDPIE_0_ThirdPersonExampleMap.ThirdPersonExampleMap up for play (max tick rate 60) at 2020.07.29-17.23.33
[2020.07.29-11.23.33:554][866]LogWorld: Bringing up level for play took: 0.009454
[2020.07.29-11.23.33:556][866]PIE: Play in editor start time for /Game/ThirdPerson/ThirdPersonBP/Maps/UEDPIE_0_ThirdPersonExampleMap -0.573
[2020.07.29-11.23.33:556][866]LogBlueprintUserMessages: Late PlayInEditor Detection: Level '/Game/ThirdPerson/ThirdPersonBP/Maps/ThirdPersonExampleMap.ThirdPersonExampleMap:PersistentLevel' has LevelScriptBlueprint '/Game/ThirdPerson/ThirdPersonBP/Maps/ThirdPersonExampleMap.ThirdPersonExampleMap:PersistentLevel.ThirdPersonExampleMap' with GeneratedClass '/Game/ThirdPerson/ThirdPersonBP/Maps/ThirdPersonExampleMap.ThirdPersonExampleMap_C' with ClassGeneratedBy '/Game/ThirdPerson/ThirdPersonBP/Maps/ThirdPersonExampleMap.ThirdPersonExampleMap:PersistentLevel.ThirdPersonExampleMap'
[2020.07.29-11.23.41:340][ 67]LogBlueprintUserMessages: Early EndPlayMap Detection: Level '/Game/ThirdPerson/ThirdPersonBP/Maps/ThirdPersonExampleMap.ThirdPersonExampleMap:PersistentLevel' has LevelScriptBlueprint '/Game/ThirdPerson/ThirdPersonBP/Maps/ThirdPersonExampleMap.ThirdPersonExampleMap:PersistentLevel.ThirdPersonExampleMap' with GeneratedClass '/Game/ThirdPerson/ThirdPersonBP/Maps/ThirdPersonExampleMap.ThirdPersonExampleMap_C' with ClassGeneratedBy '/Game/ThirdPerson/ThirdPersonBP/Maps/ThirdPersonExampleMap.ThirdPersonExampleMap:PersistentLevel.ThirdPersonExampleMap'
[2020.07.29-11.23.41:446][ 67]LogBlueprintUserMessages: Late EndPlayMap Detection: Level '/Game/ThirdPerson/ThirdPersonBP/Maps/ThirdPersonExampleMap.ThirdPersonExampleMap:PersistentLevel' has LevelScriptBlueprint '/Game/ThirdPerson/ThirdPersonBP/Maps/ThirdPersonExampleMap.ThirdPersonExampleMap:PersistentLevel.ThirdPersonExampleMap' with GeneratedClass '/Game/ThirdPerson/ThirdPersonBP/Maps/ThirdPersonExampleMap.ThirdPersonExampleMap_C' with ClassGeneratedBy '/Game/ThirdPerson/ThirdPersonBP/Maps/ThirdPersonExampleMap.ThirdPersonExampleMap:PersistentLevel.ThirdPersonExampleMap'
[2020.07.29-11.23.55:902][330]Cmd: CLOSE_SLATE_MAINFRAME
[2020.07.29-11.23.58:204][330]LogWindowsTextInputMethodSystem: Display: IME system now deactivated.
[2020.07.29-11.23.58:664][331]Cmd: QUIT_EDITOR
[2020.07.29-11.23.59:782][331]LogExit: Preparing to exit.
[2020.07.29-11.24.00:559][331]LogDirectoryWatcher: A directory notification for 'E:/GameDev/Unreal/GITHUB/vigilance_4.18/Vigilance418/Content/' was aborted.
[2020.07.29-11.24.00:965][331]LogExit: Editor shut down
[2020.07.29-11.24.00:970][331]LogExit: Transaction tracking system shut down
[2020.07.29-11.24.01:384][331]LogDirectoryWatcher: A directory notification for '../../../Engine/Content/' was aborted.
[2020.07.29-11.24.01:385][331]LogDirectoryWatcher: A directory notification for '../../../../../GITHUB/vigilance_4.18/Vigilance418/Content/' was aborted.
[2020.07.29-11.24.01:385][331]LogDirectoryWatcher: A directory notification for '../../../Engine/Plugins/2D/Paper2D/Content/' was aborted.
[2020.07.29-11.24.01:385][331]LogDirectoryWatcher: A directory notification for '../../../Engine/Plugins/Media/MediaCompositing/Content/' was aborted.
[2020.07.29-11.24.01:385][331]LogDirectoryWatcher: A directory notification for '../../../Engine/Plugins/Runtime/AppleARKit/Content/' was aborted.
[2020.07.29-11.24.01:385][331]LogDirectoryWatcher: A directory notification for '../../../Engine/Plugins/Runtime/Oculus/OculusVR/Content/' was aborted.
[2020.07.29-11.24.01:385][331]LogDirectoryWatcher: A directory notification for '../../../Engine/Plugins/Runtime/Steam/SteamVR/Content/' was aborted.
[2020.07.29-11.24.02:667][331]LogExit: Object subsystem successfully closed.
[2020.07.29-11.24.03:118][331]LogD3D11RHI: Shutdown
[2020.07.29-11.24.03:129][331]LogD3D11RHI: CleanupD3DDevice
[2020.07.29-11.24.03:233][331]LogD3D11RHI: ~FD3D11DynamicRHI
[2020.07.29-11.24.04:513][331]LogModuleManager: Shutting down and abandoning module MovieSceneCapture (552)
[2020.07.29-11.24.04:514][331]LogModuleManager: Shutting down and abandoning module BlueprintGraph (550)
[2020.07.29-11.24.04:514][331]LogModuleManager: Shutting down and abandoning module HierarchicalLODOutliner (548)
[2020.07.29-11.24.04:514][331]LogModuleManager: Shutting down and abandoning module AddContentDialog (546)
[2020.07.29-11.24.04:527][331]LogDirectoryWatcher: A directory notification for 'E:/GameDev/Unreal/Engine/UE_4.18/FeaturePacks/' was aborted.
[2020.07.29-11.24.04:534][331]LogModuleManager: Shutting down and abandoning module WidgetCarousel (545)
[2020.07.29-11.24.04:534][331]LogModuleManager: Shutting down and abandoning module EditorWidgets (542)
[2020.07.29-11.24.04:534][331]LogModuleManager: Shutting down and abandoning module CollectionManager (540)
[2020.07.29-11.24.04:573][331]LogDirectoryWatcher: A directory notification for 'E:/GameDev/Unreal/GITHUB/vigilance_4.18/Vigilance418/Content/Collections/' was aborted.
[2020.07.29-11.24.04:573][331]LogDirectoryWatcher: A directory notification for 'E:/GameDev/Unreal/GITHUB/vigilance_4.18/Vigilance418/Content/Developers/farha/Collections/' was aborted.
[2020.07.29-11.24.04:573][331]LogDirectoryWatcher: A directory notification for 'E:/GameDev/Unreal/GITHUB/vigilance_4.18/Vigilance418/Saved/Collections/' was aborted.
[2020.07.29-11.24.04:573][331]LogModuleManager: Shutting down and abandoning module SceneOutliner (538)
[2020.07.29-11.24.04:584][331]LogModuleManager: Shutting down and abandoning module StatsViewer (536)
[2020.07.29-11.24.04:605][331]LogModuleManager: Shutting down and abandoning module FoliageEdit (534)
[2020.07.29-11.24.04:606][331]LogModuleManager: Shutting down and abandoning module LandscapeEditor (532)
[2020.07.29-11.24.04:692][331]LogModuleManager: Shutting down and abandoning module MeshPaintMode (530)
[2020.07.29-11.24.04:704][331]LogModuleManager: Shutting down and abandoning module SceneDepthPickerMode (528)
[2020.07.29-11.24.04:704][331]LogModuleManager: Shutting down and abandoning module ActorPickerMode (526)
[2020.07.29-11.24.04:704][331]LogModuleManager: Shutting down and abandoning module GeometryMode (524)
[2020.07.29-11.24.04:711][331]LogModuleManager: Shutting down and abandoning module TextureAlignMode (522)
[2020.07.29-11.24.04:711][331]LogModuleManager: Shutting down and abandoning module BspMode (520)
[2020.07.29-11.24.04:725][331]LogModuleManager: Shutting down and abandoning module PIEPreviewDeviceProfileSelector (518)
[2020.07.29-11.24.04:725][331]LogModuleManager: Shutting down and abandoning module HardwareSurvey (516)
[2020.07.29-11.24.04:760][331]LogModuleManager: Shutting down and abandoning module SequenceRecorderSections (514)
[2020.07.29-11.24.04:760][331]LogModuleManager: Shutting down and abandoning module AutomationWorker (512)
[2020.07.29-11.24.04:786][331]LogModuleManager: Shutting down and abandoning module MatineeToLevelSequence (510)
[2020.07.29-11.24.04:801][331]LogModuleManager: Shutting down and abandoning module LevelSequenceEditor (508)
[2020.07.29-11.24.05:089][331]LogModuleManager: Shutting down and abandoning module PlacementMode (507)
[2020.07.29-11.24.05:089][331]LogModuleManager: Shutting down and abandoning module WmfMediaFactory (504)
[2020.07.29-11.24.05:089][331]LogModuleManager: Shutting down and abandoning module WmfMediaEditor (502)
[2020.07.29-11.24.05:089][331]LogModuleManager: Shutting down and abandoning module OpenExrWrapper (500)
[2020.07.29-11.24.05:089][331]LogModuleManager: Shutting down and abandoning module ImgMediaFactory (498)
[2020.07.29-11.24.05:089][331]LogModuleManager: Shutting down and abandoning module ImgMediaEditor (496)
[2020.07.29-11.24.05:103][331]LogModuleManager: Shutting down and abandoning module AvfMediaFactory (494)
[2020.07.29-11.24.05:103][331]LogModuleManager: Shutting down and abandoning module AvfMediaEditor (492)
[2020.07.29-11.24.05:103][331]LogModuleManager: Shutting down and abandoning module AndroidMediaFactory (490)
[2020.07.29-11.24.05:103][331]LogModuleManager: Shutting down and abandoning module AndroidMediaEditor (488)
[2020.07.29-11.24.05:103][331]LogModuleManager: Shutting down and abandoning module CharacterAI (486)
[2020.07.29-11.24.05:103][331]LogModuleManager: Shutting down and abandoning module AudioCapture (484)
[2020.07.29-11.24.05:119][331]LogModuleManager: Shutting down and abandoning module SequenceRecorder (483)
[2020.07.29-11.24.05:193][331]LogModuleManager: Shutting down and abandoning module SmartSnapping (480)
[2020.07.29-11.24.05:196][331]LogModuleManager: Shutting down and abandoning module SessionServices (478)
[2020.07.29-11.24.05:196][331]LogModuleManager: Shutting down and abandoning module ViewportSnapping (476)
[2020.07.29-11.24.05:196][331]LogModuleManager: Shutting down and abandoning module ViewportInteraction (474)
[2020.07.29-11.24.05:196][331]LogModuleManager: Shutting down and abandoning module ClothPainter (472)
[2020.07.29-11.24.05:327][331]LogModuleManager: Shutting down and abandoning module SkeletalMeshEditor (471)
[2020.07.29-11.24.05:340][331]LogModuleManager: Shutting down and abandoning module LogVisualizer (468)
[2020.07.29-11.24.05:426][331]LogModuleManager: Shutting down and abandoning module IntroTutorials (466)
[2020.07.29-11.24.05:534][331]LogModuleManager: Shutting down and abandoning module GameProjectGeneration (465)
[2020.07.29-11.24.05:638][331]LogModuleManager: Shutting down and abandoning module IOSPlatformEditor (462)
[2020.07.29-11.24.05:648][331]LogModuleManager: Shutting down and abandoning module HTML5PlatformEditor (460)
[2020.07.29-11.24.05:648][331]LogModuleManager: Shutting down and abandoning module AndroidPlatformEditor (458)
[2020.07.29-11.24.05:648][331]LogModuleManager: Shutting down and abandoning module AndroidDeviceDetection (457)
[2020.07.29-11.24.06:419][331]LogModuleManager: Shutting down and abandoning module WindowsPlatformEditor (454)
[2020.07.29-11.24.06:434][331]LogModuleManager: Shutting down and abandoning module IOSRuntimeSettings (452)
[2020.07.29-11.24.06:434][331]LogModuleManager: Shutting down and abandoning module AndroidRuntimeSettings (450)
[2020.07.29-11.24.06:434][331]LogModuleManager: Shutting down and abandoning module InputBindingEditor (448)
[2020.07.29-11.24.06:465][331]LogModuleManager: Shutting down and abandoning module MergeActors (446)
[2020.07.29-11.24.06:493][331]LogModuleManager: Shutting down and abandoning module SizeMap (444)
[2020.07.29-11.24.06:514][331]LogModuleManager: Shutting down and abandoning module TreeMap (442)
[2020.07.29-11.24.06:546][331]LogModuleManager: Shutting down and abandoning module ReferenceViewer (440)
[2020.07.29-11.24.06:553][331]LogModuleManager: Shutting down and abandoning module LocalizationDashboard (438)
[2020.07.29-11.24.06:603][331]LogModuleManager: Shutting down and abandoning module LocalizationService (437)
[2020.07.29-11.24.06:628][331]LogModuleManager: Shutting down and abandoning module HardwareTargeting (434)
[2020.07.29-11.24.06:628][331]LogModuleManager: Shutting down and abandoning module DeviceProfileEditor (432)
[2020.07.29-11.24.06:666][331]LogModuleManager: Shutting down and abandoning module UndoHistory (430)
[2020.07.29-11.24.06:720][331]LogModuleManager: Shutting down and abandoning module XmlParser (428)
[2020.07.29-11.24.06:726][331]LogModuleManager: Shutting down and abandoning module Blutility (426)
[2020.07.29-11.24.06:732][331]LogModuleManager: Shutting down and abandoning module ProjectSettingsViewer (424)
[2020.07.29-11.24.06:797][331]LogModuleManager: Shutting down and abandoning module ProjectTargetPlatformEditor (423)
[2020.07.29-11.24.06:797][331]LogModuleManager: Shutting down and abandoning module EditorSettingsViewer (420)
[2020.07.29-11.24.06:805][331]LogModuleManager: Shutting down and abandoning module SettingsEditor (418)
[2020.07.29-11.24.06:823][331]LogModuleManager: Shutting down and abandoning module ProjectLauncher (416)
[2020.07.29-11.24.06:862][331]LogModuleManager: Shutting down and abandoning module SessionFrontend (414)
[2020.07.29-11.24.06:909][331]LogModuleManager: Shutting down and abandoning module ProfilerClient (412)
[2020.07.29-11.24.06:916][331]LogModuleManager: Shutting down and abandoning module DeviceManager (410)
[2020.07.29-11.24.06:927][331]LogModuleManager: Shutting down and abandoning module TargetDeviceServices (409)
[2020.07.29-11.24.06:980][331]LogModuleManager: Shutting down and abandoning module AutomationController (406)
[2020.07.29-11.24.07:007][331]LogModuleManager: Shutting down and abandoning module AutomationWindow (404)
[2020.07.29-11.24.07:135][331]LogModuleManager: Shutting down and abandoning module Layers (402)
[2020.07.29-11.24.07:196][331]LogModuleManager: Shutting down and abandoning module ComponentVisualizers (400)
[2020.07.29-11.24.07:196][331]LogModuleManager: Shutting down and abandoning module DetailCustomizations (398)
[2020.07.29-11.24.07:277][331]LogModuleManager: Shutting down and abandoning module PackagesDialog (396)
[2020.07.29-11.24.07:315][331]LogModuleManager: Shutting down and abandoning module Persona (394)
[2020.07.29-11.24.07:426][331]LogModuleManager: Shutting down and abandoning module AdvancedPreviewScene (393)
[2020.07.29-11.24.07:426][331]LogModuleManager: Shutting down and abandoning module AnimGraph (391)
[2020.07.29-11.24.07:426][331]LogModuleManager: Shutting down and abandoning module Kismet (388)
[2020.07.29-11.24.07:547][331]LogModuleManager: Shutting down and abandoning module ClassViewer (386)
[2020.07.29-11.24.07:547][331]LogModuleManager: Shutting down and abandoning module Toolbox (384)
[2020.07.29-11.24.07:547][331]LogModuleManager: Shutting down and abandoning module ModuleUI (382)
[2020.07.29-11.24.07:569][331]LogModuleManager: Shutting down and abandoning module MovieSceneTools (380)
[2020.07.29-11.24.07:609][331]LogModuleManager: Shutting down and abandoning module OutputLog (378)
[2020.07.29-11.24.07:625][331]LogModuleManager: Shutting down and abandoning module GammaUI (376)
[2020.07.29-11.24.07:656][331]LogModuleManager: Shutting down and abandoning module Documentation (374)
[2020.07.29-11.24.07:656][331]LogModuleManager: Shutting down and abandoning module MovieSceneTracks (372)
[2020.07.29-11.24.07:656][331]LogModuleManager: Shutting down and abandoning module MovieScene (370)
[2020.07.29-11.24.07:656][331]LogModuleManager: Shutting down and abandoning module StreamingPauseRendering (368)
[2020.07.29-11.24.07:656][331]LogModuleManager: Shutting down and abandoning module LauncherPlatform (366)
[2020.07.29-11.24.07:656][331]LogModuleManager: Shutting down and abandoning module AnalyticsET (364)
[2020.07.29-11.24.07:656][331]LogModuleManager: Shutting down and abandoning module PortalServices (362)
[2020.07.29-11.24.07:656][331]LogModuleManager: Shutting down and abandoning module PortalRpc (360)
[2020.07.29-11.24.07:656][331]LogModuleManager: Shutting down and abandoning module MessagingRpc (358)
[2020.07.29-11.24.07:656][331]LogModuleManager: Shutting down and abandoning module AIModule (356)
[2020.07.29-11.24.07:703][331]LogModuleManager: Shutting down and abandoning module GameplayDebugger (355)
[2020.07.29-11.24.07:703][331]LogModuleManager: Shutting down and abandoning module AITestSuite (353)
[2020.07.29-11.24.07:710][331]LogModuleManager: Shutting down and abandoning module DesktopPlatform (350)
[2020.07.29-11.24.07:710][331]LogModuleManager: Shutting down and abandoning module ProfilerService (348)
[2020.07.29-11.24.07:935][331]LogModuleManager: Shutting down and abandoning module TaskGraph (346)
[2020.07.29-11.24.07:954][331]LogModuleManager: Shutting down and abandoning module SteamVRController (344)
[2020.07.29-11.24.07:954][331]LogModuleManager: Shutting down and abandoning module ProceduralMeshComponentEditor (342)
[2020.07.29-11.24.07:954][331]LogModuleManager: Shutting down and abandoning module ProceduralMeshComponent (340)
[2020.07.29-11.24.07:975][331]LogModuleManager: Shutting down and abandoning module OculusInput (338)
[2020.07.29-11.24.07:986][331]LogModuleManager: Shutting down and abandoning module MobilePatchingUtils (336)
[2020.07.29-11.24.07:986][331]LogModuleManager: Shutting down and abandoning module CustomMeshComponent (334)
[2020.07.29-11.24.07:986][331]LogModuleManager: Shutting down and abandoning module CableComponent (332)
[2020.07.29-11.24.08:009][331]LogModuleManager: Shutting down and abandoning module ArchVisCharacter (330)
[2020.07.29-11.24.08:009][331]LogModuleManager: Shutting down and abandoning module AndroidPermission (328)
[2020.07.29-11.24.08:009][331]LogModuleManager: Shutting down and abandoning module ActorSequence (324)
[2020.07.29-11.24.08:009][331]LogModuleManager: Shutting down and abandoning module MediaPlayerEditor (322)
[2020.07.29-11.24.08:035][331]LogModuleManager: Shutting down and abandoning module MediaCompositingEditor (320)
[2020.07.29-11.24.08:035][331]LogModuleManager: Shutting down and abandoning module MediaCompositing (318)
[2020.07.29-11.24.08:035][331]LogModuleManager: Shutting down and abandoning module HTML5Networking (316)
[2020.07.29-11.24.08:035][331]LogModuleManager: Shutting down and abandoning module AlembicImporter (314)
[2020.07.29-11.24.08:052][331]LogModuleManager: Shutting down and abandoning module AlembicLibrary (313)
[2020.07.29-11.24.08:053][331]LogModuleManager: Shutting down and abandoning module GeometryCache (312)
[2020.07.29-11.24.08:246][331]LogModuleManager: Shutting down and abandoning module GeometryCacheEd (311)
[2020.07.29-11.24.08:246][331]LogModuleManager: Shutting down and abandoning module SpeedTreeImporter (306)
[2020.07.29-11.24.08:246][331]LogModuleManager: Shutting down and abandoning module PluginBrowser (304)
[2020.07.29-11.24.08:290][331]LogModuleManager: Shutting down and abandoning module MobileLauncherProfileWizard (302)
[2020.07.29-11.24.08:452][331]LogModuleManager: Shutting down and abandoning module VisualStudioSourceCodeAccess (300)
[2020.07.29-11.24.08:452][331]LogModuleManager: Shutting down and abandoning module VisualStudioCodeSourceCodeAccess (298)
[2020.07.29-11.24.08:452][331]LogModuleManager: Shutting down and abandoning module UObjectPlugin (296)
[2020.07.29-11.24.08:452][331]LogModuleManager: Shutting down and abandoning module SubversionSourceControl (294)
[2020.07.29-11.24.08:467][331]LogModuleManager: Shutting down and abandoning module PerforceSourceControl (292)
[2020.07.29-11.24.08:561][331]LogModuleManager: Shutting down and abandoning module GitSourceControl (290)
[2020.07.29-11.24.08:589][331]LogModuleManager: Shutting down and abandoning module SourceControl (289)
[2020.07.29-11.24.08:632][331]LogModuleManager: Shutting down and abandoning module LightPropagationVolumeEditor (286)
[2020.07.29-11.24.08:632][331]LogModuleManager: Shutting down and abandoning module PaperTiledImporter (284)
[2020.07.29-11.24.08:632][331]LogModuleManager: Shutting down and abandoning module PaperSpriteSheetImporter (282)
[2020.07.29-11.24.08:632][331]LogModuleManager: Shutting down and abandoning module Paper2DEditor (280)
[2020.07.29-11.24.08:719][331]LogModuleManager: Shutting down and abandoning module MeshPaint (279)
[2020.07.29-11.24.08:806][331]LogModuleManager: Shutting down and abandoning module LevelEditor (277)
[2020.07.29-11.24.08:853][331]LogModuleManager: Shutting down and abandoning module PixelInspectorModule (276)
[2020.07.29-11.24.08:870][331]LogModuleManager: Shutting down and abandoning module MainFrame (274)
[2020.07.29-11.24.08:902][331]LogModuleManager: Shutting down and abandoning module HotReload (273)
[2020.07.29-11.24.09:043][331]LogModuleManager: Shutting down and abandoning module RuntimePhysXCooking (268)
[2020.07.29-11.24.09:043][331]LogModuleManager: Shutting down and abandoning module PhysXVehiclesEditor (266)
[2020.07.29-11.24.09:043][331]LogModuleManager: Shutting down and abandoning module PhysXVehicles (264)
[2020.07.29-11.24.09:043][331]LogModuleManager: Shutting down and abandoning module OculusEditor (262)
[2020.07.29-11.24.09:043][331]LogModuleManager: Shutting down and abandoning module LocationServicesBPLibrary (260)
[2020.07.29-11.24.09:043][331]LogModuleManager: Shutting down and abandoning module ImmediatePhysicsEditor (258)
[2020.07.29-11.24.09:043][331]LogModuleManager: Shutting down and abandoning module ImmediatePhysics (256)
[2020.07.29-11.24.09:077][331]LogModuleManager: Shutting down and abandoning module UdpMessaging (254)
[2020.07.29-11.24.09:217][331]LogModuleManager: Shutting down and abandoning module TcpMessaging (252)
[2020.07.29-11.24.09:331][331]LogModuleManager: Shutting down and abandoning module GameplayTagsEditor (250)
[2020.07.29-11.24.09:383][331]LogModuleManager: Shutting down and abandoning module FacialAnimationEditor (248)
[2020.07.29-11.24.09:383][331]LogModuleManager: Shutting down and abandoning module FacialAnimation (246)
[2020.07.29-11.24.09:383][331]LogModuleManager: Shutting down and abandoning module AssetManagerEditor (244)
[2020.07.29-11.24.09:431][331]LogModuleManager: Shutting down and abandoning module GraphEditor (243)
[2020.07.29-11.24.09:432][331]LogModuleManager: Shutting down and abandoning module ContentBrowser (241)
[2020.07.29-11.24.09:433][331]LogModuleManager: Shutting down and abandoning module LightPropagationVolumeRuntime (238)
[2020.07.29-11.24.09:433][331]LogModuleManager: Shutting down and abandoning module Paper2D (236)
[2020.07.29-11.24.09:433][331]LogModuleManager: Shutting down and abandoning module WindowsMoviePlayer (234)
[2020.07.29-11.24.09:492][331]LogModuleManager: Shutting down and abandoning module WmfMedia (232)
[2020.07.29-11.24.09:505][331]LogModuleManager: Shutting down and abandoning module ImgMedia (230)
[2020.07.29-11.24.09:506][331]LogModuleManager: Shutting down and abandoning module PacketHandler (228)
[2020.07.29-11.24.09:506][331]LogModuleManager: Shutting down and abandoning module ClothingSystemEditor (226)
[2020.07.29-11.24.09:506][331]LogModuleManager: Shutting down and abandoning module ClothingSystemRuntime (224)
[2020.07.29-11.24.09:584][331]LogModuleManager: Shutting down and abandoning module MediaAssets (222)
[2020.07.29-11.24.09:584][331]LogModuleManager: Shutting down and abandoning module Media (221)
[2020.07.29-11.24.09:591][331]LogModuleManager: Shutting down and abandoning module Overlay (218)
[2020.07.29-11.24.09:591][331]LogModuleManager: Shutting down and abandoning module OverlayEditor (217)
[2020.07.29-11.24.09:591][331]LogModuleManager: Shutting down and abandoning module VREditor (214)
[2020.07.29-11.24.09:670][331]LogModuleManager: Shutting down and abandoning module StringTableEditor (212)
[2020.07.29-11.24.09:770][331]LogModuleManager: Shutting down and abandoning module GameplayTasksEditor (210)
[2020.07.29-11.24.09:770][331]LogModuleManager: Shutting down and abandoning module BehaviorTreeEditor (208)
[2020.07.29-11.24.09:813][331]LogModuleManager: Shutting down and abandoning module FunctionalTesting (206)
[2020.07.29-11.24.09:813][331]LogModuleManager: Shutting down and abandoning module CollisionAnalyzer (204)
[2020.07.29-11.24.09:856][331]LogModuleManager: Shutting down and abandoning module WorkspaceMenuStructure (203)
[2020.07.29-11.24.10:029][331]LogModuleManager: Shutting down and abandoning module UMG (200)
[2020.07.29-11.24.10:068][331]LogModuleManager: Shutting down and abandoning module UMGEditor (199)
[2020.07.29-11.24.10:453][331]LogModuleManager: Shutting down and abandoning module Sequencer (198)
[2020.07.29-11.24.10:879][331]LogModuleManager: Shutting down and abandoning module MessageLog (195)
[2020.07.29-11.24.10:879][331]LogModuleManager: Shutting down and abandoning module SlateReflector (190)
[2020.07.29-11.24.11:185][331]LogModuleManager: Shutting down and abandoning module Slate (188)
[2020.07.29-11.24.11:185][331]LogModuleManager: Shutting down and abandoning module EditorStyle (186)
[2020.07.29-11.24.11:206][331]LogModuleManager: Shutting down and abandoning module MRMesh (184)
[2020.07.29-11.24.11:206][331]LogModuleManager: Shutting down and abandoning module SourceCodeAccess (182)
[2020.07.29-11.24.11:206][331]LogModuleManager: Shutting down and abandoning module HeadMountedDisplay (180)
[2020.07.29-11.24.11:206][331]LogModuleManager: Shutting down and abandoning module XAudio2 (178)
[2020.07.29-11.24.11:206][331]LogModuleManager: Shutting down and abandoning module Networking (176)
[2020.07.29-11.24.11:206][331]LogModuleManager: Shutting down and abandoning module Core (172)
[2020.07.29-11.24.11:206][331]LogModuleManager: Shutting down and abandoning module LevelSequence (168)
[2020.07.29-11.24.11:231][331]LogModuleManager: Shutting down and abandoning module DirectoryWatcher (166)
[2020.07.29-11.24.11:233][331]LogModuleManager: Shutting down and abandoning module KismetCompiler (164)
[2020.07.29-11.24.11:233][331]LogModuleManager: Shutting down and abandoning module MeshUtilities (162)
[2020.07.29-11.24.11:375][331]LogModuleManager: Shutting down and abandoning module MeshMergeUtilities (161)
[2020.07.29-11.24.11:392][331]LogModuleManager: Shutting down and abandoning module MeshReductionInterface (160)
[2020.07.29-11.24.11:429][331]LogModuleManager: Shutting down and abandoning module SimplygonSwarm (159)
[2020.07.29-11.24.11:459][331]LogModuleManager: Shutting down and abandoning module SimplygonMeshReduction (157)
[2020.07.29-11.24.11:459][331]LogModuleManager: Shutting down and abandoning module QuadricMeshReduction (155)
[2020.07.29-11.24.11:468][331]LogModuleManager: Shutting down and abandoning module MaterialBaking (151)
[2020.07.29-11.24.11:482][331]LogModuleManager: Shutting down and abandoning module DerivedDataCache (148)
[2020.07.29-11.24.11:605][331]LogDerivedDataCache: Shutdown
[2020.07.29-11.24.11:605][331]LogModuleManager: Shutting down and abandoning module TargetPlatform (146)
[2020.07.29-11.24.11:605][331]LogModuleManager: Shutting down and abandoning module VulkanShaderFormat (145)
[2020.07.29-11.24.11:614][331]LogModuleManager: Shutting down and abandoning module ShaderFormatVectorVM (143)
[2020.07.29-11.24.11:693][331]LogModuleManager: Shutting down and abandoning module ShaderFormatOpenGL (141)
[2020.07.29-11.24.11:772][331]LogModuleManager: Shutting down and abandoning module ShaderFormatD3D (139)
[2020.07.29-11.24.11:778][331]LogModuleManager: Shutting down and abandoning module MetalShaderFormat (137)
[2020.07.29-11.24.11:891][331]LogModuleManager: Shutting down and abandoning module TextureFormatUncompressed (135)
[2020.07.29-11.24.11:891][331]LogModuleManager: Shutting down and abandoning module TextureFormatPVR (133)
[2020.07.29-11.24.11:891][331]LogModuleManager: Shutting down and abandoning module TextureFormatDXT (131)
[2020.07.29-11.24.11:915][331]LogModuleManager: Shutting down and abandoning module TextureFormatIntelISPCTexComp (129)
[2020.07.29-11.24.11:925][331]LogModuleManager: Shutting down and abandoning module TextureFormatASTC (127)
[2020.07.29-11.24.11:925][331]LogModuleManager: Shutting down and abandoning module ImageWrapper (126)
[2020.07.29-11.24.11:925][331]LogModuleManager: Shutting down and abandoning module TextureFormatAndroid (123)
[2020.07.29-11.24.11:925][331]LogModuleManager: Shutting down and abandoning module AudioFormatOpus (121)
[2020.07.29-11.24.11:925][331]LogModuleManager: Shutting down and abandoning module AudioFormatOgg (119)
[2020.07.29-11.24.11:925][331]LogModuleManager: Shutting down and abandoning module AudioFormatADPCM (117)
[2020.07.29-11.24.11:925][331]LogModuleManager: Shutting down and abandoning module LinuxTargetPlatform (115)
[2020.07.29-11.24.11:925][331]LogModuleManager: Shutting down and abandoning module LinuxServerTargetPlatform (113)
[2020.07.29-11.24.11:925][331]LogModuleManager: Shutting down and abandoning module LinuxNoEditorTargetPlatform (111)
[2020.07.29-11.24.11:925][331]LogModuleManager: Shutting down and abandoning module LinuxClientTargetPlatform (109)
[2020.07.29-11.24.11:925][331]LogModuleManager: Shutting down and abandoning module TVOSTargetPlatform (107)
[2020.07.29-11.24.11:925][331]LogModuleManager: Shutting down and abandoning module Messaging (105)
[2020.07.29-11.24.11:925][331]LogModuleManager: Shutting down and abandoning module IOSTargetPlatform (103)
[2020.07.29-11.24.11:925][331]LogModuleManager: Shutting down and abandoning module HTML5TargetPlatform (101)
[2020.07.29-11.24.11:925][331]LogModuleManager: Shutting down and abandoning module AndroidTargetPlatform (99)
[2020.07.29-11.24.11:925][331]LogModuleManager: Shutting down and abandoning module Android_PVRTCTargetPlatform (97)
[2020.07.29-11.24.11:925][331]LogModuleManager: Shutting down and abandoning module Android_MultiTargetPlatform (95)
[2020.07.29-11.24.11:925][331]LogModuleManager: Shutting down and abandoning module Android_ETC2TargetPlatform (93)
[2020.07.29-11.24.11:925][331]LogModuleManager: Shutting down and abandoning module Android_ETC1TargetPlatform (91)
[2020.07.29-11.24.11:925][331]LogModuleManager: Shutting down and abandoning module Android_DXTTargetPlatform (89)
[2020.07.29-11.24.11:925][331]LogModuleManager: Shutting down and abandoning module Android_ATCTargetPlatform (87)
[2020.07.29-11.24.11:925][331]LogModuleManager: Shutting down and abandoning module Android_ASTCTargetPlatform (85)
[2020.07.29-11.24.11:925][331]LogModuleManager: Shutting down and abandoning module WindowsTargetPlatform (83)
[2020.07.29-11.24.11:925][331]LogModuleManager: Shutting down and abandoning module WindowsServerTargetPlatform (81)
[2020.07.29-11.24.11:925][331]LogModuleManager: Shutting down and abandoning module WindowsNoEditorTargetPlatform (79)
[2020.07.29-11.24.11:925][331]LogModuleManager: Shutting down and abandoning module WindowsClientTargetPlatform (77)
[2020.07.29-11.24.11:925][331]LogModuleManager: Shutting down and abandoning module MacTargetPlatform (75)
[2020.07.29-11.24.11:925][331]LogModuleManager: Shutting down and abandoning module MacServerTargetPlatform (73)
[2020.07.29-11.24.11:925][331]LogModuleManager: Shutting down and abandoning module MacNoEditorTargetPlatform (71)
[2020.07.29-11.24.11:925][331]LogModuleManager: Shutting down and abandoning module MacClientTargetPlatform (69)
[2020.07.29-11.24.11:925][331]LogModuleManager: Shutting down and abandoning module AllDesktopTargetPlatform (67)
[2020.07.29-11.24.11:925][331]LogModuleManager: Shutting down and abandoning module InputCore (64)
[2020.07.29-11.24.11:925][331]LogModuleManager: Shutting down and abandoning module Settings (62)
[2020.07.29-11.24.11:925][331]LogModuleManager: Shutting down and abandoning module PhysXCooking (60)
[2020.07.29-11.24.11:925][331]LogModuleManager: Shutting down and abandoning module SteamVR (58)
[2020.07.29-11.24.11:925][331]LogModuleManager: Shutting down and abandoning module OculusHMD (56)
[2020.07.29-11.24.11:956][331]LogModuleManager: Shutting down and abandoning module ExampleDeviceProfileSelector (54)
[2020.07.29-11.24.11:956][331]LogModuleManager: Shutting down and abandoning module AppleARKit (52)
[2020.07.29-11.24.11:956][331]LogModuleManager: Shutting down and abandoning module AugmentedReality (51)
[2020.07.29-11.24.11:956][331]LogModuleManager: Shutting down and abandoning module OnlineBlueprintSupport (48)
[2020.07.29-11.24.11:956][331]LogModuleManager: Shutting down and abandoning module OnlineSubsystem (44)
[2020.07.29-11.24.12:007][331]LogModuleManager: Shutting down and abandoning module XMPP (43)
[2020.07.29-11.24.12:029][331]LogModuleManager: Shutting down and abandoning module HTTP (41)
[2020.07.29-11.24.12:029][331]LogHttp: Display: Http module shutting down, but needs to wait on 1 outstanding Http requests:
[2020.07.29-11.24.12:076][331]LogHttp: Display: 	verb=[POST] url=[https://datarouter.ol.epicgames.com/datarouter/api/v1/public/data?SessionID=%7B7AC17846-4DFA-20EA-53E8-30A9A7560476%7D&AppID=UEEditor.Rocket.Release&AppVersion=4.18.3-3832480%2B%2B%2BUE4%2BRelease-4.18&UserID=dab985eb449ee4f1b342389e404cab9f%7C845779d9bd904572b61cf91381b7a44e%7C4e718ad1-99cd-4dc7-9063-d4e2b6f3fd7d&AppEnvironment=datacollector-binary&UploadType=eteventstream] status=Processing
[2020.07.29-11.24.12:127][331]LogModuleManager: Shutting down and abandoning module SSL (40)
[2020.07.29-11.24.12:179][331]LogModuleManager: Shutting down and abandoning module AnimationModifiers (36)
[2020.07.29-11.24.12:299][331]LogModuleManager: Shutting down and abandoning module PropertyEditor (35)
[2020.07.29-11.24.12:437][331]LogModuleManager: Shutting down and abandoning module AudioEditor (32)
[2020.07.29-11.24.12:461][331]LogModuleManager: Shutting down and abandoning module TextureCompressor (30)
[2020.07.29-11.24.12:669][331]LogModuleManager: Shutting down and abandoning module ShaderCore (28)
[2020.07.29-11.24.12:669][331]LogModuleManager: Shutting down and abandoning module Landscape (26)
[2020.07.29-11.24.12:669][331]LogModuleManager: Shutting down and abandoning module SlateRHIRenderer (24)
[2020.07.29-11.24.12:686][331]LogModuleManager: Shutting down and abandoning module OpenGLDrv (22)
[2020.07.29-11.24.12:741][331]LogModuleManager: Shutting down and abandoning module D3D11RHI (20)
[2020.07.29-11.24.12:742][331]LogModuleManager: Shutting down and abandoning module AnimGraphRuntime (18)
[2020.07.29-11.24.12:742][331]LogModuleManager: Shutting down and abandoning module Renderer (16)
[2020.07.29-11.24.12:742][331]LogModuleManager: Shutting down and abandoning module Engine (14)
[2020.07.29-11.24.12:742][331]LogModuleManager: Shutting down and abandoning module CoreUObject (12)
[2020.07.29-11.24.12:742][331]LogModuleManager: Shutting down and abandoning module NetworkFile (10)
[2020.07.29-11.24.12:761][331]LogModuleManager: Shutting down and abandoning module CookedIterativeFile (8)
[2020.07.29-11.24.12:761][331]LogModuleManager: Shutting down and abandoning module StreamingFile (6)
[2020.07.29-11.24.12:767][331]LogModuleManager: Shutting down and abandoning module SandboxFile (4)
[2020.07.29-11.24.12:777][331]LogModuleManager: Shutting down and abandoning module PakFile (2)
[2020.07.29-11.24.12:845][331]LogExit: Exiting.
[2020.07.29-11.24.13:115][331]Log file closed, 07/29/20 17:24:13
