Log file open, 08/10/20 13:06:46
LogWindows: Failed to load 'aqProf.dll' (GetLastError=126)
LogWindows: File 'aqProf.dll' does not exist
LogWindows: Failed to load 'VSPerf140.dll' (GetLastError=126)
LogWindows: File 'VSPerf140.dll' does not exist
LogWindows: Failed to load 'VtuneApi.dll' (GetLastError=126)
LogWindows: File 'VtuneApi.dll' does not exist
LogWindows: Failed to load 'VtuneApi32e.dll' (GetLastError=126)
LogWindows: File 'VtuneApi32e.dll' does not exist
LogInit: Display: Running engine for game: Vigilance418
LogPlatformFile: Not using cached read wrapper
LogInit: Display: RandInit(-1291068321) SRandInit(-1291068321).
LogInit: Read version file with build ID '3709383'
LogInit: Overriding engine version to CL 3832480, compatible CL 3709383
LogInit: Registered custom module enumerator with build ID '3709383'
LogTaskGraph: Started task graph with 5 named threads and 8 total threads with 3 sets of task threads.
LogStats: Stats thread started at 0.134330
LogD3D11RHI: Aftermath initialized
LogModuleManager: Display: Found up-to-date module file ../../../Engine/Plugins/Marketplace/RootMotionExtractor/Binaries/Win64/UE4Editor-RootMotionExtractor.dll (API version 3709383).
LogModuleManager: Display: Found up-to-date module file ../../../Engine/Plugins/2D/Paper2D/Binaries/Win64/UE4Editor-Paper2D.dll (API version 3709383).
LogModuleManager: Display: Found up-to-date module file ../../../Engine/Plugins/2D/Paper2D/Binaries/Win64/UE4Editor-Paper2DEditor.dll (API version 3709383).
LogModuleManager: Display: Found up-to-date module file ../../../Engine/Plugins/2D/Paper2D/Binaries/Win64/UE4Editor-PaperSpriteSheetImporter.dll (API version 3709383).
LogModuleManager: Display: Found up-to-date module file ../../../Engine/Plugins/2D/Paper2D/Binaries/Win64/UE4Editor-PaperTiledImporter.dll (API version 3709383).
LogModuleManager: Display: Found up-to-date module file ../../../Engine/Plugins/2D/Paper2D/Binaries/Win64/UE4Editor-SmartSnapping.dll (API version 3709383).
LogModuleManager: Display: Found up-to-date module file ../../../Engine/Plugins/Blendables/LightPropagationVolume/Binaries/Win64/UE4Editor-LightPropagationVolumeRuntime.dll (API version 3709383).
LogModuleManager: Display: Found up-to-date module file ../../../Engine/Plugins/Blendables/LightPropagationVolume/Binaries/Win64/UE4Editor-LightPropagationVolumeEditor.dll (API version 3709383).
LogModuleManager: Display: Found up-to-date module file ../../../Engine/Plugins/Developer/GitSourceControl/Binaries/Win64/UE4Editor-GitSourceControl.dll (API version 3709383).
LogModuleManager: Display: Found up-to-date module file ../../../Engine/Plugins/Developer/PerforceSourceControl/Binaries/Win64/UE4Editor-PerforceSourceControl.dll (API version 3709383).
LogModuleManager: Display: Found up-to-date module file ../../../Engine/Plugins/Developer/SubversionSourceControl/Binaries/Win64/UE4Editor-SubversionSourceControl.dll (API version 3709383).
LogModuleManager: Display: Found up-to-date module file ../../../Engine/Plugins/Developer/UObjectPlugin/Binaries/Win64/UE4Editor-UObjectPlugin.dll (API version 3709383).
LogModuleManager: Display: Found up-to-date module file ../../../Engine/Plugins/Developer/VisualStudioCodeSourceCodeAccess/Binaries/Win64/UE4Editor-VisualStudioCodeSourceCodeAccess.dll (API version 3709383).
LogModuleManager: Display: Found up-to-date module file ../../../Engine/Plugins/Developer/VisualStudioSourceCodeAccess/Binaries/Win64/UE4Editor-VisualStudioSourceCodeAccess.dll (API version 3709383).
LogModuleManager: Display: Found up-to-date module file ../../../Engine/Plugins/Editor/AssetManagerEditor/Binaries/Win64/UE4Editor-AssetManagerEditor.dll (API version 3709383).
LogModuleManager: Display: Found up-to-date module file ../../../Engine/Plugins/Editor/AudioCapture/Binaries/Win64/UE4Editor-AudioCapture.dll (API version 3709383).
LogModuleManager: Display: Found up-to-date module file ../../../Engine/Plugins/Editor/FacialAnimation/Binaries/Win64/UE4Editor-FacialAnimation.dll (API version 3709383).
LogModuleManager: Display: Found up-to-date module file ../../../Engine/Plugins/Editor/FacialAnimation/Binaries/Win64/UE4Editor-FacialAnimationEditor.dll (API version 3709383).
LogModuleManager: Display: Found up-to-date module file ../../../Engine/Plugins/Editor/GameplayTagsEditor/Binaries/Win64/UE4Editor-GameplayTagsEditor.dll (API version 3709383).
LogModuleManager: Display: Found up-to-date module file ../../../Engine/Plugins/Editor/MobileLauncherProfileWizard/Binaries/Win64/UE4Editor-MobileLauncherProfileWizard.dll (API version 3709383).
LogModuleManager: Display: Found up-to-date module file ../../../Engine/Plugins/Editor/PluginBrowser/Binaries/Win64/UE4Editor-PluginBrowser.dll (API version 3709383).
LogModuleManager: Display: Found up-to-date module file ../../../Engine/Plugins/Editor/SpeedTreeImporter/Binaries/Win64/UE4Editor-SpeedTreeImporter.dll (API version 3709383).
LogModuleManager: Display: Found up-to-date module file ../../../Engine/Plugins/Experimental/AlembicImporter/Binaries/Win64/UE4Editor-AlembicImporter.dll (API version 3709383).
LogModuleManager: Display: Found up-to-date module file ../../../Engine/Plugins/Experimental/AlembicImporter/Binaries/Win64/UE4Editor-AlembicLibrary.dll (API version 3709383).
LogModuleManager: Display: Found up-to-date module file ../../../Engine/Plugins/Experimental/CharacterAI/Binaries/Win64/UE4Editor-CharacterAI.dll (API version 3709383).
LogModuleManager: Display: Found up-to-date module file ../../../Engine/Plugins/Experimental/HTML5Networking/Binaries/Win64/UE4Editor-HTML5Networking.dll (API version 3709383).
LogModuleManager: Display: Found up-to-date module file ../../../Engine/Plugins/Media/AndroidMedia/Binaries/Win64/UE4Editor-AndroidMediaEditor.dll (API version 3709383).
LogModuleManager: Display: Found up-to-date module file ../../../Engine/Plugins/Media/AndroidMedia/Binaries/Win64/UE4Editor-AndroidMediaFactory.dll (API version 3709383).
LogModuleManager: Display: Found up-to-date module file ../../../Engine/Plugins/Media/AvfMedia/Binaries/Win64/UE4Editor-AvfMediaEditor.dll (API version 3709383).
LogModuleManager: Display: Found up-to-date module file ../../../Engine/Plugins/Media/AvfMedia/Binaries/Win64/UE4Editor-AvfMediaFactory.dll (API version 3709383).
LogModuleManager: Display: Found up-to-date module file ../../../Engine/Plugins/Media/AvfMedia/Binaries/Win64/UE4Editor-AvfMediaFactory.dll (API version 3709383).
LogModuleManager: Display: Found up-to-date module file ../../../Engine/Plugins/Media/ImgMedia/Binaries/Win64/UE4Editor-ImgMedia.dll (API version 3709383).
LogModuleManager: Display: Found up-to-date module file ../../../Engine/Plugins/Media/ImgMedia/Binaries/Win64/UE4Editor-ImgMediaEditor.dll (API version 3709383).
LogModuleManager: Display: Found up-to-date module file ../../../Engine/Plugins/Media/ImgMedia/Binaries/Win64/UE4Editor-ImgMediaFactory.dll (API version 3709383).
LogModuleManager: Display: Found up-to-date module file ../../../Engine/Plugins/Media/ImgMedia/Binaries/Win64/UE4Editor-ImgMediaFactory.dll (API version 3709383).
LogModuleManager: Display: Found up-to-date module file ../../../Engine/Plugins/Media/ImgMedia/Binaries/Win64/UE4Editor-OpenExrWrapper.dll (API version 3709383).
LogModuleManager: Display: Found up-to-date module file ../../../Engine/Plugins/Media/MediaCompositing/Binaries/Win64/UE4Editor-MediaCompositing.dll (API version 3709383).
LogModuleManager: Display: Found up-to-date module file ../../../Engine/Plugins/Media/MediaCompositing/Binaries/Win64/UE4Editor-MediaCompositingEditor.dll (API version 3709383).
LogModuleManager: Display: Found up-to-date module file ../../../Engine/Plugins/Media/MediaPlayerEditor/Binaries/Win64/UE4Editor-MediaPlayerEditor.dll (API version 3709383).
LogModuleManager: Display: Found up-to-date module file ../../../Engine/Plugins/Media/WmfMedia/Binaries/Win64/UE4Editor-WmfMedia.dll (API version 3709383).
LogModuleManager: Display: Found up-to-date module file ../../../Engine/Plugins/Media/WmfMedia/Binaries/Win64/UE4Editor-WmfMediaEditor.dll (API version 3709383).
LogModuleManager: Display: Found up-to-date module file ../../../Engine/Plugins/Media/WmfMedia/Binaries/Win64/UE4Editor-WmfMediaFactory.dll (API version 3709383).
LogModuleManager: Display: Found up-to-date module file ../../../Engine/Plugins/Media/WmfMedia/Binaries/Win64/UE4Editor-WmfMediaFactory.dll (API version 3709383).
LogModuleManager: Display: Found up-to-date module file ../../../Engine/Plugins/Messaging/TcpMessaging/Binaries/Win64/UE4Editor-TcpMessaging.dll (API version 3709383).
LogModuleManager: Display: Found up-to-date module file ../../../Engine/Plugins/Messaging/UdpMessaging/Binaries/Win64/UE4Editor-UdpMessaging.dll (API version 3709383).
LogModuleManager: Display: Found up-to-date module file ../../../Engine/Plugins/MovieScene/ActorSequence/Binaries/Win64/UE4Editor-ActorSequence.dll (API version 3709383).
LogModuleManager: Display: Found up-to-date module file ../../../Engine/Plugins/MovieScene/LevelSequenceEditor/Binaries/Win64/UE4Editor-LevelSequenceEditor.dll (API version 3709383).
LogModuleManager: Display: Found up-to-date module file ../../../Engine/Plugins/MovieScene/MatineeToLevelSequence/Binaries/Win64/UE4Editor-MatineeToLevelSequence.dll (API version 3709383).
LogModuleManager: Display: Found up-to-date module file ../../../Engine/Plugins/Online/OnlineSubsystem/Binaries/Win64/UE4Editor-OnlineSubsystem.dll (API version 3709383).
LogModuleManager: Display: Found up-to-date module file ../../../Engine/Plugins/Runtime/AndroidPermission/Binaries/Win64/UE4Editor-AndroidPermission.dll (API version 3709383).
LogModuleManager: Display: Found up-to-date module file ../../../Engine/Plugins/Online/OnlineSubsystemNull/Binaries/Win64/UE4Editor-OnlineSubsystemNull.dll (API version 3709383).
LogModuleManager: Display: Found up-to-date module file ../../../Engine/Plugins/Online/OnlineSubsystemUtils/Binaries/Win64/UE4Editor-OnlineSubsystemUtils.dll (API version 3709383).
LogModuleManager: Display: Found up-to-date module file ../../../Engine/Plugins/Online/OnlineSubsystemUtils/Binaries/Win64/UE4Editor-OnlineBlueprintSupport.dll (API version 3709383).
LogModuleManager: Display: Found up-to-date module file ../../../Engine/Plugins/Runtime/AndroidDeviceProfileSelector/Binaries/Win64/UE4Editor-AndroidDeviceProfileSelector.dll (API version 3709383).
LogModuleManager: Display: Found up-to-date module file ../../../Engine/Plugins/Runtime/AppleARKit/Binaries/Win64/UE4Editor-AppleARKit.dll (API version 3709383).
LogModuleManager: Display: Found up-to-date module file ../../../Engine/Plugins/Runtime/ArchVisCharacter/Binaries/Win64/UE4Editor-ArchVisCharacter.dll (API version 3709383).
LogModuleManager: Display: Found up-to-date module file ../../../Engine/Plugins/Runtime/CableComponent/Binaries/Win64/UE4Editor-CableComponent.dll (API version 3709383).
LogModuleManager: Display: Found up-to-date module file ../../../Engine/Plugins/Runtime/CustomMeshComponent/Binaries/Win64/UE4Editor-CustomMeshComponent.dll (API version 3709383).
LogModuleManager: Display: Found up-to-date module file ../../../Engine/Plugins/Runtime/ExampleDeviceProfileSelector/Binaries/Win64/UE4Editor-ExampleDeviceProfileSelector.dll (API version 3709383).
LogModuleManager: Display: Found up-to-date module file ../../../Engine/Plugins/Runtime/ImmediatePhysics/Binaries/Win64/UE4Editor-ImmediatePhysics.dll (API version 3709383).
LogModuleManager: Display: Found up-to-date module file ../../../Engine/Plugins/Runtime/ImmediatePhysics/Binaries/Win64/UE4Editor-ImmediatePhysicsEditor.dll (API version 3709383).
LogModuleManager: Display: Found up-to-date module file ../../../Engine/Plugins/Runtime/LocationServicesBPLibrary/Binaries/Win64/UE4Editor-LocationServicesBPLibrary.dll (API version 3709383).
LogModuleManager: Display: Found up-to-date module file ../../../Engine/Plugins/Runtime/MobilePatchingUtils/Binaries/Win64/UE4Editor-MobilePatchingUtils.dll (API version 3709383).
LogModuleManager: Display: Found up-to-date module file ../../../Engine/Plugins/Runtime/Oculus/OculusVR/Binaries/Win64/UE4Editor-OculusHMD.dll (API version 3709383).
LogModuleManager: Display: Found up-to-date module file ../../../Engine/Plugins/Runtime/Oculus/OculusVR/Binaries/Win64/UE4Editor-OculusInput.dll (API version 3709383).
LogModuleManager: Display: Found up-to-date module file ../../../Engine/Plugins/Runtime/Oculus/OculusVR/Binaries/Win64/UE4Editor-OculusEditor.dll (API version 3709383).
LogModuleManager: Display: Found up-to-date module file ../../../Engine/Plugins/Runtime/PhysXVehicles/Binaries/Win64/UE4Editor-PhysXVehicles.dll (API version 3709383).
LogModuleManager: Display: Found up-to-date module file ../../../Engine/Plugins/Runtime/PhysXVehicles/Binaries/Win64/UE4Editor-PhysXVehiclesEditor.dll (API version 3709383).
LogModuleManager: Display: Found up-to-date module file ../../../Engine/Plugins/Runtime/ProceduralMeshComponent/Binaries/Win64/UE4Editor-ProceduralMeshComponent.dll (API version 3709383).
LogModuleManager: Display: Found up-to-date module file ../../../Engine/Plugins/Runtime/ProceduralMeshComponent/Binaries/Win64/UE4Editor-ProceduralMeshComponentEditor.dll (API version 3709383).
LogModuleManager: Display: Found up-to-date module file ../../../Engine/Plugins/Runtime/RuntimePhysXCooking/Binaries/Win64/UE4Editor-RuntimePhysXCooking.dll (API version 3709383).
LogModuleManager: Display: Found up-to-date module file ../../../Engine/Plugins/Runtime/Steam/SteamVR/Binaries/Win64/UE4Editor-SteamVR.dll (API version 3709383).
LogModuleManager: Display: Found up-to-date module file ../../../Engine/Plugins/Runtime/Steam/SteamVR/Binaries/Win64/UE4Editor-SteamVRController.dll (API version 3709383).
LogModuleManager: Display: Found up-to-date module file ../../../Engine/Plugins/Runtime/WindowsMoviePlayer/Binaries/Win64/UE4Editor-WindowsMoviePlayer.dll (API version 3709383).
LogPluginManager: Mounting plugin Paper2D
LogPluginManager: Mounting plugin LightPropagationVolume
LogPluginManager: Mounting plugin CodeLiteSourceCodeAccess
LogPluginManager: Mounting plugin GitSourceControl
LogPluginManager: Mounting plugin KDevelopSourceCodeAccess
LogPluginManager: Mounting plugin NullSourceCodeAccess
LogPluginManager: Mounting plugin PerforceSourceControl
LogPluginManager: Mounting plugin SubversionSourceControl
LogPluginManager: Mounting plugin UObjectPlugin
LogPluginManager: Mounting plugin VisualStudioCodeSourceCodeAccess
LogPluginManager: Mounting plugin VisualStudioSourceCodeAccess
LogPluginManager: Mounting plugin XCodeSourceCodeAccess
LogPluginManager: Mounting plugin AssetManagerEditor
LogPluginManager: Mounting plugin AudioCapture
LogPluginManager: Mounting plugin FacialAnimation
LogPluginManager: Mounting plugin GameplayTagsEditor
LogPluginManager: Mounting plugin MobileLauncherProfileWizard
LogPluginManager: Mounting plugin PluginBrowser
LogPluginManager: Mounting plugin SpeedTreeImporter
LogPluginManager: Mounting plugin AlembicImporter
LogPluginManager: Mounting plugin CharacterAI
LogPluginManager: Mounting plugin HTML5Networking
LogPluginManager: Mounting plugin RootMotionExtractor
LogPluginManager: Mounting plugin AndroidMedia
LogPluginManager: Mounting plugin AvfMedia
LogPluginManager: Mounting plugin ImgMedia
LogPluginManager: Mounting plugin MediaCompositing
LogPluginManager: Mounting plugin MediaPlayerEditor
LogPluginManager: Mounting plugin WmfMedia
LogPluginManager: Mounting plugin TcpMessaging
LogPluginManager: Mounting plugin UdpMessaging
LogPluginManager: Mounting plugin ActorSequence
LogPluginManager: Mounting plugin LevelSequenceEditor
LogPluginManager: Mounting plugin MatineeToLevelSequence
LogPluginManager: Mounting plugin OnlineSubsystemGooglePlay
LogPluginManager: Mounting plugin OnlineSubsystemIOS
LogPluginManager: Mounting plugin OnlineSubsystem
LogPluginManager: Mounting plugin OnlineSubsystemNull
LogPluginManager: Mounting plugin OnlineSubsystemUtils
LogPluginManager: Mounting plugin AndroidDeviceProfileSelector
LogPluginManager: Mounting plugin AndroidMoviePlayer
LogPluginManager: Mounting plugin AndroidPermission
LogPluginManager: Mounting plugin AppleARKit
LogPluginManager: Mounting plugin AppleMoviePlayer
LogPluginManager: Mounting plugin ArchVisCharacter
LogPluginManager: Mounting plugin CableComponent
LogPluginManager: Mounting plugin CustomMeshComponent
LogPluginManager: Mounting plugin ExampleDeviceProfileSelector
LogPluginManager: Mounting plugin GoogleCloudMessaging
LogPluginManager: Mounting plugin ImmediatePhysics
LogPluginManager: Mounting plugin IOSDeviceProfileSelector
LogPluginManager: Mounting plugin LinuxDeviceProfileSelector
LogPluginManager: Mounting plugin LocationServicesBPLibrary
LogPluginManager: Mounting plugin MobilePatchingUtils
LogPluginManager: Mounting plugin OculusVR
LogPluginManager: Plugin shader directory ../../../Engine/Plugins/Runtime/Oculus/OculusVR/Shaders found
LogPluginManager: Mapping shader source directory ../../../Engine/Plugins/Runtime/Oculus/OculusVR/Shaders to virtual directory /Plugin/OculusVR
LogPluginManager: Mounting plugin PhysXVehicles
LogPluginManager: Mounting plugin ProceduralMeshComponent
LogPluginManager: Mounting plugin RuntimePhysXCooking
LogPluginManager: Mounting plugin SteamVR
LogPluginManager: Mounting plugin WindowsMoviePlayer
LogInit: Using libcurl 7.47.1
LogInit:  - built for x86_64-pc-win32
LogInit:  - supports SSL with OpenSSL/1.0.2g
LogInit:  - supports HTTP deflate (compression) using libz 1.2.8
LogInit:  - other features:
LogInit:      CURL_VERSION_SSL
LogInit:      CURL_VERSION_LIBZ
LogInit:      CURL_VERSION_IPV6
LogInit:      CURL_VERSION_ASYNCHDNS
LogInit:      CURL_VERSION_LARGEFILE
LogInit:      CURL_VERSION_IDN
LogInit:  CurlRequestOptions (configurable via config and command line):
LogInit:  - bVerifyPeer = false  - Libcurl will NOT verify peer certificate
LogInit:  - bUseHttpProxy = false  - Libcurl will NOT use HTTP proxy
LogInit:  - bDontReuseConnections = false  - Libcurl will reuse connections
LogInit:  - CertBundlePath = nullptr  - Libcurl will use whatever was configured at build time.
LogInit: Build: ++UE4+Release-4.18-CL-3832480
LogInit: Engine Version: 4.18.3-3832480+++UE4+Release-4.18
LogInit: Compatible Engine Version: 4.18.0-3709383+++UE4+Release-4.18
LogInit: Net CL: 3709383
LogDevObjectVersion: Number of dev versions registered: 16
LogDevObjectVersion:   Dev-Blueprints (B0D832E4-1F89-4F0D-ACCF-7EB736FD4AA2): 10
LogDevObjectVersion:   Dev-Build (E1C64328-A22C-4D53-A36C-8E866417BD8C): 0
LogDevObjectVersion:   Dev-Core (375EC13C-06E4-48FB-B500-84F0262A717E): 2
LogDevObjectVersion:   Dev-Editor (E4B068ED-F494-42E9-A231-DA0B2E46BB41): 20
LogDevObjectVersion:   Dev-Framework (CFFC743F-43B0-4480-9391-14DF171D2073): 30
LogDevObjectVersion:   Dev-Mobile (B02B49B5-BB20-44E9-A304-32B752E40360): 0
LogDevObjectVersion:   Dev-Networking (A4E4105C-59A1-49B5-A7C5-40C4547EDFEE): 0
LogDevObjectVersion:   Dev-Online (39C831C9-5AE6-47DC-9A44-9C173E1C8E7C): 0
LogDevObjectVersion:   Dev-Physics (78F01B33-EBEA-4F98-B9B4-84EACCB95AA2): 0
LogDevObjectVersion:   Dev-Platform (6631380F-2D4D-43E0-8009-CF276956A95A): 0
LogDevObjectVersion:   Dev-Rendering (12F88B9F-8875-4AFC-A67C-D90C383ABD29): 20
LogDevObjectVersion:   Dev-Sequencer (7B5AE74C-D270-4C10-A958-57980B212A5A): 4
LogDevObjectVersion:   Dev-VR (D7296918-1DD6-4BDD-9DE2-64A83CC13884): 0
LogDevObjectVersion:   Dev-LoadTimes (C2A15278-BFE7-4AFE-6C17-90FF531DF755): 1
LogDevObjectVersion:   Private-Geometry (6EACA3D4-40EC-4CC1-B786-8BED09428FC5): 1
LogDevObjectVersion:   Dev-AnimPhys (29E575DD-E0A3-4627-9D10-D276232CDCEA): 12
LogInit: Compiled (64-bit): Jan 12 2018 02:04:55
LogInit: Compiled with Visual C++: 19.00.24215.01
LogInit: Build Configuration: Development
LogInit: Branch Name: ++UE4+Release-4.18
LogInit: Command line: 
LogInit: Base directory: E:/GameDev/Unreal/Engine/UE_4.18/Engine/Binaries/Win64/
LogInit: Installed Engine Build: 1
LogInit: Presizing for max 8388607 objects, including 0 objects not considered by GC, pre-allocating 0 bytes for permanent pool.
LogInit: Object subsystem initialized
[2020.08.10-07.06.52:401][  0]LogInit: Selected Device Profile: [Windows]
[2020.08.10-07.06.52:401][  0]LogInit: Applying CVar settings loaded from the selected device profile: [Windows]
[2020.08.10-07.06.52:528][  0]LogInit: Computer: ISHRAQ-PC
[2020.08.10-07.06.52:528][  0]LogInit: User: farha
[2020.08.10-07.06.52:528][  0]LogInit: CPU Page size=4096, Cores=2
[2020.08.10-07.06.52:528][  0]LogInit: High frequency timer resolution =10.000000 MHz
[2020.08.10-07.06.52:528][  0]LogMemory: Memory total: Physical=3.9GB (4GB approx)
[2020.08.10-07.06.52:528][  0]LogMemory: Platform Memory Stats for Windows
[2020.08.10-07.06.52:528][  0]LogMemory: Process Physical Memory: 274.26 MB used, 274.26 MB peak
[2020.08.10-07.06.52:528][  0]LogMemory: Process Virtual Memory: 276.16 MB used, 276.16 MB peak
[2020.08.10-07.06.52:528][  0]LogMemory: Physical Memory: 1927.04 MB used,  2049.97 MB free, 3977.01 MB total
[2020.08.10-07.06.52:528][  0]LogMemory: Virtual Memory: 4766.74 MB used,  2049.97 MB free, 134217728.00 MB total
[2020.08.10-07.06.53:412][  0]LogInit: Using OS detected language (en-US).
[2020.08.10-07.06.53:412][  0]LogInit: Using OS detected locale (en-US).
[2020.08.10-07.06.53:586][  0]LogTextLocalizationManager: No specific localization for 'en-US' exists, so the 'en' localization will be used.
[2020.08.10-07.06.54:755][  0]LogInit: Setting process to per monitor DPI aware
[2020.08.10-07.07.01:948][  0]LogD3D11RHI: D3D11 adapters:
[2020.08.10-07.07.01:957][  0]LogD3D11RHI:    0. 'Intel(R) HD Graphics 3000' (Feature Level 10_0)
[2020.08.10-07.07.01:957][  0]LogD3D11RHI:       32/0/1632 MB DedicatedVideo/DedicatedSystem/SharedSystem, Outputs:1, VendorId:0x8086
[2020.08.10-07.07.02:032][  0]LogD3D11RHI:    1. 'Microsoft Basic Render Driver' (Feature Level 11_0)
[2020.08.10-07.07.02:032][  0]LogD3D11RHI:       0/0/1988 MB DedicatedVideo/DedicatedSystem/SharedSystem, Outputs:0, VendorId:0x1414
[2020.08.10-07.07.02:032][  0]LogD3D11RHI: Chosen D3D11 Adapter: 0
[2020.08.10-07.07.02:064][  0]LogD3D11RHI: Creating new Direct3DDevice
[2020.08.10-07.07.02:068][  0]LogD3D11RHI:     GPU DeviceId: 0x126 (for the marketing name, search the web for "GPU Device Id")
[2020.08.10-07.07.02:069][  0]LogWindows: EnumDisplayDevices:
[2020.08.10-07.07.02:069][  0]LogWindows:    0. 'Intel(R) HD Graphics 3000' (P:1 D:1)
[2020.08.10-07.07.02:069][  0]LogWindows:    1. 'Intel(R) HD Graphics 3000' (P:0 D:0)
[2020.08.10-07.07.02:069][  0]LogWindows: DebugString: GetVideoDriverDetailsInvalid PrimaryIsNotTheChoosenAdapter GetVideoDriverDetailsInvalid PrimaryIsNotTheChoosenAdapter FoundDriverCount:0 
[2020.08.10-07.07.02:069][  0]LogD3D11RHI:     Adapter Name: Intel(R) HD Graphics 3000
[2020.08.10-07.07.02:069][  0]LogD3D11RHI:   Driver Version: Unknown (internal:Unknown, unified:Unknown)
[2020.08.10-07.07.02:069][  0]LogD3D11RHI:      Driver Date: Unknown
[2020.08.10-07.07.02:069][  0]LogRHI: Texture pool is 593 MB (70% of 848 MB)
[2020.08.10-07.07.02:073][  0]LogD3D11RHI: Async texture creation enabled
[2020.08.10-07.07.02:093][  0]LogD3D11RHI: GPU Timing Frequency: 12.500000 (Debug: 2 1)
[2020.08.10-07.07.02:093][  0]LogShaderCompilers: Guid format shader working directory is -3 characters bigger than the processId version (../../../../../GITHUB/vigilance_4.18/Vigilance418/Intermediate/Shaders/WorkingDirectory/6800/).
[2020.08.10-07.07.02:094][  0]LogShaderCompilers: Cleaned the shader compiler working directory 'C:/Users/farha/AppData/Local/Temp/UnrealShaderWorkingDir/127EA9234F2BAB4413159E973F2A976E/'.
[2020.08.10-07.07.02:094][  0]LogShaderCompilers: Display: Using Local Shader Compiler.
[2020.08.10-07.07.10:691][  0]LogTemp: Display: Loaded TP AllDesktopTargetPlatform
[2020.08.10-07.07.10:763][  0]LogTemp: Display: Loaded TP MacClientTargetPlatform
[2020.08.10-07.07.10:833][  0]LogTemp: Display: Loaded TP MacNoEditorTargetPlatform
[2020.08.10-07.07.10:904][  0]LogTemp: Display: Loaded TP MacServerTargetPlatform
[2020.08.10-07.07.10:994][  0]LogTemp: Display: Loaded TP MacTargetPlatform
[2020.08.10-07.07.11:093][  0]LogTemp: Display: Loaded TP WindowsClientTargetPlatform
[2020.08.10-07.07.11:166][  0]LogTemp: Display: Loaded TP WindowsNoEditorTargetPlatform
[2020.08.10-07.07.11:240][  0]LogTemp: Display: Loaded TP WindowsServerTargetPlatform
[2020.08.10-07.07.11:329][  0]LogTemp: Display: Loaded TP WindowsTargetPlatform
[2020.08.10-07.07.11:425][  0]LogTemp: Display: Loaded TP Android_ASTCTargetPlatform
[2020.08.10-07.07.11:513][  0]LogTemp: Display: Loaded TP Android_ATCTargetPlatform
[2020.08.10-07.07.11:608][  0]LogTemp: Display: Loaded TP Android_DXTTargetPlatform
[2020.08.10-07.07.11:678][  0]LogTemp: Display: Loaded TP Android_ETC1TargetPlatform
[2020.08.10-07.07.11:761][  0]LogTemp: Display: Loaded TP Android_ETC2TargetPlatform
[2020.08.10-07.07.11:922][  0]LogTemp: Display: Loaded TP Android_MultiTargetPlatform
[2020.08.10-07.07.11:922][  0]LogTemp: Display: Loaded TP Android_PVRTCTargetPlatform
[2020.08.10-07.07.12:071][  0]LogTemp: Display: Loaded TP AndroidTargetPlatform
[2020.08.10-07.07.12:138][  0]LogTemp: Display: Loaded TP HTML5TargetPlatform
[2020.08.10-07.07.12:380][  0]LogTemp: Display: Loaded TP IOSTargetPlatform
[2020.08.10-07.07.12:419][  0]LogTemp: Display: Loaded TP TVOSTargetPlatform
[2020.08.10-07.07.12:508][  0]LogTemp: Display: Loaded TP LinuxClientTargetPlatform
[2020.08.10-07.07.12:594][  0]LogTemp: Display: Loaded TP LinuxNoEditorTargetPlatform
[2020.08.10-07.07.12:834][  0]LogTemp: Display: Loaded TP LinuxServerTargetPlatform
[2020.08.10-07.07.12:922][  0]LogTemp: Display: Loaded TP LinuxTargetPlatform
[2020.08.10-07.07.12:922][  0]LogTargetPlatformManager: Display: Building Assets For Windows
[2020.08.10-07.07.14:150][  0]LogDerivedDataCache: Display: Max Cache Size: 512 MB
[2020.08.10-07.07.15:349][  0]LogDerivedDataCache: Loaded boot cache 1.20s 75MB C:/Users/farha/AppData/Local/UnrealEngine/4.18/DerivedDataCache/Boot.ddc.
[2020.08.10-07.07.15:349][  0]LogDerivedDataCache: Display: Loaded Boot cache: C:/Users/farha/AppData/Local/UnrealEngine/4.18/DerivedDataCache/Boot.ddc
[2020.08.10-07.07.15:349][  0]LogDerivedDataCache: FDerivedDataBackendGraph:  Pak pak cache file ../../../../../GITHUB/vigilance_4.18/Vigilance418/DerivedDataCache/DDC.ddp not found, will not use a pak cache.
[2020.08.10-07.07.15:350][  0]LogDerivedDataCache: Unable to find inner node Pak for hierarchical cache Hierarchy.
[2020.08.10-07.07.15:350][  0]LogDerivedDataCache: FDerivedDataBackendGraph:  CompressedPak pak cache file ../../../../../GITHUB/vigilance_4.18/Vigilance418/DerivedDataCache/Compressed.ddp not found, will not use a pak cache.
[2020.08.10-07.07.15:350][  0]LogDerivedDataCache: Unable to find inner node CompressedPak for hierarchical cache Hierarchy.
[2020.08.10-07.07.15:410][  0]LogDerivedDataCache: Display: Pak cache opened for reading ../../../Engine/DerivedDataCache/Compressed.ddp.
[2020.08.10-07.07.15:441][  0]LogDerivedDataCache: Using Local data cache path C:/Users/farha/AppData/Local/UnrealEngine/Common/DerivedDataCache: Writable
[2020.08.10-07.07.15:449][  0]LogMaterial: Verifying Global Shaders for PCD3D_SM4
[2020.08.10-07.07.15:449][  0]LogSlate: Using Freetype 2.6.0
[2020.08.10-07.07.15:450][  0]LogSlate: SlateFontCache - WITH_FREETYPE: 1, WITH_HARFBUZZ: 1
[2020.08.10-07.07.15:450][  0]LogSlate: SlateFontCache - WITH_FREETYPE: 1, WITH_HARFBUZZ: 1
[2020.08.10-07.07.22:671][  0]LogInit: Selected Device Profile: [Windows]
[2020.08.10-07.07.23:781][  0]LogSimplygon: Simplygon DLL not present - disabling.
[2020.08.10-07.07.23:852][  0]LogMeshReduction: Using SimplygonSwarm for distributed automatic mesh merging
[2020.08.10-07.07.23:852][  0]LogMeshReduction: Using QuadricMeshReduction for automatic static mesh reduction
[2020.08.10-07.07.23:852][  0]LogMeshReduction: No automatic skeletal mesh reduction module available
[2020.08.10-07.07.23:852][  0]LogMeshReduction: No automatic mesh merging module available
[2020.08.10-07.07.23:852][  0]LogMeshMerging: No automatic mesh merging module available
[2020.08.10-07.07.24:013][  0]LogNetVersion: Vigilance418 , NetCL: 3709383, EngineNetVer: 2, GameNetVer: 0 (Checksum: 63410103)
[2020.08.10-07.07.25:012][  0]LogAssetRegistry: FAssetRegistry took 0.0284 seconds to start up
[2020.08.10-07.07.34:733][  0]LogPackageLocalizationCache: Processed 7 localized package path(s) for 2 prioritized culture(s) in 0.303501 seconds
[2020.08.10-07.07.34:740][  0]LogUObjectArray: 35870 objects as part of root set at end of initial load.
[2020.08.10-07.07.34:740][  0]LogUObjectAllocator: 7363696 out of 0 bytes used by permanent object pool.
[2020.08.10-07.07.34:740][  0]LogUObjectArray: CloseDisregardForGC: 0/0 objects in disregard for GC pool
[2020.08.10-07.07.34:856][  0]LogInit: WinSock: version 1.1 (2.2), MaxSocks=32767, MaxUdp=65467
[2020.08.10-07.07.54:589][  0]LogTcpMessaging: Initializing TcpMessaging bridge
[2020.08.10-07.07.54:676][  0]LogUdpMessaging: Initializing bridge on interface 0.0.0.0:0 to multicast group 230.0.0.1:6666.
[2020.08.10-07.07.56:532][  0]LogMaterial: Uniform references updated for custom material expression Custom.
[2020.08.10-07.07.57:670][  0]SourceControl: Source control is disabled
[2020.08.10-07.07.57:670][  0]SourceControl: Source control is disabled
[2020.08.10-07.07.57:835][  0]SourceControl: Source control is disabled
[2020.08.10-07.07.57:945][  0]SourceControl: Source control is disabled
[2020.08.10-07.08.01:111][  0]LogAndroidPermission: UAndroidPermissionCallbackProxy::GetInstance
[2020.08.10-07.08.01:548][  0]LogOcInput: OculusInput pre-init called
[2020.08.10-07.08.02:121][  0]LogEngine: Initializing Engine...
[2020.08.10-07.08.02:125][  0]LogHMD: Failed to initialize OpenVR with code 110
[2020.08.10-07.08.03:129][  0]LogStats: UGameplayTagsManager::ConstructGameplayTagTree: Construct from data asset -  0.000 s
[2020.08.10-07.08.03:130][  0]LogStats: UGameplayTagsManager::ConstructGameplayTagTree: GameplayTagTreeChangedEvent.Broadcast -  0.000 s
[2020.08.10-07.08.03:336][  0]LogAIModule: Creating AISystem for world Untitled
[2020.08.10-07.08.03:380][  0]LogInit: XAudio2 using 'Speakers (2- High Definition Audio Device)' : 2 channels at 48 kHz using 16 bits per sample (channel mask 0x3)
[2020.08.10-07.08.03:520][  0]LogInit: FAudioDevice initialized.
[2020.08.10-07.08.04:222][  0]LogDerivedDataCache: Saved boot cache 0.70s 75MB C:/Users/farha/AppData/Local/UnrealEngine/4.18/DerivedDataCache/Boot.ddc.
[2020.08.10-07.08.04:243][  0]LogInit: Texture streaming: Enabled
[2020.08.10-07.08.04:446][  0]LogEngineSessionManager: EngineSessionManager initialized
[2020.08.10-07.08.04:468][  0]LogEngineSessionManager: EngineSessionManager sent abnormal shutdown report. Type=Crashed, SessionId={882DE4DA-4C62-4303-0B21-0998168D3F05}
[2020.08.10-07.08.04:672][  0]LogInit: Transaction tracking system initialized
[2020.08.10-07.08.05:525][  0]BlueprintLog: New page: Editor Load
[2020.08.10-07.08.07:206][  0]LocalizationService: Localization service is disabled
[2020.08.10-07.08.09:494][  0]LogConsoleResponse: Display: 
[2020.08.10-07.08.12:079][  0]LogCook: Display: Max memory allowance for cook 16384mb min free memory 0mb
[2020.08.10-07.08.12:079][  0]LogCook: Display: Mobile HDR setting 1
[2020.08.10-07.08.12:079][  0]LogGameplayTags: Display: UGameplayTagsManager::DoneAddingNativeTags. DelegateIsBound: 0
[2020.08.10-07.08.13:418][  0]LogFileCache: Scanning file cache for directory 'E:/GameDev/Unreal/GITHUB/vigilance_4.18/Vigilance418/Content/' took 0.30s
[2020.08.10-07.08.15:147][  0]SourceControl: Source control is disabled
[2020.08.10-07.08.15:147][  0]Cmd: MAP LOAD FILE="../../../../../GITHUB/vigilance_4.18/Vigilance418/Content/Maps/DemoTestMap.umap" TEMPLATE=0 SHOWPROGRESS=1 FEATURELEVEL=2
[2020.08.10-07.08.15:147][  0]LightingResults: New page: Lighting Build
[2020.08.10-07.08.15:203][  0]MapCheck: New page: Map Check
[2020.08.10-07.08.15:203][  0]LightingResults: New page: Lighting Build
[2020.08.10-07.08.40:851][  0]LogAIModule: Creating AISystem for world DemoTestMap
[2020.08.10-07.08.40:958][  0]LogEditorServer: Finished looking for orphan Actors (0.000 secs)
[2020.08.10-07.08.41:168][  0]Cmd: MAP CHECKDEP NOCLEARLOG
[2020.08.10-07.08.41:269][  0]MapCheck: Map check complete: 0 Error(s), 0 Warning(s), took 100.844ms to complete.
[2020.08.10-07.08.41:270][  0]LogFileHelpers: Loading map 'DemoTestMap' took 26.122
[2020.08.10-07.08.41:855][  0]LogCollectionManager: Loaded 0 collections in 0.013973 seconds
[2020.08.10-07.08.41:951][  0]LogFileCache: Scanning file cache for directory 'E:/GameDev/Unreal/GITHUB/vigilance_4.18/Vigilance418/Saved/Collections/' took 0.01s
[2020.08.10-07.08.41:951][  0]LogFileCache: Scanning file cache for directory 'E:/GameDev/Unreal/GITHUB/vigilance_4.18/Vigilance418/Content/Developers/farha/Collections/' took 0.01s
[2020.08.10-07.08.41:951][  0]LogFileCache: Scanning file cache for directory 'E:/GameDev/Unreal/GITHUB/vigilance_4.18/Vigilance418/Content/Collections/' took 0.01s
[2020.08.10-07.08.41:951][  0]LogCollectionManager: Rebuilt the GUID cache for 0 collections in 0.000001 seconds
[2020.08.10-07.08.41:963][  0]LogContentBrowser: Native class hierarchy populated in 0.0123 seconds. Added 2364 classes and 521 folders.
[2020.08.10-07.08.42:051][  0]LogContentBrowser: Native class hierarchy updated for 'WidgetCarousel' in 0.0004 seconds. Added 0 classes and 0 folders.
[2020.08.10-07.08.43:250][  0]LogContentBrowser: Native class hierarchy updated for 'AddContentDialog' in 0.0003 seconds. Added 0 classes and 0 folders.
[2020.08.10-07.08.43:256][  0]LogSlate: Took 0.000303 seconds to synchronously load lazily loaded font '../../../Engine/Content/Slate/Fonts/Roboto-Regular.ttf' (155K)
[2020.08.10-07.08.43:264][  0]LogSlate: Took 0.000850 seconds to synchronously load lazily loaded font '../../../Engine/Content/Slate/Fonts/Roboto-Bold.ttf' (160K)
[2020.08.10-07.08.43:699][  0]LogRenderer: Reallocating scene render targets to support 1012x656 Format 9 NumSamples 1 (Frame:1).
[2020.08.10-07.08.44:756][  0]LogContentBrowser: Native class hierarchy updated for 'HierarchicalLODOutliner' in 0.0005 seconds. Added 1 classes and 2 folders.
[2020.08.10-07.08.44:756][  0]LogLoad: (Engine Initialization) Total time: 130.37 seconds
[2020.08.10-07.08.44:756][  0]LogLoad: (Engine Initialization) Total Blueprint compile time: 0.00 seconds
[2020.08.10-07.08.44:756][  0]LogExternalProfiler: No external profilers were discovered.  External profiling features will not be available.
[2020.08.10-07.08.44:802][  0]LogContentStreaming: Texture pool size now 800 MB
[2020.08.10-07.08.47:339][  3]LogSlate: Took 0.366089 seconds to synchronously load lazily loaded font '../../../Engine/Content/Slate/Fonts/Roboto-Light.ttf' (159K)
[2020.08.10-07.08.47:352][  4]LogAssetRegistry: Asset discovery search completed in 82.3633 seconds
[2020.08.10-07.08.47:362][  4]LogCollectionManager: Rebuilt the object cache for 0 collections in 0.000001 seconds (found 0 objects)
[2020.08.10-07.08.47:362][  4]LogCollectionManager: Fixed up redirectors for 0 collections in 0.000106 seconds (updated 0 objects)
[2020.08.10-07.08.56:202][524]LogSlate: Took 0.000246 seconds to synchronously load lazily loaded font '../../../Engine/Content/Slate/Fonts/Roboto-Light.ttf' (159K)
[2020.08.10-07.08.56:698][524]LogContentBrowser: Native class hierarchy updated for 'BlueprintGraph' in 0.0008 seconds. Added 116 classes and 0 folders.
[2020.08.10-07.08.58:094][524]LogSlate: Took 0.019475 seconds to synchronously load lazily loaded font '../../../Engine/Content/Editor/Slate/Fonts/FontAwesome.ttf' (139K)
[2020.08.10-07.08.58:119][524]LogSlate: Took 0.023286 seconds to synchronously load lazily loaded font '../../../Engine/Content/Editor/Slate/Fonts/Roboto-BoldCondensed.ttf' (158K)
[2020.08.10-07.09.09:635][525]LogSlate: Took 0.082007 seconds to synchronously load lazily loaded font '../../../Engine/Content/Editor/Slate/Fonts/Roboto-Italic.ttf' (157K)
[2020.08.10-07.10.36:405][751]BlueprintLog: New page: Compile Player_CharacterBP
[2020.08.10-07.10.39:183][751]LogScript: Warning: Accessed None trying to read property Player Ref
	Player_AnimBP_C /Game/Maps/DemoTestMap.DemoTestMap:PersistentLevel.Player_CharacterBP_407.CharacterMesh0.Player_AnimBP_C_1
	Function /Game/Blueprints/PlayerBlueprint/Player_AnimBP.Player_AnimBP_C:ExecuteUbergraph_Player_AnimBP:1D84
[2020.08.10-07.10.39:183][751]LogScript: Warning: Accessed None trying to read property Player Ref
	Player_AnimBP_C /Game/Maps/DemoTestMap.DemoTestMap:PersistentLevel.Player_CharacterBP_407.CharacterMesh0.Player_AnimBP_C_1
	Function /Game/Blueprints/PlayerBlueprint/Player_AnimBP.Player_AnimBP_C:ExecuteUbergraph_Player_AnimBP:1DB7
[2020.08.10-07.10.39:183][751]LogScript: Warning: Accessed None trying to read property Player Ref
	Player_AnimBP_C /Game/Maps/DemoTestMap.DemoTestMap:PersistentLevel.Player_CharacterBP_407.CharacterMesh0.Player_AnimBP_C_1
	Function /Game/Blueprints/PlayerBlueprint/Player_AnimBP.Player_AnimBP_C:ExecuteUbergraph_Player_AnimBP:1DE2
[2020.08.10-07.10.39:184][751]LogScript: Warning: Accessed None trying to read property Player Ref
	Player_AnimBP_C /Game/Maps/DemoTestMap.DemoTestMap:PersistentLevel.Player_CharacterBP_407.CharacterMesh0.Player_AnimBP_C_1
	Function /Game/Blueprints/PlayerBlueprint/Player_AnimBP.Player_AnimBP_C:ExecuteUbergraph_Player_AnimBP:1E0D
[2020.08.10-07.10.39:184][751]LogScript: Warning: Accessed None trying to read property Player Ref
	Player_AnimBP_C /Game/Maps/DemoTestMap.DemoTestMap:PersistentLevel.Player_CharacterBP_407.CharacterMesh0.Player_AnimBP_C_1
	Function /Game/Blueprints/PlayerBlueprint/Player_AnimBP.Player_AnimBP_C:ExecuteUbergraph_Player_AnimBP:1E40
[2020.08.10-07.10.39:184][751]LogScript: Warning: Accessed None trying to read property Player Ref
	Player_AnimBP_C /Game/Maps/DemoTestMap.DemoTestMap:PersistentLevel.Player_CharacterBP_407.CharacterMesh0.Player_AnimBP_C_1
	Function /Game/Blueprints/PlayerBlueprint/Player_AnimBP.Player_AnimBP_C:ExecuteUbergraph_Player_AnimBP:1E6B
[2020.08.10-07.10.39:184][751]LogScript: Warning: Accessed None trying to read property Player Ref
	Player_AnimBP_C /Game/Maps/DemoTestMap.DemoTestMap:PersistentLevel.Player_CharacterBP_407.CharacterMesh0.Player_AnimBP_C_1
	Function /Game/Blueprints/PlayerBlueprint/Player_AnimBP.Player_AnimBP_C:ExecuteUbergraph_Player_AnimBP:1E96
[2020.08.10-07.10.39:184][751]LogScript: Warning: Accessed None trying to read property Player Ref
	Player_AnimBP_C /Game/Maps/DemoTestMap.DemoTestMap:PersistentLevel.Player_CharacterBP_407.CharacterMesh0.Player_AnimBP_C_1
	Function /Game/Blueprints/PlayerBlueprint/Player_AnimBP.Player_AnimBP_C:ExecuteUbergraph_Player_AnimBP:05F2
[2020.08.10-07.10.39:187][751]LogScript: Warning: Accessed None trying to read property Player Ref
	Player_AnimBP_C /Engine/Transient.World_0:PersistentLevel.Player_CharacterBP_C_0.CharacterMesh0.Player_AnimBP_C_1
	Function /Game/Blueprints/PlayerBlueprint/Player_AnimBP.Player_AnimBP_C:ExecuteUbergraph_Player_AnimBP:1D84
[2020.08.10-07.10.39:187][751]LogScript: Warning: Accessed None trying to read property Player Ref
	Player_AnimBP_C /Engine/Transient.World_0:PersistentLevel.Player_CharacterBP_C_0.CharacterMesh0.Player_AnimBP_C_1
	Function /Game/Blueprints/PlayerBlueprint/Player_AnimBP.Player_AnimBP_C:ExecuteUbergraph_Player_AnimBP:1DB7
[2020.08.10-07.10.39:187][751]LogScript: Warning: Accessed None trying to read property Player Ref
	Player_AnimBP_C /Engine/Transient.World_0:PersistentLevel.Player_CharacterBP_C_0.CharacterMesh0.Player_AnimBP_C_1
	Function /Game/Blueprints/PlayerBlueprint/Player_AnimBP.Player_AnimBP_C:ExecuteUbergraph_Player_AnimBP:1DE2
[2020.08.10-07.10.39:187][751]LogScript: Warning: Accessed None trying to read property Player Ref
	Player_AnimBP_C /Engine/Transient.World_0:PersistentLevel.Player_CharacterBP_C_0.CharacterMesh0.Player_AnimBP_C_1
	Function /Game/Blueprints/PlayerBlueprint/Player_AnimBP.Player_AnimBP_C:ExecuteUbergraph_Player_AnimBP:1E0D
[2020.08.10-07.10.39:187][751]LogScript: Warning: Accessed None trying to read property Player Ref
	Player_AnimBP_C /Engine/Transient.World_0:PersistentLevel.Player_CharacterBP_C_0.CharacterMesh0.Player_AnimBP_C_1
	Function /Game/Blueprints/PlayerBlueprint/Player_AnimBP.Player_AnimBP_C:ExecuteUbergraph_Player_AnimBP:1E40
[2020.08.10-07.10.39:187][751]LogScript: Warning: Accessed None trying to read property Player Ref
	Player_AnimBP_C /Engine/Transient.World_0:PersistentLevel.Player_CharacterBP_C_0.CharacterMesh0.Player_AnimBP_C_1
	Function /Game/Blueprints/PlayerBlueprint/Player_AnimBP.Player_AnimBP_C:ExecuteUbergraph_Player_AnimBP:1E6B
[2020.08.10-07.10.39:187][751]LogScript: Warning: Accessed None trying to read property Player Ref
	Player_AnimBP_C /Engine/Transient.World_0:PersistentLevel.Player_CharacterBP_C_0.CharacterMesh0.Player_AnimBP_C_1
	Function /Game/Blueprints/PlayerBlueprint/Player_AnimBP.Player_AnimBP_C:ExecuteUbergraph_Player_AnimBP:1E96
[2020.08.10-07.10.39:187][751]LogScript: Warning: Accessed None trying to read property Player Ref
	Player_AnimBP_C /Engine/Transient.World_0:PersistentLevel.Player_CharacterBP_C_0.CharacterMesh0.Player_AnimBP_C_1
	Function /Game/Blueprints/PlayerBlueprint/Player_AnimBP.Player_AnimBP_C:ExecuteUbergraph_Player_AnimBP:05F2
[2020.08.10-07.10.43:017][751]LogActor: Warning: ScifiPistol_BP_C /Game/Maps/DemoTestMap.DemoTestMap:PersistentLevel.Gun_GEN_VARIABLE_ScifiPistol_BP_C_CAT_86 has natively added scene component(s), but none of them were set as the actor's RootComponent - picking one arbitrarily
[2020.08.10-07.10.43:210][751]LogActor: Warning: ScifiPistol_BP_C /Engine/Transient.World_0:PersistentLevel.Gun_GEN_VARIABLE_ScifiPistol_BP_C_CAT_0 has natively added scene component(s), but none of them were set as the actor's RootComponent - picking one arbitrarily
[2020.08.10-07.10.52:517][934]LogSlate: Took 0.014199 seconds to synchronously load lazily loaded font '../../../Engine/Content/Slate/Fonts/Roboto-Regular.ttf' (155K)
[2020.08.10-07.10.52:575][934]LogSavePackage: Save=2821.49ms
[2020.08.10-07.10.52:575][934]LogSavePackage: Moving '../../../../../GITHUB/vigilance_4.18/Vigilance418/Saved/Player_CharacterBP256A007D4F68B3096A510CB8D2700035.tmp' to '../../../../../GITHUB/vigilance_4.18/Vigilance418/Content/Blueprints/PlayerBlueprint/Player_CharacterBP.uasset'
[2020.08.10-07.10.52:592][934]LogSavePackage: Display: Finished SavePackage ../../../../../GITHUB/vigilance_4.18/Vigilance418/Content/Blueprints/PlayerBlueprint/Player_CharacterBP.uasset
[2020.08.10-07.10.55:478][ 92]Cmd: OBJ SAVEPACKAGE PACKAGE="/Game/Maps/DemoTestMap" FILE="../../../../../GITHUB/vigilance_4.18/Vigilance418/Content/Maps/DemoTestMap.umap" SILENT=true AUTOSAVING=false KEEPDIRTY=false
[2020.08.10-07.10.56:724][ 92]LogSavePackage: Save=717.13ms
[2020.08.10-07.10.56:724][ 92]LogSavePackage: Moving '../../../../../GITHUB/vigilance_4.18/Vigilance418/Saved/DemoTestMap114607E04B4F24CA331AC4BDDB82B6D4.tmp' to '../../../../../GITHUB/vigilance_4.18/Vigilance418/Content/Maps/DemoTestMap.umap'
[2020.08.10-07.10.56:735][ 92]LogSavePackage: Display: Finished SavePackage ../../../../../GITHUB/vigilance_4.18/Vigilance418/Content/Maps/DemoTestMap.umap
[2020.08.10-07.10.57:051][ 92]Cmd: OBJ SAVEPACKAGE PACKAGE="/Game/Maps/DemoTestMap_BuiltData" FILE="../../../../../GITHUB/vigilance_4.18/Vigilance418/Content/Maps/DemoTestMap_BuiltData.uasset" SILENT=true
[2020.08.10-07.10.57:228][ 92]LogSavePackage: Save=78.04ms
[2020.08.10-07.10.57:228][ 92]LogSavePackage: Moving '../../../../../GITHUB/vigilance_4.18/Vigilance418/Saved/DemoTestMap_BuiltData75667D4849E119576B09B39F1211C566.tmp' to '../../../../../GITHUB/vigilance_4.18/Vigilance418/Content/Maps/DemoTestMap_BuiltData.uasset'
[2020.08.10-07.10.57:229][ 92]LogSavePackage: Display: Finished SavePackage ../../../../../GITHUB/vigilance_4.18/Vigilance418/Content/Maps/DemoTestMap_BuiltData.uasset
[2020.08.10-07.10.57:984][134]LogTemp: Repeating last play command: Selected Viewport
[2020.08.10-07.10.59:262][134]LogPlayLevel: PlayLevel: No blueprints needed recompiling
[2020.08.10-07.10.59:406][134]PIE: New page: PIE session: DemoTestMap (Aug 10, 2020, 7:10:59 PM)
[2020.08.10-07.10.59:426][134]LogPlayLevel: Creating play world package: /Game/Maps/UEDPIE_0_DemoTestMap
[2020.08.10-07.10.59:810][134]LogPlayLevel: PIE: StaticDuplicateObject took: (0.384335s)
[2020.08.10-07.10.59:811][134]LogAIModule: Creating AISystem for world DemoTestMap
[2020.08.10-07.10.59:825][134]LogPlayLevel: PIE: World Init took: (0.014665s)
[2020.08.10-07.10.59:836][134]LogPlayLevel: PIE: Created PIE world by copying editor world from /Game/Maps/DemoTestMap.DemoTestMap to /Game/Maps/UEDPIE_0_DemoTestMap.DemoTestMap (0.410223s)
[2020.08.10-07.10.59:903][134]LogInit: XAudio2 using 'Speakers (2- High Definition Audio Device)' : 2 channels at 48 kHz using 16 bits per sample (channel mask 0x3)
[2020.08.10-07.10.59:911][134]LogInit: FAudioDevice initialized.
[2020.08.10-07.11.00:205][134]LogLinker: Warning: Can't find file '/Game/ThirdPersonBP/Blueprints/ThirdPersonGameMode'
[2020.08.10-07.11.00:206][134]LogLinker: Warning: Can't find file '/Game/ThirdPersonBP/Blueprints/ThirdPersonGameMode'
[2020.08.10-07.11.00:259][134]LogUObjectGlobals: Warning: Failed to find object 'Class /Game/ThirdPersonBP/Blueprints/ThirdPersonGameMode.ThirdPersonGameMode_C'
[2020.08.10-07.11.00:259][134]LogLoad: Game class is 'GameModeBase'
[2020.08.10-07.11.00:505][134]LogWorld: Bringing World /Game/Maps/UEDPIE_0_DemoTestMap.DemoTestMap up for play (max tick rate 60) at 2020.08.10-13.11.00
[2020.08.10-07.11.00:755][134]LogWorld: Bringing up level for play took: 0.279232
[2020.08.10-07.11.02:875][134]LogContentBrowser: Native class hierarchy updated for 'MovieSceneCapture' in 0.0005 seconds. Added 11 classes and 0 folders.
[2020.08.10-07.11.03:175][134]PIE: Play in editor start time for /Game/Maps/UEDPIE_0_DemoTestMap 3.056
[2020.08.10-07.11.25:207][921]LogTemp: Repeating last play command: Selected Viewport
[2020.08.10-07.11.25:453][921]LogPlayLevel: PlayLevel: No blueprints needed recompiling
[2020.08.10-07.11.25:453][921]PIE: New page: PIE session: DemoTestMap (Aug 10, 2020, 7:11:25 PM)
[2020.08.10-07.11.25:453][921]LogPlayLevel: Creating play world package: /Game/Maps/UEDPIE_0_DemoTestMap
[2020.08.10-07.11.25:507][921]LogPlayLevel: PIE: StaticDuplicateObject took: (0.053954s)
[2020.08.10-07.11.25:508][921]LogAIModule: Creating AISystem for world DemoTestMap
[2020.08.10-07.11.25:508][921]LogPlayLevel: PIE: World Init took: (0.001057s)
[2020.08.10-07.11.25:508][921]LogPlayLevel: PIE: Created PIE world by copying editor world from /Game/Maps/DemoTestMap.DemoTestMap to /Game/Maps/UEDPIE_0_DemoTestMap.DemoTestMap (0.055404s)
[2020.08.10-07.11.25:549][921]LogInit: XAudio2 using 'Speakers (2- High Definition Audio Device)' : 2 channels at 48 kHz using 16 bits per sample (channel mask 0x3)
[2020.08.10-07.11.25:567][921]LogInit: FAudioDevice initialized.
[2020.08.10-07.11.25:614][921]LogLoad: Game class is 'GameModeBase'
[2020.08.10-07.11.25:634][921]LogWorld: Bringing World /Game/Maps/UEDPIE_0_DemoTestMap.DemoTestMap up for play (max tick rate 60) at 2020.08.10-13.11.25
[2020.08.10-07.11.25:640][921]LogWorld: Bringing up level for play took: 0.024887
[2020.08.10-07.11.25:649][921]PIE: Play in editor start time for /Game/Maps/UEDPIE_0_DemoTestMap -0.47
[2020.08.10-07.12.27:662][ 30]LogScriptCore: Warning: Script Msg: Attempted to access index -1 from array 'Hit Enemys Loco' of length 0 in '/Game/Blueprints/PlayerBlueprint/Player_CharacterBP.Player_CharacterBP_C:find Closes Enemy'!
[2020.08.10-07.12.45:433][569]LogScriptCore: Warning: Script Msg: Attempted to access index -1 from array 'Hit Enemys Loco' of length 0 in '/Game/Blueprints/PlayerBlueprint/Player_CharacterBP.Player_CharacterBP_C:find Closes Enemy'!
[2020.08.10-07.55.17:514][769]LogContentBrowser: Native class hierarchy updated for 'SkeletonEditor' in 0.0260 seconds. Added 1 classes and 2 folders.
[2020.08.10-07.55.23:817][769]LogActorComponent: RegisterComponentWithWorld: (/Engine/Transient.World_6:PersistentLevel.Actor_0.DebugSkelMeshComponent_0) Already registered. Aborting.
[2020.08.10-07.55.27:216][769]LogSkeletalMesh: USkeletalMeshComponent::InitArticulated : Bodies already created (/Engine/Transient.World_6:PersistentLevel.Actor_0.DebugSkelMeshComponent_0) - call TermArticulated first.
[2020.08.10-07.55.32:602][769]LogContentBrowser: Native class hierarchy updated for 'ClothingSystemEditorInterface' in 0.1195 seconds. Added 1 classes and 0 folders.
[2020.08.10-07.55.33:595][770]LogScript: Warning: Accessed None trying to read property Player Ref
	Player_AnimBP_C /Engine/Transient.World_12:PersistentLevel.SkeletalMeshActor_3.SkeletalMeshComponent0.Player_AnimBP_C_5
	Function /Game/Blueprints/PlayerBlueprint/Player_AnimBP.Player_AnimBP_C:ExecuteUbergraph_Player_AnimBP:05F2
[2020.08.10-07.55.33:837][770]LogContentBrowser: Verbose: The majority of assets in the view are of type: AnimSequence
[2020.08.10-07.56.11:131][590]LogSavePackage: Save=2341.38ms
[2020.08.10-07.56.11:133][590]LogSavePackage: Moving '../../../../../GITHUB/vigilance_4.18/Vigilance418/Saved/Paired_ArmBreak_AttA31E30344DC567A3D776AC9109FE4D69.tmp' to '../../../../../GITHUB/vigilance_4.18/Vigilance418/Content/GameContent/Animations/Counter/Paired_ArmBreak_Att.uasset'
[2020.08.10-07.56.11:200][590]LogSavePackage: Display: Finished SavePackage ../../../../../GITHUB/vigilance_4.18/Vigilance418/Content/GameContent/Animations/Counter/Paired_ArmBreak_Att.uasset
[2020.08.10-07.57.44:619][540]LogActorComponent: UnregisterComponent: (/Engine/Transient.EditorFloorComp) Not registered. Aborting.
[2020.08.10-07.58.09:257][836]LogSlate: Took 0.334156 seconds to synchronously load lazily loaded font '../../../Engine/Content/Editor/Slate/Fonts/DroidSansMono.ttf' (77K)
[2020.08.10-07.58.11:822][976]Cmd: t.MaxFPS 30
[2020.08.10-07.58.12:513][976]t.MaxFPS = "30"
[2020.08.10-08.05.33:532][484]LogWindowsTextInputMethodSystem: Display: IME system now deactivated.
[2020.08.10-08.05.49:610][485]Cmd: QUIT_EDITOR
[2020.08.10-08.05.56:252][485]LogExit: Preparing to exit.
[2020.08.10-08.06.24:676][485]LogDirectoryWatcher: A directory notification for 'E:/GameDev/Unreal/GITHUB/vigilance_4.18/Vigilance418/Content/' was aborted.
[2020.08.10-08.08.02:761][485]LogExit: Editor shut down
[2020.08.10-08.08.04:607][485]LogExit: Transaction tracking system shut down
[2020.08.10-08.08.24:051][485]LogDirectoryWatcher: A directory notification for '../../../Engine/Content/' was aborted.
[2020.08.10-08.08.24:051][485]LogDirectoryWatcher: A directory notification for '../../../../../GITHUB/vigilance_4.18/Vigilance418/Content/' was aborted.
[2020.08.10-08.08.24:156][485]LogDirectoryWatcher: A directory notification for '../../../Engine/Plugins/2D/Paper2D/Content/' was aborted.
[2020.08.10-08.08.24:205][485]LogDirectoryWatcher: A directory notification for '../../../Engine/Plugins/Media/MediaCompositing/Content/' was aborted.
[2020.08.10-08.08.24:315][485]LogDirectoryWatcher: A directory notification for '../../../Engine/Plugins/Runtime/AppleARKit/Content/' was aborted.
[2020.08.10-08.08.24:315][485]LogDirectoryWatcher: A directory notification for '../../../Engine/Plugins/Runtime/Oculus/OculusVR/Content/' was aborted.
[2020.08.10-08.08.24:429][485]LogDirectoryWatcher: A directory notification for '../../../Engine/Plugins/Runtime/Steam/SteamVR/Content/' was aborted.
[2020.08.10-08.09.06:913][485]LogExit: Object subsystem successfully closed.
[2020.08.10-08.09.10:105][485]LogD3D11RHI: Shutdown
[2020.08.10-08.09.10:106][485]LogD3D11RHI: CleanupD3DDevice
[2020.08.10-08.09.14:529][485]LogD3D11RHI: ~FD3D11DynamicRHI
[2020.08.10-08.09.20:942][485]LogModuleManager: Shutting down and abandoning module ClothingSystemEditorInterface (560)
[2020.08.10-08.09.20:942][485]LogModuleManager: Shutting down and abandoning module SkeletonEditor (558)
[2020.08.10-08.09.20:942][485]LogModuleManager: Shutting down and abandoning module AnimationEditor (556)
[2020.08.10-08.09.20:942][485]LogModuleManager: Shutting down and abandoning module MovieSceneCapture (554)
[2020.08.10-08.09.20:969][485]LogModuleManager: Shutting down and abandoning module BlueprintGraph (552)
[2020.08.10-08.09.20:969][485]LogModuleManager: Shutting down and abandoning module HierarchicalLODOutliner (550)
[2020.08.10-08.09.20:969][485]LogModuleManager: Shutting down and abandoning module AddContentDialog (548)
[2020.08.10-08.09.21:083][485]LogDirectoryWatcher: A directory notification for 'E:/GameDev/Unreal/Engine/UE_4.18/FeaturePacks/' was aborted.
[2020.08.10-08.09.21:581][485]LogModuleManager: Shutting down and abandoning module WidgetCarousel (547)
[2020.08.10-08.09.21:581][485]LogModuleManager: Shutting down and abandoning module EditorWidgets (544)
[2020.08.10-08.09.21:582][485]LogModuleManager: Shutting down and abandoning module CollectionManager (542)
[2020.08.10-08.09.21:605][485]LogDirectoryWatcher: A directory notification for 'E:/GameDev/Unreal/GITHUB/vigilance_4.18/Vigilance418/Content/Collections/' was aborted.
[2020.08.10-08.09.21:605][485]LogDirectoryWatcher: A directory notification for 'E:/GameDev/Unreal/GITHUB/vigilance_4.18/Vigilance418/Content/Developers/farha/Collections/' was aborted.
[2020.08.10-08.09.21:605][485]LogDirectoryWatcher: A directory notification for 'E:/GameDev/Unreal/GITHUB/vigilance_4.18/Vigilance418/Saved/Collections/' was aborted.
[2020.08.10-08.09.21:606][485]LogModuleManager: Shutting down and abandoning module SceneOutliner (540)
[2020.08.10-08.09.21:632][485]LogModuleManager: Shutting down and abandoning module StatsViewer (538)
[2020.08.10-08.09.21:656][485]LogModuleManager: Shutting down and abandoning module FoliageEdit (536)
[2020.08.10-08.09.21:656][485]LogModuleManager: Shutting down and abandoning module LandscapeEditor (534)
[2020.08.10-08.09.21:856][485]LogModuleManager: Shutting down and abandoning module MeshPaintMode (532)
[2020.08.10-08.09.21:892][485]LogModuleManager: Shutting down and abandoning module SceneDepthPickerMode (530)
[2020.08.10-08.09.21:892][485]LogModuleManager: Shutting down and abandoning module ActorPickerMode (528)
[2020.08.10-08.09.21:892][485]LogModuleManager: Shutting down and abandoning module GeometryMode (526)
[2020.08.10-08.09.21:900][485]LogModuleManager: Shutting down and abandoning module TextureAlignMode (524)
[2020.08.10-08.09.21:900][485]LogModuleManager: Shutting down and abandoning module BspMode (522)
[2020.08.10-08.09.21:919][485]LogModuleManager: Shutting down and abandoning module PIEPreviewDeviceProfileSelector (520)
[2020.08.10-08.09.22:022][485]LogModuleManager: Shutting down and abandoning module HardwareSurvey (518)
[2020.08.10-08.09.22:032][485]LogModuleManager: Shutting down and abandoning module SequenceRecorderSections (516)
[2020.08.10-08.09.22:068][485]LogModuleManager: Shutting down and abandoning module AutomationWorker (514)
[2020.08.10-08.09.22:090][485]LogModuleManager: Shutting down and abandoning module MatineeToLevelSequence (512)
[2020.08.10-08.09.22:122][485]LogModuleManager: Shutting down and abandoning module LevelSequenceEditor (510)
[2020.08.10-08.09.22:369][485]LogModuleManager: Shutting down and abandoning module PlacementMode (509)
[2020.08.10-08.09.22:369][485]LogModuleManager: Shutting down and abandoning module WmfMediaFactory (506)
[2020.08.10-08.09.22:369][485]LogModuleManager: Shutting down and abandoning module WmfMediaEditor (504)
[2020.08.10-08.09.22:369][485]LogModuleManager: Shutting down and abandoning module OpenExrWrapper (502)
[2020.08.10-08.09.22:369][485]LogModuleManager: Shutting down and abandoning module ImgMediaFactory (500)
[2020.08.10-08.09.22:369][485]LogModuleManager: Shutting down and abandoning module ImgMediaEditor (498)
[2020.08.10-08.09.22:383][485]LogModuleManager: Shutting down and abandoning module AvfMediaFactory (496)
[2020.08.10-08.09.22:383][485]LogModuleManager: Shutting down and abandoning module AvfMediaEditor (494)
[2020.08.10-08.09.22:383][485]LogModuleManager: Shutting down and abandoning module AndroidMediaFactory (492)
[2020.08.10-08.09.22:383][485]LogModuleManager: Shutting down and abandoning module AndroidMediaEditor (490)
[2020.08.10-08.09.22:383][485]LogModuleManager: Shutting down and abandoning module CharacterAI (488)
[2020.08.10-08.09.22:383][485]LogModuleManager: Shutting down and abandoning module AudioCapture (486)
[2020.08.10-08.09.22:404][485]LogModuleManager: Shutting down and abandoning module SequenceRecorder (485)
[2020.08.10-08.09.22:412][485]LogModuleManager: Shutting down and abandoning module SmartSnapping (482)
[2020.08.10-08.09.22:437][485]LogModuleManager: Shutting down and abandoning module SessionServices (480)
[2020.08.10-08.09.22:437][485]LogModuleManager: Shutting down and abandoning module ViewportSnapping (478)
[2020.08.10-08.09.22:437][485]LogModuleManager: Shutting down and abandoning module ViewportInteraction (476)
[2020.08.10-08.09.22:437][485]LogModuleManager: Shutting down and abandoning module ClothPainter (474)
[2020.08.10-08.09.22:648][485]LogModuleManager: Shutting down and abandoning module SkeletalMeshEditor (473)
[2020.08.10-08.09.22:661][485]LogModuleManager: Shutting down and abandoning module LogVisualizer (470)
[2020.08.10-08.09.22:797][485]LogModuleManager: Shutting down and abandoning module IntroTutorials (468)
[2020.08.10-08.09.23:045][485]LogModuleManager: Shutting down and abandoning module GameProjectGeneration (467)
[2020.08.10-08.09.23:214][485]LogModuleManager: Shutting down and abandoning module IOSPlatformEditor (464)
[2020.08.10-08.09.23:334][485]LogModuleManager: Shutting down and abandoning module HTML5PlatformEditor (462)
[2020.08.10-08.09.23:334][485]LogModuleManager: Shutting down and abandoning module AndroidPlatformEditor (460)
[2020.08.10-08.09.23:335][485]LogModuleManager: Shutting down and abandoning module AndroidDeviceDetection (459)
[2020.08.10-08.09.23:421][485]LogModuleManager: Shutting down and abandoning module WindowsPlatformEditor (456)
[2020.08.10-08.09.23:421][485]LogModuleManager: Shutting down and abandoning module IOSRuntimeSettings (454)
[2020.08.10-08.09.23:421][485]LogModuleManager: Shutting down and abandoning module AndroidRuntimeSettings (452)
[2020.08.10-08.09.23:421][485]LogModuleManager: Shutting down and abandoning module InputBindingEditor (450)
[2020.08.10-08.09.23:439][485]LogModuleManager: Shutting down and abandoning module MergeActors (448)
[2020.08.10-08.09.23:540][485]LogModuleManager: Shutting down and abandoning module SizeMap (446)
[2020.08.10-08.09.23:571][485]LogModuleManager: Shutting down and abandoning module TreeMap (444)
[2020.08.10-08.09.23:588][485]LogModuleManager: Shutting down and abandoning module ReferenceViewer (442)
[2020.08.10-08.09.23:663][485]LogModuleManager: Shutting down and abandoning module LocalizationDashboard (440)
[2020.08.10-08.09.23:689][485]LogModuleManager: Shutting down and abandoning module LocalizationService (439)
[2020.08.10-08.09.23:718][485]LogModuleManager: Shutting down and abandoning module HardwareTargeting (436)
[2020.08.10-08.09.23:718][485]LogModuleManager: Shutting down and abandoning module DeviceProfileEditor (434)
[2020.08.10-08.09.23:748][485]LogModuleManager: Shutting down and abandoning module UndoHistory (432)
[2020.08.10-08.09.23:759][485]LogModuleManager: Shutting down and abandoning module XmlParser (430)
[2020.08.10-08.09.23:831][485]LogModuleManager: Shutting down and abandoning module Blutility (428)
[2020.08.10-08.09.23:871][485]LogModuleManager: Shutting down and abandoning module ProjectSettingsViewer (426)
[2020.08.10-08.09.23:895][485]LogModuleManager: Shutting down and abandoning module ProjectTargetPlatformEditor (425)
[2020.08.10-08.09.24:037][485]LogModuleManager: Shutting down and abandoning module EditorSettingsViewer (422)
[2020.08.10-08.09.24:052][485]LogModuleManager: Shutting down and abandoning module SettingsEditor (420)
[2020.08.10-08.09.24:070][485]LogModuleManager: Shutting down and abandoning module ProjectLauncher (418)
[2020.08.10-08.09.24:134][485]LogModuleManager: Shutting down and abandoning module SessionFrontend (416)
[2020.08.10-08.09.24:205][485]LogModuleManager: Shutting down and abandoning module ProfilerClient (414)
[2020.08.10-08.09.24:212][485]LogModuleManager: Shutting down and abandoning module DeviceManager (412)
[2020.08.10-08.09.24:222][485]LogModuleManager: Shutting down and abandoning module TargetDeviceServices (411)
[2020.08.10-08.09.24:393][485]LogModuleManager: Shutting down and abandoning module AutomationController (408)
[2020.08.10-08.09.24:478][485]LogModuleManager: Shutting down and abandoning module AutomationWindow (406)
[2020.08.10-08.09.24:562][485]LogModuleManager: Shutting down and abandoning module Layers (404)
[2020.08.10-08.09.24:665][485]LogModuleManager: Shutting down and abandoning module ComponentVisualizers (402)
[2020.08.10-08.09.24:692][485]LogModuleManager: Shutting down and abandoning module DetailCustomizations (400)
[2020.08.10-08.09.24:698][485]LogModuleManager: Shutting down and abandoning module PackagesDialog (398)
[2020.08.10-08.09.24:720][485]LogModuleManager: Shutting down and abandoning module Persona (396)
[2020.08.10-08.09.24:759][485]LogModuleManager: Shutting down and abandoning module AdvancedPreviewScene (395)
[2020.08.10-08.09.24:759][485]LogModuleManager: Shutting down and abandoning module AnimGraph (393)
[2020.08.10-08.09.24:759][485]LogModuleManager: Shutting down and abandoning module Kismet (390)
[2020.08.10-08.09.25:154][485]LogModuleManager: Shutting down and abandoning module ClassViewer (388)
[2020.08.10-08.09.25:181][485]LogModuleManager: Shutting down and abandoning module Toolbox (386)
[2020.08.10-08.09.25:192][485]LogModuleManager: Shutting down and abandoning module ModuleUI (384)
[2020.08.10-08.09.25:206][485]LogModuleManager: Shutting down and abandoning module MovieSceneTools (382)
[2020.08.10-08.09.25:321][485]LogModuleManager: Shutting down and abandoning module OutputLog (380)
[2020.08.10-08.09.25:321][485]LogModuleManager: Shutting down and abandoning module GammaUI (378)
[2020.08.10-08.09.25:333][485]LogModuleManager: Shutting down and abandoning module Documentation (376)
[2020.08.10-08.09.25:333][485]LogModuleManager: Shutting down and abandoning module MovieSceneTracks (374)
[2020.08.10-08.09.25:342][485]LogModuleManager: Shutting down and abandoning module MovieScene (372)
[2020.08.10-08.09.25:342][485]LogModuleManager: Shutting down and abandoning module StreamingPauseRendering (370)
[2020.08.10-08.09.25:356][485]LogModuleManager: Shutting down and abandoning module LauncherPlatform (368)
[2020.08.10-08.09.25:356][485]LogModuleManager: Shutting down and abandoning module AnalyticsET (366)
[2020.08.10-08.09.25:356][485]LogModuleManager: Shutting down and abandoning module PortalServices (364)
[2020.08.10-08.09.25:356][485]LogModuleManager: Shutting down and abandoning module PortalRpc (362)
[2020.08.10-08.09.25:356][485]LogModuleManager: Shutting down and abandoning module MessagingRpc (360)
[2020.08.10-08.09.25:356][485]LogModuleManager: Shutting down and abandoning module AIModule (358)
[2020.08.10-08.09.25:425][485]LogModuleManager: Shutting down and abandoning module GameplayDebugger (357)
[2020.08.10-08.09.25:429][485]LogModuleManager: Shutting down and abandoning module AITestSuite (355)
[2020.08.10-08.09.25:453][485]LogModuleManager: Shutting down and abandoning module DesktopPlatform (352)
[2020.08.10-08.09.25:463][485]LogModuleManager: Shutting down and abandoning module ProfilerService (350)
[2020.08.10-08.09.25:797][485]LogModuleManager: Shutting down and abandoning module TaskGraph (348)
[2020.08.10-08.09.25:812][485]LogModuleManager: Shutting down and abandoning module SteamVRController (346)
[2020.08.10-08.09.25:812][485]LogModuleManager: Shutting down and abandoning module ProceduralMeshComponentEditor (344)
[2020.08.10-08.09.25:812][485]LogModuleManager: Shutting down and abandoning module ProceduralMeshComponent (342)
[2020.08.10-08.09.25:827][485]LogModuleManager: Shutting down and abandoning module OculusInput (340)
[2020.08.10-08.09.25:827][485]LogModuleManager: Shutting down and abandoning module MobilePatchingUtils (338)
[2020.08.10-08.09.25:827][485]LogModuleManager: Shutting down and abandoning module CustomMeshComponent (336)
[2020.08.10-08.09.25:827][485]LogModuleManager: Shutting down and abandoning module CableComponent (334)
[2020.08.10-08.09.25:827][485]LogModuleManager: Shutting down and abandoning module ArchVisCharacter (332)
[2020.08.10-08.09.25:827][485]LogModuleManager: Shutting down and abandoning module AndroidPermission (330)
[2020.08.10-08.09.25:827][485]LogModuleManager: Shutting down and abandoning module ActorSequence (326)
[2020.08.10-08.09.25:827][485]LogModuleManager: Shutting down and abandoning module MediaPlayerEditor (324)
[2020.08.10-08.09.25:861][485]LogModuleManager: Shutting down and abandoning module MediaCompositingEditor (322)
[2020.08.10-08.09.25:881][485]LogModuleManager: Shutting down and abandoning module MediaCompositing (320)
[2020.08.10-08.09.25:881][485]LogModuleManager: Shutting down and abandoning module RootMotionExtractor (318)
[2020.08.10-08.09.26:613][485]LogModuleManager: Shutting down and abandoning module HTML5Networking (316)
[2020.08.10-08.09.26:613][485]LogModuleManager: Shutting down and abandoning module AlembicImporter (314)
[2020.08.10-08.09.27:253][485]LogModuleManager: Shutting down and abandoning module AlembicLibrary (313)
[2020.08.10-08.09.27:446][485]LogModuleManager: Shutting down and abandoning module GeometryCache (312)
[2020.08.10-08.09.27:446][485]LogModuleManager: Shutting down and abandoning module GeometryCacheEd (311)
[2020.08.10-08.09.27:446][485]LogModuleManager: Shutting down and abandoning module SpeedTreeImporter (306)
[2020.08.10-08.09.27:560][485]LogModuleManager: Shutting down and abandoning module PluginBrowser (304)
[2020.08.10-08.09.30:022][485]LogModuleManager: Shutting down and abandoning module MobileLauncherProfileWizard (302)
[2020.08.10-08.09.30:869][485]LogModuleManager: Shutting down and abandoning module VisualStudioSourceCodeAccess (300)
[2020.08.10-08.09.30:934][485]LogModuleManager: Shutting down and abandoning module VisualStudioCodeSourceCodeAccess (298)
[2020.08.10-08.09.30:934][485]LogModuleManager: Shutting down and abandoning module UObjectPlugin (296)
[2020.08.10-08.09.30:934][485]LogModuleManager: Shutting down and abandoning module SubversionSourceControl (294)
[2020.08.10-08.09.31:088][485]LogModuleManager: Shutting down and abandoning module PerforceSourceControl (292)
[2020.08.10-08.09.32:660][485]LogModuleManager: Shutting down and abandoning module GitSourceControl (290)
[2020.08.10-08.09.34:009][485]LogModuleManager: Shutting down and abandoning module SourceControl (289)
[2020.08.10-08.09.34:194][485]LogModuleManager: Shutting down and abandoning module LightPropagationVolumeEditor (286)
[2020.08.10-08.09.34:194][485]LogModuleManager: Shutting down and abandoning module PaperTiledImporter (284)
[2020.08.10-08.09.34:194][485]LogModuleManager: Shutting down and abandoning module PaperSpriteSheetImporter (282)
[2020.08.10-08.09.34:194][485]LogModuleManager: Shutting down and abandoning module Paper2DEditor (280)
[2020.08.10-08.09.34:311][485]LogModuleManager: Shutting down and abandoning module MeshPaint (279)
[2020.08.10-08.09.34:396][485]LogModuleManager: Shutting down and abandoning module LevelEditor (277)
[2020.08.10-08.09.34:740][485]LogModuleManager: Shutting down and abandoning module PixelInspectorModule (276)
[2020.08.10-08.09.34:804][485]LogModuleManager: Shutting down and abandoning module MainFrame (274)
[2020.08.10-08.09.34:867][485]LogModuleManager: Shutting down and abandoning module HotReload (273)
[2020.08.10-08.09.34:961][485]LogModuleManager: Shutting down and abandoning module RuntimePhysXCooking (268)
[2020.08.10-08.09.34:977][485]LogModuleManager: Shutting down and abandoning module PhysXVehiclesEditor (266)
[2020.08.10-08.09.34:992][485]LogModuleManager: Shutting down and abandoning module PhysXVehicles (264)
[2020.08.10-08.09.34:992][485]LogModuleManager: Shutting down and abandoning module OculusEditor (262)
[2020.08.10-08.09.34:992][485]LogModuleManager: Shutting down and abandoning module LocationServicesBPLibrary (260)
[2020.08.10-08.09.34:992][485]LogModuleManager: Shutting down and abandoning module ImmediatePhysicsEditor (258)
[2020.08.10-08.09.34:992][485]LogModuleManager: Shutting down and abandoning module ImmediatePhysics (256)
[2020.08.10-08.09.35:025][485]LogModuleManager: Shutting down and abandoning module UdpMessaging (254)
[2020.08.10-08.09.35:157][485]LogModuleManager: Shutting down and abandoning module TcpMessaging (252)
[2020.08.10-08.09.35:284][485]LogModuleManager: Shutting down and abandoning module GameplayTagsEditor (250)
[2020.08.10-08.09.35:448][485]LogModuleManager: Shutting down and abandoning module FacialAnimationEditor (248)
[2020.08.10-08.09.35:489][485]LogModuleManager: Shutting down and abandoning module FacialAnimation (246)
[2020.08.10-08.09.35:489][485]LogModuleManager: Shutting down and abandoning module AssetManagerEditor (244)
[2020.08.10-08.09.35:563][485]LogModuleManager: Shutting down and abandoning module GraphEditor (243)
[2020.08.10-08.09.35:563][485]LogModuleManager: Shutting down and abandoning module ContentBrowser (241)
[2020.08.10-08.09.35:725][485]LogModuleManager: Shutting down and abandoning module LightPropagationVolumeRuntime (238)
[2020.08.10-08.09.35:725][485]LogModuleManager: Shutting down and abandoning module Paper2D (236)
[2020.08.10-08.09.35:803][485]LogModuleManager: Shutting down and abandoning module WindowsMoviePlayer (234)
[2020.08.10-08.09.35:815][485]LogModuleManager: Shutting down and abandoning module WmfMedia (232)
[2020.08.10-08.09.35:835][485]LogModuleManager: Shutting down and abandoning module ImgMedia (230)
[2020.08.10-08.09.35:835][485]LogModuleManager: Shutting down and abandoning module PacketHandler (228)
[2020.08.10-08.09.35:850][485]LogModuleManager: Shutting down and abandoning module ClothingSystemEditor (226)
[2020.08.10-08.09.35:850][485]LogModuleManager: Shutting down and abandoning module ClothingSystemRuntime (224)
[2020.08.10-08.09.35:892][485]LogModuleManager: Shutting down and abandoning module MediaAssets (222)
[2020.08.10-08.09.35:892][485]LogModuleManager: Shutting down and abandoning module Media (221)
[2020.08.10-08.09.35:898][485]LogModuleManager: Shutting down and abandoning module Overlay (218)
[2020.08.10-08.09.35:898][485]LogModuleManager: Shutting down and abandoning module OverlayEditor (217)
[2020.08.10-08.09.35:898][485]LogModuleManager: Shutting down and abandoning module VREditor (214)
[2020.08.10-08.09.35:973][485]LogModuleManager: Shutting down and abandoning module StringTableEditor (212)
[2020.08.10-08.09.36:050][485]LogModuleManager: Shutting down and abandoning module GameplayTasksEditor (210)
[2020.08.10-08.09.36:050][485]LogModuleManager: Shutting down and abandoning module BehaviorTreeEditor (208)
[2020.08.10-08.09.36:096][485]LogModuleManager: Shutting down and abandoning module FunctionalTesting (206)
[2020.08.10-08.09.36:125][485]LogModuleManager: Shutting down and abandoning module CollisionAnalyzer (204)
[2020.08.10-08.09.36:189][485]LogModuleManager: Shutting down and abandoning module WorkspaceMenuStructure (203)
[2020.08.10-08.09.36:351][485]LogModuleManager: Shutting down and abandoning module UMG (200)
[2020.08.10-08.09.36:476][485]LogModuleManager: Shutting down and abandoning module UMGEditor (199)
[2020.08.10-08.09.36:582][485]LogModuleManager: Shutting down and abandoning module Sequencer (198)
[2020.08.10-08.09.36:748][485]LogModuleManager: Shutting down and abandoning module MessageLog (195)
[2020.08.10-08.09.36:761][485]LogModuleManager: Shutting down and abandoning module SlateReflector (190)
[2020.08.10-08.09.36:846][485]LogModuleManager: Shutting down and abandoning module Slate (188)
[2020.08.10-08.09.36:846][485]LogModuleManager: Shutting down and abandoning module EditorStyle (186)
[2020.08.10-08.09.37:392][485]LogModuleManager: Shutting down and abandoning module MRMesh (184)
[2020.08.10-08.09.37:392][485]LogModuleManager: Shutting down and abandoning module SourceCodeAccess (182)
[2020.08.10-08.09.37:409][485]LogModuleManager: Shutting down and abandoning module HeadMountedDisplay (180)
[2020.08.10-08.09.37:409][485]LogModuleManager: Shutting down and abandoning module XAudio2 (178)
[2020.08.10-08.09.37:409][485]LogModuleManager: Shutting down and abandoning module Networking (176)
[2020.08.10-08.09.37:409][485]LogModuleManager: Shutting down and abandoning module Core (172)
[2020.08.10-08.09.37:409][485]LogModuleManager: Shutting down and abandoning module LevelSequence (168)
[2020.08.10-08.09.37:409][485]LogModuleManager: Shutting down and abandoning module DirectoryWatcher (166)
[2020.08.10-08.09.37:435][485]LogModuleManager: Shutting down and abandoning module KismetCompiler (164)
[2020.08.10-08.09.37:482][485]LogModuleManager: Shutting down and abandoning module MeshUtilities (162)
[2020.08.10-08.09.37:634][485]LogModuleManager: Shutting down and abandoning module MeshMergeUtilities (161)
[2020.08.10-08.09.37:814][485]LogModuleManager: Shutting down and abandoning module MeshReductionInterface (160)
[2020.08.10-08.09.37:814][485]LogModuleManager: Shutting down and abandoning module SimplygonSwarm (159)
[2020.08.10-08.09.37:895][485]LogModuleManager: Shutting down and abandoning module SimplygonMeshReduction (157)
[2020.08.10-08.09.37:901][485]LogModuleManager: Shutting down and abandoning module QuadricMeshReduction (155)
[2020.08.10-08.09.37:939][485]LogModuleManager: Shutting down and abandoning module MaterialBaking (151)
[2020.08.10-08.09.38:499][485]LogModuleManager: Shutting down and abandoning module DerivedDataCache (148)
[2020.08.10-08.09.38:621][485]LogDerivedDataCache: Shutdown
[2020.08.10-08.09.38:621][485]LogModuleManager: Shutting down and abandoning module TargetPlatform (146)
[2020.08.10-08.09.38:796][485]LogModuleManager: Shutting down and abandoning module VulkanShaderFormat (145)
[2020.08.10-08.09.38:845][485]LogModuleManager: Shutting down and abandoning module ShaderFormatVectorVM (143)
[2020.08.10-08.09.38:859][485]LogModuleManager: Shutting down and abandoning module ShaderFormatOpenGL (141)
[2020.08.10-08.09.38:914][485]LogModuleManager: Shutting down and abandoning module ShaderFormatD3D (139)
[2020.08.10-08.09.38:936][485]LogModuleManager: Shutting down and abandoning module MetalShaderFormat (137)
[2020.08.10-08.09.38:965][485]LogModuleManager: Shutting down and abandoning module TextureFormatUncompressed (135)
[2020.08.10-08.09.38:993][485]LogModuleManager: Shutting down and abandoning module TextureFormatPVR (133)
[2020.08.10-08.09.39:000][485]LogModuleManager: Shutting down and abandoning module TextureFormatDXT (131)
[2020.08.10-08.09.39:000][485]LogModuleManager: Shutting down and abandoning module TextureFormatIntelISPCTexComp (129)
[2020.08.10-08.09.39:190][485]LogModuleManager: Shutting down and abandoning module TextureFormatASTC (127)
[2020.08.10-08.09.39:190][485]LogModuleManager: Shutting down and abandoning module ImageWrapper (126)
[2020.08.10-08.09.39:190][485]LogModuleManager: Shutting down and abandoning module TextureFormatAndroid (123)
[2020.08.10-08.09.39:278][485]LogModuleManager: Shutting down and abandoning module AudioFormatOpus (121)
[2020.08.10-08.09.39:278][485]LogModuleManager: Shutting down and abandoning module AudioFormatOgg (119)
[2020.08.10-08.09.39:292][485]LogModuleManager: Shutting down and abandoning module AudioFormatADPCM (117)
[2020.08.10-08.09.39:398][485]LogModuleManager: Shutting down and abandoning module LinuxTargetPlatform (115)
[2020.08.10-08.09.39:433][485]LogModuleManager: Shutting down and abandoning module LinuxServerTargetPlatform (113)
[2020.08.10-08.09.39:478][485]LogModuleManager: Shutting down and abandoning module LinuxNoEditorTargetPlatform (111)
[2020.08.10-08.09.39:478][485]LogModuleManager: Shutting down and abandoning module LinuxClientTargetPlatform (109)
[2020.08.10-08.09.39:478][485]LogModuleManager: Shutting down and abandoning module TVOSTargetPlatform (107)
[2020.08.10-08.09.39:520][485]LogModuleManager: Shutting down and abandoning module Messaging (105)
[2020.08.10-08.09.39:520][485]LogModuleManager: Shutting down and abandoning module IOSTargetPlatform (103)
[2020.08.10-08.09.39:536][485]LogModuleManager: Shutting down and abandoning module HTML5TargetPlatform (101)
[2020.08.10-08.09.39:536][485]LogModuleManager: Shutting down and abandoning module AndroidTargetPlatform (99)
[2020.08.10-08.09.39:536][485]LogModuleManager: Shutting down and abandoning module Android_PVRTCTargetPlatform (97)
[2020.08.10-08.09.39:536][485]LogModuleManager: Shutting down and abandoning module Android_MultiTargetPlatform (95)
[2020.08.10-08.09.39:536][485]LogModuleManager: Shutting down and abandoning module Android_ETC2TargetPlatform (93)
[2020.08.10-08.09.39:536][485]LogModuleManager: Shutting down and abandoning module Android_ETC1TargetPlatform (91)
[2020.08.10-08.09.39:536][485]LogModuleManager: Shutting down and abandoning module Android_DXTTargetPlatform (89)
[2020.08.10-08.09.39:536][485]LogModuleManager: Shutting down and abandoning module Android_ATCTargetPlatform (87)
[2020.08.10-08.09.39:537][485]LogModuleManager: Shutting down and abandoning module Android_ASTCTargetPlatform (85)
[2020.08.10-08.09.39:537][485]LogModuleManager: Shutting down and abandoning module WindowsTargetPlatform (83)
[2020.08.10-08.09.39:537][485]LogModuleManager: Shutting down and abandoning module WindowsServerTargetPlatform (81)
[2020.08.10-08.09.39:570][485]LogModuleManager: Shutting down and abandoning module WindowsNoEditorTargetPlatform (79)
[2020.08.10-08.09.39:577][485]LogModuleManager: Shutting down and abandoning module WindowsClientTargetPlatform (77)
[2020.08.10-08.09.39:580][485]LogModuleManager: Shutting down and abandoning module MacTargetPlatform (75)
[2020.08.10-08.09.39:630][485]LogModuleManager: Shutting down and abandoning module MacServerTargetPlatform (73)
[2020.08.10-08.09.39:846][485]LogModuleManager: Shutting down and abandoning module MacNoEditorTargetPlatform (71)
[2020.08.10-08.09.39:886][485]LogModuleManager: Shutting down and abandoning module MacClientTargetPlatform (69)
[2020.08.10-08.09.39:918][485]LogModuleManager: Shutting down and abandoning module AllDesktopTargetPlatform (67)
[2020.08.10-08.09.39:918][485]LogModuleManager: Shutting down and abandoning module InputCore (64)
[2020.08.10-08.09.39:918][485]LogModuleManager: Shutting down and abandoning module Settings (62)
[2020.08.10-08.09.39:953][485]LogModuleManager: Shutting down and abandoning module PhysXCooking (60)
[2020.08.10-08.09.39:953][485]LogModuleManager: Shutting down and abandoning module SteamVR (58)
[2020.08.10-08.09.39:991][485]LogModuleManager: Shutting down and abandoning module OculusHMD (56)
[2020.08.10-08.09.40:103][485]LogModuleManager: Shutting down and abandoning module ExampleDeviceProfileSelector (54)
[2020.08.10-08.09.40:103][485]LogModuleManager: Shutting down and abandoning module AppleARKit (52)
[2020.08.10-08.09.40:103][485]LogModuleManager: Shutting down and abandoning module AugmentedReality (51)
[2020.08.10-08.09.40:103][485]LogModuleManager: Shutting down and abandoning module OnlineBlueprintSupport (48)
[2020.08.10-08.09.40:103][485]LogModuleManager: Shutting down and abandoning module OnlineSubsystem (44)
[2020.08.10-08.09.40:352][485]LogModuleManager: Shutting down and abandoning module XMPP (43)
[2020.08.10-08.09.40:448][485]LogModuleManager: Shutting down and abandoning module HTTP (41)
[2020.08.10-08.09.40:448][485]LogHttp: Display: Http module shutting down, but needs to wait on 1 outstanding Http requests:
[2020.08.10-08.09.40:480][485]LogHttp: Display: 	verb=[POST] url=[https://datarouter.ol.epicgames.com/datarouter/api/v1/public/data?SessionID=%7B2AB3660E-497D-705E-F001-D1AE542A1571%7D&AppID=UEEditor.Rocket.Release&AppVersion=4.18.3-3832480%2B%2B%2BUE4%2BRelease-4.18&UserID=dab985eb449ee4f1b342389e404cab9f%7C845779d9bd904572b61cf91381b7a44e%7C4e718ad1-99cd-4dc7-9063-d4e2b6f3fd7d&AppEnvironment=datacollector-binary&UploadType=eteventstream] status=Processing
[2020.08.10-08.09.40:997][485]LogModuleManager: Shutting down and abandoning module SSL (40)
[2020.08.10-08.09.41:394][485]LogModuleManager: Shutting down and abandoning module AnimationModifiers (36)
[2020.08.10-08.09.41:454][485]LogModuleManager: Shutting down and abandoning module PropertyEditor (35)
[2020.08.10-08.09.42:045][485]LogModuleManager: Shutting down and abandoning module AudioEditor (32)
[2020.08.10-08.09.42:121][485]LogModuleManager: Shutting down and abandoning module TextureCompressor (30)
[2020.08.10-08.09.42:604][485]LogModuleManager: Shutting down and abandoning module ShaderCore (28)
[2020.08.10-08.09.42:604][485]LogModuleManager: Shutting down and abandoning module Landscape (26)
[2020.08.10-08.09.42:604][485]LogModuleManager: Shutting down and abandoning module SlateRHIRenderer (24)
[2020.08.10-08.09.43:487][485]LogModuleManager: Shutting down and abandoning module OpenGLDrv (22)
[2020.08.10-08.09.43:617][485]LogModuleManager: Shutting down and abandoning module D3D11RHI (20)
[2020.08.10-08.09.43:617][485]LogModuleManager: Shutting down and abandoning module AnimGraphRuntime (18)
[2020.08.10-08.09.43:638][485]LogModuleManager: Shutting down and abandoning module Renderer (16)
[2020.08.10-08.09.43:677][485]LogModuleManager: Shutting down and abandoning module Engine (14)
[2020.08.10-08.09.43:688][485]LogModuleManager: Shutting down and abandoning module CoreUObject (12)
[2020.08.10-08.09.43:688][485]LogModuleManager: Shutting down and abandoning module NetworkFile (10)
[2020.08.10-08.09.43:702][485]LogModuleManager: Shutting down and abandoning module CookedIterativeFile (8)
[2020.08.10-08.09.43:714][485]LogModuleManager: Shutting down and abandoning module StreamingFile (6)
[2020.08.10-08.09.43:725][485]LogModuleManager: Shutting down and abandoning module SandboxFile (4)
[2020.08.10-08.09.43:725][485]LogModuleManager: Shutting down and abandoning module PakFile (2)
[2020.08.10-08.09.44:467][485]LogExit: Exiting.
[2020.08.10-08.09.48:026][485]Log file closed, 08/10/20 14:09:48
