Log file open, 10/10/20 17:43:21
LogWindows: Failed to load 'aqProf.dll' (GetLastError=126)
LogWindows: File 'aqProf.dll' does not exist
LogWindows: Failed to load 'VSPerf140.dll' (GetLastError=126)
LogWindows: File 'VSPerf140.dll' does not exist
LogWindows: Failed to load 'VtuneApi.dll' (GetLastError=126)
LogWindows: File 'VtuneApi.dll' does not exist
LogWindows: Failed to load 'VtuneApi32e.dll' (GetLastError=126)
LogWindows: File 'VtuneApi32e.dll' does not exist
LogInit: Display: Running engine for game: Vigilance418
LogPlatformFile: Not using cached read wrapper
LogInit: Display: RandInit(965022932) SRandInit(965022932).
LogInit: Read version file with build ID '3709383'
LogInit: Overriding engine version to CL 3832480, compatible CL 3709383
LogInit: Registered custom module enumerator with build ID '3709383'
LogTaskGraph: Started task graph with 5 named threads and 8 total threads with 3 sets of task threads.
LogStats: Stats thread started at 0.907517
LogD3D11RHI: Aftermath initialized
LogModuleManager: Display: Found up-to-date module file ../../../Engine/Plugins/Marketplace/RootMotionExtractor/Binaries/Win64/UE4Editor-RootMotionExtractor.dll (API version 3709383).
LogModuleManager: Display: Found up-to-date module file ../../../Engine/Plugins/Runtime/ApexDestruction/Binaries/Win64/UE4Editor-ApexDestruction.dll (API version 3709383).
LogModuleManager: Display: Found up-to-date module file ../../../Engine/Plugins/Runtime/ApexDestruction/Binaries/Win64/UE4Editor-ApexDestructionEditor.dll (API version 3709383).
LogModuleManager: Display: Found up-to-date module file ../../../Engine/Plugins/2D/Paper2D/Binaries/Win64/UE4Editor-Paper2D.dll (API version 3709383).
LogModuleManager: Display: Found up-to-date module file ../../../Engine/Plugins/2D/Paper2D/Binaries/Win64/UE4Editor-Paper2DEditor.dll (API version 3709383).
LogModuleManager: Display: Found up-to-date module file ../../../Engine/Plugins/2D/Paper2D/Binaries/Win64/UE4Editor-PaperSpriteSheetImporter.dll (API version 3709383).
LogModuleManager: Display: Found up-to-date module file ../../../Engine/Plugins/2D/Paper2D/Binaries/Win64/UE4Editor-PaperTiledImporter.dll (API version 3709383).
LogModuleManager: Display: Found up-to-date module file ../../../Engine/Plugins/2D/Paper2D/Binaries/Win64/UE4Editor-SmartSnapping.dll (API version 3709383).
LogModuleManager: Display: Found up-to-date module file ../../../Engine/Plugins/Blendables/LightPropagationVolume/Binaries/Win64/UE4Editor-LightPropagationVolumeRuntime.dll (API version 3709383).
LogModuleManager: Display: Found up-to-date module file ../../../Engine/Plugins/Blendables/LightPropagationVolume/Binaries/Win64/UE4Editor-LightPropagationVolumeEditor.dll (API version 3709383).
LogModuleManager: Display: Found up-to-date module file ../../../Engine/Plugins/Developer/GitSourceControl/Binaries/Win64/UE4Editor-GitSourceControl.dll (API version 3709383).
LogModuleManager: Display: Found up-to-date module file ../../../Engine/Plugins/Developer/PerforceSourceControl/Binaries/Win64/UE4Editor-PerforceSourceControl.dll (API version 3709383).
LogModuleManager: Display: Found up-to-date module file ../../../Engine/Plugins/Developer/SubversionSourceControl/Binaries/Win64/UE4Editor-SubversionSourceControl.dll (API version 3709383).
LogModuleManager: Display: Found up-to-date module file ../../../Engine/Plugins/Developer/UObjectPlugin/Binaries/Win64/UE4Editor-UObjectPlugin.dll (API version 3709383).
LogModuleManager: Display: Found up-to-date module file ../../../Engine/Plugins/Developer/VisualStudioCodeSourceCodeAccess/Binaries/Win64/UE4Editor-VisualStudioCodeSourceCodeAccess.dll (API version 3709383).
LogModuleManager: Display: Found up-to-date module file ../../../Engine/Plugins/Developer/VisualStudioSourceCodeAccess/Binaries/Win64/UE4Editor-VisualStudioSourceCodeAccess.dll (API version 3709383).
LogModuleManager: Display: Found up-to-date module file ../../../Engine/Plugins/Editor/AssetManagerEditor/Binaries/Win64/UE4Editor-AssetManagerEditor.dll (API version 3709383).
LogModuleManager: Display: Found up-to-date module file ../../../Engine/Plugins/Editor/AudioCapture/Binaries/Win64/UE4Editor-AudioCapture.dll (API version 3709383).
LogModuleManager: Display: Found up-to-date module file ../../../Engine/Plugins/Editor/FacialAnimation/Binaries/Win64/UE4Editor-FacialAnimation.dll (API version 3709383).
LogModuleManager: Display: Found up-to-date module file ../../../Engine/Plugins/Editor/FacialAnimation/Binaries/Win64/UE4Editor-FacialAnimationEditor.dll (API version 3709383).
LogModuleManager: Display: Found up-to-date module file ../../../Engine/Plugins/Editor/GameplayTagsEditor/Binaries/Win64/UE4Editor-GameplayTagsEditor.dll (API version 3709383).
LogModuleManager: Display: Found up-to-date module file ../../../Engine/Plugins/Editor/MobileLauncherProfileWizard/Binaries/Win64/UE4Editor-MobileLauncherProfileWizard.dll (API version 3709383).
LogModuleManager: Display: Found up-to-date module file ../../../Engine/Plugins/Editor/PluginBrowser/Binaries/Win64/UE4Editor-PluginBrowser.dll (API version 3709383).
LogModuleManager: Display: Found up-to-date module file ../../../Engine/Plugins/Editor/SpeedTreeImporter/Binaries/Win64/UE4Editor-SpeedTreeImporter.dll (API version 3709383).
LogModuleManager: Display: Found up-to-date module file ../../../Engine/Plugins/Experimental/AlembicImporter/Binaries/Win64/UE4Editor-AlembicImporter.dll (API version 3709383).
LogModuleManager: Display: Found up-to-date module file ../../../Engine/Plugins/Experimental/AlembicImporter/Binaries/Win64/UE4Editor-AlembicLibrary.dll (API version 3709383).
LogModuleManager: Display: Found up-to-date module file ../../../Engine/Plugins/Experimental/CharacterAI/Binaries/Win64/UE4Editor-CharacterAI.dll (API version 3709383).
LogModuleManager: Display: Found up-to-date module file ../../../Engine/Plugins/Experimental/HTML5Networking/Binaries/Win64/UE4Editor-HTML5Networking.dll (API version 3709383).
LogModuleManager: Display: Found up-to-date module file ../../../Engine/Plugins/Media/AndroidMedia/Binaries/Win64/UE4Editor-AndroidMediaEditor.dll (API version 3709383).
LogModuleManager: Display: Found up-to-date module file ../../../Engine/Plugins/Media/AndroidMedia/Binaries/Win64/UE4Editor-AndroidMediaFactory.dll (API version 3709383).
LogModuleManager: Display: Found up-to-date module file ../../../Engine/Plugins/Media/AvfMedia/Binaries/Win64/UE4Editor-AvfMediaEditor.dll (API version 3709383).
LogModuleManager: Display: Found up-to-date module file ../../../Engine/Plugins/Media/AvfMedia/Binaries/Win64/UE4Editor-AvfMediaFactory.dll (API version 3709383).
LogModuleManager: Display: Found up-to-date module file ../../../Engine/Plugins/Media/AvfMedia/Binaries/Win64/UE4Editor-AvfMediaFactory.dll (API version 3709383).
LogModuleManager: Display: Found up-to-date module file ../../../Engine/Plugins/Media/ImgMedia/Binaries/Win64/UE4Editor-ImgMedia.dll (API version 3709383).
LogModuleManager: Display: Found up-to-date module file ../../../Engine/Plugins/Media/ImgMedia/Binaries/Win64/UE4Editor-ImgMediaEditor.dll (API version 3709383).
LogModuleManager: Display: Found up-to-date module file ../../../Engine/Plugins/Media/ImgMedia/Binaries/Win64/UE4Editor-ImgMediaFactory.dll (API version 3709383).
LogModuleManager: Display: Found up-to-date module file ../../../Engine/Plugins/Media/ImgMedia/Binaries/Win64/UE4Editor-ImgMediaFactory.dll (API version 3709383).
LogModuleManager: Display: Found up-to-date module file ../../../Engine/Plugins/Media/ImgMedia/Binaries/Win64/UE4Editor-OpenExrWrapper.dll (API version 3709383).
LogModuleManager: Display: Found up-to-date module file ../../../Engine/Plugins/Media/MediaCompositing/Binaries/Win64/UE4Editor-MediaCompositing.dll (API version 3709383).
LogModuleManager: Display: Found up-to-date module file ../../../Engine/Plugins/Media/MediaCompositing/Binaries/Win64/UE4Editor-MediaCompositingEditor.dll (API version 3709383).
LogModuleManager: Display: Found up-to-date module file ../../../Engine/Plugins/Media/MediaPlayerEditor/Binaries/Win64/UE4Editor-MediaPlayerEditor.dll (API version 3709383).
LogModuleManager: Display: Found up-to-date module file ../../../Engine/Plugins/Media/WmfMedia/Binaries/Win64/UE4Editor-WmfMedia.dll (API version 3709383).
LogModuleManager: Display: Found up-to-date module file ../../../Engine/Plugins/Media/WmfMedia/Binaries/Win64/UE4Editor-WmfMediaEditor.dll (API version 3709383).
LogModuleManager: Display: Found up-to-date module file ../../../Engine/Plugins/Media/WmfMedia/Binaries/Win64/UE4Editor-WmfMediaFactory.dll (API version 3709383).
LogModuleManager: Display: Found up-to-date module file ../../../Engine/Plugins/Media/WmfMedia/Binaries/Win64/UE4Editor-WmfMediaFactory.dll (API version 3709383).
LogModuleManager: Display: Found up-to-date module file ../../../Engine/Plugins/Messaging/TcpMessaging/Binaries/Win64/UE4Editor-TcpMessaging.dll (API version 3709383).
LogModuleManager: Display: Found up-to-date module file ../../../Engine/Plugins/Messaging/UdpMessaging/Binaries/Win64/UE4Editor-UdpMessaging.dll (API version 3709383).
LogModuleManager: Display: Found up-to-date module file ../../../Engine/Plugins/MovieScene/ActorSequence/Binaries/Win64/UE4Editor-ActorSequence.dll (API version 3709383).
LogModuleManager: Display: Found up-to-date module file ../../../Engine/Plugins/MovieScene/LevelSequenceEditor/Binaries/Win64/UE4Editor-LevelSequenceEditor.dll (API version 3709383).
LogModuleManager: Display: Found up-to-date module file ../../../Engine/Plugins/MovieScene/MatineeToLevelSequence/Binaries/Win64/UE4Editor-MatineeToLevelSequence.dll (API version 3709383).
LogModuleManager: Display: Found up-to-date module file ../../../Engine/Plugins/Online/OnlineSubsystem/Binaries/Win64/UE4Editor-OnlineSubsystem.dll (API version 3709383).
LogModuleManager: Display: Found up-to-date module file ../../../Engine/Plugins/Runtime/AndroidPermission/Binaries/Win64/UE4Editor-AndroidPermission.dll (API version 3709383).
LogModuleManager: Display: Found up-to-date module file ../../../Engine/Plugins/Online/OnlineSubsystemNull/Binaries/Win64/UE4Editor-OnlineSubsystemNull.dll (API version 3709383).
LogModuleManager: Display: Found up-to-date module file ../../../Engine/Plugins/Online/OnlineSubsystemUtils/Binaries/Win64/UE4Editor-OnlineSubsystemUtils.dll (API version 3709383).
LogModuleManager: Display: Found up-to-date module file ../../../Engine/Plugins/Online/OnlineSubsystemUtils/Binaries/Win64/UE4Editor-OnlineBlueprintSupport.dll (API version 3709383).
LogModuleManager: Display: Found up-to-date module file ../../../Engine/Plugins/Runtime/AndroidDeviceProfileSelector/Binaries/Win64/UE4Editor-AndroidDeviceProfileSelector.dll (API version 3709383).
LogModuleManager: Display: Found up-to-date module file ../../../Engine/Plugins/Runtime/AppleARKit/Binaries/Win64/UE4Editor-AppleARKit.dll (API version 3709383).
LogModuleManager: Display: Found up-to-date module file ../../../Engine/Plugins/Runtime/ArchVisCharacter/Binaries/Win64/UE4Editor-ArchVisCharacter.dll (API version 3709383).
LogModuleManager: Display: Found up-to-date module file ../../../Engine/Plugins/Runtime/CableComponent/Binaries/Win64/UE4Editor-CableComponent.dll (API version 3709383).
LogModuleManager: Display: Found up-to-date module file ../../../Engine/Plugins/Runtime/CustomMeshComponent/Binaries/Win64/UE4Editor-CustomMeshComponent.dll (API version 3709383).
LogModuleManager: Display: Found up-to-date module file ../../../Engine/Plugins/Runtime/ExampleDeviceProfileSelector/Binaries/Win64/UE4Editor-ExampleDeviceProfileSelector.dll (API version 3709383).
LogModuleManager: Display: Found up-to-date module file ../../../Engine/Plugins/Runtime/ImmediatePhysics/Binaries/Win64/UE4Editor-ImmediatePhysics.dll (API version 3709383).
LogModuleManager: Display: Found up-to-date module file ../../../Engine/Plugins/Runtime/ImmediatePhysics/Binaries/Win64/UE4Editor-ImmediatePhysicsEditor.dll (API version 3709383).
LogModuleManager: Display: Found up-to-date module file ../../../Engine/Plugins/Runtime/LocationServicesBPLibrary/Binaries/Win64/UE4Editor-LocationServicesBPLibrary.dll (API version 3709383).
LogModuleManager: Display: Found up-to-date module file ../../../Engine/Plugins/Runtime/MobilePatchingUtils/Binaries/Win64/UE4Editor-MobilePatchingUtils.dll (API version 3709383).
LogModuleManager: Display: Found up-to-date module file ../../../Engine/Plugins/Runtime/Oculus/OculusVR/Binaries/Win64/UE4Editor-OculusHMD.dll (API version 3709383).
LogModuleManager: Display: Found up-to-date module file ../../../Engine/Plugins/Runtime/Oculus/OculusVR/Binaries/Win64/UE4Editor-OculusInput.dll (API version 3709383).
LogModuleManager: Display: Found up-to-date module file ../../../Engine/Plugins/Runtime/Oculus/OculusVR/Binaries/Win64/UE4Editor-OculusEditor.dll (API version 3709383).
LogModuleManager: Display: Found up-to-date module file ../../../Engine/Plugins/Runtime/PhysXVehicles/Binaries/Win64/UE4Editor-PhysXVehicles.dll (API version 3709383).
LogModuleManager: Display: Found up-to-date module file ../../../Engine/Plugins/Runtime/PhysXVehicles/Binaries/Win64/UE4Editor-PhysXVehiclesEditor.dll (API version 3709383).
LogModuleManager: Display: Found up-to-date module file ../../../Engine/Plugins/Runtime/ProceduralMeshComponent/Binaries/Win64/UE4Editor-ProceduralMeshComponent.dll (API version 3709383).
LogModuleManager: Display: Found up-to-date module file ../../../Engine/Plugins/Runtime/ProceduralMeshComponent/Binaries/Win64/UE4Editor-ProceduralMeshComponentEditor.dll (API version 3709383).
LogModuleManager: Display: Found up-to-date module file ../../../Engine/Plugins/Runtime/RuntimePhysXCooking/Binaries/Win64/UE4Editor-RuntimePhysXCooking.dll (API version 3709383).
LogModuleManager: Display: Found up-to-date module file ../../../Engine/Plugins/Runtime/Steam/SteamVR/Binaries/Win64/UE4Editor-SteamVR.dll (API version 3709383).
LogModuleManager: Display: Found up-to-date module file ../../../Engine/Plugins/Runtime/Steam/SteamVR/Binaries/Win64/UE4Editor-SteamVRController.dll (API version 3709383).
LogModuleManager: Display: Found up-to-date module file ../../../Engine/Plugins/Runtime/WindowsMoviePlayer/Binaries/Win64/UE4Editor-WindowsMoviePlayer.dll (API version 3709383).
LogPluginManager: Mounting plugin Paper2D
LogPluginManager: Mounting plugin LightPropagationVolume
LogPluginManager: Mounting plugin CodeLiteSourceCodeAccess
LogPluginManager: Mounting plugin GitSourceControl
LogPluginManager: Mounting plugin KDevelopSourceCodeAccess
LogPluginManager: Mounting plugin NullSourceCodeAccess
LogPluginManager: Mounting plugin PerforceSourceControl
LogPluginManager: Mounting plugin SubversionSourceControl
LogPluginManager: Mounting plugin UObjectPlugin
LogPluginManager: Mounting plugin VisualStudioCodeSourceCodeAccess
LogPluginManager: Mounting plugin VisualStudioSourceCodeAccess
LogPluginManager: Mounting plugin XCodeSourceCodeAccess
LogPluginManager: Mounting plugin AssetManagerEditor
LogPluginManager: Mounting plugin AudioCapture
LogPluginManager: Mounting plugin FacialAnimation
LogPluginManager: Mounting plugin GameplayTagsEditor
LogPluginManager: Mounting plugin MobileLauncherProfileWizard
LogPluginManager: Mounting plugin PluginBrowser
LogPluginManager: Mounting plugin SpeedTreeImporter
LogPluginManager: Mounting plugin AlembicImporter
LogPluginManager: Mounting plugin CharacterAI
LogPluginManager: Mounting plugin HTML5Networking
LogPluginManager: Mounting plugin RootMotionExtractor
LogPluginManager: Mounting plugin AndroidMedia
LogPluginManager: Mounting plugin AvfMedia
LogPluginManager: Mounting plugin ImgMedia
LogPluginManager: Mounting plugin MediaCompositing
LogPluginManager: Mounting plugin MediaPlayerEditor
LogPluginManager: Mounting plugin WmfMedia
LogPluginManager: Mounting plugin TcpMessaging
LogPluginManager: Mounting plugin UdpMessaging
LogPluginManager: Mounting plugin ActorSequence
LogPluginManager: Mounting plugin LevelSequenceEditor
LogPluginManager: Mounting plugin MatineeToLevelSequence
LogPluginManager: Mounting plugin OnlineSubsystemGooglePlay
LogPluginManager: Mounting plugin OnlineSubsystemIOS
LogPluginManager: Mounting plugin OnlineSubsystem
LogPluginManager: Mounting plugin OnlineSubsystemNull
LogPluginManager: Mounting plugin OnlineSubsystemUtils
LogPluginManager: Mounting plugin AndroidDeviceProfileSelector
LogPluginManager: Mounting plugin AndroidMoviePlayer
LogPluginManager: Mounting plugin AndroidPermission
LogPluginManager: Mounting plugin ApexDestruction
LogPluginManager: Mounting plugin AppleARKit
LogPluginManager: Mounting plugin AppleMoviePlayer
LogPluginManager: Mounting plugin ArchVisCharacter
LogPluginManager: Mounting plugin CableComponent
LogPluginManager: Mounting plugin CustomMeshComponent
LogPluginManager: Mounting plugin ExampleDeviceProfileSelector
LogPluginManager: Mounting plugin GoogleCloudMessaging
LogPluginManager: Mounting plugin ImmediatePhysics
LogPluginManager: Mounting plugin IOSDeviceProfileSelector
LogPluginManager: Mounting plugin LinuxDeviceProfileSelector
LogPluginManager: Mounting plugin LocationServicesBPLibrary
LogPluginManager: Mounting plugin MobilePatchingUtils
LogPluginManager: Mounting plugin OculusVR
LogPluginManager: Plugin shader directory ../../../Engine/Plugins/Runtime/Oculus/OculusVR/Shaders found
LogPluginManager: Mapping shader source directory ../../../Engine/Plugins/Runtime/Oculus/OculusVR/Shaders to virtual directory /Plugin/OculusVR
LogPluginManager: Mounting plugin PhysXVehicles
LogPluginManager: Mounting plugin ProceduralMeshComponent
LogPluginManager: Mounting plugin RuntimePhysXCooking
LogPluginManager: Mounting plugin SteamVR
LogPluginManager: Mounting plugin WindowsMoviePlayer
LogInit: Using libcurl 7.47.1
LogInit:  - built for x86_64-pc-win32
LogInit:  - supports SSL with OpenSSL/1.0.2g
LogInit:  - supports HTTP deflate (compression) using libz 1.2.8
LogInit:  - other features:
LogInit:      CURL_VERSION_SSL
LogInit:      CURL_VERSION_LIBZ
LogInit:      CURL_VERSION_IPV6
LogInit:      CURL_VERSION_ASYNCHDNS
LogInit:      CURL_VERSION_LARGEFILE
LogInit:      CURL_VERSION_IDN
LogInit:  CurlRequestOptions (configurable via config and command line):
LogInit:  - bVerifyPeer = false  - Libcurl will NOT verify peer certificate
LogInit:  - bUseHttpProxy = false  - Libcurl will NOT use HTTP proxy
LogInit:  - bDontReuseConnections = false  - Libcurl will reuse connections
LogInit:  - CertBundlePath = nullptr  - Libcurl will use whatever was configured at build time.
LogInit: Build: ++UE4+Release-4.18-CL-3832480
LogInit: Engine Version: 4.18.3-3832480+++UE4+Release-4.18
LogInit: Compatible Engine Version: 4.18.0-3709383+++UE4+Release-4.18
LogInit: Net CL: 3709383
LogDevObjectVersion: Number of dev versions registered: 16
LogDevObjectVersion:   Dev-Blueprints (B0D832E4-1F89-4F0D-ACCF-7EB736FD4AA2): 10
LogDevObjectVersion:   Dev-Build (E1C64328-A22C-4D53-A36C-8E866417BD8C): 0
LogDevObjectVersion:   Dev-Core (375EC13C-06E4-48FB-B500-84F0262A717E): 2
LogDevObjectVersion:   Dev-Editor (E4B068ED-F494-42E9-A231-DA0B2E46BB41): 20
LogDevObjectVersion:   Dev-Framework (CFFC743F-43B0-4480-9391-14DF171D2073): 30
LogDevObjectVersion:   Dev-Mobile (B02B49B5-BB20-44E9-A304-32B752E40360): 0
LogDevObjectVersion:   Dev-Networking (A4E4105C-59A1-49B5-A7C5-40C4547EDFEE): 0
LogDevObjectVersion:   Dev-Online (39C831C9-5AE6-47DC-9A44-9C173E1C8E7C): 0
LogDevObjectVersion:   Dev-Physics (78F01B33-EBEA-4F98-B9B4-84EACCB95AA2): 0
LogDevObjectVersion:   Dev-Platform (6631380F-2D4D-43E0-8009-CF276956A95A): 0
LogDevObjectVersion:   Dev-Rendering (12F88B9F-8875-4AFC-A67C-D90C383ABD29): 20
LogDevObjectVersion:   Dev-Sequencer (7B5AE74C-D270-4C10-A958-57980B212A5A): 4
LogDevObjectVersion:   Dev-VR (D7296918-1DD6-4BDD-9DE2-64A83CC13884): 0
LogDevObjectVersion:   Dev-LoadTimes (C2A15278-BFE7-4AFE-6C17-90FF531DF755): 1
LogDevObjectVersion:   Private-Geometry (6EACA3D4-40EC-4CC1-B786-8BED09428FC5): 1
LogDevObjectVersion:   Dev-AnimPhys (29E575DD-E0A3-4627-9D10-D276232CDCEA): 12
LogInit: Compiled (64-bit): Jan 12 2018 02:04:55
LogInit: Compiled with Visual C++: 19.00.24215.01
LogInit: Build Configuration: Development
LogInit: Branch Name: ++UE4+Release-4.18
LogInit: Command line:  
LogInit: Base directory: E:/GameDev/Unreal/Engine/UE_4.18/Engine/Binaries/Win64/
LogInit: Installed Engine Build: 1
LogInit: Presizing for max 8388607 objects, including 0 objects not considered by GC, pre-allocating 0 bytes for permanent pool.
LogInit: Object subsystem initialized
[2020.10.10-11.43.28:941][  0]LogInit: Selected Device Profile: [Windows]
[2020.10.10-11.43.28:941][  0]LogInit: Applying CVar settings loaded from the selected device profile: [Windows]
[2020.10.10-11.43.29:446][  0]LogInit: Computer: ISHRAQ-PC
[2020.10.10-11.43.29:446][  0]LogInit: User: farha
[2020.10.10-11.43.29:446][  0]LogInit: CPU Page size=4096, Cores=2
[2020.10.10-11.43.29:446][  0]LogInit: High frequency timer resolution =10.000000 MHz
[2020.10.10-11.43.29:446][  0]LogMemory: Memory total: Physical=3.9GB (4GB approx)
[2020.10.10-11.43.29:446][  0]LogMemory: Platform Memory Stats for Windows
[2020.10.10-11.43.29:446][  0]LogMemory: Process Physical Memory: 276.50 MB used, 276.50 MB peak
[2020.10.10-11.43.29:446][  0]LogMemory: Process Virtual Memory: 282.39 MB used, 282.39 MB peak
[2020.10.10-11.43.29:447][  0]LogMemory: Physical Memory: 2227.95 MB used,  1749.07 MB free, 3977.01 MB total
[2020.10.10-11.43.29:447][  0]LogMemory: Virtual Memory: 4772.74 MB used,  1749.07 MB free, 134217728.00 MB total
[2020.10.10-11.43.31:413][  0]LogInit: Using OS detected language (en-US).
[2020.10.10-11.43.31:413][  0]LogInit: Using OS detected locale (en-US).
[2020.10.10-11.43.31:544][  0]LogTextLocalizationManager: No specific localization for 'en-US' exists, so the 'en' localization will be used.
[2020.10.10-11.43.32:451][  0]LogInit: Setting process to per monitor DPI aware
[2020.10.10-11.43.34:984][  0]LogD3D11RHI: D3D11 adapters:
[2020.10.10-11.43.35:120][  0]LogD3D11RHI:    0. 'Intel(R) HD Graphics 3000' (Feature Level 10_0)
[2020.10.10-11.43.35:120][  0]LogD3D11RHI:       32/0/1632 MB DedicatedVideo/DedicatedSystem/SharedSystem, Outputs:1, VendorId:0x8086
[2020.10.10-11.43.35:160][  0]LogD3D11RHI:    1. 'Microsoft Basic Render Driver' (Feature Level 11_0)
[2020.10.10-11.43.35:160][  0]LogD3D11RHI:       0/0/1988 MB DedicatedVideo/DedicatedSystem/SharedSystem, Outputs:0, VendorId:0x1414
[2020.10.10-11.43.35:160][  0]LogD3D11RHI: Chosen D3D11 Adapter: 0
[2020.10.10-11.43.35:192][  0]LogD3D11RHI: Creating new Direct3DDevice
[2020.10.10-11.43.35:193][  0]LogD3D11RHI:     GPU DeviceId: 0x126 (for the marketing name, search the web for "GPU Device Id")
[2020.10.10-11.43.35:193][  0]LogWindows: EnumDisplayDevices:
[2020.10.10-11.43.35:193][  0]LogWindows:    0. 'Intel(R) HD Graphics 3000' (P:1 D:1)
[2020.10.10-11.43.35:193][  0]LogWindows:    1. 'Intel(R) HD Graphics 3000' (P:0 D:0)
[2020.10.10-11.43.35:193][  0]LogWindows: DebugString: GetVideoDriverDetailsInvalid PrimaryIsNotTheChoosenAdapter GetVideoDriverDetailsInvalid PrimaryIsNotTheChoosenAdapter FoundDriverCount:0 
[2020.10.10-11.43.35:193][  0]LogD3D11RHI:     Adapter Name: Intel(R) HD Graphics 3000
[2020.10.10-11.43.35:193][  0]LogD3D11RHI:   Driver Version: Unknown (internal:Unknown, unified:Unknown)
[2020.10.10-11.43.35:193][  0]LogD3D11RHI:      Driver Date: Unknown
[2020.10.10-11.43.35:193][  0]LogRHI: Texture pool is 593 MB (70% of 848 MB)
[2020.10.10-11.43.35:274][  0]LogD3D11RHI: Async texture creation enabled
[2020.10.10-11.43.35:871][  0]LogD3D11RHI: GPU Timing Frequency: 12.500000 (Debug: 2 1)
[2020.10.10-11.43.36:032][  0]LogShaderCompilers: Guid format shader working directory is -3 characters bigger than the processId version (../../../../../GITHUB/vigilance_4.18/Vigilance418/Intermediate/Shaders/WorkingDirectory/3848/).
[2020.10.10-11.43.36:033][  0]LogShaderCompilers: Cleaned the shader compiler working directory 'C:/Users/farha/AppData/Local/Temp/UnrealShaderWorkingDir/4BDCD6F946A03FDAFA5DD18555717857/'.
[2020.10.10-11.43.36:139][  0]LogShaderCompilers: Display: Using Local Shader Compiler.
[2020.10.10-11.43.40:960][  0]LogTemp: Display: Loaded TP AllDesktopTargetPlatform
[2020.10.10-11.43.41:042][  0]LogTemp: Display: Loaded TP MacClientTargetPlatform
[2020.10.10-11.43.41:112][  0]LogTemp: Display: Loaded TP MacNoEditorTargetPlatform
[2020.10.10-11.43.41:185][  0]LogTemp: Display: Loaded TP MacServerTargetPlatform
[2020.10.10-11.43.41:285][  0]LogTemp: Display: Loaded TP MacTargetPlatform
[2020.10.10-11.43.41:369][  0]LogTemp: Display: Loaded TP WindowsClientTargetPlatform
[2020.10.10-11.43.41:439][  0]LogTemp: Display: Loaded TP WindowsNoEditorTargetPlatform
[2020.10.10-11.43.41:508][  0]LogTemp: Display: Loaded TP WindowsServerTargetPlatform
[2020.10.10-11.43.41:609][  0]LogTemp: Display: Loaded TP WindowsTargetPlatform
[2020.10.10-11.43.41:775][  0]LogTemp: Display: Loaded TP Android_ASTCTargetPlatform
[2020.10.10-11.43.41:870][  0]LogTemp: Display: Loaded TP Android_ATCTargetPlatform
[2020.10.10-11.43.41:975][  0]LogTemp: Display: Loaded TP Android_DXTTargetPlatform
[2020.10.10-11.43.42:050][  0]LogTemp: Display: Loaded TP Android_ETC1TargetPlatform
[2020.10.10-11.43.42:145][  0]LogTemp: Display: Loaded TP Android_ETC2TargetPlatform
[2020.10.10-11.43.42:413][  0]LogTemp: Display: Loaded TP Android_MultiTargetPlatform
[2020.10.10-11.43.42:413][  0]LogTemp: Display: Loaded TP Android_PVRTCTargetPlatform
[2020.10.10-11.43.42:545][  0]LogTemp: Display: Loaded TP AndroidTargetPlatform
[2020.10.10-11.43.42:643][  0]LogTemp: Display: Loaded TP HTML5TargetPlatform
[2020.10.10-11.43.42:870][  0]LogTemp: Display: Loaded TP IOSTargetPlatform
[2020.10.10-11.43.42:934][  0]LogTemp: Display: Loaded TP TVOSTargetPlatform
[2020.10.10-11.43.43:017][  0]LogTemp: Display: Loaded TP LinuxClientTargetPlatform
[2020.10.10-11.43.43:104][  0]LogTemp: Display: Loaded TP LinuxNoEditorTargetPlatform
[2020.10.10-11.43.43:261][  0]LogTemp: Display: Loaded TP LinuxServerTargetPlatform
[2020.10.10-11.43.43:339][  0]LogTemp: Display: Loaded TP LinuxTargetPlatform
[2020.10.10-11.43.43:340][  0]LogTargetPlatformManager: Display: Building Assets For Windows
[2020.10.10-11.43.46:992][  0]LogDerivedDataCache: Display: Max Cache Size: 512 MB
[2020.10.10-11.43.48:490][  0]LogDerivedDataCache: Loaded boot cache 1.50s 75MB C:/Users/farha/AppData/Local/UnrealEngine/4.18/DerivedDataCache/Boot.ddc.
[2020.10.10-11.43.48:490][  0]LogDerivedDataCache: Display: Loaded Boot cache: C:/Users/farha/AppData/Local/UnrealEngine/4.18/DerivedDataCache/Boot.ddc
[2020.10.10-11.43.48:490][  0]LogDerivedDataCache: FDerivedDataBackendGraph:  Pak pak cache file ../../../../../GITHUB/vigilance_4.18/Vigilance418/DerivedDataCache/DDC.ddp not found, will not use a pak cache.
[2020.10.10-11.43.48:490][  0]LogDerivedDataCache: Unable to find inner node Pak for hierarchical cache Hierarchy.
[2020.10.10-11.43.48:490][  0]LogDerivedDataCache: FDerivedDataBackendGraph:  CompressedPak pak cache file ../../../../../GITHUB/vigilance_4.18/Vigilance418/DerivedDataCache/Compressed.ddp not found, will not use a pak cache.
[2020.10.10-11.43.48:490][  0]LogDerivedDataCache: Unable to find inner node CompressedPak for hierarchical cache Hierarchy.
[2020.10.10-11.43.48:575][  0]LogDerivedDataCache: Display: Pak cache opened for reading ../../../Engine/DerivedDataCache/Compressed.ddp.
[2020.10.10-11.43.48:608][  0]LogDerivedDataCache: Using Local data cache path C:/Users/farha/AppData/Local/UnrealEngine/Common/DerivedDataCache: Writable
[2020.10.10-11.43.48:706][  0]LogMaterial: Verifying Global Shaders for PCD3D_SM4
[2020.10.10-11.43.48:780][  0]LogSlate: Using Freetype 2.6.0
[2020.10.10-11.43.48:853][  0]LogSlate: SlateFontCache - WITH_FREETYPE: 1, WITH_HARFBUZZ: 1
[2020.10.10-11.43.48:867][  0]LogSlate: SlateFontCache - WITH_FREETYPE: 1, WITH_HARFBUZZ: 1
[2020.10.10-11.43.56:804][  0]LogInit: Selected Device Profile: [Windows]
[2020.10.10-11.43.59:190][  0]LogSimplygon: Simplygon DLL not present - disabling.
[2020.10.10-11.43.59:268][  0]LogMeshReduction: Using SimplygonSwarm for distributed automatic mesh merging
[2020.10.10-11.43.59:269][  0]LogMeshReduction: Using QuadricMeshReduction for automatic static mesh reduction
[2020.10.10-11.43.59:269][  0]LogMeshReduction: No automatic skeletal mesh reduction module available
[2020.10.10-11.43.59:269][  0]LogMeshReduction: No automatic mesh merging module available
[2020.10.10-11.43.59:269][  0]LogMeshMerging: No automatic mesh merging module available
[2020.10.10-11.43.59:743][  0]LogNetVersion: Vigilance418 , NetCL: 3709383, EngineNetVer: 2, GameNetVer: 0 (Checksum: 63410103)
[2020.10.10-11.44.01:337][  0]LogAssetRegistry: FAssetRegistry took 0.0466 seconds to start up
[2020.10.10-11.44.10:813][  0]LogPackageLocalizationCache: Processed 7 localized package path(s) for 2 prioritized culture(s) in 0.230550 seconds
[2020.10.10-11.44.10:890][  0]LogUObjectArray: 35870 objects as part of root set at end of initial load.
[2020.10.10-11.44.10:890][  0]LogUObjectAllocator: 7363704 out of 0 bytes used by permanent object pool.
[2020.10.10-11.44.10:890][  0]LogUObjectArray: CloseDisregardForGC: 0/0 objects in disregard for GC pool
[2020.10.10-11.44.11:190][  0]LogInit: WinSock: version 1.1 (2.2), MaxSocks=32767, MaxUdp=65467
[2020.10.10-11.44.55:966][  0]LogTcpMessaging: Initializing TcpMessaging bridge
[2020.10.10-11.44.56:060][  0]LogUdpMessaging: Initializing bridge on interface 0.0.0.0:0 to multicast group 230.0.0.1:6666.
[2020.10.10-11.44.59:967][  0]LogMaterial: Uniform references updated for custom material expression Custom.
[2020.10.10-11.45.01:766][  0]SourceControl: Source control is disabled
[2020.10.10-11.45.01:768][  0]SourceControl: Source control is disabled
[2020.10.10-11.45.01:991][  0]SourceControl: Source control is disabled
[2020.10.10-11.45.02:136][  0]SourceControl: Source control is disabled
[2020.10.10-11.45.06:449][  0]LogAndroidPermission: UAndroidPermissionCallbackProxy::GetInstance
[2020.10.10-11.45.07:579][  0]LogOcInput: OculusInput pre-init called
[2020.10.10-11.45.22:833][  0]LogAutomationTest: Warning: Smoke tests took > 2s to run: 2.45s
[2020.10.10-11.45.23:089][  0]LogEngine: Initializing Engine...
[2020.10.10-11.45.23:414][  0]LogHMD: Failed to initialize OpenVR with code 110
[2020.10.10-11.45.28:122][  0]LogStats: UGameplayTagsManager::ConstructGameplayTagTree: Construct from data asset -  0.000 s
[2020.10.10-11.45.28:129][  0]LogStats: UGameplayTagsManager::ConstructGameplayTagTree: GameplayTagTreeChangedEvent.Broadcast -  0.001 s
[2020.10.10-11.45.32:656][  0]LogAIModule: Creating AISystem for world Untitled
[2020.10.10-11.45.33:832][  0]LogInit: XAudio2 using 'Speakers (2- High Definition Audio Device)' : 2 channels at 48 kHz using 16 bits per sample (channel mask 0x3)
[2020.10.10-11.45.34:025][  0]LogInit: FAudioDevice initialized.
[2020.10.10-11.45.36:338][  0]LogDerivedDataCache: Saved boot cache 2.27s 75MB C:/Users/farha/AppData/Local/UnrealEngine/4.18/DerivedDataCache/Boot.ddc.
[2020.10.10-11.45.37:433][  0]LogInit: Texture streaming: Enabled
[2020.10.10-11.45.43:282][  0]LogEngineSessionManager: EngineSessionManager initialized
[2020.10.10-11.45.45:555][  0]LogInit: Transaction tracking system initialized
[2020.10.10-11.45.46:788][  0]BlueprintLog: New page: Editor Load
[2020.10.10-11.45.52:589][  0]LocalizationService: Localization service is disabled
[2020.10.10-11.46.11:701][  0]LogConsoleResponse: Display: 
[2020.10.10-11.46.21:911][  0]LogCook: Display: Max memory allowance for cook 16384mb min free memory 0mb
[2020.10.10-11.46.21:988][  0]LogCook: Display: Mobile HDR setting 1
[2020.10.10-11.46.22:020][  0]LogGameplayTags: Display: UGameplayTagsManager::DoneAddingNativeTags. DelegateIsBound: 0
[2020.10.10-11.46.25:297][  0]LogFileCache: Scanning file cache for directory 'E:/GameDev/Unreal/GITHUB/vigilance_4.18/Vigilance418/Content/' took 2.13s
[2020.10.10-11.46.29:705][  0]SourceControl: Source control is disabled
[2020.10.10-11.46.29:864][  0]Cmd: MAP LOAD FILE="../../../../../GITHUB/vigilance_4.18/Vigilance418/Content/Maps/SG_MissionMap.umap" TEMPLATE=0 SHOWPROGRESS=1 FEATURELEVEL=2
[2020.10.10-11.46.30:010][  0]LightingResults: New page: Lighting Build
[2020.10.10-11.46.30:527][  0]MapCheck: New page: Map Check
[2020.10.10-11.46.30:527][  0]LightingResults: New page: Lighting Build
[2020.10.10-11.47.14:080][  0]LogLinker: Display: CreateExport: Failed to load Parent for Function /Game/Blueprints/AI_Blueprint/ShooterAI/NewShooterAI/AI_Guns/Bullets/AI_RifleBullet.AI_RifleBullet_C:UserConstructionScript; removing parent information, but keeping function
[2020.10.10-11.47.24:161][  0]LogLinker: Display: CreateExport: Failed to load Parent for Function /Game/Blueprints/CustomBlueprints/Scanner/ScannedCharacter.ScannedCharacter_C:UserConstructionScript; removing parent information, but keeping function
[2020.10.10-11.47.24:674][  0]LogBlueprint: Warning: [Compiler TriggerWhenAboutTogetintoCarChese] Get : 'Player Drop Position' variable not found. Base class was probably changed. /Game/Blueprints/CustomBlueprints/CarChase/TriggerWhenAboutTogetintoCarChese.TriggerWhenAboutTogetintoCarChese
[2020.10.10-11.47.24:709][  0]LogBlueprint: Warning: [Compiler WayPointToCarChase_] Get : 'Player Drop Position' variable not found. Base class was probably changed. /Game/Blueprints/CustomBlueprints/CarChase/WayPointToCarChase_.WayPointToCarChase_
[2020.10.10-11.47.24:839][  0]LogBlueprint: Warning: [Compiler TriggerWhenAboutTogetintoCarChese] Could not find a variable named "Player Drop Position" in 'CarChase_Truck_Pawn_C'.
Make sure 'CarChase_Truck_Pawn_C' has been compiled for  Get Player Drop Position
[2020.10.10-11.47.24:992][  0]LogBlueprint: Warning: [Compiler WayPointToCarChase_] Could not find a variable named "Player Drop Position" in 'CarChase_Truck_Pawn_C'.
Make sure 'CarChase_Truck_Pawn_C' has been compiled for  Get Player Drop Position
[2020.10.10-11.47.25:085][  0]LogBlueprint: Error: [Compiler TriggerWhenAboutTogetintoCarChese] The property associated with  Player Drop Position  could not be found
[2020.10.10-11.47.25:126][  0]LogBlueprint: Error: [Compiler WayPointToCarChase_] The property associated with  Player Drop Position  could not be found
[2020.10.10-11.47.25:270][  0]LogBlueprint: Warning: [Compiler TriggerWhenAboutTogetintoCarChese] [0258.01] Compile of TriggerWhenAboutTogetintoCarChese failed. 1 Fatal Issue(s) 2 Warning(s) [in 783 ms] (/Game/Blueprints/CustomBlueprints/CarChase/TriggerWhenAboutTogetintoCarChese.TriggerWhenAboutTogetintoCarChese)
[2020.10.10-11.47.25:270][  0]LogBlueprint: Warning: [Compiler WayPointToCarChase_] [0258.01] Compile of WayPointToCarChase_ failed. 1 Fatal Issue(s) 2 Warning(s) [in 784 ms] (/Game/Blueprints/CustomBlueprints/CarChase/WayPointToCarChase_.WayPointToCarChase_)
[2020.10.10-11.48.33:184][  0]LogAIModule: Creating AISystem for world SG_MissionMap
[2020.10.10-11.48.37:056][  0]LogEditorServer: Finished looking for orphan Actors (0.001 secs)
[2020.10.10-11.48.38:265][  0]Cmd: MAP CHECKDEP NOCLEARLOG
[2020.10.10-11.48.40:304][  0]MapCheck: Map check complete: 0 Error(s), 0 Warning(s), took 2,029.154ms to complete.
[2020.10.10-11.48.40:319][  0]LogFileHelpers: Loading map 'SG_MissionMap' took 130.488
[2020.10.10-11.48.52:840][  0]LogCollectionManager: Loaded 0 collections in 0.015780 seconds
[2020.10.10-11.48.53:572][  0]LogFileCache: Scanning file cache for directory 'E:/GameDev/Unreal/GITHUB/vigilance_4.18/Vigilance418/Saved/Collections/' took 0.01s
[2020.10.10-11.48.53:573][  0]LogFileCache: Scanning file cache for directory 'E:/GameDev/Unreal/GITHUB/vigilance_4.18/Vigilance418/Content/Developers/farha/Collections/' took 0.01s
[2020.10.10-11.48.53:573][  0]LogFileCache: Scanning file cache for directory 'E:/GameDev/Unreal/GITHUB/vigilance_4.18/Vigilance418/Content/Collections/' took 0.01s
[2020.10.10-11.48.53:573][  0]LogCollectionManager: Rebuilt the GUID cache for 0 collections in 0.000001 seconds
[2020.10.10-11.48.54:125][  0]LogContentBrowser: Native class hierarchy populated in 0.5331 seconds. Added 2373 classes and 526 folders.
[2020.10.10-11.48.54:645][  0]LogContentBrowser: Native class hierarchy updated for 'WidgetCarousel' in 0.0005 seconds. Added 0 classes and 0 folders.
[2020.10.10-11.49.01:761][  0]LogContentBrowser: Native class hierarchy updated for 'AddContentDialog' in 0.0122 seconds. Added 0 classes and 0 folders.
[2020.10.10-11.49.02:733][  0]LogSlate: Took 0.279760 seconds to synchronously load lazily loaded font '../../../Engine/Content/Slate/Fonts/Roboto-Regular.ttf' (155K)
[2020.10.10-11.49.03:196][  0]LogSlate: Took 0.040385 seconds to synchronously load lazily loaded font '../../../Engine/Content/Slate/Fonts/Roboto-Bold.ttf' (160K)
[2020.10.10-11.49.06:129][  0]LogRenderer: Reallocating scene render targets to support 992x656 Format 9 NumSamples 1 (Frame:1).
[2020.10.10-11.49.14:562][  0]LogContentBrowser: Native class hierarchy updated for 'HierarchicalLODOutliner' in 0.0004 seconds. Added 1 classes and 2 folders.
[2020.10.10-11.49.14:562][  0]LogLoad: (Engine Initialization) Total time: 367.30 seconds
[2020.10.10-11.49.14:562][  0]LogLoad: (Engine Initialization) Total Blueprint compile time: 0.00 seconds
[2020.10.10-11.49.14:621][  0]LogExternalProfiler: No external profilers were discovered.  External profiling features will not be available.
[2020.10.10-11.49.16:592][  0]LogContentStreaming: Texture pool size now 400 MB
[2020.10.10-11.49.54:718][101]LogAssetRegistry: Asset discovery search completed in 353.4055 seconds
[2020.10.10-11.49.54:809][101]LogCollectionManager: Rebuilt the object cache for 0 collections in 0.000001 seconds (found 0 objects)
[2020.10.10-11.49.54:811][101]LogCollectionManager: Fixed up redirectors for 0 collections in 0.009007 seconds (updated 0 objects)
[2020.10.10-12.14.13:138][  2]LogSlate: Took 0.237705 seconds to synchronously load lazily loaded font '../../../Engine/Content/Editor/Slate/Fonts/DroidSansMono.ttf' (77K)
[2020.10.10-12.14.14:127][ 47]Cmd: t.MaxFPS 30
[2020.10.10-12.14.14:514][ 47]t.MaxFPS = "30"
[2020.10.10-12.24.05:954][913]LogSlate: Took 0.313201 seconds to synchronously load lazily loaded font '../../../Engine/Content/Editor/Slate/Fonts/FontAwesome.ttf' (139K)
[2020.10.10-12.44.08:323][724]LogWindowsTextInputMethodSystem: Display: IME system now deactivated.
[2020.10.10-12.44.16:503][725]Cmd: QUIT_EDITOR
[2020.10.10-12.44.19:700][725]LogExit: Preparing to exit.
[2020.10.10-12.44.39:742][725]LogDirectoryWatcher: A directory notification for 'E:/GameDev/Unreal/GITHUB/vigilance_4.18/Vigilance418/Content/' was aborted.
[2020.10.10-12.45.26:838][725]LogExit: Editor shut down
[2020.10.10-12.45.27:656][725]LogExit: Transaction tracking system shut down
[2020.10.10-12.45.38:135][725]LogDirectoryWatcher: A directory notification for '../../../Engine/Content/' was aborted.
[2020.10.10-12.45.38:136][725]LogDirectoryWatcher: A directory notification for '../../../../../GITHUB/vigilance_4.18/Vigilance418/Content/' was aborted.
[2020.10.10-12.45.38:136][725]LogDirectoryWatcher: A directory notification for '../../../Engine/Plugins/2D/Paper2D/Content/' was aborted.
[2020.10.10-12.45.38:136][725]LogDirectoryWatcher: A directory notification for '../../../Engine/Plugins/Media/MediaCompositing/Content/' was aborted.
[2020.10.10-12.45.38:136][725]LogDirectoryWatcher: A directory notification for '../../../Engine/Plugins/Runtime/AppleARKit/Content/' was aborted.
[2020.10.10-12.45.38:136][725]LogDirectoryWatcher: A directory notification for '../../../Engine/Plugins/Runtime/Oculus/OculusVR/Content/' was aborted.
[2020.10.10-12.45.38:136][725]LogDirectoryWatcher: A directory notification for '../../../Engine/Plugins/Runtime/Steam/SteamVR/Content/' was aborted.
[2020.10.10-12.45.58:693][725]LogExit: Object subsystem successfully closed.
[2020.10.10-12.46.01:301][725]LogD3D11RHI: Shutdown
[2020.10.10-12.46.01:302][725]LogD3D11RHI: CleanupD3DDevice
[2020.10.10-12.46.02:365][725]LogD3D11RHI: ~FD3D11DynamicRHI
[2020.10.10-12.46.06:510][725]LogModuleManager: Shutting down and abandoning module HierarchicalLODOutliner (554)
[2020.10.10-12.46.06:510][725]LogModuleManager: Shutting down and abandoning module AddContentDialog (552)
[2020.10.10-12.46.06:583][725]LogDirectoryWatcher: A directory notification for 'E:/GameDev/Unreal/Engine/UE_4.18/FeaturePacks/' was aborted.
[2020.10.10-12.46.06:977][725]LogModuleManager: Shutting down and abandoning module WidgetCarousel (551)
[2020.10.10-12.46.06:977][725]LogModuleManager: Shutting down and abandoning module EditorWidgets (548)
[2020.10.10-12.46.06:977][725]LogModuleManager: Shutting down and abandoning module CollectionManager (546)
[2020.10.10-12.46.06:992][725]LogDirectoryWatcher: A directory notification for 'E:/GameDev/Unreal/GITHUB/vigilance_4.18/Vigilance418/Content/Collections/' was aborted.
[2020.10.10-12.46.06:992][725]LogDirectoryWatcher: A directory notification for 'E:/GameDev/Unreal/GITHUB/vigilance_4.18/Vigilance418/Content/Developers/farha/Collections/' was aborted.
[2020.10.10-12.46.06:992][725]LogDirectoryWatcher: A directory notification for 'E:/GameDev/Unreal/GITHUB/vigilance_4.18/Vigilance418/Saved/Collections/' was aborted.
[2020.10.10-12.46.06:992][725]LogModuleManager: Shutting down and abandoning module SceneOutliner (544)
[2020.10.10-12.46.07:011][725]LogModuleManager: Shutting down and abandoning module StatsViewer (542)
[2020.10.10-12.46.07:027][725]LogModuleManager: Shutting down and abandoning module FoliageEdit (540)
[2020.10.10-12.46.07:033][725]LogModuleManager: Shutting down and abandoning module LandscapeEditor (538)
[2020.10.10-12.46.07:183][725]LogModuleManager: Shutting down and abandoning module MeshPaintMode (536)
[2020.10.10-12.46.07:194][725]LogModuleManager: Shutting down and abandoning module SceneDepthPickerMode (534)
[2020.10.10-12.46.07:194][725]LogModuleManager: Shutting down and abandoning module ActorPickerMode (532)
[2020.10.10-12.46.07:194][725]LogModuleManager: Shutting down and abandoning module GeometryMode (530)
[2020.10.10-12.46.07:194][725]LogModuleManager: Shutting down and abandoning module TextureAlignMode (528)
[2020.10.10-12.46.07:194][725]LogModuleManager: Shutting down and abandoning module BspMode (526)
[2020.10.10-12.46.07:194][725]LogModuleManager: Shutting down and abandoning module PIEPreviewDeviceProfileSelector (524)
[2020.10.10-12.46.07:194][725]LogModuleManager: Shutting down and abandoning module HardwareSurvey (522)
[2020.10.10-12.46.07:194][725]LogModuleManager: Shutting down and abandoning module SequenceRecorderSections (520)
[2020.10.10-12.46.07:216][725]LogModuleManager: Shutting down and abandoning module AutomationWorker (518)
[2020.10.10-12.46.07:238][725]LogModuleManager: Shutting down and abandoning module MatineeToLevelSequence (516)
[2020.10.10-12.46.07:261][725]LogModuleManager: Shutting down and abandoning module LevelSequenceEditor (514)
[2020.10.10-12.46.07:416][725]LogModuleManager: Shutting down and abandoning module PlacementMode (513)
[2020.10.10-12.46.07:417][725]LogModuleManager: Shutting down and abandoning module WmfMediaFactory (510)
[2020.10.10-12.46.07:417][725]LogModuleManager: Shutting down and abandoning module WmfMediaEditor (508)
[2020.10.10-12.46.07:417][725]LogModuleManager: Shutting down and abandoning module OpenExrWrapper (506)
[2020.10.10-12.46.07:417][725]LogModuleManager: Shutting down and abandoning module ImgMediaFactory (504)
[2020.10.10-12.46.07:417][725]LogModuleManager: Shutting down and abandoning module ImgMediaEditor (502)
[2020.10.10-12.46.07:417][725]LogModuleManager: Shutting down and abandoning module AvfMediaFactory (500)
[2020.10.10-12.46.07:417][725]LogModuleManager: Shutting down and abandoning module AvfMediaEditor (498)
[2020.10.10-12.46.07:417][725]LogModuleManager: Shutting down and abandoning module AndroidMediaFactory (496)
[2020.10.10-12.46.07:417][725]LogModuleManager: Shutting down and abandoning module AndroidMediaEditor (494)
[2020.10.10-12.46.07:417][725]LogModuleManager: Shutting down and abandoning module CharacterAI (492)
[2020.10.10-12.46.07:417][725]LogModuleManager: Shutting down and abandoning module AudioCapture (490)
[2020.10.10-12.46.07:422][725]LogModuleManager: Shutting down and abandoning module SequenceRecorder (489)
[2020.10.10-12.46.07:450][725]LogModuleManager: Shutting down and abandoning module SmartSnapping (486)
[2020.10.10-12.46.07:451][725]LogModuleManager: Shutting down and abandoning module SessionServices (484)
[2020.10.10-12.46.07:451][725]LogModuleManager: Shutting down and abandoning module ViewportSnapping (482)
[2020.10.10-12.46.07:451][725]LogModuleManager: Shutting down and abandoning module ViewportInteraction (480)
[2020.10.10-12.46.07:451][725]LogModuleManager: Shutting down and abandoning module ClothPainter (478)
[2020.10.10-12.46.07:553][725]LogModuleManager: Shutting down and abandoning module SkeletalMeshEditor (477)
[2020.10.10-12.46.07:589][725]LogModuleManager: Shutting down and abandoning module LogVisualizer (474)
[2020.10.10-12.46.07:659][725]LogModuleManager: Shutting down and abandoning module IntroTutorials (472)
[2020.10.10-12.46.07:791][725]LogModuleManager: Shutting down and abandoning module GameProjectGeneration (471)
[2020.10.10-12.46.07:837][725]LogModuleManager: Shutting down and abandoning module IOSPlatformEditor (468)
[2020.10.10-12.46.07:837][725]LogModuleManager: Shutting down and abandoning module HTML5PlatformEditor (466)
[2020.10.10-12.46.07:837][725]LogModuleManager: Shutting down and abandoning module AndroidPlatformEditor (464)
[2020.10.10-12.46.07:837][725]LogModuleManager: Shutting down and abandoning module AndroidDeviceDetection (463)
[2020.10.10-12.46.08:604][725]LogModuleManager: Shutting down and abandoning module WindowsPlatformEditor (460)
[2020.10.10-12.46.08:604][725]LogModuleManager: Shutting down and abandoning module IOSRuntimeSettings (458)
[2020.10.10-12.46.08:604][725]LogModuleManager: Shutting down and abandoning module AndroidRuntimeSettings (456)
[2020.10.10-12.46.08:604][725]LogModuleManager: Shutting down and abandoning module InputBindingEditor (454)
[2020.10.10-12.46.08:668][725]LogModuleManager: Shutting down and abandoning module MergeActors (452)
[2020.10.10-12.46.08:699][725]LogModuleManager: Shutting down and abandoning module SizeMap (450)
[2020.10.10-12.46.08:699][725]LogModuleManager: Shutting down and abandoning module TreeMap (448)
[2020.10.10-12.46.08:716][725]LogModuleManager: Shutting down and abandoning module ReferenceViewer (446)
[2020.10.10-12.46.08:716][725]LogModuleManager: Shutting down and abandoning module LocalizationDashboard (444)
[2020.10.10-12.46.08:772][725]LogModuleManager: Shutting down and abandoning module LocalizationService (443)
[2020.10.10-12.46.08:805][725]LogModuleManager: Shutting down and abandoning module HardwareTargeting (440)
[2020.10.10-12.46.08:806][725]LogModuleManager: Shutting down and abandoning module DeviceProfileEditor (438)
[2020.10.10-12.46.08:806][725]LogModuleManager: Shutting down and abandoning module UndoHistory (436)
[2020.10.10-12.46.08:806][725]LogModuleManager: Shutting down and abandoning module XmlParser (434)
[2020.10.10-12.46.08:813][725]LogModuleManager: Shutting down and abandoning module Blutility (432)
[2020.10.10-12.46.08:826][725]LogModuleManager: Shutting down and abandoning module ProjectSettingsViewer (430)
[2020.10.10-12.46.08:826][725]LogModuleManager: Shutting down and abandoning module ProjectTargetPlatformEditor (429)
[2020.10.10-12.46.08:851][725]LogModuleManager: Shutting down and abandoning module EditorSettingsViewer (426)
[2020.10.10-12.46.08:851][725]LogModuleManager: Shutting down and abandoning module SettingsEditor (424)
[2020.10.10-12.46.08:870][725]LogModuleManager: Shutting down and abandoning module ProjectLauncher (422)
[2020.10.10-12.46.08:909][725]LogModuleManager: Shutting down and abandoning module SessionFrontend (420)
[2020.10.10-12.46.08:921][725]LogModuleManager: Shutting down and abandoning module ProfilerClient (418)
[2020.10.10-12.46.08:928][725]LogModuleManager: Shutting down and abandoning module DeviceManager (416)
[2020.10.10-12.46.08:940][725]LogModuleManager: Shutting down and abandoning module TargetDeviceServices (415)
[2020.10.10-12.46.09:008][725]LogModuleManager: Shutting down and abandoning module AutomationController (412)
[2020.10.10-12.46.09:034][725]LogModuleManager: Shutting down and abandoning module AutomationWindow (410)
[2020.10.10-12.46.09:057][725]LogModuleManager: Shutting down and abandoning module Layers (408)
[2020.10.10-12.46.09:080][725]LogModuleManager: Shutting down and abandoning module ComponentVisualizers (406)
[2020.10.10-12.46.09:080][725]LogModuleManager: Shutting down and abandoning module DetailCustomizations (404)
[2020.10.10-12.46.09:124][725]LogModuleManager: Shutting down and abandoning module PackagesDialog (402)
[2020.10.10-12.46.09:144][725]LogModuleManager: Shutting down and abandoning module Persona (400)
[2020.10.10-12.46.09:215][725]LogModuleManager: Shutting down and abandoning module AdvancedPreviewScene (399)
[2020.10.10-12.46.09:215][725]LogModuleManager: Shutting down and abandoning module AnimGraph (397)
[2020.10.10-12.46.09:215][725]LogModuleManager: Shutting down and abandoning module Kismet (394)
[2020.10.10-12.46.09:695][725]LogModuleManager: Shutting down and abandoning module ClassViewer (392)
[2020.10.10-12.46.09:695][725]LogModuleManager: Shutting down and abandoning module Toolbox (390)
[2020.10.10-12.46.09:695][725]LogModuleManager: Shutting down and abandoning module ModuleUI (388)
[2020.10.10-12.46.09:707][725]LogModuleManager: Shutting down and abandoning module MovieSceneTools (386)
[2020.10.10-12.46.09:771][725]LogModuleManager: Shutting down and abandoning module OutputLog (384)
[2020.10.10-12.46.09:771][725]LogModuleManager: Shutting down and abandoning module GammaUI (382)
[2020.10.10-12.46.09:784][725]LogModuleManager: Shutting down and abandoning module Documentation (380)
[2020.10.10-12.46.09:785][725]LogModuleManager: Shutting down and abandoning module MovieSceneTracks (378)
[2020.10.10-12.46.09:794][725]LogModuleManager: Shutting down and abandoning module MovieScene (376)
[2020.10.10-12.46.09:794][725]LogModuleManager: Shutting down and abandoning module StreamingPauseRendering (374)
[2020.10.10-12.46.09:794][725]LogModuleManager: Shutting down and abandoning module LauncherPlatform (372)
[2020.10.10-12.46.09:794][725]LogModuleManager: Shutting down and abandoning module AnalyticsET (370)
[2020.10.10-12.46.09:794][725]LogModuleManager: Shutting down and abandoning module PortalServices (368)
[2020.10.10-12.46.09:794][725]LogModuleManager: Shutting down and abandoning module PortalRpc (366)
[2020.10.10-12.46.09:794][725]LogModuleManager: Shutting down and abandoning module MessagingRpc (364)
[2020.10.10-12.46.09:794][725]LogModuleManager: Shutting down and abandoning module AIModule (362)
[2020.10.10-12.46.09:836][725]LogModuleManager: Shutting down and abandoning module GameplayDebugger (361)
[2020.10.10-12.46.09:846][725]LogModuleManager: Shutting down and abandoning module AITestSuite (359)
[2020.10.10-12.46.09:855][725]LogModuleManager: Shutting down and abandoning module DesktopPlatform (356)
[2020.10.10-12.46.09:872][725]LogModuleManager: Shutting down and abandoning module ProfilerService (354)
[2020.10.10-12.46.10:064][725]LogModuleManager: Shutting down and abandoning module TaskGraph (352)
[2020.10.10-12.46.10:115][725]LogModuleManager: Shutting down and abandoning module SteamVRController (350)
[2020.10.10-12.46.10:115][725]LogModuleManager: Shutting down and abandoning module ProceduralMeshComponentEditor (348)
[2020.10.10-12.46.10:125][725]LogModuleManager: Shutting down and abandoning module ProceduralMeshComponent (346)
[2020.10.10-12.46.10:131][725]LogModuleManager: Shutting down and abandoning module OculusInput (344)
[2020.10.10-12.46.10:140][725]LogModuleManager: Shutting down and abandoning module MobilePatchingUtils (342)
[2020.10.10-12.46.10:140][725]LogModuleManager: Shutting down and abandoning module CustomMeshComponent (340)
[2020.10.10-12.46.10:141][725]LogModuleManager: Shutting down and abandoning module CableComponent (338)
[2020.10.10-12.46.10:147][725]LogModuleManager: Shutting down and abandoning module ArchVisCharacter (336)
[2020.10.10-12.46.10:147][725]LogModuleManager: Shutting down and abandoning module AndroidPermission (334)
[2020.10.10-12.46.10:147][725]LogModuleManager: Shutting down and abandoning module ActorSequence (330)
[2020.10.10-12.46.10:147][725]LogModuleManager: Shutting down and abandoning module MediaPlayerEditor (328)
[2020.10.10-12.46.10:181][725]LogModuleManager: Shutting down and abandoning module MediaCompositingEditor (326)
[2020.10.10-12.46.10:192][725]LogModuleManager: Shutting down and abandoning module MediaCompositing (324)
[2020.10.10-12.46.10:192][725]LogModuleManager: Shutting down and abandoning module RootMotionExtractor (322)
[2020.10.10-12.46.10:224][725]LogModuleManager: Shutting down and abandoning module HTML5Networking (320)
[2020.10.10-12.46.10:224][725]LogModuleManager: Shutting down and abandoning module AlembicImporter (318)
[2020.10.10-12.46.10:239][725]LogModuleManager: Shutting down and abandoning module AlembicLibrary (317)
[2020.10.10-12.46.10:250][725]LogModuleManager: Shutting down and abandoning module GeometryCache (316)
[2020.10.10-12.46.10:259][725]LogModuleManager: Shutting down and abandoning module GeometryCacheEd (315)
[2020.10.10-12.46.10:259][725]LogModuleManager: Shutting down and abandoning module SpeedTreeImporter (310)
[2020.10.10-12.46.10:273][725]LogModuleManager: Shutting down and abandoning module PluginBrowser (308)
[2020.10.10-12.46.10:304][725]LogModuleManager: Shutting down and abandoning module MobileLauncherProfileWizard (306)
[2020.10.10-12.46.10:328][725]LogModuleManager: Shutting down and abandoning module VisualStudioSourceCodeAccess (304)
[2020.10.10-12.46.10:369][725]LogModuleManager: Shutting down and abandoning module VisualStudioCodeSourceCodeAccess (302)
[2020.10.10-12.46.10:370][725]LogModuleManager: Shutting down and abandoning module UObjectPlugin (300)
[2020.10.10-12.46.10:370][725]LogModuleManager: Shutting down and abandoning module SubversionSourceControl (298)
[2020.10.10-12.46.10:393][725]LogModuleManager: Shutting down and abandoning module PerforceSourceControl (296)
[2020.10.10-12.46.10:423][725]LogModuleManager: Shutting down and abandoning module GitSourceControl (294)
[2020.10.10-12.46.10:456][725]LogModuleManager: Shutting down and abandoning module SourceControl (293)
[2020.10.10-12.46.10:474][725]LogModuleManager: Shutting down and abandoning module LightPropagationVolumeEditor (290)
[2020.10.10-12.46.10:474][725]LogModuleManager: Shutting down and abandoning module PaperTiledImporter (288)
[2020.10.10-12.46.10:474][725]LogModuleManager: Shutting down and abandoning module PaperSpriteSheetImporter (286)
[2020.10.10-12.46.10:474][725]LogModuleManager: Shutting down and abandoning module Paper2DEditor (284)
[2020.10.10-12.46.10:515][725]LogModuleManager: Shutting down and abandoning module MeshPaint (283)
[2020.10.10-12.46.10:535][725]LogModuleManager: Shutting down and abandoning module LevelEditor (281)
[2020.10.10-12.46.10:691][725]LogModuleManager: Shutting down and abandoning module PixelInspectorModule (280)
[2020.10.10-12.46.10:719][725]LogModuleManager: Shutting down and abandoning module MainFrame (278)
[2020.10.10-12.46.10:732][725]LogModuleManager: Shutting down and abandoning module HotReload (277)
[2020.10.10-12.46.10:778][725]LogModuleManager: Shutting down and abandoning module RuntimePhysXCooking (272)
[2020.10.10-12.46.10:801][725]LogModuleManager: Shutting down and abandoning module PhysXVehiclesEditor (270)
[2020.10.10-12.46.10:815][725]LogModuleManager: Shutting down and abandoning module PhysXVehicles (268)
[2020.10.10-12.46.10:815][725]LogModuleManager: Shutting down and abandoning module OculusEditor (266)
[2020.10.10-12.46.10:815][725]LogModuleManager: Shutting down and abandoning module LocationServicesBPLibrary (264)
[2020.10.10-12.46.10:815][725]LogModuleManager: Shutting down and abandoning module ImmediatePhysicsEditor (262)
[2020.10.10-12.46.10:815][725]LogModuleManager: Shutting down and abandoning module ImmediatePhysics (260)
[2020.10.10-12.46.10:826][725]LogModuleManager: Shutting down and abandoning module ApexDestructionEditor (258)
[2020.10.10-12.46.10:860][725]LogModuleManager: Shutting down and abandoning module ApexDestruction (256)
[2020.10.10-12.46.10:868][725]LogModuleManager: Shutting down and abandoning module UdpMessaging (254)
[2020.10.10-12.46.10:999][725]LogModuleManager: Shutting down and abandoning module TcpMessaging (252)
[2020.10.10-12.46.11:122][725]LogModuleManager: Shutting down and abandoning module GameplayTagsEditor (250)
[2020.10.10-12.46.11:204][725]LogModuleManager: Shutting down and abandoning module FacialAnimationEditor (248)
[2020.10.10-12.46.11:235][725]LogModuleManager: Shutting down and abandoning module FacialAnimation (246)
[2020.10.10-12.46.11:235][725]LogModuleManager: Shutting down and abandoning module AssetManagerEditor (244)
[2020.10.10-12.46.11:289][725]LogModuleManager: Shutting down and abandoning module GraphEditor (243)
[2020.10.10-12.46.11:327][725]LogModuleManager: Shutting down and abandoning module ContentBrowser (241)
[2020.10.10-12.46.11:435][725]LogModuleManager: Shutting down and abandoning module LightPropagationVolumeRuntime (238)
[2020.10.10-12.46.11:435][725]LogModuleManager: Shutting down and abandoning module Paper2D (236)
[2020.10.10-12.46.11:445][725]LogModuleManager: Shutting down and abandoning module WindowsMoviePlayer (234)
[2020.10.10-12.46.11:464][725]LogModuleManager: Shutting down and abandoning module WmfMedia (232)
[2020.10.10-12.46.11:543][725]LogModuleManager: Shutting down and abandoning module ImgMedia (230)
[2020.10.10-12.46.11:549][725]LogModuleManager: Shutting down and abandoning module PacketHandler (228)
[2020.10.10-12.46.11:550][725]LogModuleManager: Shutting down and abandoning module ClothingSystemEditor (226)
[2020.10.10-12.46.11:550][725]LogModuleManager: Shutting down and abandoning module ClothingSystemRuntime (224)
[2020.10.10-12.46.11:617][725]LogModuleManager: Shutting down and abandoning module MediaAssets (222)
[2020.10.10-12.46.11:617][725]LogModuleManager: Shutting down and abandoning module Media (221)
[2020.10.10-12.46.11:624][725]LogModuleManager: Shutting down and abandoning module Overlay (218)
[2020.10.10-12.46.11:624][725]LogModuleManager: Shutting down and abandoning module OverlayEditor (217)
[2020.10.10-12.46.11:624][725]LogModuleManager: Shutting down and abandoning module VREditor (214)
[2020.10.10-12.46.11:657][725]LogModuleManager: Shutting down and abandoning module StringTableEditor (212)
[2020.10.10-12.46.11:690][725]LogModuleManager: Shutting down and abandoning module GameplayTasksEditor (210)
[2020.10.10-12.46.11:690][725]LogModuleManager: Shutting down and abandoning module BehaviorTreeEditor (208)
[2020.10.10-12.46.11:724][725]LogModuleManager: Shutting down and abandoning module FunctionalTesting (206)
[2020.10.10-12.46.11:732][725]LogModuleManager: Shutting down and abandoning module CollisionAnalyzer (204)
[2020.10.10-12.46.11:756][725]LogModuleManager: Shutting down and abandoning module WorkspaceMenuStructure (203)
[2020.10.10-12.46.11:767][725]LogModuleManager: Shutting down and abandoning module UMG (200)
[2020.10.10-12.46.11:831][725]LogModuleManager: Shutting down and abandoning module UMGEditor (199)
[2020.10.10-12.46.11:905][725]LogModuleManager: Shutting down and abandoning module Sequencer (198)
[2020.10.10-12.46.11:946][725]LogModuleManager: Shutting down and abandoning module MessageLog (195)
[2020.10.10-12.46.11:956][725]LogModuleManager: Shutting down and abandoning module SlateReflector (190)
[2020.10.10-12.46.11:996][725]LogModuleManager: Shutting down and abandoning module Slate (188)
[2020.10.10-12.46.11:996][725]LogModuleManager: Shutting down and abandoning module EditorStyle (186)
[2020.10.10-12.46.12:094][725]LogModuleManager: Shutting down and abandoning module MRMesh (184)
[2020.10.10-12.46.12:095][725]LogModuleManager: Shutting down and abandoning module SourceCodeAccess (182)
[2020.10.10-12.46.12:115][725]LogModuleManager: Shutting down and abandoning module HeadMountedDisplay (180)
[2020.10.10-12.46.12:124][725]LogModuleManager: Shutting down and abandoning module XAudio2 (178)
[2020.10.10-12.46.12:124][725]LogModuleManager: Shutting down and abandoning module Networking (176)
[2020.10.10-12.46.12:124][725]LogModuleManager: Shutting down and abandoning module Core (172)
[2020.10.10-12.46.12:124][725]LogModuleManager: Shutting down and abandoning module LevelSequence (168)
[2020.10.10-12.46.12:135][725]LogModuleManager: Shutting down and abandoning module DirectoryWatcher (166)
[2020.10.10-12.46.12:146][725]LogModuleManager: Shutting down and abandoning module KismetCompiler (164)
[2020.10.10-12.46.12:146][725]LogModuleManager: Shutting down and abandoning module MeshUtilities (162)
[2020.10.10-12.46.12:193][725]LogModuleManager: Shutting down and abandoning module MeshMergeUtilities (161)
[2020.10.10-12.46.12:214][725]LogModuleManager: Shutting down and abandoning module MeshReductionInterface (160)
[2020.10.10-12.46.12:214][725]LogModuleManager: Shutting down and abandoning module SimplygonSwarm (159)
[2020.10.10-12.46.12:230][725]LogModuleManager: Shutting down and abandoning module SimplygonMeshReduction (157)
[2020.10.10-12.46.12:235][725]LogModuleManager: Shutting down and abandoning module QuadricMeshReduction (155)
[2020.10.10-12.46.12:289][725]LogModuleManager: Shutting down and abandoning module MaterialBaking (151)
[2020.10.10-12.46.12:314][725]LogModuleManager: Shutting down and abandoning module DerivedDataCache (148)
[2020.10.10-12.46.12:409][725]LogDerivedDataCache: Shutdown
[2020.10.10-12.46.12:409][725]LogModuleManager: Shutting down and abandoning module TargetPlatform (146)
[2020.10.10-12.46.12:449][725]LogModuleManager: Shutting down and abandoning module VulkanShaderFormat (145)
[2020.10.10-12.46.12:459][725]LogModuleManager: Shutting down and abandoning module ShaderFormatVectorVM (143)
[2020.10.10-12.46.12:473][725]LogModuleManager: Shutting down and abandoning module ShaderFormatOpenGL (141)
[2020.10.10-12.46.12:485][725]LogModuleManager: Shutting down and abandoning module ShaderFormatD3D (139)
[2020.10.10-12.46.12:492][725]LogModuleManager: Shutting down and abandoning module MetalShaderFormat (137)
[2020.10.10-12.46.12:550][725]LogModuleManager: Shutting down and abandoning module TextureFormatUncompressed (135)
[2020.10.10-12.46.12:930][725]LogModuleManager: Shutting down and abandoning module TextureFormatPVR (133)
[2020.10.10-12.46.13:003][725]LogModuleManager: Shutting down and abandoning module TextureFormatDXT (131)
[2020.10.10-12.46.13:009][725]LogModuleManager: Shutting down and abandoning module TextureFormatIntelISPCTexComp (129)
[2020.10.10-12.46.13:069][725]LogModuleManager: Shutting down and abandoning module TextureFormatASTC (127)
[2020.10.10-12.46.13:069][725]LogModuleManager: Shutting down and abandoning module ImageWrapper (126)
[2020.10.10-12.46.13:069][725]LogModuleManager: Shutting down and abandoning module TextureFormatAndroid (123)
[2020.10.10-12.46.13:090][725]LogModuleManager: Shutting down and abandoning module AudioFormatOpus (121)
[2020.10.10-12.46.13:103][725]LogModuleManager: Shutting down and abandoning module AudioFormatOgg (119)
[2020.10.10-12.46.13:134][725]LogModuleManager: Shutting down and abandoning module AudioFormatADPCM (117)
[2020.10.10-12.46.13:145][725]LogModuleManager: Shutting down and abandoning module LinuxTargetPlatform (115)
[2020.10.10-12.46.13:162][725]LogModuleManager: Shutting down and abandoning module LinuxServerTargetPlatform (113)
[2020.10.10-12.46.13:175][725]LogModuleManager: Shutting down and abandoning module LinuxNoEditorTargetPlatform (111)
[2020.10.10-12.46.13:199][725]LogModuleManager: Shutting down and abandoning module LinuxClientTargetPlatform (109)
[2020.10.10-12.46.13:220][725]LogModuleManager: Shutting down and abandoning module TVOSTargetPlatform (107)
[2020.10.10-12.46.13:220][725]LogModuleManager: Shutting down and abandoning module Messaging (105)
[2020.10.10-12.46.13:220][725]LogModuleManager: Shutting down and abandoning module IOSTargetPlatform (103)
[2020.10.10-12.46.13:220][725]LogModuleManager: Shutting down and abandoning module HTML5TargetPlatform (101)
[2020.10.10-12.46.13:237][725]LogModuleManager: Shutting down and abandoning module AndroidTargetPlatform (99)
[2020.10.10-12.46.13:246][725]LogModuleManager: Shutting down and abandoning module Android_PVRTCTargetPlatform (97)
[2020.10.10-12.46.13:246][725]LogModuleManager: Shutting down and abandoning module Android_MultiTargetPlatform (95)
[2020.10.10-12.46.13:246][725]LogModuleManager: Shutting down and abandoning module Android_ETC2TargetPlatform (93)
[2020.10.10-12.46.13:246][725]LogModuleManager: Shutting down and abandoning module Android_ETC1TargetPlatform (91)
[2020.10.10-12.46.13:246][725]LogModuleManager: Shutting down and abandoning module Android_DXTTargetPlatform (89)
[2020.10.10-12.46.13:246][725]LogModuleManager: Shutting down and abandoning module Android_ATCTargetPlatform (87)
[2020.10.10-12.46.13:247][725]LogModuleManager: Shutting down and abandoning module Android_ASTCTargetPlatform (85)
[2020.10.10-12.46.13:247][725]LogModuleManager: Shutting down and abandoning module WindowsTargetPlatform (83)
[2020.10.10-12.46.13:247][725]LogModuleManager: Shutting down and abandoning module WindowsServerTargetPlatform (81)
[2020.10.10-12.46.13:258][725]LogModuleManager: Shutting down and abandoning module WindowsNoEditorTargetPlatform (79)
[2020.10.10-12.46.13:265][725]LogModuleManager: Shutting down and abandoning module WindowsClientTargetPlatform (77)
[2020.10.10-12.46.13:278][725]LogModuleManager: Shutting down and abandoning module MacTargetPlatform (75)
[2020.10.10-12.46.13:290][725]LogModuleManager: Shutting down and abandoning module MacServerTargetPlatform (73)
[2020.10.10-12.46.13:290][725]LogModuleManager: Shutting down and abandoning module MacNoEditorTargetPlatform (71)
[2020.10.10-12.46.13:290][725]LogModuleManager: Shutting down and abandoning module MacClientTargetPlatform (69)
[2020.10.10-12.46.13:290][725]LogModuleManager: Shutting down and abandoning module AllDesktopTargetPlatform (67)
[2020.10.10-12.46.13:290][725]LogModuleManager: Shutting down and abandoning module InputCore (64)
[2020.10.10-12.46.13:290][725]LogModuleManager: Shutting down and abandoning module Settings (62)
[2020.10.10-12.46.13:290][725]LogModuleManager: Shutting down and abandoning module PhysXCooking (60)
[2020.10.10-12.46.13:290][725]LogModuleManager: Shutting down and abandoning module SteamVR (58)
[2020.10.10-12.46.13:307][725]LogModuleManager: Shutting down and abandoning module OculusHMD (56)
[2020.10.10-12.46.13:322][725]LogModuleManager: Shutting down and abandoning module ExampleDeviceProfileSelector (54)
[2020.10.10-12.46.13:322][725]LogModuleManager: Shutting down and abandoning module AppleARKit (52)
[2020.10.10-12.46.13:323][725]LogModuleManager: Shutting down and abandoning module AugmentedReality (51)
[2020.10.10-12.46.13:323][725]LogModuleManager: Shutting down and abandoning module OnlineBlueprintSupport (48)
[2020.10.10-12.46.13:323][725]LogModuleManager: Shutting down and abandoning module OnlineSubsystem (44)
[2020.10.10-12.46.13:410][725]LogModuleManager: Shutting down and abandoning module XMPP (43)
[2020.10.10-12.46.13:479][725]LogModuleManager: Shutting down and abandoning module HTTP (41)
[2020.10.10-12.46.13:479][725]LogHttp: Display: Http module shutting down, but needs to wait on 1 outstanding Http requests:
[2020.10.10-12.46.13:501][725]LogHttp: Display: 	verb=[POST] url=[https://datarouter.ol.epicgames.com/datarouter/api/v1/public/data?SessionID=%7B473F336C-4A53-19C3-673F-849719484BFA%7D&AppID=UEEditor.Rocket.Release&AppVersion=4.18.3-3832480%2B%2B%2BUE4%2BRelease-4.18&UserID=dab985eb449ee4f1b342389e404cab9f%7C845779d9bd904572b61cf91381b7a44e%7C4e718ad1-99cd-4dc7-9063-d4e2b6f3fd7d&AppEnvironment=datacollector-binary&UploadType=eteventstream] status=Processing
[2020.10.10-12.46.13:510][725]LogHttp: Warning: 00000282C38E8B80: request failed, libcurl error: 6 (Couldn't resolve host name)
[2020.10.10-12.46.13:510][725]LogHttp: Warning: 00000282C38E8B80: libcurl info message cache 0 (Found bundle for host datarouter.ol.epicgames.com: 0x282c38d3fe8 [can pipeline])
[2020.10.10-12.46.13:510][725]LogHttp: Warning: 00000282C38E8B80: libcurl info message cache 1 (Re-using existing connection! (#6) with host datarouter.ol.epicgames.com)
[2020.10.10-12.46.13:510][725]LogHttp: Warning: 00000282C38E8B80: libcurl info message cache 2 (Connected to datarouter.ol.epicgames.com (18.210.145.49) port 443 (#6))
[2020.10.10-12.46.13:510][725]LogHttp: Warning: 00000282C38E8B80: libcurl info message cache 3 (upload completely sent off: 1249 out of 1249 bytes)
[2020.10.10-12.46.13:510][725]LogHttp: Warning: 00000282C38E8B80: libcurl info message cache 4 (TLSv1.2 (IN), TLS alert, Client hello (1):)
[2020.10.10-12.46.13:510][725]LogHttp: Warning: 00000282C38E8B80: libcurl info message cache 5 (Connection died, retrying a fresh connect)
[2020.10.10-12.46.13:510][725]LogHttp: Warning: 00000282C38E8B80: libcurl info message cache 6 (Closing connection 6)
[2020.10.10-12.46.13:510][725]LogHttp: Warning: 00000282C38E8B80: libcurl info message cache 7 (TLSv1.2 (OUT), TLS alert, Client hello (1):)
[2020.10.10-12.46.13:510][725]LogHttp: Warning: 00000282C38E8B80: libcurl info message cache 8 (Issue another request to this URL: 'https://datarouter.ol.epicgames.com/datarouter/api/v1/public/data?SessionID=%7B473F336C-4A53-19C3-673F-849719484BFA%7D&AppID=UEEditor.Rocket.Release&AppVersion=4.18.3-3832480%2B%2B%2BUE4%2BRelease-4.18&UserID=dab985eb449ee4f1b342389e404cab9f%7C845779d9bd904572b61cf91381b7a44e%7C4e718ad1-99cd-4dc7-9063-d4e2b6f3fd7d&AppEnvironment=datacollector-binary&UploadType=eteventstream')
[2020.10.10-12.46.13:511][725]LogHttp: Warning: 00000282C38E8B80: libcurl info message cache 9 (Could not resolve host: datarouter.ol.epicgames.com)
[2020.10.10-12.46.13:511][725]LogHttp: Warning: 00000282C38E8B80: libcurl info message cache 10 (Closing connection 7)
[2020.10.10-12.46.13:665][725]LogModuleManager: Shutting down and abandoning module SSL (40)
[2020.10.10-12.46.13:737][725]LogModuleManager: Shutting down and abandoning module AnimationModifiers (36)
[2020.10.10-12.46.13:765][725]LogModuleManager: Shutting down and abandoning module PropertyEditor (35)
[2020.10.10-12.46.13:838][725]LogModuleManager: Shutting down and abandoning module AudioEditor (32)
[2020.10.10-12.46.13:866][725]LogModuleManager: Shutting down and abandoning module TextureCompressor (30)
[2020.10.10-12.46.13:970][725]LogModuleManager: Shutting down and abandoning module ShaderCore (28)
[2020.10.10-12.46.13:970][725]LogModuleManager: Shutting down and abandoning module Landscape (26)
[2020.10.10-12.46.13:970][725]LogModuleManager: Shutting down and abandoning module SlateRHIRenderer (24)
[2020.10.10-12.46.14:083][725]LogModuleManager: Shutting down and abandoning module OpenGLDrv (22)
[2020.10.10-12.46.14:101][725]LogModuleManager: Shutting down and abandoning module D3D11RHI (20)
[2020.10.10-12.46.14:101][725]LogModuleManager: Shutting down and abandoning module AnimGraphRuntime (18)
[2020.10.10-12.46.14:114][725]LogModuleManager: Shutting down and abandoning module Renderer (16)
[2020.10.10-12.46.14:114][725]LogModuleManager: Shutting down and abandoning module Engine (14)
[2020.10.10-12.46.14:122][725]LogModuleManager: Shutting down and abandoning module CoreUObject (12)
[2020.10.10-12.46.14:122][725]LogModuleManager: Shutting down and abandoning module NetworkFile (10)
[2020.10.10-12.46.14:128][725]LogModuleManager: Shutting down and abandoning module CookedIterativeFile (8)
[2020.10.10-12.46.14:140][725]LogModuleManager: Shutting down and abandoning module StreamingFile (6)
[2020.10.10-12.46.14:152][725]LogModuleManager: Shutting down and abandoning module SandboxFile (4)
[2020.10.10-12.46.14:169][725]LogModuleManager: Shutting down and abandoning module PakFile (2)
[2020.10.10-12.46.14:287][725]LogExit: Exiting.
[2020.10.10-12.46.15:291][725]Log file closed, 10/10/20 18:46:15
